POST /login 500 Fri, 23 Aug 2019 03:44:26 GMT ::1  1.1 79 - 338.158 ms
POST /menuManagement/GetAll 200 Fri, 23 Aug 2019 05:21:08 GMT ::1  1.1 453 - 10482.947 ms
POST /menuManagement/GetAll 200 Fri, 23 Aug 2019 05:21:11 GMT ::1  1.1 453 - 234.994 ms
POST /login 500 Fri, 23 Aug 2019 05:21:18 GMT ::1  1.1 79 - 125.511 ms
POST /login 500 Fri, 23 Aug 2019 05:21:23 GMT ::1  1.1 79 - 112.337 ms
POST /login 200 Fri, 23 Aug 2019 05:21:30 GMT ::1  1.1 431 - 128.098 ms
POST /menuManagement/GetAll 200 Fri, 23 Aug 2019 05:21:30 GMT ::1  1.1 453 - 232.550 ms
GET / 404 Fri, 23 Aug 2019 05:25:45 GMT ::1  1.1 23 - 11.218 ms
GET /favicon.ico 404 Fri, 23 Aug 2019 05:25:45 GMT ::1  1.1 23 - 4.938 ms
GET /apidoc 301 Fri, 23 Aug 2019 05:25:53 GMT ::1  1.1 179 - 1.697 ms
GET /apidoc/ 200 Fri, 23 Aug 2019 05:25:53 GMT ::1  1.1 27577 - 2.677 ms
GET /apidoc/vendor/prettify.css 200 Fri, 23 Aug 2019 05:25:53 GMT ::1  1.1 1956 - 5.237 ms
GET /apidoc/css/style.css 200 Fri, 23 Aug 2019 05:25:53 GMT ::1  1.1 10418 - 4.290 ms
GET /apidoc/vendor/polyfill.js 200 Fri, 23 Aug 2019 05:25:53 GMT ::1  1.1 2900 - 4.630 ms
GET /apidoc/vendor/require.min.js 200 Fri, 23 Aug 2019 05:25:53 GMT ::1  1.1 15825 - 4.875 ms
GET /apidoc/vendor/bootstrap.min.css 200 Fri, 23 Aug 2019 05:25:53 GMT ::1  1.1 121200 - 6.216 ms
GET /apidoc/main.js 200 Fri, 23 Aug 2019 05:25:53 GMT ::1  1.1 28722 - 0.936 ms
GET /apidoc/img/favicon.ico 200 Fri, 23 Aug 2019 05:25:53 GMT ::1  1.1 894 - 9.052 ms
GET /apidoc/vendor/lodash.custom.min.js?v=1566537953698 200 Fri, 23 Aug 2019 05:25:53 GMT ::1  1.1 19579 - 7.574 ms
GET /apidoc/locales/locale.js?v=1566537953698 200 Fri, 23 Aug 2019 05:25:53 GMT ::1  1.1 1249 - 8.472 ms
GET /apidoc/vendor/jquery.min.js?v=1566537953698 200 Fri, 23 Aug 2019 05:25:53 GMT ::1  1.1 85630 - 7.745 ms
GET /apidoc/api_project.js?v=1566537953698 200 Fri, 23 Aug 2019 05:25:53 GMT ::1  1.1 369 - 7.508 ms
GET /apidoc/utils/send_sample_request.js?v=1566537953698 200 Fri, 23 Aug 2019 05:25:53 GMT ::1  1.1 6328 - 1.179 ms
GET /apidoc/vendor/semver.min.js?v=1566537953698 200 Fri, 23 Aug 2019 05:25:53 GMT ::1  1.1 12950 - 3.068 ms
GET /apidoc/vendor/webfontloader.js?v=1566537953698 200 Fri, 23 Aug 2019 05:25:53 GMT ::1  1.1 12492 - 3.146 ms
GET /apidoc/vendor/path-to-regexp/index.js?v=1566537953698 200 Fri, 23 Aug 2019 05:25:53 GMT ::1  1.1 5147 - 5.550 ms
GET /apidoc/vendor/list.min.js?v=1566537953698 200 Fri, 23 Aug 2019 05:25:53 GMT ::1  1.1 15952 - 5.154 ms
GET /apidoc/vendor/prettify/prettify.js?v=1566537953698 200 Fri, 23 Aug 2019 05:25:53 GMT ::1  1.1 15261 - 5.018 ms
GET /apidoc/api_data.js?v=1566537953698 200 Fri, 23 Aug 2019 05:25:53 GMT ::1  1.1 41248 - 22.902 ms
GET /apidoc/vendor/handlebars.min.js?v=1566537953698 200 Fri, 23 Aug 2019 05:25:53 GMT ::1  1.1 72614 - 3.730 ms
GET /apidoc/locales/ca.js?v=1566537953698 200 Fri, 23 Aug 2019 05:25:53 GMT ::1  1.1 1225 - 0.929 ms
GET /apidoc/locales/cs.js?v=1566537953698 200 Fri, 23 Aug 2019 05:25:53 GMT ::1  1.1 1246 - 1.407 ms
GET /apidoc/locales/de.js?v=1566537953698 200 Fri, 23 Aug 2019 05:25:53 GMT ::1  1.1 1234 - 1.833 ms
GET /apidoc/locales/es.js?v=1566537953698 200 Fri, 23 Aug 2019 05:25:53 GMT ::1  1.1 1244 - 1.910 ms
GET /apidoc/locales/fr.js?v=1566537953698 200 Fri, 23 Aug 2019 05:25:53 GMT ::1  1.1 1264 - 1.621 ms
GET /apidoc/locales/it.js?v=1566537953698 200 Fri, 23 Aug 2019 05:25:53 GMT ::1  1.1 1249 - 2.873 ms
GET /apidoc/locales/nl.js?v=1566537953698 200 Fri, 23 Aug 2019 05:25:53 GMT ::1  1.1 1241 - 1.907 ms
GET /apidoc/locales/pl.js?v=1566537953698 200 Fri, 23 Aug 2019 05:25:53 GMT ::1  1.1 1226 - 4.308 ms
GET /apidoc/locales/pt_br.js?v=1566537953698 200 Fri, 23 Aug 2019 05:25:53 GMT ::1  1.1 1236 - 4.712 ms
GET /apidoc/locales/ro.js?v=1566537953698 200 Fri, 23 Aug 2019 05:25:53 GMT ::1  1.1 1238 - 4.722 ms
GET /apidoc/locales/ru.js?v=1566537953698 200 Fri, 23 Aug 2019 05:25:53 GMT ::1  1.1 1481 - 4.185 ms
GET /apidoc/locales/tr.js?v=1566537953698 200 Fri, 23 Aug 2019 05:25:53 GMT ::1  1.1 1246 - 2.940 ms
GET /apidoc/locales/vi.js?v=1566537953698 200 Fri, 23 Aug 2019 05:25:53 GMT ::1  1.1 1328 - 2.064 ms
GET /apidoc/locales/zh.js?v=1566537953698 200 Fri, 23 Aug 2019 05:25:53 GMT ::1  1.1 1163 - 0.894 ms
GET /apidoc/locales/zh_cn.js?v=1566537953698 200 Fri, 23 Aug 2019 05:25:53 GMT ::1  1.1 1186 - 0.786 ms
GET /apidoc/vendor/bootstrap.min.js?v=1566537953698 200 Fri, 23 Aug 2019 05:25:53 GMT ::1  1.1 37045 - 0.766 ms
GET /apidoc/utils/handlebars_helper.js?v=1566537953698 200 Fri, 23 Aug 2019 05:25:53 GMT ::1  1.1 10277 - 0.560 ms
GET /apidoc/vendor/diff_match_patch.min.js?v=1566537953698 200 Fri, 23 Aug 2019 05:25:53 GMT ::1  1.1 19192 - 0.605 ms
GET /apidoc/vendor/bootstrap.min.css 304 Fri, 23 Aug 2019 05:26:00 GMT ::1  1.1  - 2.644 ms
GET /apidoc/vendor/prettify.css 304 Fri, 23 Aug 2019 05:26:00 GMT ::1  1.1  - 2.817 ms
GET /apidoc/css/style.css 304 Fri, 23 Aug 2019 05:26:00 GMT ::1  1.1  - 2.704 ms
GET /apidoc/vendor/bootstrap.min.css.map 404 Fri, 23 Aug 2019 05:26:00 GMT ::1  1.1 23 - 3.947 ms
POST /login 500 Fri, 23 Aug 2019 05:26:02 GMT ::1  1.1 79 - 301.170 ms
POST /login 500 Fri, 23 Aug 2019 05:26:14 GMT ::1  1.1 79 - 126.159 ms
GET /apidoc/ 304 Fri, 23 Aug 2019 05:32:09 GMT ::1  1.1  - 4.979 ms
GET /apidoc/vendor/bootstrap.min.css 304 Fri, 23 Aug 2019 05:32:10 GMT ::1  1.1  - 1.472 ms
GET /apidoc/vendor/prettify.css 304 Fri, 23 Aug 2019 05:32:10 GMT ::1  1.1  - 0.592 ms
GET /apidoc/css/style.css 304 Fri, 23 Aug 2019 05:32:10 GMT ::1  1.1  - 0.456 ms
GET /apidoc/vendor/polyfill.js 304 Fri, 23 Aug 2019 05:32:10 GMT ::1  1.1  - 2.346 ms
GET /apidoc/vendor/require.min.js 304 Fri, 23 Aug 2019 05:32:10 GMT ::1  1.1  - 2.604 ms
GET /apidoc/vendor/bootstrap.min.css.map 404 Fri, 23 Aug 2019 05:32:10 GMT ::1  1.1 23 - 10.657 ms
GET /apidoc/main.js 304 Fri, 23 Aug 2019 05:32:10 GMT ::1  1.1  - 0.729 ms
GET /apidoc/img/favicon.ico 200 Fri, 23 Aug 2019 05:32:10 GMT ::1  1.1 894 - 5.171 ms
GET /apidoc/vendor/jquery.min.js?v=1566538330144 200 Fri, 23 Aug 2019 05:32:10 GMT ::1  1.1 85630 - 1.123 ms
GET /apidoc/vendor/lodash.custom.min.js?v=1566538330144 200 Fri, 23 Aug 2019 05:32:10 GMT ::1  1.1 19579 - 4.278 ms
GET /apidoc/locales/locale.js?v=1566538330144 200 Fri, 23 Aug 2019 05:32:10 GMT ::1  1.1 1249 - 5.254 ms
GET /apidoc/api_project.js?v=1566538330144 200 Fri, 23 Aug 2019 05:32:10 GMT ::1  1.1 369 - 5.586 ms
GET /apidoc/api_data.js?v=1566538330144 200 Fri, 23 Aug 2019 05:32:10 GMT ::1  1.1 41248 - 5.767 ms
GET /apidoc/utils/send_sample_request.js?v=1566538330144 200 Fri, 23 Aug 2019 05:32:10 GMT ::1  1.1 6328 - 1.019 ms
GET /apidoc/vendor/semver.min.js?v=1566538330144 200 Fri, 23 Aug 2019 05:32:10 GMT ::1  1.1 12950 - 0.838 ms
GET /apidoc/vendor/webfontloader.js?v=1566538330144 200 Fri, 23 Aug 2019 05:32:10 GMT ::1  1.1 12492 - 2.354 ms
GET /apidoc/vendor/path-to-regexp/index.js?v=1566538330144 200 Fri, 23 Aug 2019 05:32:10 GMT ::1  1.1 5147 - 2.627 ms
GET /apidoc/vendor/list.min.js?v=1566538330144 200 Fri, 23 Aug 2019 05:32:10 GMT ::1  1.1 15952 - 2.622 ms
GET /apidoc/vendor/prettify/prettify.js?v=1566538330144 200 Fri, 23 Aug 2019 05:32:10 GMT ::1  1.1 15261 - 2.625 ms
GET /apidoc/vendor/handlebars.min.js?v=1566538330144 200 Fri, 23 Aug 2019 05:32:10 GMT ::1  1.1 72614 - 2.844 ms
GET /apidoc/vendor/bootstrap.min.js?v=1566538330144 200 Fri, 23 Aug 2019 05:32:10 GMT ::1  1.1 37045 - 0.799 ms
GET /apidoc/locales/ca.js?v=1566538330144 200 Fri, 23 Aug 2019 05:32:10 GMT ::1  1.1 1225 - 0.929 ms
GET /apidoc/locales/cs.js?v=1566538330144 200 Fri, 23 Aug 2019 05:32:10 GMT ::1  1.1 1246 - 4.069 ms
GET /apidoc/locales/de.js?v=1566538330144 200 Fri, 23 Aug 2019 05:32:10 GMT ::1  1.1 1234 - 4.287 ms
GET /apidoc/locales/es.js?v=1566538330144 200 Fri, 23 Aug 2019 05:32:10 GMT ::1  1.1 1244 - 4.942 ms
GET /apidoc/locales/fr.js?v=1566538330144 200 Fri, 23 Aug 2019 05:32:10 GMT ::1  1.1 1264 - 5.463 ms
GET /apidoc/locales/it.js?v=1566538330144 200 Fri, 23 Aug 2019 05:32:10 GMT ::1  1.1 1249 - 6.103 ms
GET /apidoc/locales/nl.js?v=1566538330144 200 Fri, 23 Aug 2019 05:32:10 GMT ::1  1.1 1241 - 11.410 ms
GET /apidoc/locales/pl.js?v=1566538330144 200 Fri, 23 Aug 2019 05:32:10 GMT ::1  1.1 1226 - 6.479 ms
GET /apidoc/locales/pt_br.js?v=1566538330144 200 Fri, 23 Aug 2019 05:32:10 GMT ::1  1.1 1236 - 1.329 ms
GET /apidoc/locales/ro.js?v=1566538330144 200 Fri, 23 Aug 2019 05:32:10 GMT ::1  1.1 1238 - 5.248 ms
GET /apidoc/locales/ru.js?v=1566538330144 200 Fri, 23 Aug 2019 05:32:10 GMT ::1  1.1 1481 - 6.651 ms
GET /apidoc/locales/tr.js?v=1566538330144 200 Fri, 23 Aug 2019 05:32:10 GMT ::1  1.1 1246 - 10.342 ms
GET /apidoc/locales/vi.js?v=1566538330144 200 Fri, 23 Aug 2019 05:32:10 GMT ::1  1.1 1328 - 8.358 ms
GET /apidoc/locales/zh.js?v=1566538330144 200 Fri, 23 Aug 2019 05:32:10 GMT ::1  1.1 1163 - 6.192 ms
GET /apidoc/locales/zh_cn.js?v=1566538330144 200 Fri, 23 Aug 2019 05:32:10 GMT ::1  1.1 1186 - 6.080 ms
GET /apidoc/utils/handlebars_helper.js?v=1566538330144 200 Fri, 23 Aug 2019 05:32:10 GMT ::1  1.1 10277 - 1.425 ms
GET /apidoc/vendor/diff_match_patch.min.js?v=1566538330144 200 Fri, 23 Aug 2019 05:32:10 GMT ::1  1.1 19192 - 0.681 ms
POST /login 500 Fri, 23 Aug 2019 05:32:21 GMT ::1  1.1 339 - 32.030 ms
POST /login 404 Fri, 23 Aug 2019 05:32:37 GMT ::1  1.1 23 - 234.382 ms
POST /login 500 Fri, 23 Aug 2019 05:32:57 GMT ::1  1.1 21 - 315.159 ms
POST /login 500 Fri, 23 Aug 2019 05:33:07 GMT ::1  1.1 21 - 301.170 ms
POST /login 500 Fri, 23 Aug 2019 05:35:09 GMT ::1  1.1 79 - 296.633 ms
POST /login 500 Fri, 23 Aug 2019 05:35:25 GMT ::1  1.1 79 - 291.390 ms
POST /login 500 Fri, 23 Aug 2019 05:36:35 GMT ::1  1.1 79 - 262.455 ms
POST /login 500 Fri, 23 Aug 2019 05:38:20 GMT ::1  1.1 79 - 293.498 ms
POST /login 500 Fri, 23 Aug 2019 05:38:38 GMT ::1  1.1 79 - 264.968 ms
POST /login 500 Fri, 23 Aug 2019 05:39:45 GMT ::1  1.1 79 - 276.649 ms
POST /login 500 Fri, 23 Aug 2019 05:43:04 GMT ::1  1.1 79 - 263.216 ms
POST /login 500 Fri, 23 Aug 2019 05:43:17 GMT ::1  1.1 79 - 274.917 ms
POST /login 500 Fri, 23 Aug 2019 05:48:28 GMT ::1  1.1 21 - 267.378 ms
POST /login 500 Fri, 23 Aug 2019 05:49:00 GMT ::1  1.1 21 - 285.370 ms
POST /login 500 Fri, 23 Aug 2019 05:50:25 GMT ::1  1.1 21 - 341.736 ms
POST /login 500 Fri, 23 Aug 2019 05:50:31 GMT ::1  1.1 21 - 140.870 ms
POST /login 500 Fri, 23 Aug 2019 05:50:43 GMT ::1  1.1 21 - 135.088 ms
POST /login 500 Fri, 23 Aug 2019 05:52:20 GMT ::1  1.1 21 - 339.131 ms
POST /login 500 Fri, 23 Aug 2019 05:52:56 GMT ::1  1.1  - 285.275 ms
POST /login 500 Fri, 23 Aug 2019 05:53:29 GMT ::1  1.1 79 - 289.788 ms
POST /login 500 Fri, 23 Aug 2019 05:53:53 GMT ::1  1.1 79 - 290.630 ms
POST /login 500 Fri, 23 Aug 2019 05:54:01 GMT ::1  1.1 79 - 127.213 ms
POST /login 200 Fri, 23 Aug 2019 05:54:13 GMT ::1  1.1 79 - 292.989 ms
POST /login 404 Fri, 23 Aug 2019 05:55:33 GMT ::1  1.1  - 296.238 ms
POST /login 404 Fri, 23 Aug 2019 05:56:54 GMT ::1  1.1 79 - 298.316 ms
POST /login 500 Fri, 23 Aug 2019 05:59:40 GMT ::1  1.1  - 336.643 ms
GET /apidoc/ 304 Fri, 23 Aug 2019 05:59:59 GMT ::1  1.1  - 5.196 ms
GET /apidoc/vendor/bootstrap.min.css 304 Fri, 23 Aug 2019 05:59:59 GMT ::1  1.1  - 3.079 ms
GET /apidoc/vendor/prettify.css 304 Fri, 23 Aug 2019 05:59:59 GMT ::1  1.1  - 2.884 ms
GET /apidoc/css/style.css 304 Fri, 23 Aug 2019 05:59:59 GMT ::1  1.1  - 4.174 ms
GET /apidoc/vendor/polyfill.js 304 Fri, 23 Aug 2019 05:59:59 GMT ::1  1.1  - 2.567 ms
GET /apidoc/vendor/require.min.js 304 Fri, 23 Aug 2019 05:59:59 GMT ::1  1.1  - 1.584 ms
GET /apidoc/vendor/bootstrap.min.css.map 404 Fri, 23 Aug 2019 05:59:59 GMT ::1  1.1  - 15.944 ms
GET /apidoc/main.js 304 Fri, 23 Aug 2019 05:59:59 GMT ::1  1.1  - 0.495 ms
GET /apidoc/img/favicon.ico 200 Fri, 23 Aug 2019 05:59:59 GMT ::1  1.1 894 - 6.099 ms
GET /apidoc/vendor/lodash.custom.min.js?v=1566539999516 200 Fri, 23 Aug 2019 05:59:59 GMT ::1  1.1 19579 - 6.547 ms
GET /apidoc/locales/locale.js?v=1566539999516 200 Fri, 23 Aug 2019 05:59:59 GMT ::1  1.1 1249 - 7.896 ms
GET /apidoc/api_project.js?v=1566539999516 200 Fri, 23 Aug 2019 05:59:59 GMT ::1  1.1 369 - 8.968 ms
GET /apidoc/vendor/jquery.min.js?v=1566539999516 200 Fri, 23 Aug 2019 05:59:59 GMT ::1  1.1 85630 - 5.934 ms
GET /apidoc/api_data.js?v=1566539999516 200 Fri, 23 Aug 2019 05:59:59 GMT ::1  1.1 41248 - 8.211 ms
GET /apidoc/utils/send_sample_request.js?v=1566539999516 200 Fri, 23 Aug 2019 05:59:59 GMT ::1  1.1 6328 - 3.246 ms
GET /apidoc/vendor/semver.min.js?v=1566539999516 200 Fri, 23 Aug 2019 05:59:59 GMT ::1  1.1 12950 - 4.401 ms
GET /apidoc/vendor/webfontloader.js?v=1566539999516 200 Fri, 23 Aug 2019 05:59:59 GMT ::1  1.1 12492 - 4.381 ms
GET /apidoc/vendor/path-to-regexp/index.js?v=1566539999516 200 Fri, 23 Aug 2019 05:59:59 GMT ::1  1.1 5147 - 4.379 ms
GET /apidoc/vendor/list.min.js?v=1566539999516 200 Fri, 23 Aug 2019 05:59:59 GMT ::1  1.1 15952 - 4.478 ms
GET /apidoc/vendor/prettify/prettify.js?v=1566539999516 200 Fri, 23 Aug 2019 05:59:59 GMT ::1  1.1 15261 - 0.805 ms
GET /apidoc/vendor/handlebars.min.js?v=1566539999516 200 Fri, 23 Aug 2019 05:59:59 GMT ::1  1.1 72614 - 0.893 ms
GET /apidoc/locales/ca.js?v=1566539999516 200 Fri, 23 Aug 2019 05:59:59 GMT ::1  1.1 1225 - 4.868 ms
GET /apidoc/locales/cs.js?v=1566539999516 200 Fri, 23 Aug 2019 05:59:59 GMT ::1  1.1 1246 - 5.131 ms
GET /apidoc/locales/de.js?v=1566539999516 200 Fri, 23 Aug 2019 05:59:59 GMT ::1  1.1 1234 - 5.262 ms
GET /apidoc/locales/es.js?v=1566539999516 200 Fri, 23 Aug 2019 05:59:59 GMT ::1  1.1 1244 - 5.853 ms
GET /apidoc/locales/fr.js?v=1566539999516 200 Fri, 23 Aug 2019 05:59:59 GMT ::1  1.1 1264 - 5.401 ms
GET /apidoc/locales/it.js?v=1566539999516 200 Fri, 23 Aug 2019 05:59:59 GMT ::1  1.1 1249 - 6.131 ms
GET /apidoc/locales/nl.js?v=1566539999516 200 Fri, 23 Aug 2019 05:59:59 GMT ::1  1.1 1241 - 3.954 ms
GET /apidoc/locales/pl.js?v=1566539999516 200 Fri, 23 Aug 2019 05:59:59 GMT ::1  1.1 1226 - 5.664 ms
GET /apidoc/locales/pt_br.js?v=1566539999516 200 Fri, 23 Aug 2019 05:59:59 GMT ::1  1.1 1236 - 5.641 ms
GET /apidoc/locales/ro.js?v=1566539999516 200 Fri, 23 Aug 2019 05:59:59 GMT ::1  1.1 1238 - 7.028 ms
GET /apidoc/locales/ru.js?v=1566539999516 200 Fri, 23 Aug 2019 05:59:59 GMT ::1  1.1 1481 - 6.943 ms
GET /apidoc/locales/tr.js?v=1566539999516 200 Fri, 23 Aug 2019 05:59:59 GMT ::1  1.1 1246 - 7.008 ms
GET /apidoc/locales/vi.js?v=1566539999516 200 Fri, 23 Aug 2019 05:59:59 GMT ::1  1.1 1328 - 7.161 ms
GET /apidoc/locales/zh.js?v=1566539999516 200 Fri, 23 Aug 2019 05:59:59 GMT ::1  1.1 1163 - 6.834 ms
GET /apidoc/locales/zh_cn.js?v=1566539999516 200 Fri, 23 Aug 2019 05:59:59 GMT ::1  1.1 1186 - 3.872 ms
GET /apidoc/vendor/bootstrap.min.js?v=1566539999516 200 Fri, 23 Aug 2019 05:59:59 GMT ::1  1.1 37045 - 0.741 ms
GET /apidoc/utils/handlebars_helper.js?v=1566539999516 200 Fri, 23 Aug 2019 05:59:59 GMT ::1  1.1 10277 - 0.843 ms
GET /apidoc/vendor/diff_match_patch.min.js?v=1566539999516 200 Fri, 23 Aug 2019 05:59:59 GMT ::1  1.1 19192 - 0.617 ms
POST /login 500 Fri, 23 Aug 2019 06:00:04 GMT ::1  1.1  - 138.244 ms
POST /login 500 Fri, 23 Aug 2019 06:00:12 GMT ::1  1.1 124 - 276.396 ms
POST /login 404 Fri, 23 Aug 2019 06:03:27 GMT ::1  1.1  - 322.021 ms
POST /login 500 Fri, 23 Aug 2019 06:09:47 GMT ::1  1.1 79 - 295.762 ms
POST /login 500 Fri, 23 Aug 2019 06:10:06 GMT ::1  1.1 79 - 296.069 ms
POST /login 500 Fri, 23 Aug 2019 06:13:12 GMT ::1  1.1 126 - 288.754 ms
POST /login 500 Fri, 23 Aug 2019 06:15:21 GMT ::1  1.1 79 - 262.891 ms
POST /login 500 Fri, 23 Aug 2019 06:24:24 GMT ::1  1.1 339 - 3.540 ms
POST /login 500 Fri, 23 Aug 2019 06:25:17 GMT ::1  1.1 340 - 34.630 ms
POST /login 500 Fri, 23 Aug 2019 06:26:09 GMT ::1  1.1 340 - 40.912 ms
POST /login 500 Fri, 23 Aug 2019 06:35:52 GMT ::1  1.1 1312 - 40.890 ms
POST /login 500 Fri, 23 Aug 2019 06:36:21 GMT ::1  1.1 1312 - 39.153 ms
POST /login 500 Fri, 23 Aug 2019 06:37:41 GMT ::1  1.1 365 - 41.723 ms
POST /login 500 Fri, 23 Aug 2019 06:38:16 GMT ::1  1.1 364 - 5.317 ms
POST /login 500 Fri, 23 Aug 2019 06:39:10 GMT ::1  1.1 364 - 4.308 ms
POST /login 500 Fri, 23 Aug 2019 06:39:26 GMT ::1  1.1 363 - 46.018 ms
POST /login 500 Fri, 23 Aug 2019 06:39:32 GMT ::1  1.1 363 - 44.500 ms
POST /login 500 Fri, 23 Aug 2019 06:39:43 GMT ::1  1.1 363 - 5.285 ms
POST /login 500 Fri, 23 Aug 2019 06:39:44 GMT ::1  1.1 363 - 3.412 ms
POST /login 500 Fri, 23 Aug 2019 06:39:44 GMT ::1  1.1 363 - 2.629 ms
POST /login 500 Fri, 23 Aug 2019 06:39:44 GMT ::1  1.1 363 - 2.449 ms
POST /login 500 Fri, 23 Aug 2019 06:39:44 GMT ::1  1.1 363 - 2.537 ms
POST /login 500 Fri, 23 Aug 2019 06:39:45 GMT ::1  1.1 363 - 2.586 ms
POST /login 500 Fri, 23 Aug 2019 06:39:45 GMT ::1  1.1 363 - 3.508 ms
POST /login 500 Fri, 23 Aug 2019 06:40:24 GMT ::1  1.1 364 - 40.901 ms
POST /login 500 Fri, 23 Aug 2019 06:42:56 GMT ::1  1.1 104 - 230.928 ms
POST /login 500 Fri, 23 Aug 2019 06:42:57 GMT ::1  1.1 104 - 112.098 ms
POST /login 500 Fri, 23 Aug 2019 06:42:57 GMT ::1  1.1 104 - 112.166 ms
POST /login 500 Fri, 23 Aug 2019 06:45:49 GMT ::1  1.1 81 - 259.380 ms
POST /login 500 Fri, 23 Aug 2019 06:45:52 GMT ::1  1.1 81 - 112.522 ms
POST /login 500 Fri, 23 Aug 2019 06:45:53 GMT ::1  1.1 81 - 112.967 ms
POST /login 500 Fri, 23 Aug 2019 06:45:54 GMT ::1  1.1 81 - 111.736 ms
POST /login 500 Fri, 23 Aug 2019 06:45:54 GMT ::1  1.1 81 - 111.159 ms
POST /login 500 Fri, 23 Aug 2019 06:45:54 GMT ::1  1.1 81 - 112.068 ms
POST /login 500 Fri, 23 Aug 2019 06:45:54 GMT ::1  1.1 81 - 113.046 ms
POST /login 400 Fri, 23 Aug 2019 06:48:11 GMT ::1  1.1 81 - 255.052 ms
POST /login 400 Fri, 23 Aug 2019 06:48:14 GMT ::1  1.1 81 - 116.018 ms
POST /login 400 Fri, 23 Aug 2019 06:48:14 GMT ::1  1.1 81 - 110.645 ms
POST /login 400 Fri, 23 Aug 2019 06:48:14 GMT ::1  1.1 81 - 113.169 ms
POST /login 400 Fri, 23 Aug 2019 06:49:14 GMT ::1  1.1 81 - 304.222 ms
POST /login 400 Fri, 23 Aug 2019 06:49:14 GMT ::1  1.1 81 - 127.524 ms
POST /login 400 Fri, 23 Aug 2019 06:49:15 GMT ::1  1.1 81 - 123.203 ms
POST /login 400 Fri, 23 Aug 2019 06:49:15 GMT ::1  1.1 81 - 123.197 ms
POST /login 400 Fri, 23 Aug 2019 06:49:15 GMT ::1  1.1 81 - 124.861 ms
POST /login 400 Fri, 23 Aug 2019 06:49:53 GMT ::1  1.1 81 - 125.336 ms
POST /login 400 Fri, 23 Aug 2019 06:49:58 GMT ::1  1.1 81 - 122.001 ms
POST /login 400 Fri, 23 Aug 2019 06:50:27 GMT ::1  1.1 81 - 124.448 ms
POST /login 400 Fri, 23 Aug 2019 06:50:33 GMT ::1  1.1 81 - 123.936 ms
POST /menuManagement/GetAll 200 Fri, 23 Aug 2019 06:51:14 GMT ::1  1.1 453 - 366.300 ms
POST /menuManagement/GetAll 200 Fri, 23 Aug 2019 06:51:33 GMT ::1  1.1 453 - 244.103 ms
POST /menuManagement/GetAll 200 Fri, 23 Aug 2019 06:51:38 GMT ::1  1.1 453 - 242.401 ms
POST /menuManagement/GetAll 200 Fri, 23 Aug 2019 06:51:47 GMT ::1  1.1 453 - 248.422 ms
POST /login 400 Fri, 23 Aug 2019 06:52:08 GMT ::1  1.1 81 - 121.506 ms
POST /login 400 Fri, 23 Aug 2019 06:52:08 GMT ::1  1.1 81 - 124.193 ms
POST /login 400 Fri, 23 Aug 2019 06:52:08 GMT ::1  1.1 81 - 122.125 ms
POST /login 400 Fri, 23 Aug 2019 06:52:09 GMT ::1  1.1 81 - 123.263 ms
POST /login 400 Fri, 23 Aug 2019 06:52:09 GMT ::1  1.1 81 - 124.110 ms
POST /login 400 Fri, 23 Aug 2019 06:52:35 GMT ::1  1.1 81 - 123.308 ms
POST /login 400 Fri, 23 Aug 2019 06:54:03 GMT ::1  1.1 81 - 127.713 ms
POST /login 400 Fri, 23 Aug 2019 06:54:05 GMT ::1  1.1 81 - 124.498 ms
POST /login 500 Fri, 23 Aug 2019 06:54:17 GMT ::1  1.1 81 - 266.495 ms
POST /login 500 Fri, 23 Aug 2019 06:54:18 GMT ::1  1.1 81 - 111.280 ms
POST /login 500 Fri, 23 Aug 2019 06:54:19 GMT ::1  1.1 81 - 111.802 ms
POST /login 500 Fri, 23 Aug 2019 06:54:20 GMT ::1  1.1 81 - 111.589 ms
POST /login 500 Fri, 23 Aug 2019 06:54:22 GMT ::1  1.1 81 - 110.720 ms
POST /login 500 Fri, 23 Aug 2019 06:54:34 GMT ::1  1.1 81 - 110.238 ms
POST /login 500 Fri, 23 Aug 2019 06:54:35 GMT ::1  1.1 81 - 111.718 ms
POST /login 500 Fri, 23 Aug 2019 06:55:41 GMT ::1  1.1 81 - 247.557 ms
POST /login 500 Fri, 23 Aug 2019 06:55:41 GMT ::1  1.1 81 - 244.095 ms
POST /login 500 Fri, 23 Aug 2019 06:55:41 GMT ::1  1.1 81 - 111.350 ms
POST /login 500 Fri, 23 Aug 2019 06:55:41 GMT ::1  1.1 81 - 126.645 ms
POST /login 500 Fri, 23 Aug 2019 06:55:41 GMT ::1  1.1 81 - 110.920 ms
POST /login 500 Fri, 23 Aug 2019 06:55:41 GMT ::1  1.1 81 - 121.498 ms
POST /login 200 Fri, 23 Aug 2019 07:30:18 GMT ::1  1.1 431 - 129.033 ms
POST /menuManagement/GetAll 200 Fri, 23 Aug 2019 07:30:19 GMT ::1  1.1 453 - 235.764 ms
POST /menuManagement/GetAll 200 Fri, 23 Aug 2019 07:55:19 GMT ::1  1.1 453 - 235.894 ms
POST /menuManagement/GetAll 200 Fri, 23 Aug 2019 07:55:40 GMT ::1  1.1 453 - 233.244 ms
POST /menuManagement/GetAll 200 Fri, 23 Aug 2019 07:56:59 GMT ::1  1.1 453 - 237.637 ms
POST /menuManagement/GetAll 200 Fri, 23 Aug 2019 07:59:36 GMT ::1  1.1 453 - 248.608 ms
POST /menuManagement/GetAll 200 Fri, 23 Aug 2019 08:07:51 GMT ::1  1.1 453 - 247.578 ms
POST /menuManagement/GetAll 200 Fri, 23 Aug 2019 08:18:07 GMT ::1  1.1 453 - 247.126 ms
POST /menuManagement/GetAll 200 Fri, 23 Aug 2019 08:18:29 GMT ::1  1.1 453 - 247.089 ms
POST /menuManagement/GetAll 200 Fri, 23 Aug 2019 08:18:37 GMT ::1  1.1 453 - 247.457 ms
POST /menuManagement/GetAll 200 Fri, 23 Aug 2019 08:31:42 GMT ::1  1.1 453 - 246.626 ms
POST /menuManagement/GetAll 200 Fri, 23 Aug 2019 08:31:54 GMT ::1  1.1 453 - 245.635 ms
POST /menuManagement/GetAll 200 Fri, 23 Aug 2019 08:44:17 GMT ::1  1.1 453 - 232.483 ms
POST /menuManagement/GetAll 200 Fri, 23 Aug 2019 08:44:31 GMT ::1  1.1 453 - 232.957 ms
POST /menuManagement/GetAll 200 Fri, 23 Aug 2019 08:44:55 GMT ::1  1.1 453 - 236.388 ms
POST /menuManagement/GetAll 200 Fri, 23 Aug 2019 08:45:24 GMT ::1  1.1 453 - 233.391 ms
POST /menuManagement/GetAll 200 Fri, 23 Aug 2019 08:46:02 GMT ::1  1.1 453 - 235.337 ms
POST /menuManagement/GetAll 200 Fri, 23 Aug 2019 08:47:01 GMT ::1  1.1 453 - 234.453 ms
POST /menuManagement/GetAll 200 Fri, 23 Aug 2019 08:47:27 GMT ::1  1.1 453 - 232.322 ms
POST /menuManagement/GetAll 200 Fri, 23 Aug 2019 08:54:28 GMT ::1  1.1 453 - 236.193 ms
POST /menuManagement/GetAll 200 Fri, 23 Aug 2019 08:55:54 GMT ::1  1.1 453 - 233.706 ms
POST /menuManagement/GetAll 200 Fri, 23 Aug 2019 08:57:31 GMT ::1  1.1 453 - 233.588 ms
POST /menuManagement/GetAll 200 Fri, 23 Aug 2019 09:02:35 GMT ::1  1.1 453 - 240.234 ms
POST /menuManagement/GetAll 200 Fri, 23 Aug 2019 09:03:07 GMT ::1  1.1 453 - 232.461 ms
POST /menuManagement/GetAll 200 Fri, 23 Aug 2019 09:03:15 GMT ::1  1.1 453 - 236.254 ms
POST /menuManagement/GetAll 200 Fri, 23 Aug 2019 09:03:34 GMT ::1  1.1 453 - 232.739 ms
POST /menuManagement/GetAll 200 Fri, 23 Aug 2019 09:08:03 GMT ::1  1.1 453 - 231.977 ms
POST /menuManagement/GetAll 200 Fri, 23 Aug 2019 09:18:33 GMT ::1  1.1 453 - 237.199 ms
POST /menuManagement/GetAll 200 Fri, 23 Aug 2019 09:20:18 GMT ::1  1.1 453 - 232.946 ms
POST /menuManagement/GetAll 200 Fri, 23 Aug 2019 09:26:31 GMT ::1  1.1 453 - 230.579 ms
POST /menuManagement/GetAll 200 Fri, 23 Aug 2019 09:33:08 GMT ::1  1.1 453 - 235.393 ms
POST /menuManagement/GetAll 200 Fri, 23 Aug 2019 09:48:34 GMT ::1  1.1 453 - 238.919 ms
POST /menuManagement/GetAll 200 Fri, 23 Aug 2019 10:05:11 GMT ::1  1.1 453 - 239.737 ms
POST /menuManagement/GetAll 200 Mon, 26 Aug 2019 00:46:12 GMT ::1  1.1 453 - 20524.153 ms
POST /menuManagement/GetAll 200 Mon, 26 Aug 2019 00:46:51 GMT ::1  1.1 453 - 230.815 ms
POST /menuManagement/GetAll 200 Mon, 26 Aug 2019 00:51:50 GMT ::1  1.1 453 - 232.235 ms
POST /menuManagement/GetAll 200 Mon, 26 Aug 2019 00:54:04 GMT ::1  1.1 453 - 231.872 ms
POST /menuManagement/GetAll 200 Mon, 26 Aug 2019 00:54:30 GMT ::1  1.1 453 - 231.180 ms
POST /menuManagement/GetAll 200 Mon, 26 Aug 2019 01:31:15 GMT ::1  1.1 453 - 233.512 ms
POST /menuManagement/GetAll 200 Mon, 26 Aug 2019 01:47:04 GMT ::1  1.1 453 - 235.146 ms
POST /menuManagement/GetAll 200 Mon, 26 Aug 2019 01:49:05 GMT ::1  1.1 453 - 234.304 ms
POST /menuManagement/GetAll 200 Mon, 26 Aug 2019 01:50:11 GMT ::1  1.1 453 - 234.516 ms
POST /menuManagement/GetAll 200 Mon, 26 Aug 2019 01:50:15 GMT ::1  1.1 453 - 226.986 ms
POST /menuManagement/GetAll 200 Mon, 26 Aug 2019 01:51:03 GMT ::1  1.1 453 - 233.139 ms
POST /menuManagement/GetAll 200 Mon, 26 Aug 2019 01:51:12 GMT ::1  1.1 453 - 234.694 ms
POST /menuManagement/GetAll 200 Mon, 26 Aug 2019 01:51:38 GMT ::1  1.1 453 - 240.246 ms
POST /menuManagement/GetAll 200 Mon, 26 Aug 2019 01:51:39 GMT ::1  1.1 453 - 232.514 ms
POST /menuManagement/GetAll 200 Mon, 26 Aug 2019 01:53:10 GMT ::1  1.1 453 - 230.545 ms
POST /menuManagement/GetAll 200 Mon, 26 Aug 2019 01:53:16 GMT ::1  1.1 453 - 247.436 ms
POST /menuManagement/GetAll 200 Mon, 26 Aug 2019 01:54:37 GMT ::1  1.1 453 - 230.355 ms
POST /menuManagement/GetAll 200 Mon, 26 Aug 2019 01:54:49 GMT ::1  1.1 453 - 232.029 ms
POST /menuManagement/GetAll 200 Mon, 26 Aug 2019 02:41:31 GMT ::1  1.1 453 - 232.078 ms
POST /menuManagement/GetAll 200 Mon, 26 Aug 2019 02:44:27 GMT ::1  1.1 453 - 232.904 ms
POST /menuManagement/GetAll 200 Mon, 26 Aug 2019 02:47:18 GMT ::1  1.1 453 - 233.847 ms
POST /menuManagement/GetAll 200 Mon, 26 Aug 2019 02:48:35 GMT ::1  1.1 453 - 236.404 ms
POST /menuManagement/GetAll 200 Mon, 26 Aug 2019 02:49:12 GMT ::1  1.1 453 - 231.436 ms
POST /menuManagement/GetAll 200 Mon, 26 Aug 2019 02:56:16 GMT ::1  1.1 453 - 231.131 ms
POST /menuManagement/GetAll 200 Mon, 26 Aug 2019 02:56:45 GMT ::1  1.1 453 - 229.804 ms
POST /menuManagement/GetAll 200 Mon, 26 Aug 2019 03:09:02 GMT ::1  1.1 453 - 232.124 ms
POST /menuManagement/GetAll 200 Mon, 26 Aug 2019 03:13:37 GMT ::1  1.1 453 - 232.481 ms
POST /menuManagement/GetAll 200 Mon, 26 Aug 2019 03:16:45 GMT ::1  1.1 453 - 231.839 ms
POST /menuManagement/GetAll 200 Mon, 26 Aug 2019 03:22:36 GMT ::1  1.1 453 - 229.069 ms
POST /menuManagement/GetAll 200 Mon, 26 Aug 2019 03:34:26 GMT ::1  1.1 453 - 232.676 ms
POST /menuManagement/GetAll 200 Mon, 26 Aug 2019 03:39:49 GMT ::1  1.1 453 - 231.384 ms
POST /menuManagement/GetAll 200 Mon, 26 Aug 2019 03:40:09 GMT ::1  1.1 453 - 230.614 ms
POST /menuManagement/GetAll 200 Mon, 26 Aug 2019 03:40:21 GMT ::1  1.1 453 - 229.759 ms
POST /menuManagement/GetAll 200 Mon, 26 Aug 2019 03:40:27 GMT ::1  1.1 453 - 230.753 ms
POST /menuManagement/GetAll 200 Mon, 26 Aug 2019 03:41:16 GMT ::1  1.1 453 - 233.183 ms
POST /menuManagement/GetAll 200 Mon, 26 Aug 2019 03:41:36 GMT ::1  1.1 453 - 229.423 ms
POST /menuManagement/GetAll 200 Mon, 26 Aug 2019 03:52:41 GMT ::1  1.1 453 - 231.246 ms
POST /menuManagement/GetAll 200 Mon, 26 Aug 2019 05:29:46 GMT ::1  1.1 453 - 20457.214 ms
POST /menuManagement/GetAll 200 Mon, 26 Aug 2019 05:30:10 GMT ::1  1.1 453 - 217.405 ms
POST /menuManagement/GetAll 200 Mon, 26 Aug 2019 05:31:15 GMT ::1  1.1 453 - 218.786 ms
POST /menuManagement/GetAll 200 Mon, 26 Aug 2019 05:34:09 GMT ::1  1.1 453 - 219.537 ms
POST /menuManagement/GetAll 200 Mon, 26 Aug 2019 05:35:09 GMT ::1  1.1 453 - 219.624 ms
POST /menuManagement/GetAll 200 Mon, 26 Aug 2019 05:36:50 GMT ::1  1.1 453 - 221.972 ms
POST /menuManagement/GetAll 200 Mon, 26 Aug 2019 05:40:44 GMT ::1  1.1 453 - 222.176 ms
POST /menuManagement/GetAll 200 Mon, 26 Aug 2019 05:40:57 GMT ::1  1.1 453 - 220.066 ms
POST /menuManagement/GetAll 200 Mon, 26 Aug 2019 05:45:59 GMT ::1  1.1 453 - 223.025 ms
POST /menuManagement/GetAll 200 Mon, 26 Aug 2019 05:46:01 GMT ::1  1.1 453 - 219.476 ms
POST /menuManagement/GetAll 200 Mon, 26 Aug 2019 05:46:43 GMT ::1  1.1 453 - 221.775 ms
POST /menuManagement/GetAll 200 Mon, 26 Aug 2019 05:47:32 GMT ::1  1.1 453 - 436.685 ms
POST /menuManagement/GetAll 200 Mon, 26 Aug 2019 05:49:24 GMT ::1  1.1 453 - 217.566 ms
POST /menuManagement/GetAll 200 Mon, 26 Aug 2019 06:01:22 GMT ::1  1.1 453 - 222.387 ms
POST /menuManagement/GetAll 200 Mon, 26 Aug 2019 06:01:49 GMT ::1  1.1 453 - 222.037 ms
POST /menuManagement/GetAll 200 Mon, 26 Aug 2019 06:06:06 GMT ::1  1.1 453 - 220.513 ms
POST /menuManagement/GetAll 200 Mon, 26 Aug 2019 06:07:05 GMT ::1  1.1 453 - 220.107 ms
POST /menuManagement/GetAll 200 Mon, 26 Aug 2019 06:07:58 GMT ::1  1.1 453 - 221.427 ms
POST /menuManagement/GetAll 200 Mon, 26 Aug 2019 06:10:50 GMT ::1  1.1 453 - 222.036 ms
POST /menuManagement/GetAll 200 Mon, 26 Aug 2019 06:10:53 GMT ::1  1.1 453 - 220.341 ms
POST /menuManagement/GetAll 200 Mon, 26 Aug 2019 06:11:05 GMT ::1  1.1 453 - 221.212 ms
POST /menuManagement/GetAll 200 Mon, 26 Aug 2019 06:11:21 GMT ::1  1.1 453 - 221.115 ms
POST /menuManagement/GetAll 200 Mon, 26 Aug 2019 06:11:39 GMT ::1  1.1 453 - 221.314 ms
POST /menuManagement/GetAll 200 Mon, 26 Aug 2019 06:16:05 GMT ::1  1.1 453 - 222.325 ms
POST /menuManagement/GetAll 200 Mon, 26 Aug 2019 06:17:49 GMT ::1  1.1 453 - 219.998 ms
POST /menuManagement/GetAll 200 Mon, 26 Aug 2019 06:19:52 GMT ::1  1.1 453 - 219.232 ms
POST /menuManagement/GetAll 200 Mon, 26 Aug 2019 06:21:32 GMT ::1  1.1 453 - 220.238 ms
POST /menuManagement/GetAll 200 Mon, 26 Aug 2019 06:22:58 GMT ::1  1.1 453 - 221.476 ms
POST /menuManagement/GetAll 200 Mon, 26 Aug 2019 06:23:10 GMT ::1  1.1 453 - 219.691 ms
POST /menuManagement/GetAll 200 Mon, 26 Aug 2019 06:24:18 GMT ::1  1.1 453 - 219.685 ms
POST /menuManagement/GetAll 200 Mon, 26 Aug 2019 06:30:19 GMT ::1  1.1 453 - 221.688 ms
POST /menuManagement/GetAll 200 Mon, 26 Aug 2019 06:31:08 GMT ::1  1.1 453 - 220.231 ms
POST /menuManagement/GetAll 200 Mon, 26 Aug 2019 06:41:25 GMT ::1  1.1 453 - 218.895 ms
POST /menuManagement/GetAll 200 Mon, 26 Aug 2019 06:41:42 GMT ::1  1.1 453 - 219.784 ms
POST /menuManagement/GetAll 200 Mon, 26 Aug 2019 06:48:00 GMT ::1  1.1 453 - 219.707 ms
POST /menuManagement/GetAll 200 Mon, 26 Aug 2019 06:48:21 GMT ::1  1.1 453 - 218.332 ms
POST /menuManagement/GetAll 200 Mon, 26 Aug 2019 06:48:53 GMT ::1  1.1 453 - 219.065 ms
POST /menuManagement/GetAll 200 Mon, 26 Aug 2019 06:49:15 GMT ::1  1.1 453 - 221.976 ms
