POST /menuManagement/GetAll 500 Tue, 27 Aug 2019 01:16:15 GMT ::1  1.1 203 - 476.518 ms
POST /menuManagement/GetAll 500 Tue, 27 Aug 2019 01:16:19 GMT ::1  1.1 203 - 220.238 ms
POST /menuManagement/GetAll 200 Tue, 27 Aug 2019 01:16:23 GMT ::1  1.1 84 - 221.205 ms
POST /menuManagement/GetAll 200 Tue, 27 Aug 2019 01:16:27 GMT ::1  1.1 344 - 219.266 ms
POST /menuManagement/GetAll 200 Tue, 27 Aug 2019 01:16:40 GMT ::1  1.1 606 - 219.453 ms
POST /menuManagement/GetTree 401 Tue, 27 Aug 2019 01:19:50 GMT ::1  1.1 90 - 2.405 ms
POST /menuManagement/GetAll 200 Tue, 27 Aug 2019 01:19:50 GMT ::1  1.1 1156 - 299.777 ms
POST /login 200 Tue, 27 Aug 2019 01:20:24 GMT ::1  1.1 431 - 118.310 ms
POST /menuManagement/GetTree 200 Tue, 27 Aug 2019 01:20:24 GMT ::1  1.1 930 - 110.572 ms
POST /menuManagement/GetTree 200 Tue, 27 Aug 2019 01:20:24 GMT ::1  1.1 930 - 109.301 ms
POST /menuManagement/GetTree 200 Tue, 27 Aug 2019 01:20:24 GMT ::1  1.1 930 - 246.455 ms
POST /menuManagement/GetTree 200 Tue, 27 Aug 2019 01:20:27 GMT ::1  1.1 930 - 109.188 ms
POST /menuManagement/GetAll 200 Tue, 27 Aug 2019 01:20:27 GMT ::1  1.1 1156 - 231.198 ms
POST /menuManagement/GetTree 200 Tue, 27 Aug 2019 01:20:32 GMT ::1  1.1 930 - 110.779 ms
POST /menuManagement/GetTree 200 Tue, 27 Aug 2019 01:20:32 GMT ::1  1.1 930 - 112.104 ms
POST /menuManagement/GetTree 200 Tue, 27 Aug 2019 01:20:32 GMT ::1  1.1 930 - 121.279 ms
POST /menuManagement/GetTree 200 Tue, 27 Aug 2019 01:20:32 GMT ::1  1.1 930 - 245.086 ms
POST /menuManagement/GetAll 200 Tue, 27 Aug 2019 01:20:32 GMT ::1  1.1 1156 - 356.884 ms
POST /menuManagement/GetTree 200 Tue, 27 Aug 2019 01:20:54 GMT ::1  1.1 930 - 121.560 ms
POST /menuManagement/GetAll 200 Tue, 27 Aug 2019 01:20:54 GMT ::1  1.1 1156 - 232.654 ms
POST /menuManagement/GetTree 200 Tue, 27 Aug 2019 01:21:25 GMT ::1  1.1 930 - 110.662 ms
POST /menuManagement/GetTree 200 Tue, 27 Aug 2019 01:21:25 GMT ::1  1.1 930 - 110.808 ms
POST /menuManagement/GetTree 200 Tue, 27 Aug 2019 01:21:25 GMT ::1  1.1 930 - 121.352 ms
POST /menuManagement/GetTree 200 Tue, 27 Aug 2019 01:21:25 GMT ::1  1.1 930 - 120.441 ms
POST /menuManagement/GetAll 200 Tue, 27 Aug 2019 01:21:25 GMT ::1  1.1 1156 - 234.345 ms
POST /menuManagement/GetTree 200 Tue, 27 Aug 2019 01:21:44 GMT ::1  1.1 930 - 120.960 ms
POST /menuManagement/GetAll 200 Tue, 27 Aug 2019 01:21:44 GMT ::1  1.1 1156 - 231.371 ms
POST /menuManagement/GetTree 200 Tue, 27 Aug 2019 01:21:47 GMT ::1  1.1 930 - 110.257 ms
POST /menuManagement/GetTree 200 Tue, 27 Aug 2019 01:21:47 GMT ::1  1.1 930 - 109.615 ms
POST /menuManagement/GetTree 200 Tue, 27 Aug 2019 01:21:47 GMT ::1  1.1 930 - 122.578 ms
POST /menuManagement/GetTree 200 Tue, 27 Aug 2019 01:21:47 GMT ::1  1.1 930 - 121.395 ms
POST /menuManagement/GetAll 200 Tue, 27 Aug 2019 01:21:48 GMT ::1  1.1 1156 - 229.401 ms
POST /menuManagement/GetTree 200 Tue, 27 Aug 2019 01:22:49 GMT ::1  1.1 930 - 121.600 ms
POST /menuManagement/GetAll 200 Tue, 27 Aug 2019 01:22:49 GMT ::1  1.1 1156 - 236.319 ms
POST /menuManagement/GetTree 200 Tue, 27 Aug 2019 01:22:52 GMT ::1  1.1 930 - 111.335 ms
POST /menuManagement/GetTree 200 Tue, 27 Aug 2019 01:22:52 GMT ::1  1.1 930 - 110.578 ms
POST /menuManagement/GetTree 200 Tue, 27 Aug 2019 01:22:52 GMT ::1  1.1 930 - 123.619 ms
POST /menuManagement/GetTree 200 Tue, 27 Aug 2019 01:22:52 GMT ::1  1.1 930 - 124.465 ms
POST /menuManagement/GetAll 200 Tue, 27 Aug 2019 01:22:52 GMT ::1  1.1 1156 - 227.051 ms
POST /menuManagement/GetTree 200 Tue, 27 Aug 2019 01:24:02 GMT ::1  1.1 930 - 111.772 ms
POST /menuManagement/GetTree 200 Tue, 27 Aug 2019 01:24:02 GMT ::1  1.1 930 - 122.833 ms
POST /menuManagement/GetTree 200 Tue, 27 Aug 2019 01:24:02 GMT ::1  1.1 930 - 121.318 ms
POST /menuManagement/GetTree 200 Tue, 27 Aug 2019 01:24:02 GMT ::1  1.1 930 - 124.212 ms
POST /menuManagement/GetAll 200 Tue, 27 Aug 2019 01:24:03 GMT ::1  1.1 1156 - 216.124 ms
POST /menuManagement/GetTree 200 Tue, 27 Aug 2019 01:26:42 GMT ::1  1.1 930 - 121.490 ms
POST /menuManagement/GetAll 200 Tue, 27 Aug 2019 01:26:42 GMT ::1  1.1 1156 - 228.566 ms
POST /menuManagement/GetTree 200 Tue, 27 Aug 2019 01:31:03 GMT ::1  1.1 930 - 109.235 ms
POST /menuManagement/GetTree 200 Tue, 27 Aug 2019 01:31:03 GMT ::1  1.1 930 - 108.891 ms
POST /menuManagement/GetTree 200 Tue, 27 Aug 2019 01:31:03 GMT ::1  1.1 930 - 123.687 ms
POST /menuManagement/GetTree 200 Tue, 27 Aug 2019 01:31:03 GMT ::1  1.1 930 - 121.321 ms
POST /menuManagement/GetAll 200 Tue, 27 Aug 2019 01:31:03 GMT ::1  1.1 1156 - 232.925 ms
POST /menuManagement/GetAll 200 Tue, 27 Aug 2019 01:31:39 GMT ::1  1.1  -  ms
POST /menuManagement/GetTree 200 Tue, 27 Aug 2019 01:31:39 GMT ::1  1.1  -  ms
POST /menuManagement/GetTree 200 Tue, 27 Aug 2019 01:31:41 GMT ::1  1.1 930 - 108.567 ms
POST /menuManagement/GetTree 200 Tue, 27 Aug 2019 01:31:41 GMT ::1  1.1 930 - 109.871 ms
POST /menuManagement/GetTree 200 Tue, 27 Aug 2019 01:31:41 GMT ::1  1.1 930 - 120.672 ms
POST /menuManagement/GetTree 200 Tue, 27 Aug 2019 01:31:42 GMT ::1  1.1 930 - 121.437 ms
POST /menuManagement/GetAll 200 Tue, 27 Aug 2019 01:31:42 GMT ::1  1.1 1156 - 226.913 ms
POST /menuManagement/GetTree 200 Tue, 27 Aug 2019 01:36:17 GMT ::1  1.1 930 - 257.252 ms
POST /menuManagement/GetTree 200 Tue, 27 Aug 2019 01:36:17 GMT ::1  1.1 930 - 221.189 ms
POST /menuManagement/GetTree 200 Tue, 27 Aug 2019 01:36:17 GMT ::1  1.1 930 - 247.944 ms
POST /menuManagement/GetTree 200 Tue, 27 Aug 2019 01:36:17 GMT ::1  1.1 930 - 251.848 ms
POST /menuManagement/GetAll 200 Tue, 27 Aug 2019 01:36:17 GMT ::1  1.1 852 - 330.205 ms
POST /menuManagement/GetTree 200 Tue, 27 Aug 2019 01:36:38 GMT ::1  1.1 930 - 116.897 ms
POST /menuManagement/GetAll 200 Tue, 27 Aug 2019 01:36:38 GMT ::1  1.1 852 - 231.225 ms
POST /menuManagement/GetTree 200 Tue, 27 Aug 2019 01:37:24 GMT ::1  1.1 930 - 107.942 ms
POST /menuManagement/GetTree 200 Tue, 27 Aug 2019 01:37:24 GMT ::1  1.1 930 - 111.785 ms
POST /menuManagement/GetTree 200 Tue, 27 Aug 2019 01:37:24 GMT ::1  1.1 930 - 112.931 ms
POST /menuManagement/GetTree 200 Tue, 27 Aug 2019 01:37:24 GMT ::1  1.1 930 - 124.929 ms
POST /menuManagement/GetAll 200 Tue, 27 Aug 2019 01:37:24 GMT ::1  1.1 852 - 230.019 ms
POST /menuManagement/GetTree 200 Tue, 27 Aug 2019 01:37:36 GMT ::1  1.1 930 - 110.302 ms
POST /menuManagement/GetTree 200 Tue, 27 Aug 2019 01:37:36 GMT ::1  1.1 930 - 109.669 ms
POST /menuManagement/GetTree 200 Tue, 27 Aug 2019 01:37:36 GMT ::1  1.1 930 - 122.036 ms
POST /menuManagement/GetTree 200 Tue, 27 Aug 2019 01:37:36 GMT ::1  1.1 930 - 122.059 ms
POST /menuManagement/GetAll 200 Tue, 27 Aug 2019 01:37:36 GMT ::1  1.1 852 - 217.458 ms
POST /menuManagement/GetTree 200 Tue, 27 Aug 2019 01:37:58 GMT ::1  1.1 930 - 256.080 ms
POST /menuManagement/GetTree 200 Tue, 27 Aug 2019 01:37:58 GMT ::1  1.1 930 - 225.181 ms
POST /menuManagement/GetTree 200 Tue, 27 Aug 2019 01:37:58 GMT ::1  1.1 930 - 248.861 ms
POST /menuManagement/GetTree 200 Tue, 27 Aug 2019 01:37:58 GMT ::1  1.1 930 - 241.720 ms
POST /menuManagement/GetAll 200 Tue, 27 Aug 2019 01:37:58 GMT ::1  1.1 852 - 350.757 ms
POST /menuManagement/GetTree 200 Tue, 27 Aug 2019 01:38:49 GMT ::1  1.1 930 - 255.567 ms
POST /menuManagement/GetTree 200 Tue, 27 Aug 2019 01:38:49 GMT ::1  1.1 930 - 219.614 ms
POST /menuManagement/GetTree 200 Tue, 27 Aug 2019 01:38:49 GMT ::1  1.1 930 - 249.537 ms
POST /menuManagement/GetTree 200 Tue, 27 Aug 2019 01:38:49 GMT ::1  1.1 930 - 242.037 ms
POST /menuManagement/GetAll 200 Tue, 27 Aug 2019 01:38:49 GMT ::1  1.1 852 - 360.135 ms
POST /menuManagement/GetTree 200 Tue, 27 Aug 2019 01:40:10 GMT ::1  1.1 930 - 228.973 ms
POST /menuManagement/GetTree 200 Tue, 27 Aug 2019 01:40:10 GMT ::1  1.1 930 - 274.640 ms
POST /menuManagement/GetTree 200 Tue, 27 Aug 2019 01:40:10 GMT ::1  1.1 930 - 245.660 ms
POST /menuManagement/GetTree 200 Tue, 27 Aug 2019 01:40:10 GMT ::1  1.1 930 - 241.748 ms
POST /menuManagement/GetAll 200 Tue, 27 Aug 2019 01:40:10 GMT ::1  1.1 927 - 371.873 ms
POST /menuManagement/GetTree 200 Tue, 27 Aug 2019 01:41:15 GMT ::1  1.1 930 - 229.549 ms
POST /menuManagement/GetTree 200 Tue, 27 Aug 2019 01:41:15 GMT ::1  1.1 930 - 227.754 ms
POST /menuManagement/GetTree 200 Tue, 27 Aug 2019 01:41:15 GMT ::1  1.1 930 - 233.064 ms
POST /menuManagement/GetTree 200 Tue, 27 Aug 2019 01:41:15 GMT ::1  1.1 930 - 274.411 ms
POST /menuManagement/GetAll 200 Tue, 27 Aug 2019 01:41:16 GMT ::1  1.1 918 - 392.902 ms
POST /menuManagement/GetTree 200 Tue, 27 Aug 2019 01:43:36 GMT ::1  1.1 930 - 252.844 ms
POST /menuManagement/GetTree 200 Tue, 27 Aug 2019 01:43:36 GMT ::1  1.1 930 - 221.582 ms
POST /menuManagement/GetTree 200 Tue, 27 Aug 2019 01:43:36 GMT ::1  1.1 930 - 245.259 ms
POST /menuManagement/GetTree 200 Tue, 27 Aug 2019 01:43:36 GMT ::1  1.1 930 - 242.949 ms
POST /menuManagement/GetAll 200 Tue, 27 Aug 2019 01:43:36 GMT ::1  1.1 918 - 342.838 ms
POST /menuManagement/GetTree 200 Tue, 27 Aug 2019 01:44:28 GMT ::1  1.1 930 - 239.620 ms
POST /menuManagement/GetTree 200 Tue, 27 Aug 2019 01:44:28 GMT ::1  1.1 930 - 248.547 ms
POST /menuManagement/GetTree 200 Tue, 27 Aug 2019 01:44:28 GMT ::1  1.1 930 - 258.252 ms
POST /menuManagement/GetTree 200 Tue, 27 Aug 2019 01:44:28 GMT ::1  1.1 930 - 295.245 ms
POST /menuManagement/GetAll 200 Tue, 27 Aug 2019 01:44:29 GMT ::1  1.1 918 - 365.545 ms
POST /menuManagement/GetTree 200 Tue, 27 Aug 2019 01:47:28 GMT ::1  1.1 930 - 229.146 ms
POST /menuManagement/GetTree 200 Tue, 27 Aug 2019 01:47:28 GMT ::1  1.1 930 - 230.054 ms
POST /menuManagement/GetTree 200 Tue, 27 Aug 2019 01:47:28 GMT ::1  1.1 930 - 272.269 ms
POST /menuManagement/GetTree 200 Tue, 27 Aug 2019 01:47:28 GMT ::1  1.1 930 - 244.534 ms
POST /menuManagement/GetAll 200 Tue, 27 Aug 2019 01:47:28 GMT ::1  1.1 1266 - 361.485 ms
POST /menuManagement/GetTree 200 Tue, 27 Aug 2019 01:48:48 GMT ::1  1.1 930 - 236.211 ms
POST /menuManagement/GetTree 200 Tue, 27 Aug 2019 01:48:48 GMT ::1  1.1 930 - 244.927 ms
POST /menuManagement/GetTree 200 Tue, 27 Aug 2019 01:48:48 GMT ::1  1.1 930 - 279.861 ms
POST /menuManagement/GetTree 200 Tue, 27 Aug 2019 01:48:48 GMT ::1  1.1 930 - 247.641 ms
POST /menuManagement/GetTree 200 Tue, 27 Aug 2019 01:49:12 GMT ::1  1.1 930 - 229.114 ms
POST /menuManagement/GetTree 200 Tue, 27 Aug 2019 01:49:12 GMT ::1  1.1 930 - 229.015 ms
POST /menuManagement/GetTree 200 Tue, 27 Aug 2019 01:49:12 GMT ::1  1.1 930 - 277.084 ms
POST /menuManagement/GetTree 200 Tue, 27 Aug 2019 01:49:12 GMT ::1  1.1 930 - 247.170 ms
POST /menuManagement/GetAll 200 Tue, 27 Aug 2019 01:49:12 GMT ::1  1.1 1354 - 363.342 ms
POST /menuManagement/GetTree 200 Tue, 27 Aug 2019 01:50:03 GMT ::1  1.1 930 - 252.867 ms
POST /menuManagement/GetAll 200 Tue, 27 Aug 2019 01:50:03 GMT ::1  1.1 1354 - 482.914 ms
POST /menuManagement/GetTree 200 Tue, 27 Aug 2019 01:52:52 GMT ::1  1.1 930 - 110.301 ms
POST /menuManagement/GetTree 200 Tue, 27 Aug 2019 01:52:52 GMT ::1  1.1 930 - 108.756 ms
POST /menuManagement/GetTree 200 Tue, 27 Aug 2019 01:52:52 GMT ::1  1.1 930 - 123.365 ms
POST /menuManagement/GetTree 200 Tue, 27 Aug 2019 01:52:52 GMT ::1  1.1 930 - 217.839 ms
POST /menuManagement/GetAll 200 Tue, 27 Aug 2019 01:52:52 GMT ::1  1.1 1354 - 349.816 ms
POST /menuManagement/GetAll 200 Tue, 27 Aug 2019 01:52:54 GMT ::1  1.1 1354 - 230.078 ms
POST /menuManagement/GetAll 200 Tue, 27 Aug 2019 01:52:55 GMT ::1  1.1 1354 - 230.572 ms
POST /menuManagement/GetAll 200 Tue, 27 Aug 2019 01:53:04 GMT ::1  1.1 1354 - 217.967 ms
POST /menuManagement/GetTree 200 Tue, 27 Aug 2019 01:53:29 GMT ::1  1.1 930 - 107.616 ms
POST /menuManagement/GetAll 200 Tue, 27 Aug 2019 01:53:29 GMT ::1  1.1 1354 - 243.545 ms
POST /menuManagement/GetAll 200 Tue, 27 Aug 2019 01:53:32 GMT ::1  1.1 1354 - 221.864 ms
POST /menuManagement/GetAll 200 Tue, 27 Aug 2019 01:53:33 GMT ::1  1.1 1354 - 227.233 ms
POST /menuManagement/GetAll 200 Tue, 27 Aug 2019 01:53:33 GMT ::1  1.1 1354 - 229.941 ms
POST /menuManagement/GetAll 200 Tue, 27 Aug 2019 01:53:33 GMT ::1  1.1 1354 - 215.985 ms
POST /menuManagement/GetAll 200 Tue, 27 Aug 2019 01:53:33 GMT ::1  1.1 1354 - 240.480 ms
POST /menuManagement/GetAll 200 Tue, 27 Aug 2019 01:53:34 GMT ::1  1.1 1354 - 219.177 ms
POST /menuManagement/GetTree 200 Tue, 27 Aug 2019 01:53:36 GMT ::1  1.1 930 - 108.747 ms
POST /menuManagement/GetTree 200 Tue, 27 Aug 2019 01:53:36 GMT ::1  1.1 930 - 108.753 ms
POST /menuManagement/GetTree 200 Tue, 27 Aug 2019 01:53:36 GMT ::1  1.1 930 - 120.072 ms
POST /menuManagement/GetTree 200 Tue, 27 Aug 2019 01:53:36 GMT ::1  1.1 930 - 121.495 ms
POST /menuManagement/GetAll 200 Tue, 27 Aug 2019 01:53:36 GMT ::1  1.1 1354 - 219.003 ms
POST /menuManagement/GetAll 200 Tue, 27 Aug 2019 01:53:37 GMT ::1  1.1 1354 - 218.501 ms
POST /menuManagement/GetTree 200 Tue, 27 Aug 2019 01:54:05 GMT ::1  1.1 930 - 118.915 ms
POST /menuManagement/GetAll 500 Tue, 27 Aug 2019 01:54:05 GMT ::1  1.1 87 - 226.357 ms
POST /menuManagement/GetTree 200 Tue, 27 Aug 2019 01:54:24 GMT ::1  1.1 930 - 110.149 ms
POST /menuManagement/GetAll 200 Tue, 27 Aug 2019 01:54:24 GMT ::1  1.1 1354 - 232.188 ms
POST /menuManagement/GetAll 200 Tue, 27 Aug 2019 01:54:28 GMT ::1  1.1 1354 - 227.263 ms
POST /menuManagement/GetTree 200 Tue, 27 Aug 2019 01:55:18 GMT ::1  1.1 930 - 110.012 ms
POST /menuManagement/GetAll 200 Tue, 27 Aug 2019 01:55:18 GMT ::1  1.1 1354 - 231.693 ms
POST /menuManagement/GetAll 200 Tue, 27 Aug 2019 01:56:26 GMT ::1  1.1 1354 - 497.559 ms
POST /menuManagement/GetAll 200 Tue, 27 Aug 2019 01:56:43 GMT ::1  1.1 1354 - 235.147 ms
POST /menuManagement/GetAll 200 Tue, 27 Aug 2019 01:57:13 GMT ::1  1.1 1354 - 480.760 ms
POST /menuManagement/GetAll 200 Tue, 27 Aug 2019 01:57:37 GMT ::1  1.1 1354 - 498.197 ms
POST /menuManagement/GetAll 200 Tue, 27 Aug 2019 01:57:55 GMT ::1  1.1 771 - 495.178 ms
POST /menuManagement/GetAll 200 Tue, 27 Aug 2019 01:58:01 GMT ::ffff:127.0.0.1  1.1 375 - 235.005 ms
POST /menuManagement/GetTree 200 Tue, 27 Aug 2019 02:01:45 GMT ::1  1.1 1191 - 259.202 ms
POST /menuManagement/GetTree 200 Tue, 27 Aug 2019 02:01:45 GMT ::1  1.1 1191 - 220.541 ms
POST /menuManagement/GetTree 200 Tue, 27 Aug 2019 02:01:45 GMT ::1  1.1 1191 - 218.934 ms
POST /menuManagement/GetTree 200 Tue, 27 Aug 2019 02:01:45 GMT ::1  1.1 1191 - 249.039 ms
POST /menuManagement/GetAll 200 Tue, 27 Aug 2019 02:01:45 GMT ::1  1.1 1354 - 352.469 ms
POST /menuManagement/GetAll 200 Tue, 27 Aug 2019 02:01:49 GMT ::1  1.1 374 - 217.126 ms
POST /menuManagement/GetAll 200 Tue, 27 Aug 2019 02:01:51 GMT ::1  1.1 375 - 241.997 ms
POST /menuManagement/GetAll 200 Tue, 27 Aug 2019 02:01:56 GMT ::1  1.1 374 - 216.796 ms
POST /menuManagement/GetAll 200 Tue, 27 Aug 2019 02:02:31 GMT ::1  1.1 374 - 472.233 ms
POST /menuManagement/GetTree 200 Tue, 27 Aug 2019 02:10:38 GMT ::1  1.1 1191 - 110.553 ms
POST /menuManagement/GetAll 200 Tue, 27 Aug 2019 02:10:38 GMT ::1  1.1 1354 - 361.113 ms
POST /menuManagement/GetTree 200 Tue, 27 Aug 2019 02:12:46 GMT ::1  1.1 1191 - 111.840 ms
POST /menuManagement/GetAll 200 Tue, 27 Aug 2019 02:12:46 GMT ::1  1.1 1354 - 236.658 ms
POST /menuManagement/GetTree 200 Tue, 27 Aug 2019 02:13:43 GMT ::1  1.1 1191 - 107.926 ms
POST /menuManagement/GetAll 200 Tue, 27 Aug 2019 02:13:43 GMT ::1  1.1 1354 - 232.493 ms
POST /menuManagement/GetTree 200 Tue, 27 Aug 2019 02:14:18 GMT ::1  1.1 1191 - 108.815 ms
POST /menuManagement/GetAll 200 Tue, 27 Aug 2019 02:14:18 GMT ::1  1.1 1354 - 229.822 ms
POST /menuManagement/GetTree 200 Tue, 27 Aug 2019 02:14:23 GMT ::1  1.1 1191 - 106.373 ms
POST /menuManagement/GetAll 200 Tue, 27 Aug 2019 02:14:23 GMT ::1  1.1 1354 - 230.912 ms
POST /menuManagement/GetTree 200 Tue, 27 Aug 2019 02:14:39 GMT ::1  1.1 1191 - 108.340 ms
POST /menuManagement/GetAll 200 Tue, 27 Aug 2019 02:14:40 GMT ::1  1.1 1354 - 231.629 ms
POST /menuManagement/GetTree 200 Tue, 27 Aug 2019 02:14:46 GMT ::1  1.1 1191 - 108.320 ms
POST /menuManagement/GetAll 200 Tue, 27 Aug 2019 02:14:46 GMT ::1  1.1 1354 - 234.116 ms
DELETE /menuManagement/GetTree?ids[]=4 404 Tue, 27 Aug 2019 02:17:43 GMT ::1  1.1 23 - 3.029 ms
POST /menuManagement/GetTree 200 Tue, 27 Aug 2019 02:18:13 GMT ::1  1.1 1191 - 258.970 ms
POST /menuManagement/GetTree 200 Tue, 27 Aug 2019 02:18:13 GMT ::1  1.1 1191 - 226.129 ms
POST /menuManagement/GetTree 200 Tue, 27 Aug 2019 02:18:13 GMT ::1  1.1 1191 - 224.918 ms
POST /menuManagement/GetTree 200 Tue, 27 Aug 2019 02:18:13 GMT ::1  1.1 1191 - 253.431 ms
POST /menuManagement/GetAll 200 Tue, 27 Aug 2019 02:18:14 GMT ::1  1.1 1354 - 329.527 ms
POST /menuManagement/GetTree 200 Tue, 27 Aug 2019 02:18:15 GMT ::1  1.1 1191 - 111.973 ms
POST /menuManagement/GetTree 200 Tue, 27 Aug 2019 02:18:23 GMT ::1  1.1 1191 - 111.304 ms
POST /menuManagement/GetTree 200 Tue, 27 Aug 2019 02:18:39 GMT ::1  1.1 1191 - 122.435 ms
POST /menuManagement/GetAll 200 Tue, 27 Aug 2019 02:18:40 GMT ::1  1.1 1354 - 216.679 ms
POST /menuManagement/delete 404 Tue, 27 Aug 2019 02:18:41 GMT ::1  1.1 23 - 0.759 ms
POST /menuManagement/delete 500 Tue, 27 Aug 2019 02:19:31 GMT ::1  1.1 245 - 281.008 ms
POST /menuManagement/delete 500 Tue, 27 Aug 2019 02:19:55 GMT ::1  1.1 243 - 250.150 ms
POST /menuManagement/delete 500 Tue, 27 Aug 2019 02:20:17 GMT ::1  1.1 243 - 287.186 ms
POST /menuManagement/GetTree 200 Tue, 27 Aug 2019 02:28:56 GMT ::1  1.1 929 - 227.576 ms
POST /menuManagement/GetTree 200 Tue, 27 Aug 2019 02:28:56 GMT ::1  1.1 929 - 222.048 ms
POST /menuManagement/GetTree 200 Tue, 27 Aug 2019 02:28:56 GMT ::1  1.1 929 - 276.036 ms
POST /menuManagement/GetTree 200 Tue, 27 Aug 2019 02:28:56 GMT ::1  1.1 929 - 242.539 ms
POST /menuManagement/GetAll 200 Tue, 27 Aug 2019 02:28:56 GMT ::1  1.1 1062 - 354.428 ms
POST /menuManagement/GetTree 200 Tue, 27 Aug 2019 02:28:58 GMT ::1  1.1 929 - 110.517 ms
POST /menuManagement/add 200 Tue, 27 Aug 2019 02:29:18 GMT ::1  1.1 60 - 254.318 ms
POST /menuManagement/GetTree 200 Tue, 27 Aug 2019 02:29:22 GMT ::1  1.1 1189 - 110.896 ms
POST /menuManagement/GetAll 200 Tue, 27 Aug 2019 02:29:22 GMT ::1  1.1 1352 - 229.538 ms
POST /menuManagement/delete 200 Tue, 27 Aug 2019 02:29:23 GMT ::1  1.1 60 - 126.557 ms
POST /menuManagement/GetTree 200 Tue, 27 Aug 2019 02:29:29 GMT ::1  1.1 929 - 108.652 ms
POST /menuManagement/GetTree 200 Tue, 27 Aug 2019 02:29:29 GMT ::1  1.1 929 - 108.345 ms
POST /menuManagement/GetTree 200 Tue, 27 Aug 2019 02:29:29 GMT ::1  1.1 929 - 122.469 ms
POST /menuManagement/GetTree 200 Tue, 27 Aug 2019 02:29:29 GMT ::1  1.1 929 - 123.119 ms
POST /menuManagement/GetAll 200 Tue, 27 Aug 2019 02:29:30 GMT ::1  1.1 1062 - 229.979 ms
POST /menuManagement/GetTree 200 Tue, 27 Aug 2019 03:11:29 GMT ::1  1.1 929 - 130.770 ms
POST /menuManagement/GetTree 200 Tue, 27 Aug 2019 03:11:29 GMT ::1  1.1 929 - 129.421 ms
POST /menuManagement/GetTree 200 Tue, 27 Aug 2019 03:11:29 GMT ::1  1.1 929 - 134.388 ms
POST /menuManagement/GetTree 200 Tue, 27 Aug 2019 03:11:29 GMT ::1  1.1 929 - 132.262 ms
POST /menuManagement/GetAll 200 Tue, 27 Aug 2019 03:11:29 GMT ::1  1.1 1062 - 233.715 ms
POST /menuManagement/GetTree 200 Tue, 27 Aug 2019 03:13:46 GMT ::1  1.1 929 - 108.847 ms
POST /menuManagement/GetTree 200 Tue, 27 Aug 2019 03:13:46 GMT ::1  1.1 929 - 120.276 ms
POST /menuManagement/GetTree 200 Tue, 27 Aug 2019 03:13:46 GMT ::1  1.1 929 - 120.709 ms
POST /menuManagement/GetTree 200 Tue, 27 Aug 2019 03:13:46 GMT ::1  1.1 929 - 120.998 ms
POST /menuManagement/GetAll 200 Tue, 27 Aug 2019 03:13:46 GMT ::1  1.1 1062 - 215.691 ms
POST /menuManagement/GetTree 200 Tue, 27 Aug 2019 03:15:34 GMT ::1  1.1 929 - 110.684 ms
POST /menuManagement/GetTree 200 Tue, 27 Aug 2019 03:15:34 GMT ::1  1.1 929 - 108.893 ms
POST /menuManagement/GetTree 200 Tue, 27 Aug 2019 03:15:34 GMT ::1  1.1 929 - 121.266 ms
POST /menuManagement/GetTree 200 Tue, 27 Aug 2019 03:15:34 GMT ::1  1.1 929 - 122.473 ms
POST /menuManagement/GetAll 200 Tue, 27 Aug 2019 03:15:34 GMT ::1  1.1 1062 - 228.577 ms
POST /menuManagement/GetTree 200 Tue, 27 Aug 2019 03:16:18 GMT ::1  1.1 929 - 110.301 ms
POST /menuManagement/GetTree 200 Tue, 27 Aug 2019 03:16:18 GMT ::1  1.1 929 - 122.180 ms
POST /menuManagement/GetTree 200 Tue, 27 Aug 2019 03:16:18 GMT ::1  1.1 929 - 122.086 ms
POST /menuManagement/GetTree 200 Tue, 27 Aug 2019 03:16:18 GMT ::1  1.1 929 - 121.188 ms
POST /menuManagement/GetAll 200 Tue, 27 Aug 2019 03:16:18 GMT ::1  1.1 1062 - 224.776 ms
POST /menuManagement/GetTree 200 Tue, 27 Aug 2019 03:18:58 GMT ::1  1.1 929 - 122.318 ms
POST /menuManagement/GetTree 200 Tue, 27 Aug 2019 03:18:58 GMT ::1  1.1 929 - 119.768 ms
POST /menuManagement/GetTree 200 Tue, 27 Aug 2019 03:18:58 GMT ::1  1.1 929 - 133.335 ms
POST /menuManagement/GetTree 200 Tue, 27 Aug 2019 03:18:58 GMT ::1  1.1 929 - 132.424 ms
POST /menuManagement/GetAll 200 Tue, 27 Aug 2019 03:18:58 GMT ::1  1.1 1062 - 238.981 ms
POST /menuManagement/GetTree 200 Tue, 27 Aug 2019 03:21:30 GMT ::1  1.1 929 - 108.767 ms
POST /menuManagement/GetTree 200 Tue, 27 Aug 2019 03:21:30 GMT ::1  1.1 929 - 110.503 ms
POST /menuManagement/GetTree 200 Tue, 27 Aug 2019 03:21:30 GMT ::1  1.1 929 - 124.067 ms
POST /menuManagement/GetTree 200 Tue, 27 Aug 2019 03:21:30 GMT ::1  1.1 929 - 123.638 ms
POST /menuManagement/GetAll 200 Tue, 27 Aug 2019 03:21:30 GMT ::1  1.1 1062 - 231.110 ms
POST /menuManagement/GetTree 200 Tue, 27 Aug 2019 03:23:13 GMT ::1  1.1 929 - 108.700 ms
POST /menuManagement/GetTree 200 Tue, 27 Aug 2019 03:23:13 GMT ::1  1.1 929 - 110.669 ms
POST /menuManagement/GetTree 200 Tue, 27 Aug 2019 03:23:13 GMT ::1  1.1 929 - 123.053 ms
POST /menuManagement/GetTree 200 Tue, 27 Aug 2019 03:23:13 GMT ::1  1.1 929 - 121.650 ms
POST /menuManagement/GetAll 200 Tue, 27 Aug 2019 03:23:13 GMT ::1  1.1 1062 - 243.871 ms
POST /menuManagement/GetTree 200 Tue, 27 Aug 2019 03:23:41 GMT ::1  1.1 929 - 113.156 ms
POST /menuManagement/GetTree 200 Tue, 27 Aug 2019 03:23:41 GMT ::1  1.1 929 - 121.637 ms
POST /menuManagement/GetTree 200 Tue, 27 Aug 2019 03:23:41 GMT ::1  1.1 929 - 123.266 ms
POST /menuManagement/GetTree 200 Tue, 27 Aug 2019 03:23:41 GMT ::1  1.1 929 - 122.312 ms
POST /menuManagement/GetAll 200 Tue, 27 Aug 2019 03:23:41 GMT ::1  1.1 1062 - 216.657 ms
POST /menuManagement/GetTree 200 Tue, 27 Aug 2019 03:24:10 GMT ::1  1.1 929 - 112.035 ms
POST /menuManagement/GetTree 200 Tue, 27 Aug 2019 03:24:10 GMT ::1  1.1 929 - 124.402 ms
POST /menuManagement/GetTree 200 Tue, 27 Aug 2019 03:24:10 GMT ::1  1.1 929 - 123.919 ms
POST /menuManagement/GetTree 200 Tue, 27 Aug 2019 03:24:10 GMT ::1  1.1 929 - 122.208 ms
POST /menuManagement/GetAll 200 Tue, 27 Aug 2019 03:24:10 GMT ::1  1.1 1062 - 217.439 ms
POST /menuManagement/GetTree 200 Tue, 27 Aug 2019 03:31:31 GMT ::1  1.1 929 - 120.067 ms
POST /menuManagement/GetAll 200 Tue, 27 Aug 2019 03:31:31 GMT ::1  1.1 1062 - 229.825 ms
POST /menuManagement/GetTree 200 Tue, 27 Aug 2019 03:31:47 GMT ::1  1.1 929 - 109.208 ms
POST /menuManagement/GetTree 200 Tue, 27 Aug 2019 03:31:47 GMT ::1  1.1 929 - 108.455 ms
POST /menuManagement/GetTree 200 Tue, 27 Aug 2019 03:31:47 GMT ::1  1.1 929 - 124.056 ms
POST /menuManagement/GetTree 200 Tue, 27 Aug 2019 03:31:47 GMT ::1  1.1 929 - 122.076 ms
POST /menuManagement/GetAll 200 Tue, 27 Aug 2019 03:31:48 GMT ::1  1.1 1062 - 231.042 ms
POST /menuManagement/GetTree 200 Tue, 27 Aug 2019 03:34:33 GMT ::1  1.1 929 - 109.093 ms
POST /menuManagement/GetTree 200 Tue, 27 Aug 2019 03:34:33 GMT ::1  1.1 929 - 122.215 ms
POST /menuManagement/GetTree 200 Tue, 27 Aug 2019 03:34:33 GMT ::1  1.1 929 - 122.117 ms
POST /menuManagement/GetTree 200 Tue, 27 Aug 2019 03:34:33 GMT ::1  1.1 929 - 122.279 ms
POST /menuManagement/GetAll 200 Tue, 27 Aug 2019 03:34:33 GMT ::1  1.1 1062 - 215.497 ms
POST /menuManagement/GetTree 200 Tue, 27 Aug 2019 03:37:09 GMT ::1  1.1 929 - 108.814 ms
POST /menuManagement/GetTree 200 Tue, 27 Aug 2019 03:37:09 GMT ::1  1.1 929 - 107.256 ms
POST /menuManagement/GetTree 200 Tue, 27 Aug 2019 03:37:09 GMT ::1  1.1 929 - 123.113 ms
POST /menuManagement/GetTree 200 Tue, 27 Aug 2019 03:37:09 GMT ::1  1.1 929 - 122.713 ms
POST /menuManagement/GetAll 200 Tue, 27 Aug 2019 03:37:09 GMT ::1  1.1 1062 - 229.576 ms
POST /menuManagement/GetTree 200 Tue, 27 Aug 2019 03:37:47 GMT ::1  1.1 929 - 109.241 ms
POST /menuManagement/GetTree 200 Tue, 27 Aug 2019 03:37:47 GMT ::1  1.1 929 - 119.878 ms
POST /menuManagement/GetTree 200 Tue, 27 Aug 2019 03:37:47 GMT ::1  1.1 929 - 121.447 ms
POST /menuManagement/GetTree 200 Tue, 27 Aug 2019 03:37:47 GMT ::1  1.1 929 - 124.438 ms
POST /menuManagement/GetAll 200 Tue, 27 Aug 2019 03:37:47 GMT ::1  1.1 1062 - 214.389 ms
POST /menuManagement/GetTree 200 Tue, 27 Aug 2019 03:39:51 GMT ::1  1.1 929 - 120.400 ms
POST /menuManagement/GetAll 200 Tue, 27 Aug 2019 03:39:51 GMT ::1  1.1 1062 - 234.155 ms
POST /menuManagement/GetTree 200 Tue, 27 Aug 2019 03:40:36 GMT ::1  1.1 929 - 108.560 ms
POST /menuManagement/GetAll 200 Tue, 27 Aug 2019 03:40:36 GMT ::1  1.1 1062 - 236.146 ms
POST /menuManagement/GetTree 200 Tue, 27 Aug 2019 03:43:35 GMT ::1  1.1 929 - 118.699 ms
POST /menuManagement/GetAll 200 Tue, 27 Aug 2019 03:43:36 GMT ::1  1.1 1062 - 230.941 ms
POST /menuManagement/GetTree 200 Tue, 27 Aug 2019 03:44:10 GMT ::1  1.1 929 - 109.336 ms
POST /menuManagement/GetAll 200 Tue, 27 Aug 2019 03:44:10 GMT ::1  1.1 1062 - 247.029 ms
POST /menuManagement/GetTree 200 Tue, 27 Aug 2019 03:46:01 GMT ::1  1.1 929 - 120.109 ms
POST /menuManagement/add 200 Tue, 27 Aug 2019 03:46:05 GMT ::1  1.1 60 - 233.177 ms
POST /menuManagement/GetTree 200 Tue, 27 Aug 2019 03:48:39 GMT ::1  1.1 1189 - 123.364 ms
POST /menuManagement/GetTree 200 Tue, 27 Aug 2019 03:49:19 GMT ::1  1.1 1189 - 123.255 ms
POST /menuManagement/GetTree 200 Tue, 27 Aug 2019 03:49:41 GMT ::1  1.1 1189 - 109.825 ms
POST /menuManagement/GetTree 200 Tue, 27 Aug 2019 03:49:41 GMT ::1  1.1 1189 - 110.746 ms
POST /menuManagement/GetTree 200 Tue, 27 Aug 2019 03:49:41 GMT ::1  1.1 1189 - 119.785 ms
POST /menuManagement/GetTree 200 Tue, 27 Aug 2019 03:49:41 GMT ::1  1.1 1189 - 121.593 ms
POST /menuManagement/GetTree 200 Tue, 27 Aug 2019 03:51:43 GMT ::1  1.1 1189 - 122.781 ms
POST /menuManagement/GetTree 200 Tue, 27 Aug 2019 03:51:49 GMT ::1  1.1 1189 - 119.778 ms
POST /menuManagement/GetTree 200 Tue, 27 Aug 2019 03:52:51 GMT ::1  1.1 1189 - 110.669 ms
POST /menuManagement/GetTree 200 Tue, 27 Aug 2019 03:52:51 GMT ::1  1.1 1189 - 124.106 ms
POST /menuManagement/GetTree 200 Tue, 27 Aug 2019 03:52:51 GMT ::1  1.1 1189 - 123.273 ms
POST /menuManagement/GetTree 200 Tue, 27 Aug 2019 03:52:51 GMT ::1  1.1 1189 - 120.307 ms
POST /menuManagement/GetTree 200 Tue, 27 Aug 2019 03:55:04 GMT ::1  1.1 1189 - 109.058 ms
POST /menuManagement/GetTree 200 Tue, 27 Aug 2019 03:55:24 GMT ::1  1.1 1189 - 108.794 ms
POST /menuManagement/GetTree 200 Tue, 27 Aug 2019 03:56:11 GMT ::1  1.1 1189 - 109.597 ms
POST /menuManagement/GetTree 200 Tue, 27 Aug 2019 03:56:11 GMT ::1  1.1 1189 - 123.377 ms
POST /menuManagement/GetTree 200 Tue, 27 Aug 2019 03:56:11 GMT ::1  1.1 1189 - 121.391 ms
POST /menuManagement/GetTree 200 Tue, 27 Aug 2019 03:56:11 GMT ::1  1.1 1189 - 123.852 ms
POST /menuManagement/GetTree 200 Tue, 27 Aug 2019 03:56:21 GMT ::1  1.1 1189 - 108.081 ms
POST /menuManagement/GetTree 200 Tue, 27 Aug 2019 03:56:21 GMT ::1  1.1 1189 - 108.492 ms
POST /menuManagement/GetTree 200 Tue, 27 Aug 2019 03:56:21 GMT ::1  1.1 1189 - 119.336 ms
POST /menuManagement/GetTree 200 Tue, 27 Aug 2019 03:56:21 GMT ::1  1.1 1189 - 123.914 ms
POST /menuManagement/GetTree 200 Tue, 27 Aug 2019 05:09:04 GMT ::1  1.1 1189 - 20256.623 ms
POST /menuManagement/GetTree 200 Tue, 27 Aug 2019 05:09:04 GMT ::1  1.1 1189 - 120.756 ms
POST /menuManagement/GetTree 200 Tue, 27 Aug 2019 05:09:05 GMT ::1  1.1 1189 - 121.894 ms
POST /menuManagement/GetAll 200 Tue, 27 Aug 2019 05:09:14 GMT ::1  1.1 1352 - 30350.637 ms
POST /menuManagement/GetTree 200 Tue, 27 Aug 2019 05:19:44 GMT ::1  1.1 1189 - 121.852 ms
POST /menuManagement/GetTree 200 Tue, 27 Aug 2019 05:19:59 GMT ::1  1.1 1189 - 108.779 ms
POST /menuManagement/GetTree 200 Tue, 27 Aug 2019 05:20:34 GMT ::1  1.1 1189 - 122.152 ms
POST /menuManagement/GetTree 200 Tue, 27 Aug 2019 05:20:43 GMT ::1  1.1 1189 - 110.015 ms
POST /menuManagement/GetTree 200 Tue, 27 Aug 2019 05:21:15 GMT ::1  1.1 1189 - 121.273 ms
POST /menuManagement/GetTree 200 Tue, 27 Aug 2019 05:22:35 GMT ::1  1.1 1189 - 109.038 ms
POST /menuManagement/GetTree 200 Tue, 27 Aug 2019 05:22:59 GMT ::1  1.1 1189 - 123.594 ms
POST /menuManagement/GetTree 200 Tue, 27 Aug 2019 05:23:07 GMT ::1  1.1 1189 - 122.130 ms
POST /menuManagement/GetAll 200 Tue, 27 Aug 2019 05:23:07 GMT ::1  1.1 1352 - 327.341 ms
GET /apidoc/ 304 Tue, 27 Aug 2019 05:23:43 GMT ::1  1.1  - 8.180 ms
GET /apidoc/vendor/bootstrap.min.css 304 Tue, 27 Aug 2019 05:23:43 GMT ::1  1.1  - 1.901 ms
GET /apidoc/vendor/prettify.css 304 Tue, 27 Aug 2019 05:23:43 GMT ::1  1.1  - 2.178 ms
GET /apidoc/css/style.css 304 Tue, 27 Aug 2019 05:23:43 GMT ::1  1.1  - 1.002 ms
GET /apidoc/vendor/polyfill.js 304 Tue, 27 Aug 2019 05:23:43 GMT ::1  1.1  - 1.649 ms
GET /apidoc/vendor/require.min.js 304 Tue, 27 Aug 2019 05:23:43 GMT ::1  1.1  - 1.790 ms
GET /apidoc/main.js 304 Tue, 27 Aug 2019 05:23:43 GMT ::1  1.1  - 0.475 ms
GET /apidoc/vendor/lodash.custom.min.js?v=1566883423420 200 Tue, 27 Aug 2019 05:23:43 GMT ::1  1.1 19579 - 10.635 ms
GET /apidoc/locales/locale.js?v=1566883423420 200 Tue, 27 Aug 2019 05:23:43 GMT ::1  1.1 1249 - 12.424 ms
GET /apidoc/vendor/jquery.min.js?v=1566883423420 200 Tue, 27 Aug 2019 05:23:43 GMT ::1  1.1 85630 - 9.851 ms
GET /apidoc/api_project.js?v=1566883423420 200 Tue, 27 Aug 2019 05:23:43 GMT ::1  1.1 369 - 11.487 ms
GET /apidoc/api_data.js?v=1566883423420 200 Tue, 27 Aug 2019 05:23:43 GMT ::1  1.1 29371 - 11.777 ms
GET /apidoc/utils/send_sample_request.js?v=1566883423420 200 Tue, 27 Aug 2019 05:23:43 GMT ::1  1.1 6328 - 7.428 ms
GET /apidoc/vendor/semver.min.js?v=1566883423420 200 Tue, 27 Aug 2019 05:23:43 GMT ::1  1.1 12950 - 8.204 ms
GET /apidoc/vendor/webfontloader.js?v=1566883423420 200 Tue, 27 Aug 2019 05:23:43 GMT ::1  1.1 12492 - 8.405 ms
GET /apidoc/vendor/path-to-regexp/index.js?v=1566883423420 200 Tue, 27 Aug 2019 05:23:43 GMT ::1  1.1 5147 - 6.364 ms
GET /apidoc/vendor/list.min.js?v=1566883423420 200 Tue, 27 Aug 2019 05:23:43 GMT ::1  1.1 15952 - 4.708 ms
GET /apidoc/vendor/bootstrap.min.css.map 404 Tue, 27 Aug 2019 05:23:43 GMT ::1  1.1 23 - 7.033 ms
GET /apidoc/img/favicon.ico 200 Tue, 27 Aug 2019 05:23:43 GMT ::1  1.1 894 - 0.784 ms
GET /apidoc/vendor/prettify/prettify.js?v=1566883423420 200 Tue, 27 Aug 2019 05:23:43 GMT ::1  1.1 15261 - 0.920 ms
GET /apidoc/vendor/handlebars.min.js?v=1566883423420 200 Tue, 27 Aug 2019 05:23:43 GMT ::1  1.1 72614 - 0.829 ms
GET /apidoc/vendor/bootstrap.min.js?v=1566883423420 200 Tue, 27 Aug 2019 05:23:43 GMT ::1  1.1 37045 - 0.918 ms
GET /apidoc/locales/ca.js?v=1566883423420 200 Tue, 27 Aug 2019 05:23:43 GMT ::1  1.1 1225 - 4.001 ms
GET /apidoc/locales/cs.js?v=1566883423420 200 Tue, 27 Aug 2019 05:23:43 GMT ::1  1.1 1246 - 4.221 ms
GET /apidoc/locales/de.js?v=1566883423420 200 Tue, 27 Aug 2019 05:23:43 GMT ::1  1.1 1234 - 6.124 ms
GET /apidoc/locales/es.js?v=1566883423420 200 Tue, 27 Aug 2019 05:23:43 GMT ::1  1.1 1244 - 6.934 ms
GET /apidoc/locales/fr.js?v=1566883423420 200 Tue, 27 Aug 2019 05:23:43 GMT ::1  1.1 1264 - 7.239 ms
GET /apidoc/locales/it.js?v=1566883423420 200 Tue, 27 Aug 2019 05:23:43 GMT ::1  1.1 1249 - 3.794 ms
GET /apidoc/locales/nl.js?v=1566883423420 200 Tue, 27 Aug 2019 05:23:43 GMT ::1  1.1 1241 - 2.033 ms
GET /apidoc/locales/pl.js?v=1566883423420 200 Tue, 27 Aug 2019 05:23:43 GMT ::1  1.1 1226 - 0.958 ms
GET /apidoc/locales/pt_br.js?v=1566883423420 200 Tue, 27 Aug 2019 05:23:43 GMT ::1  1.1 1236 - 1.033 ms
GET /apidoc/locales/ro.js?v=1566883423420 200 Tue, 27 Aug 2019 05:23:43 GMT ::1  1.1 1238 - 0.863 ms
GET /apidoc/locales/ru.js?v=1566883423420 200 Tue, 27 Aug 2019 05:23:43 GMT ::1  1.1 1481 - 0.811 ms
GET /apidoc/locales/tr.js?v=1566883423420 200 Tue, 27 Aug 2019 05:23:43 GMT ::1  1.1 1246 - 3.997 ms
GET /apidoc/locales/vi.js?v=1566883423420 200 Tue, 27 Aug 2019 05:23:43 GMT ::1  1.1 1328 - 2.229 ms
GET /apidoc/locales/zh.js?v=1566883423420 200 Tue, 27 Aug 2019 05:23:43 GMT ::1  1.1 1163 - 2.190 ms
GET /apidoc/locales/zh_cn.js?v=1566883423420 200 Tue, 27 Aug 2019 05:23:43 GMT ::1  1.1 1186 - 2.471 ms
GET /apidoc/utils/handlebars_helper.js?v=1566883423420 200 Tue, 27 Aug 2019 05:23:43 GMT ::1  1.1 10277 - 0.921 ms
GET /apidoc/vendor/diff_match_patch.min.js?v=1566883423420 200 Tue, 27 Aug 2019 05:23:43 GMT ::1  1.1 19192 - 0.810 ms
GET /apidoc/ 304 Tue, 27 Aug 2019 05:24:48 GMT ::1  1.1  - 3.440 ms
GET /apidoc/vendor/bootstrap.min.css 304 Tue, 27 Aug 2019 05:24:48 GMT ::1  1.1  - 2.019 ms
GET /apidoc/vendor/prettify.css 304 Tue, 27 Aug 2019 05:24:48 GMT ::1  1.1  - 2.574 ms
GET /apidoc/css/style.css 304 Tue, 27 Aug 2019 05:24:48 GMT ::1  1.1  - 2.669 ms
GET /apidoc/vendor/polyfill.js 304 Tue, 27 Aug 2019 05:24:48 GMT ::1  1.1  - 1.954 ms
GET /apidoc/vendor/require.min.js 304 Tue, 27 Aug 2019 05:24:48 GMT ::1  1.1  - 1.429 ms
GET /apidoc/vendor/bootstrap.min.css.map 404 Tue, 27 Aug 2019 05:24:48 GMT ::1  1.1 23 - 5.076 ms
GET /apidoc/main.js 304 Tue, 27 Aug 2019 05:24:48 GMT ::1  1.1  - 0.314 ms
GET /apidoc/vendor/lodash.custom.min.js?v=1566883488281 200 Tue, 27 Aug 2019 05:24:48 GMT ::1  1.1 19579 - 5.722 ms
GET /apidoc/vendor/jquery.min.js?v=1566883488281 200 Tue, 27 Aug 2019 05:24:48 GMT ::1  1.1 85630 - 5.573 ms
GET /apidoc/locales/locale.js?v=1566883488281 200 Tue, 27 Aug 2019 05:24:48 GMT ::1  1.1 1249 - 2.176 ms
GET /apidoc/api_project.js?v=1566883488281 200 Tue, 27 Aug 2019 05:24:48 GMT ::1  1.1 369 - 2.385 ms
GET /apidoc/api_data.js?v=1566883488281 200 Tue, 27 Aug 2019 05:24:48 GMT ::1  1.1 26602 - 1.795 ms
GET /apidoc/utils/send_sample_request.js?v=1566883488281 200 Tue, 27 Aug 2019 05:24:48 GMT ::1  1.1 6328 - 2.278 ms
GET /apidoc/vendor/webfontloader.js?v=1566883488281 200 Tue, 27 Aug 2019 05:24:48 GMT ::1  1.1 12492 - 1.057 ms
GET /apidoc/vendor/path-to-regexp/index.js?v=1566883488281 200 Tue, 27 Aug 2019 05:24:48 GMT ::1  1.1 5147 - 1.283 ms
GET /apidoc/vendor/semver.min.js?v=1566883488281 200 Tue, 27 Aug 2019 05:24:48 GMT ::1  1.1 12950 - 8.191 ms
GET /apidoc/vendor/list.min.js?v=1566883488281 200 Tue, 27 Aug 2019 05:24:48 GMT ::1  1.1 15952 - 2.583 ms
GET /apidoc/img/favicon.ico 200 Tue, 27 Aug 2019 05:24:48 GMT ::1  1.1 894 - 0.822 ms
GET /apidoc/vendor/prettify/prettify.js?v=1566883488281 200 Tue, 27 Aug 2019 05:24:48 GMT ::1  1.1 15261 - 1.255 ms
GET /apidoc/vendor/handlebars.min.js?v=1566883488281 200 Tue, 27 Aug 2019 05:24:48 GMT ::1  1.1 72614 - 1.490 ms
GET /apidoc/vendor/bootstrap.min.js?v=1566883488281 200 Tue, 27 Aug 2019 05:24:48 GMT ::1  1.1 37045 - 1.442 ms
GET /apidoc/locales/ca.js?v=1566883488281 200 Tue, 27 Aug 2019 05:24:48 GMT ::1  1.1 1225 - 1.502 ms
GET /apidoc/locales/cs.js?v=1566883488281 200 Tue, 27 Aug 2019 05:24:48 GMT ::1  1.1 1246 - 3.826 ms
GET /apidoc/locales/de.js?v=1566883488281 200 Tue, 27 Aug 2019 05:24:48 GMT ::1  1.1 1234 - 2.590 ms
GET /apidoc/locales/es.js?v=1566883488281 200 Tue, 27 Aug 2019 05:24:48 GMT ::1  1.1 1244 - 1.637 ms
GET /apidoc/locales/fr.js?v=1566883488281 200 Tue, 27 Aug 2019 05:24:48 GMT ::1  1.1 1264 - 1.166 ms
GET /apidoc/locales/it.js?v=1566883488281 200 Tue, 27 Aug 2019 05:24:48 GMT ::1  1.1 1249 - 0.811 ms
GET /apidoc/locales/nl.js?v=1566883488281 200 Tue, 27 Aug 2019 05:24:48 GMT ::1  1.1 1241 - 2.681 ms
GET /apidoc/locales/pl.js?v=1566883488281 200 Tue, 27 Aug 2019 05:24:48 GMT ::1  1.1 1226 - 1.732 ms
GET /apidoc/locales/pt_br.js?v=1566883488281 200 Tue, 27 Aug 2019 05:24:48 GMT ::1  1.1 1236 - 0.713 ms
GET /apidoc/locales/ro.js?v=1566883488281 200 Tue, 27 Aug 2019 05:24:48 GMT ::1  1.1 1238 - 0.818 ms
GET /apidoc/locales/ru.js?v=1566883488281 200 Tue, 27 Aug 2019 05:24:48 GMT ::1  1.1 1481 - 0.880 ms
GET /apidoc/locales/tr.js?v=1566883488281 200 Tue, 27 Aug 2019 05:24:48 GMT ::1  1.1 1246 - 0.807 ms
GET /apidoc/locales/zh.js?v=1566883488281 200 Tue, 27 Aug 2019 05:24:48 GMT ::1  1.1 1163 - 1.889 ms
GET /apidoc/locales/vi.js?v=1566883488281 200 Tue, 27 Aug 2019 05:24:48 GMT ::1  1.1 1328 - 3.245 ms
GET /apidoc/locales/zh_cn.js?v=1566883488281 200 Tue, 27 Aug 2019 05:24:48 GMT ::1  1.1 1186 - 3.615 ms
GET /apidoc/utils/handlebars_helper.js?v=1566883488281 200 Tue, 27 Aug 2019 05:24:48 GMT ::1  1.1 10277 - 0.786 ms
GET /apidoc/vendor/diff_match_patch.min.js?v=1566883488281 200 Tue, 27 Aug 2019 05:24:48 GMT ::1  1.1 19192 - 1.558 ms
GET /apidoc/ 304 Tue, 27 Aug 2019 05:32:51 GMT ::1  1.1  - 0.896 ms
GET /apidoc/vendor/bootstrap.min.css 304 Tue, 27 Aug 2019 05:32:51 GMT ::1  1.1  - 1.106 ms
GET /apidoc/vendor/prettify.css 304 Tue, 27 Aug 2019 05:32:51 GMT ::1  1.1  - 0.767 ms
GET /apidoc/css/style.css 304 Tue, 27 Aug 2019 05:32:51 GMT ::1  1.1  - 1.601 ms
GET /apidoc/vendor/polyfill.js 304 Tue, 27 Aug 2019 05:32:51 GMT ::1  1.1  - 1.108 ms
GET /apidoc/vendor/require.min.js 304 Tue, 27 Aug 2019 05:32:51 GMT ::1  1.1  - 0.566 ms
GET /apidoc/vendor/bootstrap.min.css.map 404 Tue, 27 Aug 2019 05:32:51 GMT ::1  1.1 23 - 0.875 ms
GET /apidoc/main.js 304 Tue, 27 Aug 2019 05:32:51 GMT ::1  1.1  - 0.427 ms
GET /apidoc/vendor/jquery.min.js?v=1566883971420 200 Tue, 27 Aug 2019 05:32:51 GMT ::1  1.1 85630 - 1.683 ms
GET /apidoc/vendor/lodash.custom.min.js?v=1566883971420 200 Tue, 27 Aug 2019 05:32:51 GMT ::1  1.1 19579 - 2.883 ms
GET /apidoc/locales/locale.js?v=1566883971420 200 Tue, 27 Aug 2019 05:32:51 GMT ::1  1.1 1249 - 2.008 ms
GET /apidoc/api_project.js?v=1566883971420 200 Tue, 27 Aug 2019 05:32:51 GMT ::1  1.1 369 - 2.114 ms
GET /apidoc/api_data.js?v=1566883971420 200 Tue, 27 Aug 2019 05:32:51 GMT ::1  1.1 30947 - 0.735 ms
GET /apidoc/utils/send_sample_request.js?v=1566883971420 200 Tue, 27 Aug 2019 05:32:51 GMT ::1  1.1 6328 - 1.839 ms
GET /apidoc/vendor/semver.min.js?v=1566883971420 200 Tue, 27 Aug 2019 05:32:51 GMT ::1  1.1 12950 - 2.023 ms
GET /apidoc/vendor/webfontloader.js?v=1566883971420 200 Tue, 27 Aug 2019 05:32:51 GMT ::1  1.1 12492 - 0.784 ms
GET /apidoc/vendor/path-to-regexp/index.js?v=1566883971420 200 Tue, 27 Aug 2019 05:32:51 GMT ::1  1.1 5147 - 0.939 ms
GET /apidoc/vendor/list.min.js?v=1566883971420 200 Tue, 27 Aug 2019 05:32:51 GMT ::1  1.1 15952 - 0.849 ms
GET /apidoc/img/favicon.ico 200 Tue, 27 Aug 2019 05:32:51 GMT ::1  1.1 894 - 0.754 ms
GET /apidoc/vendor/prettify/prettify.js?v=1566883971420 200 Tue, 27 Aug 2019 05:32:51 GMT ::1  1.1 15261 - 0.801 ms
GET /apidoc/vendor/handlebars.min.js?v=1566883971420 200 Tue, 27 Aug 2019 05:32:51 GMT ::1  1.1 72614 - 2.180 ms
GET /apidoc/vendor/bootstrap.min.js?v=1566883971420 200 Tue, 27 Aug 2019 05:32:51 GMT ::1  1.1 37045 - 0.744 ms
GET /apidoc/locales/ca.js?v=1566883971420 200 Tue, 27 Aug 2019 05:32:51 GMT ::1  1.1 1225 - 1.362 ms
GET /apidoc/locales/cs.js?v=1566883971420 200 Tue, 27 Aug 2019 05:32:51 GMT ::1  1.1 1246 - 2.750 ms
GET /apidoc/locales/de.js?v=1566883971420 200 Tue, 27 Aug 2019 05:32:51 GMT ::1  1.1 1234 - 2.300 ms
GET /apidoc/locales/es.js?v=1566883971420 200 Tue, 27 Aug 2019 05:32:51 GMT ::1  1.1 1244 - 1.323 ms
GET /apidoc/locales/fr.js?v=1566883971420 200 Tue, 27 Aug 2019 05:32:51 GMT ::1  1.1 1264 - 1.053 ms
GET /apidoc/locales/it.js?v=1566883971420 200 Tue, 27 Aug 2019 05:32:51 GMT ::1  1.1 1249 - 1.221 ms
GET /apidoc/locales/nl.js?v=1566883971420 200 Tue, 27 Aug 2019 05:32:51 GMT ::1  1.1 1241 - 1.582 ms
GET /apidoc/locales/pl.js?v=1566883971420 200 Tue, 27 Aug 2019 05:32:51 GMT ::1  1.1 1226 - 0.848 ms
GET /apidoc/locales/pt_br.js?v=1566883971420 200 Tue, 27 Aug 2019 05:32:51 GMT ::1  1.1 1236 - 2.973 ms
GET /apidoc/locales/ro.js?v=1566883971420 200 Tue, 27 Aug 2019 05:32:51 GMT ::1  1.1 1238 - 3.824 ms
GET /apidoc/locales/ru.js?v=1566883971420 200 Tue, 27 Aug 2019 05:32:51 GMT ::1  1.1 1481 - 4.694 ms
GET /apidoc/locales/tr.js?v=1566883971420 200 Tue, 27 Aug 2019 05:32:51 GMT ::1  1.1 1246 - 6.837 ms
GET /apidoc/locales/vi.js?v=1566883971420 200 Tue, 27 Aug 2019 05:32:51 GMT ::1  1.1 1328 - 6.378 ms
GET /apidoc/locales/zh.js?v=1566883971420 200 Tue, 27 Aug 2019 05:32:51 GMT ::1  1.1 1163 - 5.270 ms
GET /apidoc/locales/zh_cn.js?v=1566883971420 200 Tue, 27 Aug 2019 05:32:51 GMT ::1  1.1 1186 - 1.755 ms
GET /apidoc/utils/handlebars_helper.js?v=1566883971420 200 Tue, 27 Aug 2019 05:32:51 GMT ::1  1.1 10277 - 1.247 ms
GET /apidoc/vendor/diff_match_patch.min.js?v=1566883971420 200 Tue, 27 Aug 2019 05:32:51 GMT ::1  1.1 19192 - 1.810 ms
GET /apidoc/ 304 Tue, 27 Aug 2019 05:33:08 GMT ::1  1.1  - 0.621 ms
GET /apidoc/vendor/bootstrap.min.css 304 Tue, 27 Aug 2019 05:33:08 GMT ::1  1.1  - 0.549 ms
GET /apidoc/vendor/prettify.css 304 Tue, 27 Aug 2019 05:33:08 GMT ::1  1.1  - 0.973 ms
GET /apidoc/css/style.css 304 Tue, 27 Aug 2019 05:33:08 GMT ::1  1.1  - 0.768 ms
GET /apidoc/vendor/polyfill.js 304 Tue, 27 Aug 2019 05:33:08 GMT ::1  1.1  - 1.087 ms
GET /apidoc/vendor/require.min.js 304 Tue, 27 Aug 2019 05:33:08 GMT ::1  1.1  - 1.128 ms
GET /apidoc/vendor/bootstrap.min.css.map 404 Tue, 27 Aug 2019 05:33:08 GMT ::1  1.1 23 - 0.727 ms
GET /apidoc/main.js 304 Tue, 27 Aug 2019 05:33:08 GMT ::1  1.1  - 0.429 ms
GET /apidoc/vendor/jquery.min.js?v=1566883988871 200 Tue, 27 Aug 2019 05:33:08 GMT ::1  1.1 85630 - 1.508 ms
GET /apidoc/vendor/lodash.custom.min.js?v=1566883988871 200 Tue, 27 Aug 2019 05:33:08 GMT ::1  1.1 19579 - 1.090 ms
GET /apidoc/locales/locale.js?v=1566883988871 200 Tue, 27 Aug 2019 05:33:08 GMT ::1  1.1 1249 - 1.371 ms
GET /apidoc/api_project.js?v=1566883988871 200 Tue, 27 Aug 2019 05:33:08 GMT ::1  1.1 369 - 1.457 ms
GET /apidoc/api_data.js?v=1566883988871 200 Tue, 27 Aug 2019 05:33:08 GMT ::1  1.1 30971 - 1.656 ms
GET /apidoc/utils/send_sample_request.js?v=1566883988871 200 Tue, 27 Aug 2019 05:33:08 GMT ::1  1.1 6328 - 1.849 ms
GET /apidoc/vendor/semver.min.js?v=1566883988871 200 Tue, 27 Aug 2019 05:33:08 GMT ::1  1.1 12950 - 2.092 ms
GET /apidoc/vendor/webfontloader.js?v=1566883988871 200 Tue, 27 Aug 2019 05:33:08 GMT ::1  1.1 12492 - 1.500 ms
GET /apidoc/vendor/path-to-regexp/index.js?v=1566883988871 200 Tue, 27 Aug 2019 05:33:08 GMT ::1  1.1 5147 - 0.985 ms
GET /apidoc/vendor/list.min.js?v=1566883988871 200 Tue, 27 Aug 2019 05:33:08 GMT ::1  1.1 15952 - 0.915 ms
GET /apidoc/img/favicon.ico 200 Tue, 27 Aug 2019 05:33:08 GMT ::1  1.1 894 - 0.676 ms
GET /apidoc/vendor/prettify/prettify.js?v=1566883988871 200 Tue, 27 Aug 2019 05:33:08 GMT ::1  1.1 15261 - 1.521 ms
GET /apidoc/vendor/handlebars.min.js?v=1566883988871 200 Tue, 27 Aug 2019 05:33:08 GMT ::1  1.1 72614 - 0.773 ms
GET /apidoc/vendor/bootstrap.min.js?v=1566883988871 200 Tue, 27 Aug 2019 05:33:08 GMT ::1  1.1 37045 - 1.348 ms
GET /apidoc/locales/ca.js?v=1566883988871 200 Tue, 27 Aug 2019 05:33:09 GMT ::1  1.1 1225 - 0.733 ms
GET /apidoc/locales/cs.js?v=1566883988871 200 Tue, 27 Aug 2019 05:33:09 GMT ::1  1.1 1246 - 1.623 ms
GET /apidoc/locales/de.js?v=1566883988871 200 Tue, 27 Aug 2019 05:33:09 GMT ::1  1.1 1234 - 0.816 ms
GET /apidoc/locales/es.js?v=1566883988871 200 Tue, 27 Aug 2019 05:33:09 GMT ::1  1.1 1244 - 0.881 ms
GET /apidoc/locales/fr.js?v=1566883988871 200 Tue, 27 Aug 2019 05:33:09 GMT ::1  1.1 1264 - 1.114 ms
GET /apidoc/locales/it.js?v=1566883988871 200 Tue, 27 Aug 2019 05:33:09 GMT ::1  1.1 1249 - 0.933 ms
GET /apidoc/locales/nl.js?v=1566883988871 200 Tue, 27 Aug 2019 05:33:09 GMT ::1  1.1 1241 - 1.024 ms
GET /apidoc/locales/pl.js?v=1566883988871 200 Tue, 27 Aug 2019 05:33:09 GMT ::1  1.1 1226 - 1.660 ms
GET /apidoc/locales/pt_br.js?v=1566883988871 200 Tue, 27 Aug 2019 05:33:09 GMT ::1  1.1 1236 - 2.665 ms
GET /apidoc/locales/ro.js?v=1566883988871 200 Tue, 27 Aug 2019 05:33:09 GMT ::1  1.1 1238 - 2.401 ms
GET /apidoc/locales/ru.js?v=1566883988871 200 Tue, 27 Aug 2019 05:33:09 GMT ::1  1.1 1481 - 2.237 ms
GET /apidoc/locales/tr.js?v=1566883988871 200 Tue, 27 Aug 2019 05:33:09 GMT ::1  1.1 1246 - 1.140 ms
GET /apidoc/locales/vi.js?v=1566883988871 200 Tue, 27 Aug 2019 05:33:09 GMT ::1  1.1 1328 - 0.761 ms
GET /apidoc/locales/zh.js?v=1566883988871 200 Tue, 27 Aug 2019 05:33:09 GMT ::1  1.1 1163 - 1.029 ms
GET /apidoc/locales/zh_cn.js?v=1566883988871 200 Tue, 27 Aug 2019 05:33:09 GMT ::1  1.1 1186 - 1.170 ms
GET /apidoc/utils/handlebars_helper.js?v=1566883988871 200 Tue, 27 Aug 2019 05:33:09 GMT ::1  1.1 10277 - 1.222 ms
GET /apidoc/vendor/diff_match_patch.min.js?v=1566883988871 200 Tue, 27 Aug 2019 05:33:09 GMT ::1  1.1 19192 - 0.655 ms
GET /apidoc/ 304 Tue, 27 Aug 2019 05:34:05 GMT ::1  1.1  - 0.441 ms
GET /apidoc/vendor/bootstrap.min.css 304 Tue, 27 Aug 2019 05:34:05 GMT ::1  1.1  - 1.435 ms
GET /apidoc/vendor/prettify.css 304 Tue, 27 Aug 2019 05:34:05 GMT ::1  1.1  - 3.555 ms
GET /apidoc/css/style.css 304 Tue, 27 Aug 2019 05:34:05 GMT ::1  1.1  - 2.758 ms
GET /apidoc/vendor/polyfill.js 304 Tue, 27 Aug 2019 05:34:05 GMT ::1  1.1  - 2.840 ms
GET /apidoc/vendor/require.min.js 304 Tue, 27 Aug 2019 05:34:05 GMT ::1  1.1  - 2.927 ms
GET /apidoc/vendor/bootstrap.min.css.map 404 Tue, 27 Aug 2019 05:34:05 GMT ::1  1.1 23 - 1.605 ms
GET /apidoc/main.js 304 Tue, 27 Aug 2019 05:34:05 GMT ::1  1.1  - 0.527 ms
GET /apidoc/img/favicon.ico 200 Tue, 27 Aug 2019 05:34:05 GMT ::1  1.1 894 - 0.744 ms
GET /apidoc/vendor/jquery.min.js?v=1566884045950 200 Tue, 27 Aug 2019 05:34:05 GMT ::1  1.1 85630 - 0.757 ms
GET /apidoc/vendor/lodash.custom.min.js?v=1566884045950 200 Tue, 27 Aug 2019 05:34:05 GMT ::1  1.1 19579 - 1.072 ms
GET /apidoc/locales/locale.js?v=1566884045950 200 Tue, 27 Aug 2019 05:34:05 GMT ::1  1.1 1249 - 0.837 ms
GET /apidoc/api_project.js?v=1566884045950 200 Tue, 27 Aug 2019 05:34:05 GMT ::1  1.1 369 - 0.790 ms
GET /apidoc/api_data.js?v=1566884045950 200 Tue, 27 Aug 2019 05:34:05 GMT ::1  1.1 31008 - 1.806 ms
GET /apidoc/utils/send_sample_request.js?v=1566884045950 200 Tue, 27 Aug 2019 05:34:05 GMT ::1  1.1 6328 - 1.983 ms
GET /apidoc/vendor/semver.min.js?v=1566884045950 200 Tue, 27 Aug 2019 05:34:05 GMT ::1  1.1 12950 - 0.879 ms
GET /apidoc/vendor/webfontloader.js?v=1566884045950 200 Tue, 27 Aug 2019 05:34:05 GMT ::1  1.1 12492 - 1.027 ms
GET /apidoc/vendor/path-to-regexp/index.js?v=1566884045950 200 Tue, 27 Aug 2019 05:34:05 GMT ::1  1.1 5147 - 1.047 ms
GET /apidoc/vendor/list.min.js?v=1566884045950 200 Tue, 27 Aug 2019 05:34:05 GMT ::1  1.1 15952 - 0.974 ms
GET /apidoc/vendor/prettify/prettify.js?v=1566884045950 200 Tue, 27 Aug 2019 05:34:06 GMT ::1  1.1 15261 - 1.592 ms
GET /apidoc/vendor/handlebars.min.js?v=1566884045950 200 Tue, 27 Aug 2019 05:34:06 GMT ::1  1.1 72614 - 0.756 ms
GET /apidoc/vendor/bootstrap.min.js?v=1566884045950 200 Tue, 27 Aug 2019 05:34:06 GMT ::1  1.1 37045 - 0.855 ms
GET /apidoc/locales/ca.js?v=1566884045950 200 Tue, 27 Aug 2019 05:34:06 GMT ::1  1.1 1225 - 2.274 ms
GET /apidoc/locales/cs.js?v=1566884045950 200 Tue, 27 Aug 2019 05:34:06 GMT ::1  1.1 1246 - 2.153 ms
GET /apidoc/locales/de.js?v=1566884045950 200 Tue, 27 Aug 2019 05:34:06 GMT ::1  1.1 1234 - 0.763 ms
GET /apidoc/locales/es.js?v=1566884045950 200 Tue, 27 Aug 2019 05:34:06 GMT ::1  1.1 1244 - 0.953 ms
GET /apidoc/locales/fr.js?v=1566884045950 200 Tue, 27 Aug 2019 05:34:06 GMT ::1  1.1 1264 - 0.954 ms
GET /apidoc/locales/it.js?v=1566884045950 200 Tue, 27 Aug 2019 05:34:06 GMT ::1  1.1 1249 - 1.211 ms
GET /apidoc/locales/nl.js?v=1566884045950 200 Tue, 27 Aug 2019 05:34:06 GMT ::1  1.1 1241 - 0.810 ms
GET /apidoc/locales/pl.js?v=1566884045950 200 Tue, 27 Aug 2019 05:34:06 GMT ::1  1.1 1226 - 1.505 ms
GET /apidoc/locales/pt_br.js?v=1566884045950 200 Tue, 27 Aug 2019 05:34:06 GMT ::1  1.1 1236 - 0.783 ms
GET /apidoc/locales/ro.js?v=1566884045950 200 Tue, 27 Aug 2019 05:34:06 GMT ::1  1.1 1238 - 0.941 ms
GET /apidoc/locales/ru.js?v=1566884045950 200 Tue, 27 Aug 2019 05:34:06 GMT ::1  1.1 1481 - 0.922 ms
GET /apidoc/locales/tr.js?v=1566884045950 200 Tue, 27 Aug 2019 05:34:06 GMT ::1  1.1 1246 - 1.018 ms
GET /apidoc/locales/vi.js?v=1566884045950 200 Tue, 27 Aug 2019 05:34:06 GMT ::1  1.1 1328 - 1.079 ms
GET /apidoc/locales/zh.js?v=1566884045950 200 Tue, 27 Aug 2019 05:34:06 GMT ::1  1.1 1163 - 1.210 ms
GET /apidoc/locales/zh_cn.js?v=1566884045950 200 Tue, 27 Aug 2019 05:34:06 GMT ::1  1.1 1186 - 0.749 ms
GET /apidoc/utils/handlebars_helper.js?v=1566884045950 200 Tue, 27 Aug 2019 05:34:06 GMT ::1  1.1 10277 - 0.782 ms
GET /apidoc/vendor/diff_match_patch.min.js?v=1566884045950 200 Tue, 27 Aug 2019 05:34:06 GMT ::1  1.1 19192 - 0.761 ms
GET /apidoc/ 304 Tue, 27 Aug 2019 05:34:24 GMT ::1  1.1  - 0.563 ms
GET /apidoc/vendor/bootstrap.min.css 304 Tue, 27 Aug 2019 05:34:24 GMT ::1  1.1  - 0.727 ms
GET /apidoc/vendor/prettify.css 304 Tue, 27 Aug 2019 05:34:24 GMT ::1  1.1  - 0.590 ms
GET /apidoc/css/style.css 304 Tue, 27 Aug 2019 05:34:24 GMT ::1  1.1  - 0.927 ms
GET /apidoc/vendor/require.min.js 304 Tue, 27 Aug 2019 05:34:24 GMT ::1  1.1  - 0.601 ms
GET /apidoc/vendor/polyfill.js 304 Tue, 27 Aug 2019 05:34:24 GMT ::1  1.1  - 1.868 ms
GET /apidoc/vendor/bootstrap.min.css.map 404 Tue, 27 Aug 2019 05:34:24 GMT ::1  1.1 23 - 0.784 ms
GET /apidoc/main.js 304 Tue, 27 Aug 2019 05:34:24 GMT ::1  1.1  - 0.937 ms
GET /apidoc/vendor/jquery.min.js?v=1566884064368 200 Tue, 27 Aug 2019 05:34:24 GMT ::1  1.1 85630 - 1.000 ms
GET /apidoc/vendor/lodash.custom.min.js?v=1566884064368 200 Tue, 27 Aug 2019 05:34:24 GMT ::1  1.1 19579 - 1.423 ms
GET /apidoc/locales/locale.js?v=1566884064368 200 Tue, 27 Aug 2019 05:34:24 GMT ::1  1.1 1249 - 0.985 ms
GET /apidoc/api_project.js?v=1566884064368 200 Tue, 27 Aug 2019 05:34:24 GMT ::1  1.1 369 - 0.967 ms
GET /apidoc/api_data.js?v=1566884064368 200 Tue, 27 Aug 2019 05:34:24 GMT ::1  1.1 29271 - 0.846 ms
GET /apidoc/utils/send_sample_request.js?v=1566884064368 200 Tue, 27 Aug 2019 05:34:24 GMT ::1  1.1 6328 - 2.786 ms
GET /apidoc/vendor/semver.min.js?v=1566884064368 200 Tue, 27 Aug 2019 05:34:24 GMT ::1  1.1 12950 - 1.890 ms
GET /apidoc/vendor/webfontloader.js?v=1566884064368 200 Tue, 27 Aug 2019 05:34:24 GMT ::1  1.1 12492 - 0.792 ms
GET /apidoc/vendor/path-to-regexp/index.js?v=1566884064368 200 Tue, 27 Aug 2019 05:34:24 GMT ::1  1.1 5147 - 2.359 ms
GET /apidoc/vendor/list.min.js?v=1566884064368 200 Tue, 27 Aug 2019 05:34:24 GMT ::1  1.1 15952 - 1.151 ms
GET /apidoc/img/favicon.ico 200 Tue, 27 Aug 2019 05:34:24 GMT ::1  1.1 894 - 0.846 ms
GET /apidoc/vendor/prettify/prettify.js?v=1566884064368 200 Tue, 27 Aug 2019 05:34:24 GMT ::1  1.1 15261 - 0.769 ms
GET /apidoc/vendor/handlebars.min.js?v=1566884064368 200 Tue, 27 Aug 2019 05:34:24 GMT ::1  1.1 72614 - 1.591 ms
GET /apidoc/vendor/bootstrap.min.js?v=1566884064368 200 Tue, 27 Aug 2019 05:34:24 GMT ::1  1.1 37045 - 0.842 ms
GET /apidoc/locales/ca.js?v=1566884064368 200 Tue, 27 Aug 2019 05:34:24 GMT ::1  1.1 1225 - 3.030 ms
GET /apidoc/locales/cs.js?v=1566884064368 200 Tue, 27 Aug 2019 05:34:24 GMT ::1  1.1 1246 - 2.228 ms
GET /apidoc/locales/de.js?v=1566884064368 200 Tue, 27 Aug 2019 05:34:24 GMT ::1  1.1 1234 - 1.390 ms
GET /apidoc/locales/es.js?v=1566884064368 200 Tue, 27 Aug 2019 05:34:24 GMT ::1  1.1 1244 - 1.002 ms
GET /apidoc/locales/fr.js?v=1566884064368 200 Tue, 27 Aug 2019 05:34:24 GMT ::1  1.1 1264 - 2.233 ms
GET /apidoc/locales/it.js?v=1566884064368 200 Tue, 27 Aug 2019 05:34:24 GMT ::1  1.1 1249 - 1.764 ms
GET /apidoc/locales/nl.js?v=1566884064368 200 Tue, 27 Aug 2019 05:34:24 GMT ::1  1.1 1241 - 0.802 ms
GET /apidoc/locales/pl.js?v=1566884064368 200 Tue, 27 Aug 2019 05:34:24 GMT ::1  1.1 1226 - 1.436 ms
GET /apidoc/locales/pt_br.js?v=1566884064368 200 Tue, 27 Aug 2019 05:34:24 GMT ::1  1.1 1236 - 1.240 ms
GET /apidoc/locales/ro.js?v=1566884064368 200 Tue, 27 Aug 2019 05:34:24 GMT ::1  1.1 1238 - 0.846 ms
GET /apidoc/locales/ru.js?v=1566884064368 200 Tue, 27 Aug 2019 05:34:24 GMT ::1  1.1 1481 - 1.283 ms
GET /apidoc/locales/tr.js?v=1566884064368 200 Tue, 27 Aug 2019 05:34:24 GMT ::1  1.1 1246 - 0.841 ms
GET /apidoc/locales/vi.js?v=1566884064368 200 Tue, 27 Aug 2019 05:34:24 GMT ::1  1.1 1328 - 1.713 ms
GET /apidoc/locales/zh.js?v=1566884064368 200 Tue, 27 Aug 2019 05:34:24 GMT ::1  1.1 1163 - 1.887 ms
GET /apidoc/locales/zh_cn.js?v=1566884064368 200 Tue, 27 Aug 2019 05:34:24 GMT ::1  1.1 1186 - 1.592 ms
GET /apidoc/utils/handlebars_helper.js?v=1566884064368 200 Tue, 27 Aug 2019 05:34:24 GMT ::1  1.1 10277 - 1.159 ms
GET /apidoc/vendor/diff_match_patch.min.js?v=1566884064368 200 Tue, 27 Aug 2019 05:34:24 GMT ::1  1.1 19192 - 3.100 ms
GET /apidoc/ 304 Tue, 27 Aug 2019 05:34:43 GMT ::1  1.1  - 1.171 ms
GET /apidoc/vendor/bootstrap.min.css 304 Tue, 27 Aug 2019 05:34:43 GMT ::1  1.1  - 2.654 ms
GET /apidoc/vendor/prettify.css 304 Tue, 27 Aug 2019 05:34:43 GMT ::1  1.1  - 1.826 ms
GET /apidoc/css/style.css 304 Tue, 27 Aug 2019 05:34:43 GMT ::1  1.1  - 2.005 ms
GET /apidoc/vendor/polyfill.js 304 Tue, 27 Aug 2019 05:34:43 GMT ::1  1.1  - 1.960 ms
GET /apidoc/vendor/require.min.js 304 Tue, 27 Aug 2019 05:34:43 GMT ::1  1.1  - 1.363 ms
GET /apidoc/vendor/bootstrap.min.css.map 404 Tue, 27 Aug 2019 05:34:43 GMT ::1  1.1 23 - 0.747 ms
GET /apidoc/main.js 304 Tue, 27 Aug 2019 05:34:43 GMT ::1  1.1  - 0.426 ms
GET /apidoc/vendor/lodash.custom.min.js?v=1566884083694 200 Tue, 27 Aug 2019 05:34:43 GMT ::1  1.1 19579 - 6.488 ms
GET /apidoc/locales/locale.js?v=1566884083694 200 Tue, 27 Aug 2019 05:34:43 GMT ::1  1.1 1249 - 6.733 ms
GET /apidoc/api_project.js?v=1566884083694 200 Tue, 27 Aug 2019 05:34:43 GMT ::1  1.1 369 - 6.660 ms
GET /apidoc/api_data.js?v=1566884083694 200 Tue, 27 Aug 2019 05:34:43 GMT ::1  1.1 27956 - 6.966 ms
GET /apidoc/vendor/jquery.min.js?v=1566884083694 200 Tue, 27 Aug 2019 05:34:43 GMT ::1  1.1 85630 - 8.831 ms
GET /apidoc/utils/send_sample_request.js?v=1566884083694 200 Tue, 27 Aug 2019 05:34:43 GMT ::1  1.1 6328 - 2.002 ms
GET /apidoc/vendor/webfontloader.js?v=1566884083694 200 Tue, 27 Aug 2019 05:34:43 GMT ::1  1.1 12492 - 1.295 ms
GET /apidoc/vendor/semver.min.js?v=1566884083694 200 Tue, 27 Aug 2019 05:34:43 GMT ::1  1.1 12950 - 1.570 ms
GET /apidoc/vendor/path-to-regexp/index.js?v=1566884083694 200 Tue, 27 Aug 2019 05:34:43 GMT ::1  1.1 5147 - 2.245 ms
GET /apidoc/vendor/list.min.js?v=1566884083694 200 Tue, 27 Aug 2019 05:34:43 GMT ::1  1.1 15952 - 2.164 ms
GET /apidoc/img/favicon.ico 200 Tue, 27 Aug 2019 05:34:43 GMT ::1  1.1 894 - 0.807 ms
GET /apidoc/vendor/prettify/prettify.js?v=1566884083694 200 Tue, 27 Aug 2019 05:34:43 GMT ::1  1.1 15261 - 0.821 ms
GET /apidoc/vendor/handlebars.min.js?v=1566884083694 200 Tue, 27 Aug 2019 05:34:43 GMT ::1  1.1 72614 - 1.316 ms
GET /apidoc/vendor/bootstrap.min.js?v=1566884083694 200 Tue, 27 Aug 2019 05:34:43 GMT ::1  1.1 37045 - 0.991 ms
GET /apidoc/utils/handlebars_helper.js?v=1566884083694 200 Tue, 27 Aug 2019 05:34:43 GMT ::1  1.1 10277 - 0.819 ms
GET /apidoc/locales/ca.js?v=1566884083694 200 Tue, 27 Aug 2019 05:34:43 GMT ::1  1.1 1225 - 0.827 ms
GET /apidoc/locales/cs.js?v=1566884083694 200 Tue, 27 Aug 2019 05:34:43 GMT ::1  1.1 1246 - 0.972 ms
GET /apidoc/locales/de.js?v=1566884083694 200 Tue, 27 Aug 2019 05:34:43 GMT ::1  1.1 1234 - 2.263 ms
GET /apidoc/locales/es.js?v=1566884083694 200 Tue, 27 Aug 2019 05:34:43 GMT ::1  1.1 1244 - 1.573 ms
GET /apidoc/locales/fr.js?v=1566884083694 200 Tue, 27 Aug 2019 05:34:43 GMT ::1  1.1 1264 - 2.579 ms
GET /apidoc/locales/it.js?v=1566884083694 200 Tue, 27 Aug 2019 05:34:43 GMT ::1  1.1 1249 - 2.737 ms
GET /apidoc/locales/nl.js?v=1566884083694 200 Tue, 27 Aug 2019 05:34:43 GMT ::1  1.1 1241 - 2.538 ms
GET /apidoc/locales/pl.js?v=1566884083694 200 Tue, 27 Aug 2019 05:34:43 GMT ::1  1.1 1226 - 1.814 ms
GET /apidoc/locales/pt_br.js?v=1566884083694 200 Tue, 27 Aug 2019 05:34:43 GMT ::1  1.1 1236 - 1.718 ms
GET /apidoc/locales/ro.js?v=1566884083694 200 Tue, 27 Aug 2019 05:34:43 GMT ::1  1.1 1238 - 5.393 ms
GET /apidoc/locales/ru.js?v=1566884083694 200 Tue, 27 Aug 2019 05:34:43 GMT ::1  1.1 1481 - 5.672 ms
GET /apidoc/locales/tr.js?v=1566884083694 200 Tue, 27 Aug 2019 05:34:43 GMT ::1  1.1 1246 - 6.497 ms
GET /apidoc/locales/vi.js?v=1566884083694 200 Tue, 27 Aug 2019 05:34:43 GMT ::1  1.1 1328 - 6.457 ms
GET /apidoc/locales/zh.js?v=1566884083694 200 Tue, 27 Aug 2019 05:34:43 GMT ::1  1.1 1163 - 6.631 ms
GET /apidoc/locales/zh_cn.js?v=1566884083694 200 Tue, 27 Aug 2019 05:34:43 GMT ::1  1.1 1186 - 9.916 ms
GET /apidoc/vendor/diff_match_patch.min.js?v=1566884083694 200 Tue, 27 Aug 2019 05:34:43 GMT ::1  1.1 19192 - 1.852 ms
GET /apidoc/ 304 Tue, 27 Aug 2019 05:35:08 GMT ::1  1.1  - 2.390 ms
GET /apidoc/vendor/bootstrap.min.css 304 Tue, 27 Aug 2019 05:35:08 GMT ::1  1.1  - 1.239 ms
GET /apidoc/vendor/prettify.css 304 Tue, 27 Aug 2019 05:35:08 GMT ::1  1.1  - 0.740 ms
GET /apidoc/css/style.css 304 Tue, 27 Aug 2019 05:35:08 GMT ::1  1.1  - 1.459 ms
GET /apidoc/vendor/polyfill.js 304 Tue, 27 Aug 2019 05:35:08 GMT ::1  1.1  - 0.537 ms
GET /apidoc/vendor/require.min.js 304 Tue, 27 Aug 2019 05:35:08 GMT ::1  1.1  - 1.825 ms
GET /apidoc/vendor/bootstrap.min.css.map 404 Tue, 27 Aug 2019 05:35:08 GMT ::1  1.1 23 - 1.439 ms
GET /apidoc/main.js 304 Tue, 27 Aug 2019 05:35:08 GMT ::1  1.1  - 0.473 ms
GET /apidoc/vendor/jquery.min.js?v=1566884108156 200 Tue, 27 Aug 2019 05:35:08 GMT ::1  1.1 85630 - 1.393 ms
GET /apidoc/vendor/lodash.custom.min.js?v=1566884108156 200 Tue, 27 Aug 2019 05:35:08 GMT ::1  1.1 19579 - 4.759 ms
GET /apidoc/locales/locale.js?v=1566884108156 200 Tue, 27 Aug 2019 05:35:08 GMT ::1  1.1 1249 - 5.588 ms
GET /apidoc/api_project.js?v=1566884108156 200 Tue, 27 Aug 2019 05:35:08 GMT ::1  1.1 369 - 5.778 ms
GET /apidoc/utils/send_sample_request.js?v=1566884108156 200 Tue, 27 Aug 2019 05:35:08 GMT ::1  1.1 6328 - 4.903 ms
GET /apidoc/api_data.js?v=1566884108156 200 Tue, 27 Aug 2019 05:35:08 GMT ::1  1.1 28244 - 6.071 ms
GET /apidoc/vendor/semver.min.js?v=1566884108156 200 Tue, 27 Aug 2019 05:35:08 GMT ::1  1.1 12950 - 3.919 ms
GET /apidoc/vendor/webfontloader.js?v=1566884108156 200 Tue, 27 Aug 2019 05:35:08 GMT ::1  1.1 12492 - 3.660 ms
GET /apidoc/img/favicon.ico 200 Tue, 27 Aug 2019 05:35:08 GMT ::1  1.1 894 - 4.242 ms
GET /apidoc/vendor/path-to-regexp/index.js?v=1566884108156 200 Tue, 27 Aug 2019 05:35:08 GMT ::1  1.1 5147 - 1.576 ms
GET /apidoc/vendor/list.min.js?v=1566884108156 200 Tue, 27 Aug 2019 05:35:08 GMT ::1  1.1 15952 - 1.454 ms
GET /apidoc/vendor/prettify/prettify.js?v=1566884108156 200 Tue, 27 Aug 2019 05:35:08 GMT ::1  1.1 15261 - 1.784 ms
GET /apidoc/vendor/handlebars.min.js?v=1566884108156 200 Tue, 27 Aug 2019 05:35:08 GMT ::1  1.1 72614 - 1.036 ms
GET /apidoc/locales/ca.js?v=1566884108156 200 Tue, 27 Aug 2019 05:35:08 GMT ::1  1.1 1225 - 3.757 ms
GET /apidoc/locales/cs.js?v=1566884108156 200 Tue, 27 Aug 2019 05:35:08 GMT ::1  1.1 1246 - 3.941 ms
GET /apidoc/locales/de.js?v=1566884108156 200 Tue, 27 Aug 2019 05:35:08 GMT ::1  1.1 1234 - 4.348 ms
GET /apidoc/locales/es.js?v=1566884108156 200 Tue, 27 Aug 2019 05:35:08 GMT ::1  1.1 1244 - 5.823 ms
GET /apidoc/locales/fr.js?v=1566884108156 200 Tue, 27 Aug 2019 05:35:08 GMT ::1  1.1 1264 - 3.031 ms
GET /apidoc/locales/it.js?v=1566884108156 200 Tue, 27 Aug 2019 05:35:08 GMT ::1  1.1 1249 - 2.954 ms
GET /apidoc/locales/nl.js?v=1566884108156 200 Tue, 27 Aug 2019 05:35:08 GMT ::1  1.1 1241 - 0.934 ms
GET /apidoc/locales/pl.js?v=1566884108156 200 Tue, 27 Aug 2019 05:35:08 GMT ::1  1.1 1226 - 0.974 ms
GET /apidoc/locales/pt_br.js?v=1566884108156 200 Tue, 27 Aug 2019 05:35:08 GMT ::1  1.1 1236 - 0.844 ms
GET /apidoc/locales/ro.js?v=1566884108156 200 Tue, 27 Aug 2019 05:35:08 GMT ::1  1.1 1238 - 0.826 ms
GET /apidoc/locales/ru.js?v=1566884108156 200 Tue, 27 Aug 2019 05:35:08 GMT ::1  1.1 1481 - 0.824 ms
GET /apidoc/locales/tr.js?v=1566884108156 200 Tue, 27 Aug 2019 05:35:08 GMT ::1  1.1 1246 - 0.998 ms
GET /apidoc/locales/vi.js?v=1566884108156 200 Tue, 27 Aug 2019 05:35:08 GMT ::1  1.1 1328 - 1.804 ms
GET /apidoc/locales/zh.js?v=1566884108156 200 Tue, 27 Aug 2019 05:35:08 GMT ::1  1.1 1163 - 1.074 ms
GET /apidoc/locales/zh_cn.js?v=1566884108156 200 Tue, 27 Aug 2019 05:35:08 GMT ::1  1.1 1186 - 1.218 ms
GET /apidoc/vendor/bootstrap.min.js?v=1566884108156 200 Tue, 27 Aug 2019 05:35:08 GMT ::1  1.1 37045 - 1.050 ms
GET /apidoc/utils/handlebars_helper.js?v=1566884108156 200 Tue, 27 Aug 2019 05:35:08 GMT ::1  1.1 10277 - 0.833 ms
GET /apidoc/vendor/diff_match_patch.min.js?v=1566884108156 200 Tue, 27 Aug 2019 05:35:08 GMT ::1  1.1 19192 - 0.899 ms
POST /menuManagement/GetTree 200 Tue, 27 Aug 2019 05:47:34 GMT ::1  1.1 1189 - 230.929 ms
POST /menuManagement/GetAll 200 Tue, 27 Aug 2019 05:47:35 GMT ::1  1.1 1352 - 502.434 ms
POST /menuManagement/GetTree 200 Tue, 27 Aug 2019 05:48:04 GMT ::1  1.1 1189 - 109.756 ms
POST /menuManagement/GetAll 200 Tue, 27 Aug 2019 05:48:04 GMT ::1  1.1 1352 - 222.436 ms
POST /menuManagement/GetTree 200 Tue, 27 Aug 2019 05:51:12 GMT ::1  1.1 1189 - 109.858 ms
POST /menuManagement/GetTree 200 Tue, 27 Aug 2019 05:51:12 GMT ::1  1.1 1189 - 108.719 ms
POST /menuManagement/GetTree 200 Tue, 27 Aug 2019 05:51:12 GMT ::1  1.1 1189 - 111.379 ms
POST /menuManagement/GetTree 200 Tue, 27 Aug 2019 05:51:12 GMT ::1  1.1 1189 - 243.519 ms
POST /menuManagement/GetAll 200 Tue, 27 Aug 2019 05:51:12 GMT ::1  1.1 1352 - 325.705 ms
POST /menuManagement/updateStatus 500 Tue, 27 Aug 2019 05:51:20 GMT ::1  1.1 222 - 116.861 ms
POST /menuManagement/updateStatus 200 Tue, 27 Aug 2019 05:52:49 GMT ::1  1.1 60 - 280.576 ms
POST /menuManagement/GetTree 200 Tue, 27 Aug 2019 05:53:02 GMT ::1  1.1 1189 - 115.086 ms
POST /menuManagement/GetTree 200 Tue, 27 Aug 2019 05:53:02 GMT ::1  1.1 1189 - 221.418 ms
POST /menuManagement/GetTree 200 Tue, 27 Aug 2019 05:53:02 GMT ::1  1.1 1189 - 245.369 ms
POST /menuManagement/GetTree 200 Tue, 27 Aug 2019 05:53:02 GMT ::1  1.1 1189 - 244.227 ms
POST /menuManagement/GetAll 200 Tue, 27 Aug 2019 05:53:02 GMT ::1  1.1 1352 - 329.312 ms
POST /menuManagement/GetTree 200 Tue, 27 Aug 2019 05:53:22 GMT ::1  1.1 1189 - 109.290 ms
POST /menuManagement/GetAll 200 Tue, 27 Aug 2019 05:53:22 GMT ::1  1.1 1352 - 237.528 ms
POST /menuManagement/updateStatus 200 Tue, 27 Aug 2019 05:53:25 GMT ::1  1.1 60 - 127.859 ms
POST /menuManagement/updateStatus 200 Tue, 27 Aug 2019 05:53:27 GMT ::1  1.1 60 - 109.032 ms
POST /menuManagement/GetTree 200 Tue, 27 Aug 2019 05:53:30 GMT ::1  1.1 1189 - 109.776 ms
POST /menuManagement/GetTree 200 Tue, 27 Aug 2019 05:53:30 GMT ::1  1.1 1189 - 113.526 ms
POST /menuManagement/GetTree 200 Tue, 27 Aug 2019 05:53:30 GMT ::1  1.1 1189 - 122.294 ms
POST /menuManagement/GetTree 200 Tue, 27 Aug 2019 05:53:30 GMT ::1  1.1 1189 - 123.283 ms
POST /menuManagement/GetAll 200 Tue, 27 Aug 2019 05:53:30 GMT ::1  1.1 1352 - 216.368 ms
POST /menuManagement/GetTree 200 Tue, 27 Aug 2019 05:54:10 GMT ::1  1.1 1189 - 109.017 ms
POST /menuManagement/GetTree 200 Tue, 27 Aug 2019 05:54:10 GMT ::1  1.1 1189 - 108.523 ms
POST /menuManagement/GetTree 200 Tue, 27 Aug 2019 05:54:10 GMT ::1  1.1 1189 - 111.447 ms
POST /menuManagement/GetTree 200 Tue, 27 Aug 2019 05:54:10 GMT ::1  1.1 1189 - 122.391 ms
POST /menuManagement/GetAll 200 Tue, 27 Aug 2019 05:54:10 GMT ::1  1.1 1352 - 228.727 ms
POST /menuManagement/GetTree 200 Tue, 27 Aug 2019 05:54:47 GMT ::1  1.1 1189 - 260.423 ms
POST /menuManagement/GetTree 200 Tue, 27 Aug 2019 05:54:47 GMT ::1  1.1 1189 - 224.424 ms
POST /menuManagement/GetTree 200 Tue, 27 Aug 2019 05:54:47 GMT ::1  1.1 1189 - 218.597 ms
POST /menuManagement/GetTree 200 Tue, 27 Aug 2019 05:54:47 GMT ::1  1.1 1189 - 241.799 ms
POST /menuManagement/GetAll 200 Tue, 27 Aug 2019 05:54:47 GMT ::1  1.1 1352 - 354.006 ms
POST /menuManagement/updateStatus 200 Tue, 27 Aug 2019 05:54:51 GMT ::1  1.1 60 - 118.298 ms
POST /menuManagement/GetTree 200 Tue, 27 Aug 2019 05:54:53 GMT ::1  1.1 1189 - 109.379 ms
POST /menuManagement/GetTree 200 Tue, 27 Aug 2019 05:54:53 GMT ::1  1.1 1189 - 109.345 ms
POST /menuManagement/GetTree 200 Tue, 27 Aug 2019 05:54:53 GMT ::1  1.1 1189 - 128.885 ms
POST /menuManagement/GetTree 200 Tue, 27 Aug 2019 05:54:53 GMT ::1  1.1 1189 - 131.865 ms
POST /menuManagement/GetAll 200 Tue, 27 Aug 2019 05:54:53 GMT ::1  1.1 1352 - 216.955 ms
POST /menuManagement/GetTree 200 Tue, 27 Aug 2019 05:57:39 GMT ::1  1.1 1189 - 114.780 ms
POST /menuManagement/GetAll 200 Tue, 27 Aug 2019 05:57:39 GMT ::1  1.1 1352 - 226.392 ms
POST /menuManagement/GetTree 200 Tue, 27 Aug 2019 05:58:13 GMT ::1  1.1 1189 - 109.825 ms
POST /menuManagement/GetAll 200 Tue, 27 Aug 2019 05:58:13 GMT ::1  1.1 1352 - 230.809 ms
POST /menuManagement/GetAll 200 Tue, 27 Aug 2019 05:58:15 GMT ::1  1.1 1352 - 229.707 ms
POST /menuManagement/GetAll 200 Tue, 27 Aug 2019 05:58:17 GMT ::1  1.1 1352 - 228.161 ms
POST /menuManagement/GetTree 200 Tue, 27 Aug 2019 06:01:11 GMT ::1  1.1 1189 - 110.521 ms
POST /menuManagement/GetAll 200 Tue, 27 Aug 2019 06:01:12 GMT ::1  1.1 1352 - 232.716 ms
POST /menuManagement/GetAll 200 Tue, 27 Aug 2019 06:01:42 GMT ::1  1.1 771 - 229.663 ms
POST /menuManagement/GetAll 200 Tue, 27 Aug 2019 06:01:45 GMT ::1  1.1 440 - 218.834 ms
POST /menuManagement/GetAll 200 Tue, 27 Aug 2019 06:01:46 GMT ::1  1.1 440 - 229.037 ms
POST /menuManagement/GetTree 200 Tue, 27 Aug 2019 06:01:49 GMT ::1  1.1 1189 - 108.369 ms
POST /menuManagement/GetTree 200 Tue, 27 Aug 2019 06:01:49 GMT ::1  1.1 1189 - 109.363 ms
POST /menuManagement/GetTree 200 Tue, 27 Aug 2019 06:01:49 GMT ::1  1.1 1189 - 122.120 ms
POST /menuManagement/GetTree 200 Tue, 27 Aug 2019 06:01:49 GMT ::1  1.1 1189 - 120.617 ms
POST /menuManagement/GetAll 200 Tue, 27 Aug 2019 06:01:49 GMT ::1  1.1 1352 - 218.721 ms
POST /menuManagement/GetAll 200 Tue, 27 Aug 2019 06:01:51 GMT ::1  1.1 1352 - 218.570 ms
POST /menuManagement/GetAll 200 Tue, 27 Aug 2019 06:01:52 GMT ::1  1.1 1352 - 241.915 ms
POST /menuManagement/GetAll 200 Tue, 27 Aug 2019 06:01:52 GMT ::1  1.1 1352 - 218.727 ms
POST /menuManagement/GetAll 200 Tue, 27 Aug 2019 06:02:14 GMT ::1  1.1 1352 - 493.862 ms
POST /menuManagement/GetAll 200 Tue, 27 Aug 2019 06:03:15 GMT ::1  1.1 121 - 479.447 ms
POST /menuManagement/GetAll 200 Tue, 27 Aug 2019 06:04:04 GMT ::1  1.1 440 - 505.418 ms
POST /menuManagement/GetAll 200 Tue, 27 Aug 2019 06:04:12 GMT ::1  1.1 771 - 235.696 ms
POST /menuManagement/GetTree 200 Tue, 27 Aug 2019 06:04:48 GMT ::1  1.1 1189 - 122.006 ms
POST /menuManagement/GetAll 200 Tue, 27 Aug 2019 06:04:48 GMT ::1  1.1 1352 - 348.588 ms
POST /menuManagement/GetAll 200 Tue, 27 Aug 2019 06:04:51 GMT ::1  1.1 1352 - 232.714 ms
POST /menuManagement/GetAll 200 Tue, 27 Aug 2019 06:04:51 GMT ::1  1.1 1352 - 231.343 ms
POST /menuManagement/delete 200 Tue, 27 Aug 2019 06:05:00 GMT ::1  1.1 60 - 130.179 ms
POST /menuManagement/delete 200 Tue, 27 Aug 2019 06:05:01 GMT ::1  1.1 60 - 120.226 ms
POST /menuManagement/GetTree 200 Tue, 27 Aug 2019 06:05:05 GMT ::1  1.1 929 - 108.181 ms
POST /menuManagement/GetTree 200 Tue, 27 Aug 2019 06:05:05 GMT ::1  1.1 929 - 121.649 ms
POST /menuManagement/GetTree 200 Tue, 27 Aug 2019 06:05:05 GMT ::1  1.1 929 - 122.557 ms
POST /menuManagement/GetTree 200 Tue, 27 Aug 2019 06:05:05 GMT ::1  1.1 929 - 216.141 ms
POST /menuManagement/GetAll 200 Tue, 27 Aug 2019 06:05:05 GMT ::1  1.1 1062 - 354.341 ms
POST /menuManagement/GetTree 200 Tue, 27 Aug 2019 06:05:55 GMT ::1  1.1 929 - 246.025 ms
POST /menuManagement/GetAll 200 Tue, 27 Aug 2019 06:05:56 GMT ::1  1.1 1062 - 471.031 ms
POST /menuManagement/GetTree 200 Tue, 27 Aug 2019 06:07:59 GMT ::1  1.1 929 - 121.625 ms
POST /menuManagement/GetAll 200 Tue, 27 Aug 2019 06:07:59 GMT ::1  1.1 1062 - 217.895 ms
POST /menuManagement/GetTree 200 Tue, 27 Aug 2019 06:08:05 GMT ::1  1.1 929 - 109.028 ms
POST /menuManagement/GetTree 200 Tue, 27 Aug 2019 06:08:05 GMT ::1  1.1 929 - 109.191 ms
POST /menuManagement/GetTree 200 Tue, 27 Aug 2019 06:08:05 GMT ::1  1.1 929 - 123.505 ms
POST /menuManagement/GetTree 200 Tue, 27 Aug 2019 06:08:05 GMT ::1  1.1 929 - 220.092 ms
POST /menuManagement/GetAll 200 Tue, 27 Aug 2019 06:08:06 GMT ::1  1.1 1062 - 351.244 ms
POST /menuManagement/updateStatus 200 Tue, 27 Aug 2019 06:08:08 GMT ::1  1.1 60 - 125.667 ms
POST /menuManagement/updateStatus 200 Tue, 27 Aug 2019 06:08:16 GMT ::1  1.1 60 - 122.027 ms
POST /menuManagement/updateStatus 200 Tue, 27 Aug 2019 06:08:17 GMT ::1  1.1 60 - 107.927 ms
POST /menuManagement/GetTree 200 Tue, 27 Aug 2019 06:08:42 GMT ::1  1.1 929 - 107.046 ms
POST /menuManagement/GetAll 200 Tue, 27 Aug 2019 06:08:42 GMT ::1  1.1 1062 - 229.967 ms
POST /menuManagement/updateStatus 200 Tue, 27 Aug 2019 06:08:44 GMT ::1  1.1 60 - 127.826 ms
POST /menuManagement/GetAll 200 Tue, 27 Aug 2019 06:08:44 GMT ::1  1.1 1062 - 219.229 ms
POST /menuManagement/updateStatus 200 Tue, 27 Aug 2019 06:08:47 GMT ::1  1.1 60 - 130.469 ms
POST /menuManagement/GetAll 200 Tue, 27 Aug 2019 06:08:47 GMT ::1  1.1 1062 - 228.647 ms
POST /menuManagement/updateStatus 200 Tue, 27 Aug 2019 06:08:49 GMT ::1  1.1 60 - 118.644 ms
POST /menuManagement/GetAll 200 Tue, 27 Aug 2019 06:08:50 GMT ::1  1.1 1062 - 229.746 ms
POST /menuManagement/updateStatus 200 Tue, 27 Aug 2019 06:08:51 GMT ::1  1.1 60 - 116.864 ms
POST /menuManagement/GetAll 200 Tue, 27 Aug 2019 06:08:52 GMT ::1  1.1 1062 - 226.819 ms
POST /menuManagement/updateStatus 200 Tue, 27 Aug 2019 06:08:53 GMT ::1  1.1 60 - 115.507 ms
POST /menuManagement/GetAll 200 Tue, 27 Aug 2019 06:08:54 GMT ::1  1.1 1062 - 229.007 ms
POST /menuManagement/GetTree 200 Tue, 27 Aug 2019 06:11:07 GMT ::1  1.1 929 - 108.302 ms
POST /menuManagement/GetAll 200 Tue, 27 Aug 2019 06:11:07 GMT ::1  1.1 1062 - 230.986 ms
POST /menuManagement/GetTree 200 Tue, 27 Aug 2019 06:15:32 GMT ::1  1.1 929 - 109.451 ms
POST /menuManagement/GetAll 200 Tue, 27 Aug 2019 06:15:32 GMT ::1  1.1 1062 - 231.072 ms
POST /menuManagement/GetTree 200 Tue, 27 Aug 2019 06:16:03 GMT ::1  1.1 929 - 108.750 ms
POST /menuManagement/GetAll 200 Tue, 27 Aug 2019 06:16:03 GMT ::1  1.1 1062 - 228.843 ms
POST /menuManagement/GetTree 200 Tue, 27 Aug 2019 06:16:08 GMT ::1  1.1 929 - 108.663 ms
POST /menuManagement/GetTree 200 Tue, 27 Aug 2019 06:16:08 GMT ::1  1.1 929 - 108.625 ms
POST /menuManagement/GetTree 200 Tue, 27 Aug 2019 06:16:08 GMT ::1  1.1 929 - 108.704 ms
POST /menuManagement/GetTree 200 Tue, 27 Aug 2019 06:16:08 GMT ::1  1.1 929 - 121.704 ms
POST /menuManagement/GetAll 200 Tue, 27 Aug 2019 06:16:08 GMT ::1  1.1 1062 - 229.277 ms
POST /menuManagement/GetTree 200 Tue, 27 Aug 2019 06:16:25 GMT ::1  1.1 929 - 106.712 ms
POST /menuManagement/GetAll 200 Tue, 27 Aug 2019 06:16:26 GMT ::1  1.1 1062 - 230.411 ms
POST /menuManagement/GetTree 200 Tue, 27 Aug 2019 06:16:30 GMT ::1  1.1 929 - 107.338 ms
POST /menuManagement/GetAll 200 Tue, 27 Aug 2019 06:16:30 GMT ::1  1.1 1062 - 233.851 ms
POST /menuManagement/GetTree 200 Tue, 27 Aug 2019 06:16:45 GMT ::1  1.1 929 - 109.071 ms
POST /menuManagement/GetTree 200 Tue, 27 Aug 2019 06:16:45 GMT ::1  1.1 929 - 107.931 ms
POST /menuManagement/GetTree 200 Tue, 27 Aug 2019 06:16:45 GMT ::1  1.1 929 - 124.320 ms
POST /menuManagement/GetTree 200 Tue, 27 Aug 2019 06:16:45 GMT ::1  1.1 929 - 121.611 ms
POST /menuManagement/GetAll 200 Tue, 27 Aug 2019 06:16:45 GMT ::1  1.1 1062 - 216.595 ms
POST /menuManagement/GetTree 200 Tue, 27 Aug 2019 06:16:57 GMT ::1  1.1 929 - 110.282 ms
POST /menuManagement/GetTree 200 Tue, 27 Aug 2019 06:16:57 GMT ::1  1.1 929 - 111.084 ms
POST /menuManagement/GetTree 200 Tue, 27 Aug 2019 06:16:57 GMT ::1  1.1 929 - 123.147 ms
POST /menuManagement/GetTree 200 Tue, 27 Aug 2019 06:16:57 GMT ::1  1.1 929 - 126.359 ms
POST /menuManagement/GetTree 200 Tue, 27 Aug 2019 06:16:58 GMT ::1  1.1 929 - 107.354 ms
POST /menuManagement/GetAll 200 Tue, 27 Aug 2019 06:16:58 GMT ::1  1.1 1062 - 216.789 ms
POST /menuManagement/GetTree 200 Tue, 27 Aug 2019 06:16:59 GMT ::1  1.1 929 - 122.293 ms
POST /menuManagement/GetTree 200 Tue, 27 Aug 2019 06:17:07 GMT ::1  1.1 929 - 109.558 ms
POST /menuManagement/GetTree 200 Tue, 27 Aug 2019 06:17:07 GMT ::1  1.1 929 - 109.873 ms
POST /menuManagement/GetTree 200 Tue, 27 Aug 2019 06:17:07 GMT ::1  1.1 929 - 110.607 ms
POST /menuManagement/GetTree 200 Tue, 27 Aug 2019 06:17:07 GMT ::1  1.1 929 - 122.135 ms
POST /menuManagement/GetTree 200 Tue, 27 Aug 2019 06:17:22 GMT ::1  1.1 929 - 108.275 ms
POST /menuManagement/GetTree 200 Tue, 27 Aug 2019 06:17:22 GMT ::1  1.1 929 - 110.937 ms
POST /menuManagement/GetTree 200 Tue, 27 Aug 2019 06:17:22 GMT ::1  1.1 929 - 109.685 ms
POST /menuManagement/GetTree 200 Tue, 27 Aug 2019 06:17:22 GMT ::1  1.1 929 - 120.467 ms
POST /menuManagement/GetTree 200 Tue, 27 Aug 2019 06:17:55 GMT ::1  1.1 929 - 109.701 ms
POST /menuManagement/GetTree 200 Tue, 27 Aug 2019 06:17:55 GMT ::1  1.1 929 - 108.437 ms
POST /menuManagement/GetTree 200 Tue, 27 Aug 2019 06:17:55 GMT ::1  1.1 929 - 111.337 ms
POST /menuManagement/GetTree 200 Tue, 27 Aug 2019 06:17:55 GMT ::1  1.1 929 - 121.566 ms
POST /menuManagement/GetTree 200 Tue, 27 Aug 2019 06:17:56 GMT ::1  1.1 929 - 119.901 ms
POST /menuManagement/GetAll 200 Tue, 27 Aug 2019 06:17:57 GMT ::1  1.1 1062 - 214.578 ms
POST /menuManagement/GetTree 200 Tue, 27 Aug 2019 06:18:00 GMT ::1  1.1 929 - 109.963 ms
POST /menuManagement/GetTree 200 Tue, 27 Aug 2019 06:18:00 GMT ::1  1.1 929 - 109.004 ms
POST /menuManagement/GetTree 200 Tue, 27 Aug 2019 06:18:00 GMT ::1  1.1 929 - 120.831 ms
POST /menuManagement/GetTree 200 Tue, 27 Aug 2019 06:18:01 GMT ::1  1.1 929 - 122.112 ms
POST /menuManagement/GetAll 200 Tue, 27 Aug 2019 06:18:01 GMT ::1  1.1 1062 - 216.972 ms
POST /menuManagement/GetTree 200 Tue, 27 Aug 2019 06:18:07 GMT ::1  1.1 929 - 109.055 ms
POST /menuManagement/GetTree 200 Tue, 27 Aug 2019 06:18:07 GMT ::1  1.1 929 - 109.693 ms
POST /menuManagement/GetTree 200 Tue, 27 Aug 2019 06:18:07 GMT ::1  1.1 929 - 122.197 ms
POST /menuManagement/GetTree 200 Tue, 27 Aug 2019 06:18:07 GMT ::1  1.1 929 - 122.353 ms
POST /menuManagement/GetTree 200 Tue, 27 Aug 2019 06:18:09 GMT ::1  1.1 929 - 112.930 ms
POST /menuManagement/GetTree 200 Tue, 27 Aug 2019 06:18:09 GMT ::1  1.1 929 - 111.179 ms
POST /menuManagement/GetTree 200 Tue, 27 Aug 2019 06:18:09 GMT ::1  1.1 929 - 110.911 ms
POST /menuManagement/GetTree 200 Tue, 27 Aug 2019 06:18:09 GMT ::1  1.1 929 - 124.368 ms
POST /menuManagement/GetTree 200 Tue, 27 Aug 2019 06:18:15 GMT ::1  1.1 929 - 107.647 ms
POST /menuManagement/GetTree 200 Tue, 27 Aug 2019 06:18:15 GMT ::1  1.1 929 - 109.234 ms
POST /menuManagement/GetTree 200 Tue, 27 Aug 2019 06:18:15 GMT ::1  1.1 929 - 109.721 ms
POST /menuManagement/GetTree 200 Tue, 27 Aug 2019 06:18:15 GMT ::1  1.1 929 - 121.816 ms
POST /menuManagement/GetTree 200 Tue, 27 Aug 2019 06:18:17 GMT ::1  1.1 929 - 107.904 ms
POST /menuManagement/GetTree 200 Tue, 27 Aug 2019 06:18:17 GMT ::1  1.1 929 - 112.301 ms
POST /menuManagement/GetTree 200 Tue, 27 Aug 2019 06:18:17 GMT ::1  1.1 929 - 123.987 ms
POST /menuManagement/GetTree 200 Tue, 27 Aug 2019 06:18:17 GMT ::1  1.1 929 - 121.030 ms
POST /menuManagement/GetAll 200 Tue, 27 Aug 2019 06:18:17 GMT ::1  1.1 1062 - 214.979 ms
POST /menuManagement/GetTree 200 Tue, 27 Aug 2019 06:18:22 GMT ::1  1.1 929 - 109.532 ms
POST /menuManagement/GetTree 200 Tue, 27 Aug 2019 06:18:22 GMT ::1  1.1 929 - 110.758 ms
POST /menuManagement/GetTree 200 Tue, 27 Aug 2019 06:18:22 GMT ::1  1.1 929 - 123.420 ms
POST /menuManagement/GetTree 200 Tue, 27 Aug 2019 06:18:24 GMT ::1  1.1 929 - 122.166 ms
POST /menuManagement/GetAll 200 Tue, 27 Aug 2019 06:18:24 GMT ::1  1.1 1062 - 221.745 ms
POST /menuManagement/GetTree 200 Tue, 27 Aug 2019 06:18:56 GMT ::1  1.1 929 - 109.895 ms
POST /menuManagement/GetTree 200 Tue, 27 Aug 2019 06:18:56 GMT ::1  1.1 929 - 107.611 ms
POST /menuManagement/GetTree 200 Tue, 27 Aug 2019 06:18:56 GMT ::1  1.1 929 - 108.602 ms
POST /menuManagement/GetTree 200 Tue, 27 Aug 2019 06:18:56 GMT ::1  1.1 929 - 120.906 ms
POST /menuManagement/GetAll 200 Tue, 27 Aug 2019 06:18:56 GMT ::1  1.1 1062 - 231.119 ms
POST /menuManagement/GetTree 200 Tue, 27 Aug 2019 06:19:01 GMT ::1  1.1 929 - 108.487 ms
POST /menuManagement/GetTree 200 Tue, 27 Aug 2019 06:19:01 GMT ::1  1.1 929 - 109.848 ms
POST /menuManagement/GetTree 200 Tue, 27 Aug 2019 06:19:01 GMT ::1  1.1 929 - 107.227 ms
POST /menuManagement/GetTree 200 Tue, 27 Aug 2019 06:19:01 GMT ::1  1.1 929 - 119.839 ms
POST /menuManagement/GetAll 200 Tue, 27 Aug 2019 06:19:01 GMT ::1  1.1 1062 - 230.490 ms
POST /menuManagement/GetTree 200 Tue, 27 Aug 2019 06:19:21 GMT ::1  1.1 929 - 109.002 ms
POST /menuManagement/GetAll 200 Tue, 27 Aug 2019 06:19:21 GMT ::1  1.1 1062 - 230.673 ms
POST /menuManagement/GetTree 200 Tue, 27 Aug 2019 06:19:39 GMT ::1  1.1 929 - 154.945 ms
POST /menuManagement/GetAll 200 Tue, 27 Aug 2019 06:19:39 GMT ::1  1.1 1062 - 319.901 ms
POST /menuManagement/GetTree 200 Tue, 27 Aug 2019 06:19:41 GMT ::1  1.1 929 - 108.795 ms
POST /menuManagement/GetTree 200 Tue, 27 Aug 2019 06:19:43 GMT ::1  1.1 929 - 109.101 ms
POST /menuManagement/GetAll 200 Tue, 27 Aug 2019 06:19:43 GMT ::1  1.1 1062 - 244.348 ms
POST /menuManagement/GetTree 200 Tue, 27 Aug 2019 06:21:55 GMT ::1  1.1 929 - 108.269 ms
POST /menuManagement/GetAll 200 Tue, 27 Aug 2019 06:21:55 GMT ::1  1.1 1062 - 220.092 ms
POST /menuManagement/updateStatus 200 Tue, 27 Aug 2019 06:23:59 GMT ::1  1.1 60 - 129.308 ms
POST /menuManagement/GetAll 200 Tue, 27 Aug 2019 06:24:00 GMT ::1  1.1 1062 - 232.113 ms
POST /menuManagement/GetTree 200 Tue, 27 Aug 2019 06:25:15 GMT ::1  1.1 668 - 108.681 ms
POST /menuManagement/GetTree 200 Tue, 27 Aug 2019 06:25:15 GMT ::1  1.1 668 - 109.563 ms
POST /menuManagement/GetTree 200 Tue, 27 Aug 2019 06:25:19 GMT ::1  1.1 668 - 126.792 ms
POST /menuManagement/GetTree 200 Tue, 27 Aug 2019 06:26:34 GMT ::1  1.1 929 - 110.655 ms
POST /menuManagement/GetAll 200 Tue, 27 Aug 2019 06:26:34 GMT ::1  1.1 1062 - 229.868 ms
POST /menuManagement/GetTree 200 Tue, 27 Aug 2019 06:26:50 GMT ::1  1.1 929 - 107.859 ms
GET /apidoc/ 304 Tue, 27 Aug 2019 06:31:09 GMT ::1  1.1  - 6.609 ms
GET /apidoc/vendor/bootstrap.min.css 304 Tue, 27 Aug 2019 06:31:09 GMT ::1  1.1  - 1.220 ms
GET /apidoc/vendor/prettify.css 304 Tue, 27 Aug 2019 06:31:09 GMT ::1  1.1  - 1.473 ms
GET /apidoc/css/style.css 304 Tue, 27 Aug 2019 06:31:09 GMT ::1  1.1  - 1.671 ms
GET /apidoc/vendor/polyfill.js 304 Tue, 27 Aug 2019 06:31:09 GMT ::1  1.1  - 0.792 ms
GET /apidoc/vendor/require.min.js 304 Tue, 27 Aug 2019 06:31:09 GMT ::1  1.1  - 1.147 ms
GET /apidoc/main.js 304 Tue, 27 Aug 2019 06:31:09 GMT ::1  1.1  - 0.482 ms
GET /apidoc/vendor/jquery.min.js?v=1566887469236 200 Tue, 27 Aug 2019 06:31:09 GMT ::1  1.1 85630 - 4.146 ms
GET /apidoc/vendor/lodash.custom.min.js?v=1566887469236 200 Tue, 27 Aug 2019 06:31:09 GMT ::1  1.1 19579 - 3.483 ms
GET /apidoc/locales/locale.js?v=1566887469236 200 Tue, 27 Aug 2019 06:31:09 GMT ::1  1.1 1249 - 3.944 ms
GET /apidoc/api_project.js?v=1566887469236 200 Tue, 27 Aug 2019 06:31:09 GMT ::1  1.1 369 - 4.829 ms
GET /apidoc/api_data.js?v=1566887469236 200 Tue, 27 Aug 2019 06:31:09 GMT ::1  1.1 29594 - 4.662 ms
GET /apidoc/utils/send_sample_request.js?v=1566887469236 200 Tue, 27 Aug 2019 06:31:09 GMT ::1  1.1 6328 - 2.333 ms
GET /apidoc/vendor/semver.min.js?v=1566887469236 200 Tue, 27 Aug 2019 06:31:09 GMT ::1  1.1 12950 - 3.262 ms
GET /apidoc/vendor/webfontloader.js?v=1566887469236 200 Tue, 27 Aug 2019 06:31:09 GMT ::1  1.1 12492 - 3.024 ms
GET /apidoc/vendor/path-to-regexp/index.js?v=1566887469236 200 Tue, 27 Aug 2019 06:31:09 GMT ::1  1.1 5147 - 3.092 ms
GET /apidoc/vendor/list.min.js?v=1566887469236 200 Tue, 27 Aug 2019 06:31:09 GMT ::1  1.1 15952 - 4.397 ms
GET /apidoc/vendor/prettify/prettify.js?v=1566887469236 200 Tue, 27 Aug 2019 06:31:09 GMT ::1  1.1 15261 - 5.312 ms
GET /apidoc/vendor/handlebars.min.js?v=1566887469236 200 Tue, 27 Aug 2019 06:31:09 GMT ::1  1.1 72614 - 0.754 ms
GET /apidoc/vendor/bootstrap.min.css.map 404 Tue, 27 Aug 2019 06:31:09 GMT ::1  1.1 23 - 4.852 ms
GET /apidoc/img/favicon.ico 200 Tue, 27 Aug 2019 06:31:09 GMT ::1  1.1 894 - 1.066 ms
GET /apidoc/vendor/bootstrap.min.js?v=1566887469236 200 Tue, 27 Aug 2019 06:31:09 GMT ::1  1.1 37045 - 0.901 ms
GET /apidoc/locales/ca.js?v=1566887469236 200 Tue, 27 Aug 2019 06:31:09 GMT ::1  1.1 1225 - 1.620 ms
GET /apidoc/locales/cs.js?v=1566887469236 200 Tue, 27 Aug 2019 06:31:09 GMT ::1  1.1 1246 - 1.764 ms
GET /apidoc/locales/de.js?v=1566887469236 200 Tue, 27 Aug 2019 06:31:09 GMT ::1  1.1 1234 - 2.483 ms
GET /apidoc/locales/es.js?v=1566887469236 200 Tue, 27 Aug 2019 06:31:09 GMT ::1  1.1 1244 - 2.172 ms
GET /apidoc/locales/fr.js?v=1566887469236 200 Tue, 27 Aug 2019 06:31:09 GMT ::1  1.1 1264 - 1.462 ms
GET /apidoc/locales/it.js?v=1566887469236 200 Tue, 27 Aug 2019 06:31:09 GMT ::1  1.1 1249 - 1.773 ms
GET /apidoc/locales/nl.js?v=1566887469236 200 Tue, 27 Aug 2019 06:31:09 GMT ::1  1.1 1241 - 1.619 ms
GET /apidoc/locales/pl.js?v=1566887469236 200 Tue, 27 Aug 2019 06:31:09 GMT ::1  1.1 1226 - 1.267 ms
GET /apidoc/locales/pt_br.js?v=1566887469236 200 Tue, 27 Aug 2019 06:31:09 GMT ::1  1.1 1236 - 0.769 ms
GET /apidoc/locales/ro.js?v=1566887469236 200 Tue, 27 Aug 2019 06:31:09 GMT ::1  1.1 1238 - 1.012 ms
GET /apidoc/locales/ru.js?v=1566887469236 200 Tue, 27 Aug 2019 06:31:09 GMT ::1  1.1 1481 - 0.894 ms
GET /apidoc/locales/tr.js?v=1566887469236 200 Tue, 27 Aug 2019 06:31:09 GMT ::1  1.1 1246 - 0.741 ms
GET /apidoc/locales/vi.js?v=1566887469236 200 Tue, 27 Aug 2019 06:31:09 GMT ::1  1.1 1328 - 1.014 ms
GET /apidoc/locales/zh.js?v=1566887469236 200 Tue, 27 Aug 2019 06:31:09 GMT ::1  1.1 1163 - 0.701 ms
GET /apidoc/locales/zh_cn.js?v=1566887469236 200 Tue, 27 Aug 2019 06:31:09 GMT ::1  1.1 1186 - 0.761 ms
GET /apidoc/utils/handlebars_helper.js?v=1566887469236 200 Tue, 27 Aug 2019 06:31:09 GMT ::1  1.1 10277 - 0.739 ms
GET /apidoc/vendor/diff_match_patch.min.js?v=1566887469236 200 Tue, 27 Aug 2019 06:31:09 GMT ::1  1.1 19192 - 0.892 ms
POST /menuManagement/Getitem 404 Tue, 27 Aug 2019 06:31:16 GMT ::1  1.1 23 - 21.909 ms
GET /apidoc/ 304 Tue, 27 Aug 2019 06:31:37 GMT ::1  1.1  - 4.286 ms
GET /apidoc/vendor/bootstrap.min.css 304 Tue, 27 Aug 2019 06:31:37 GMT ::1  1.1  - 1.774 ms
GET /apidoc/vendor/prettify.css 304 Tue, 27 Aug 2019 06:31:37 GMT ::1  1.1  - 1.827 ms
GET /apidoc/css/style.css 304 Tue, 27 Aug 2019 06:31:37 GMT ::1  1.1  - 3.200 ms
GET /apidoc/vendor/polyfill.js 304 Tue, 27 Aug 2019 06:31:37 GMT ::1  1.1  - 0.824 ms
GET /apidoc/vendor/require.min.js 304 Tue, 27 Aug 2019 06:31:37 GMT ::1  1.1  - 0.430 ms
GET /apidoc/vendor/bootstrap.min.css.map 404 Tue, 27 Aug 2019 06:31:37 GMT ::1  1.1 23 - 3.741 ms
GET /apidoc/main.js 304 Tue, 27 Aug 2019 06:31:37 GMT ::1  1.1  - 0.395 ms
GET /apidoc/vendor/lodash.custom.min.js?v=1566887497507 200 Tue, 27 Aug 2019 06:31:37 GMT ::1  1.1 19579 - 12.519 ms
GET /apidoc/locales/locale.js?v=1566887497507 200 Tue, 27 Aug 2019 06:31:37 GMT ::1  1.1 1249 - 13.822 ms
GET /apidoc/api_project.js?v=1566887497507 200 Tue, 27 Aug 2019 06:31:37 GMT ::ffff:127.0.0.1  1.1 369 - 13.441 ms
GET /apidoc/vendor/jquery.min.js?v=1566887497507 200 Tue, 27 Aug 2019 06:31:37 GMT ::1  1.1 85630 - 12.484 ms
GET /apidoc/utils/send_sample_request.js?v=1566887497507 200 Tue, 27 Aug 2019 06:31:37 GMT ::1  1.1 6328 - 12.215 ms
GET /apidoc/api_data.js?v=1566887497507 200 Tue, 27 Aug 2019 06:31:37 GMT ::1  1.1 29593 - 12.368 ms
GET /apidoc/vendor/semver.min.js?v=1566887497507 200 Tue, 27 Aug 2019 06:31:37 GMT ::1  1.1 12950 - 2.744 ms
GET /apidoc/vendor/webfontloader.js?v=1566887497507 200 Tue, 27 Aug 2019 06:31:37 GMT ::1  1.1 12492 - 4.138 ms
GET /apidoc/img/favicon.ico 200 Tue, 27 Aug 2019 06:31:37 GMT ::ffff:127.0.0.1  1.1 894 - 1.732 ms
GET /apidoc/vendor/path-to-regexp/index.js?v=1566887497507 200 Tue, 27 Aug 2019 06:31:37 GMT ::1  1.1 5147 - 0.831 ms
GET /apidoc/vendor/list.min.js?v=1566887497507 200 Tue, 27 Aug 2019 06:31:37 GMT ::1  1.1 15952 - 2.710 ms
GET /apidoc/vendor/prettify/prettify.js?v=1566887497507 200 Tue, 27 Aug 2019 06:31:37 GMT ::1  1.1 15261 - 2.910 ms
GET /apidoc/vendor/handlebars.min.js?v=1566887497507 200 Tue, 27 Aug 2019 06:31:37 GMT ::1  1.1 72614 - 2.430 ms
GET /apidoc/vendor/bootstrap.min.js?v=1566887497507 200 Tue, 27 Aug 2019 06:31:37 GMT ::1  1.1 37045 - 1.259 ms
GET /apidoc/locales/ca.js?v=1566887497507 200 Tue, 27 Aug 2019 06:31:37 GMT ::1  1.1 1225 - 5.037 ms
GET /apidoc/locales/cs.js?v=1566887497507 200 Tue, 27 Aug 2019 06:31:37 GMT ::1  1.1 1246 - 5.883 ms
GET /apidoc/locales/de.js?v=1566887497507 200 Tue, 27 Aug 2019 06:31:37 GMT ::1  1.1 1234 - 5.214 ms
GET /apidoc/locales/es.js?v=1566887497507 200 Tue, 27 Aug 2019 06:31:37 GMT ::1  1.1 1244 - 4.966 ms
GET /apidoc/locales/fr.js?v=1566887497507 200 Tue, 27 Aug 2019 06:31:37 GMT ::1  1.1 1264 - 5.384 ms
GET /apidoc/locales/it.js?v=1566887497507 200 Tue, 27 Aug 2019 06:31:37 GMT ::ffff:127.0.0.1  1.1 1249 - 4.499 ms
GET /apidoc/locales/nl.js?v=1566887497507 200 Tue, 27 Aug 2019 06:31:37 GMT ::1  1.1 1241 - 3.273 ms
GET /apidoc/locales/pl.js?v=1566887497507 200 Tue, 27 Aug 2019 06:31:37 GMT ::1  1.1 1226 - 2.700 ms
GET /apidoc/locales/pt_br.js?v=1566887497507 200 Tue, 27 Aug 2019 06:31:37 GMT ::1  1.1 1236 - 3.042 ms
GET /apidoc/locales/ro.js?v=1566887497507 200 Tue, 27 Aug 2019 06:31:37 GMT ::1  1.1 1238 - 0.965 ms
GET /apidoc/locales/tr.js?v=1566887497507 200 Tue, 27 Aug 2019 06:31:37 GMT ::1  1.1 1246 - 1.752 ms
GET /apidoc/locales/ru.js?v=1566887497507 200 Tue, 27 Aug 2019 06:31:37 GMT ::ffff:127.0.0.1  1.1 1481 - 1.830 ms
GET /apidoc/locales/vi.js?v=1566887497507 200 Tue, 27 Aug 2019 06:31:37 GMT ::1  1.1 1328 - 2.893 ms
GET /apidoc/locales/zh.js?v=1566887497507 200 Tue, 27 Aug 2019 06:31:37 GMT ::1  1.1 1163 - 2.582 ms
GET /apidoc/locales/zh_cn.js?v=1566887497507 200 Tue, 27 Aug 2019 06:31:37 GMT ::1  1.1 1186 - 2.934 ms
GET /apidoc/utils/handlebars_helper.js?v=1566887497507 200 Tue, 27 Aug 2019 06:31:37 GMT ::1  1.1 10277 - 0.923 ms
GET /apidoc/vendor/diff_match_patch.min.js?v=1566887497507 200 Tue, 27 Aug 2019 06:31:37 GMT ::1  1.1 19192 - 1.008 ms
GET /menuManagement/Getitem?id=111 401 Tue, 27 Aug 2019 06:31:40 GMT ::1  1.1 90 - 0.986 ms
POST /menuManagement/GetTree 200 Tue, 27 Aug 2019 06:32:37 GMT ::1  1.1 929 - 247.022 ms
POST /menuManagement/GetTree 200 Tue, 27 Aug 2019 06:34:41 GMT ::1  1.1 929 - 111.274 ms
POST /menuManagement/Getitem 404 Tue, 27 Aug 2019 06:34:47 GMT ::1  1.1 23 - 1.201 ms
POST /menuManagement/GetTree 200 Tue, 27 Aug 2019 06:34:47 GMT ::1  1.1 929 - 109.829 ms
POST /menuManagement/Getitem 404 Tue, 27 Aug 2019 06:34:49 GMT ::1  1.1 23 - 0.747 ms
POST /menuManagement/GetTree 200 Tue, 27 Aug 2019 06:34:49 GMT ::1  1.1 929 - 112.054 ms
POST /menuManagement/GetTree 200 Tue, 27 Aug 2019 06:34:49 GMT ::1  1.1 668 - 228.584 ms
POST /menuManagement/GetTree 200 Tue, 27 Aug 2019 06:34:49 GMT ::1  1.1 668 - 250.424 ms
POST /menuManagement/GetTree 200 Tue, 27 Aug 2019 06:34:49 GMT ::1  1.1 929 - 253.750 ms
POST /menuManagement/GetTree 200 Tue, 27 Aug 2019 06:34:57 GMT ::1  1.1 929 - 110.104 ms
POST /menuManagement/GetTree 200 Tue, 27 Aug 2019 06:35:00 GMT ::1  1.1 929 - 109.633 ms
POST /menuManagement/Getitem 404 Tue, 27 Aug 2019 06:35:16 GMT ::1  1.1 23 - 1.282 ms
POST /menuManagement/GetTree 200 Tue, 27 Aug 2019 06:35:16 GMT ::1  1.1 929 - 120.318 ms
POST /menuManagement/GetTree 200 Tue, 27 Aug 2019 06:37:01 GMT ::1  1.1 929 - 225.368 ms
POST /menuManagement/GetTree 200 Tue, 27 Aug 2019 06:37:01 GMT ::1  1.1 668 - 231.033 ms
POST /menuManagement/GetTree 200 Tue, 27 Aug 2019 06:37:01 GMT ::1  1.1 929 - 274.843 ms
POST /menuManagement/GetTree 200 Tue, 27 Aug 2019 06:37:01 GMT ::1  1.1 668 - 245.178 ms
GET /menuManagement/Getitem?id=5 200 Tue, 27 Aug 2019 06:37:01 GMT ::1  1.1 82 - 248.199 ms
POST /menuManagement/GetTree 200 Tue, 27 Aug 2019 06:37:21 GMT ::1  1.1 929 - 223.480 ms
GET /menuManagement/Getitem?id=5 200 Tue, 27 Aug 2019 06:37:21 GMT ::1  1.1 69 - 224.312 ms
POST /menuManagement/GetTree 200 Tue, 27 Aug 2019 06:37:21 GMT ::1  1.1 929 - 284.898 ms
POST /menuManagement/GetTree 200 Tue, 27 Aug 2019 06:37:21 GMT ::1  1.1 668 - 244.388 ms
POST /menuManagement/GetTree 200 Tue, 27 Aug 2019 06:37:21 GMT ::1  1.1 668 - 247.760 ms
POST /menuManagement/GetTree 200 Tue, 27 Aug 2019 06:37:28 GMT ::1  1.1 929 - 108.567 ms
POST /menuManagement/GetAll 200 Tue, 27 Aug 2019 06:37:28 GMT ::1  1.1 1062 - 229.459 ms
POST /menuManagement/GetTree 200 Tue, 27 Aug 2019 06:37:29 GMT ::1  1.1 929 - 123.357 ms
GET /menuManagement/Getitem?id=8 200 Tue, 27 Aug 2019 06:37:29 GMT ::1  1.1 69 - 122.954 ms
POST /menuManagement/GetTree 200 Tue, 27 Aug 2019 06:37:56 GMT ::1  1.1 929 - 260.996 ms
POST /menuManagement/GetTree 200 Tue, 27 Aug 2019 06:37:56 GMT ::1  1.1 668 - 223.812 ms
GET /menuManagement/Getitem?id=8 500 Tue, 27 Aug 2019 06:37:56 GMT ::1  1.1 101 - 225.771 ms
POST /menuManagement/GetTree 200 Tue, 27 Aug 2019 06:37:56 GMT ::1  1.1 668 - 244.726 ms
POST /menuManagement/GetTree 200 Tue, 27 Aug 2019 06:37:56 GMT ::1  1.1 929 - 245.855 ms
POST /menuManagement/GetTree 200 Tue, 27 Aug 2019 06:38:12 GMT ::1  1.1 929 - 253.597 ms
POST /menuManagement/GetTree 200 Tue, 27 Aug 2019 06:38:12 GMT ::1  1.1 668 - 220.612 ms
POST /menuManagement/GetTree 200 Tue, 27 Aug 2019 06:38:12 GMT ::1  1.1 929 - 219.993 ms
POST /menuManagement/GetTree 200 Tue, 27 Aug 2019 06:38:12 GMT ::1  1.1 668 - 246.526 ms
GET /menuManagement/Getitem?id=8 200 Tue, 27 Aug 2019 06:38:12 GMT ::1  1.1 313 - 252.384 ms
POST /menuManagement/GetTree 200 Tue, 27 Aug 2019 06:38:42 GMT ::1  1.1 929 - 111.668 ms
POST /menuManagement/GetTree 200 Tue, 27 Aug 2019 06:38:42 GMT ::1  1.1 668 - 110.171 ms
POST /menuManagement/GetTree 200 Tue, 27 Aug 2019 06:38:42 GMT ::1  1.1 929 - 109.766 ms
POST /menuManagement/GetTree 200 Tue, 27 Aug 2019 06:38:42 GMT ::1  1.1 668 - 122.420 ms
GET /menuManagement/Getitem?id=8 304 Tue, 27 Aug 2019 06:38:42 GMT ::1  1.1  - 126.046 ms
POST /menuManagement/GetTree 200 Tue, 27 Aug 2019 06:38:49 GMT ::1  1.1 929 - 109.348 ms
POST /menuManagement/GetAll 200 Tue, 27 Aug 2019 06:38:49 GMT ::1  1.1 1062 - 219.412 ms
POST /menuManagement/GetTree 200 Tue, 27 Aug 2019 06:38:51 GMT ::1  1.1 929 - 121.368 ms
GET /menuManagement/Getitem?id=5 200 Tue, 27 Aug 2019 06:38:51 GMT ::1  1.1 379 - 124.578 ms
POST /menuManagement/GetTree 200 Tue, 27 Aug 2019 06:40:16 GMT ::1  1.1 929 - 109.717 ms
POST /menuManagement/GetTree 200 Tue, 27 Aug 2019 06:40:16 GMT ::1  1.1 668 - 108.715 ms
POST /menuManagement/GetTree 200 Tue, 27 Aug 2019 06:40:16 GMT ::1  1.1 929 - 109.201 ms
POST /menuManagement/GetTree 200 Tue, 27 Aug 2019 06:40:16 GMT ::1  1.1 668 - 120.740 ms
GET /menuManagement/Getitem?id=5 304 Tue, 27 Aug 2019 06:40:16 GMT ::1  1.1  - 124.795 ms
POST /menuManagement/GetTree 200 Tue, 27 Aug 2019 06:41:55 GMT ::1  1.1 929 - 107.751 ms
GET /menuManagement/Getitem?id=5 304 Tue, 27 Aug 2019 06:41:55 GMT ::1  1.1  - 110.825 ms
POST /menuManagement/GetTree 200 Tue, 27 Aug 2019 06:42:23 GMT ::1  1.1 929 - 108.947 ms
POST /menuManagement/GetTree 200 Tue, 27 Aug 2019 06:42:23 GMT ::1  1.1 929 - 108.738 ms
GET /menuManagement/Getitem?id=5 304 Tue, 27 Aug 2019 06:42:23 GMT ::1  1.1  - 110.705 ms
POST /menuManagement/GetTree 200 Tue, 27 Aug 2019 06:42:23 GMT ::1  1.1 668 - 120.267 ms
POST /menuManagement/GetTree 200 Tue, 27 Aug 2019 06:42:23 GMT ::1  1.1 668 - 121.877 ms
POST /menuManagement/GetTree 200 Tue, 27 Aug 2019 06:42:38 GMT ::1  1.1 929 - 107.545 ms
GET /menuManagement/Getitem?id=5 304 Tue, 27 Aug 2019 06:42:38 GMT ::1  1.1  - 113.079 ms
POST /menuManagement/GetTree 200 Tue, 27 Aug 2019 06:42:57 GMT ::1  1.1 929 - 108.776 ms
POST /menuManagement/GetTree 200 Tue, 27 Aug 2019 06:42:57 GMT ::1  1.1 929 - 107.609 ms
POST /menuManagement/GetTree 200 Tue, 27 Aug 2019 06:42:57 GMT ::1  1.1 668 - 120.444 ms
GET /menuManagement/Getitem?id=5 200 Tue, 27 Aug 2019 06:42:57 GMT ::1  1.1 379 - 113.254 ms
POST /menuManagement/GetTree 200 Tue, 27 Aug 2019 06:42:57 GMT ::1  1.1 668 - 122.958 ms
POST /menuManagement/GetTree 200 Tue, 27 Aug 2019 06:43:03 GMT ::1  1.1 929 - 107.526 ms
POST /menuManagement/GetAll 200 Tue, 27 Aug 2019 06:43:03 GMT ::1  1.1 1062 - 229.648 ms
POST /menuManagement/GetTree 200 Tue, 27 Aug 2019 06:43:05 GMT ::1  1.1 929 - 108.592 ms
GET /menuManagement/Getitem?id=5 304 Tue, 27 Aug 2019 06:43:05 GMT ::1  1.1  - 127.923 ms
POST /menuManagement/GetTree 200 Tue, 27 Aug 2019 06:43:33 GMT ::1  1.1 929 - 109.290 ms
GET /menuManagement/Getitem?id=5 304 Tue, 27 Aug 2019 06:43:33 GMT ::1  1.1  - 109.983 ms
GET /menuManagement/Getitem?id=5 304 Tue, 27 Aug 2019 06:44:01 GMT ::1  1.1  - 111.797 ms
POST /menuManagement/GetTree 200 Tue, 27 Aug 2019 06:44:01 GMT ::1  1.1 929 - 120.628 ms
GET /menuManagement/Getitem?id=5 304 Tue, 27 Aug 2019 06:44:03 GMT ::1  1.1  - 110.774 ms
POST /menuManagement/GetTree 200 Tue, 27 Aug 2019 06:44:03 GMT ::1  1.1 929 - 123.026 ms
POST /menuManagement/GetTree 200 Tue, 27 Aug 2019 06:44:57 GMT ::1  1.1 923 - 111.949 ms
GET /menuManagement/Getitem?id=5 200 Tue, 27 Aug 2019 06:44:57 GMT ::1  1.1 377 - 111.848 ms
GET /menuManagement/Getitem?id=5 304 Tue, 27 Aug 2019 06:45:06 GMT ::1  1.1  - 111.109 ms
POST /menuManagement/GetTree 200 Tue, 27 Aug 2019 06:45:06 GMT ::1  1.1 923 - 121.925 ms
GET /menuManagement/Getitem?id=5 304 Tue, 27 Aug 2019 06:45:11 GMT ::1  1.1  - 112.519 ms
POST /menuManagement/GetTree 200 Tue, 27 Aug 2019 06:45:11 GMT ::1  1.1 923 - 121.937 ms
POST /menuManagement/GetTree 200 Tue, 27 Aug 2019 06:45:37 GMT ::1  1.1 923 - 108.025 ms
POST /menuManagement/GetAll 200 Tue, 27 Aug 2019 06:45:37 GMT ::1  1.1 1056 - 230.944 ms
POST /menuManagement/GetTree 200 Tue, 27 Aug 2019 06:45:38 GMT ::1  1.1 923 - 108.131 ms
GET /menuManagement/Getitem?id=4 200 Tue, 27 Aug 2019 06:45:38 GMT ::1  1.1 338 - 124.793 ms
POST /menuManagement/GetTree 200 Tue, 27 Aug 2019 06:46:01 GMT ::1  1.1 923 - 108.903 ms
POST /menuManagement/GetTree 200 Tue, 27 Aug 2019 06:46:01 GMT ::1  1.1 923 - 110.397 ms
POST /menuManagement/GetTree 200 Tue, 27 Aug 2019 06:46:01 GMT ::1  1.1 664 - 108.969 ms
POST /menuManagement/GetTree 200 Tue, 27 Aug 2019 06:46:02 GMT ::1  1.1 664 - 120.941 ms
GET /menuManagement/Getitem?id=4 304 Tue, 27 Aug 2019 06:46:02 GMT ::1  1.1  - 123.765 ms
POST /menuManagement/GetTree 200 Tue, 27 Aug 2019 06:46:44 GMT ::1  1.1 923 - 108.401 ms
POST /menuManagement/GetTree 200 Tue, 27 Aug 2019 06:46:44 GMT ::1  1.1 664 - 107.862 ms
POST /menuManagement/GetTree 200 Tue, 27 Aug 2019 06:46:44 GMT ::1  1.1 664 - 110.245 ms
POST /menuManagement/GetTree 200 Tue, 27 Aug 2019 06:46:44 GMT ::1  1.1 923 - 119.996 ms
GET /menuManagement/Getitem?id=4 200 Tue, 27 Aug 2019 06:46:44 GMT ::1  1.1 338 - 125.328 ms
POST /menuManagement/GetTree 200 Tue, 27 Aug 2019 06:48:06 GMT ::1  1.1 923 - 109.314 ms
GET /menuManagement/Getitem?id=4 304 Tue, 27 Aug 2019 06:48:06 GMT ::1  1.1  - 110.791 ms
POST /menuManagement/add 500 Tue, 27 Aug 2019 06:48:09 GMT ::1  1.1 1285 - 5.138 ms
POST /menuManagement/GetTree 200 Tue, 27 Aug 2019 06:53:37 GMT ::1  1.1 923 - 108.439 ms
GET /menuManagement/Getitem?id=4 304 Tue, 27 Aug 2019 06:53:37 GMT ::1  1.1  - 124.130 ms
POST /menuManagement/GetTree 200 Tue, 27 Aug 2019 06:53:39 GMT ::1  1.1 923 - 108.581 ms
POST /menuManagement/GetAll 200 Tue, 27 Aug 2019 06:53:39 GMT ::1  1.1 1056 - 243.143 ms
POST /menuManagement/GetTree 200 Tue, 27 Aug 2019 06:53:41 GMT ::1  1.1 923 - 110.224 ms
GET /menuManagement/Getitem?id=8 200 Tue, 27 Aug 2019 06:53:41 GMT ::1  1.1 311 - 119.632 ms
POST /menuManagement/update 404 Tue, 27 Aug 2019 06:53:43 GMT ::1  1.1 23 - 1.083 ms
POST /menuManagement/update 500 Tue, 27 Aug 2019 06:54:45 GMT ::ffff:127.0.0.1  1.1 283 - 254.658 ms
POST /menuManagement/GetTree 200 Tue, 27 Aug 2019 06:56:20 GMT ::1  1.1 923 - 115.256 ms
POST /menuManagement/GetTree 200 Tue, 27 Aug 2019 06:56:20 GMT ::1  1.1 664 - 221.658 ms
POST /menuManagement/GetTree 200 Tue, 27 Aug 2019 06:56:20 GMT ::1  1.1 923 - 220.716 ms
POST /menuManagement/GetTree 200 Tue, 27 Aug 2019 06:56:20 GMT ::1  1.1 664 - 244.910 ms
GET /menuManagement/Getitem?id=8 304 Tue, 27 Aug 2019 06:56:20 GMT ::1  1.1  - 247.518 ms
POST /menuManagement/update 500 Tue, 27 Aug 2019 06:56:23 GMT ::1  1.1 283 - 112.762 ms
