POST /menuManagement/GetAll 500 Mon, 26 Aug 2019 07:11:04 GMT ::1  1.1 106 - 317.009 ms
POST /menuManagement/GetAll 500 Mon, 26 Aug 2019 07:11:07 GMT ::1  1.1 106 - 122.750 ms
POST /menuManagement/GetAll 500 Mon, 26 Aug 2019 07:11:30 GMT ::1  1.1 106 - 282.963 ms
POST /menuManagement/GetAll 500 Mon, 26 Aug 2019 07:13:21 GMT ::1  1.1 106 - 124.121 ms
POST /menuManagement/GetAll 200 Mon, 26 Aug 2019 07:14:15 GMT ::1  1.1 351 - 507.127 ms
POST /menuManagement/GetAll 200 Mon, 26 Aug 2019 07:17:27 GMT ::1  1.1 351 - 521.004 ms
POST /menuManagement/GetAll 200 Mon, 26 Aug 2019 07:19:08 GMT ::1  1.1 602 - 499.906 ms
POST /menuManagement/GetAll 200 Mon, 26 Aug 2019 07:22:34 GMT ::1  1.1 602 - 511.788 ms
POST /menuManagement/GetTree 401 Mon, 26 Aug 2019 07:22:49 GMT ::1  1.1 90 - 1.673 ms
POST /login 200 Mon, 26 Aug 2019 07:23:03 GMT ::1  1.1 431 - 127.086 ms
POST /menuManagement/GetTree 200 Mon, 26 Aug 2019 07:23:03 GMT ::1  1.1 587 - 123.154 ms
POST /menuManagement/GetTree 200 Mon, 26 Aug 2019 07:24:31 GMT ::1  1.1 587 - 111.967 ms
POST /menuManagement/GetTree 200 Mon, 26 Aug 2019 07:24:31 GMT ::1  1.1 587 - 121.814 ms
POST /menuManagement/GetTree 200 Mon, 26 Aug 2019 07:27:35 GMT ::1  1.1 587 - 171.320 ms
POST /menuManagement/GetTree 200 Mon, 26 Aug 2019 07:27:35 GMT ::1  1.1 587 - 170.753 ms
POST /menuManagement/GetTree 401 Mon, 26 Aug 2019 07:27:39 GMT ::1  1.1 90 - 0.817 ms
POST /menuManagement/GetTree 401 Mon, 26 Aug 2019 07:27:39 GMT ::1  1.1 90 - 0.629 ms
POST /menuManagement/GetTree 401 Mon, 26 Aug 2019 07:27:39 GMT ::1  1.1 90 - 0.605 ms
POST /login 200 Mon, 26 Aug 2019 07:27:42 GMT ::1  1.1 431 - 109.273 ms
POST /menuManagement/GetTree 200 Mon, 26 Aug 2019 07:27:43 GMT ::1  1.1 587 - 109.886 ms
POST /menuManagement/GetTree 200 Mon, 26 Aug 2019 07:27:43 GMT ::1  1.1 587 - 120.477 ms
POST /menuManagement/GetTree 200 Mon, 26 Aug 2019 07:27:43 GMT ::1  1.1 587 - 225.516 ms
POST /menuManagement/GetTree 200 Mon, 26 Aug 2019 07:28:16 GMT ::1  1.1 587 - 110.364 ms
POST /menuManagement/GetTree 200 Mon, 26 Aug 2019 07:28:16 GMT ::1  1.1 587 - 122.670 ms
POST /menuManagement/GetTree 401 Mon, 26 Aug 2019 07:29:23 GMT ::1  1.1 90 - 1.412 ms
POST /menuManagement/GetTree 401 Mon, 26 Aug 2019 07:29:23 GMT ::1  1.1 90 - 0.908 ms
POST /menuManagement/GetTree 401 Mon, 26 Aug 2019 07:29:23 GMT ::1  1.1 90 - 0.825 ms
POST /login 200 Mon, 26 Aug 2019 07:29:26 GMT ::1  1.1 431 - 111.123 ms
POST /menuManagement/GetTree 200 Mon, 26 Aug 2019 07:29:27 GMT ::1  1.1 587 - 130.844 ms
POST /menuManagement/GetTree 200 Mon, 26 Aug 2019 07:29:27 GMT ::1  1.1 587 - 129.765 ms
POST /menuManagement/GetTree 200 Mon, 26 Aug 2019 07:29:27 GMT ::1  1.1 587 - 135.131 ms
POST /menuManagement/GetTree 200 Mon, 26 Aug 2019 07:33:14 GMT ::1  1.1 669 - 115.364 ms
POST /menuManagement/GetTree 200 Mon, 26 Aug 2019 07:33:14 GMT ::1  1.1 669 - 111.051 ms
POST /menuManagement/GetTree 200 Mon, 26 Aug 2019 07:33:14 GMT ::1  1.1 669 - 121.637 ms
POST /menuManagement/GetTree 200 Mon, 26 Aug 2019 07:34:00 GMT ::1  1.1 669 - 110.832 ms
POST /menuManagement/GetTree 200 Mon, 26 Aug 2019 07:34:00 GMT ::1  1.1 669 - 109.628 ms
POST /menuManagement/GetTree 200 Mon, 26 Aug 2019 07:34:00 GMT ::1  1.1 669 - 119.722 ms
POST /menuManagement/GetTree 200 Mon, 26 Aug 2019 07:38:14 GMT ::1  1.1 669 - 113.103 ms
POST /menuManagement/GetTree 200 Mon, 26 Aug 2019 07:38:14 GMT ::1  1.1 669 - 112.522 ms
POST /menuManagement/GetTree 200 Mon, 26 Aug 2019 07:38:14 GMT ::1  1.1 669 - 122.658 ms
POST /menuManagement/GetTree 200 Mon, 26 Aug 2019 07:38:19 GMT ::1  1.1 669 - 108.756 ms
POST /menuManagement/GetTree 200 Mon, 26 Aug 2019 07:38:19 GMT ::1  1.1 669 - 112.163 ms
POST /menuManagement/GetTree 200 Mon, 26 Aug 2019 07:38:19 GMT ::1  1.1 669 - 120.892 ms
POST /menuManagement/GetTree 200 Mon, 26 Aug 2019 07:38:27 GMT ::1  1.1 669 - 114.679 ms
POST /menuManagement/GetTree 200 Mon, 26 Aug 2019 07:38:27 GMT ::1  1.1 669 - 118.989 ms
POST /menuManagement/GetTree 200 Mon, 26 Aug 2019 07:38:27 GMT ::1  1.1 669 - 122.716 ms
POST /menuManagement/GetTree 200 Mon, 26 Aug 2019 07:38:43 GMT ::1  1.1 669 - 113.264 ms
POST /menuManagement/GetTree 200 Mon, 26 Aug 2019 07:38:43 GMT ::1  1.1 669 - 111.350 ms
POST /menuManagement/GetTree 200 Mon, 26 Aug 2019 07:38:43 GMT ::1  1.1 669 - 122.922 ms
POST /menuManagement/GetTree 200 Mon, 26 Aug 2019 07:39:30 GMT ::1  1.1 669 - 111.258 ms
POST /menuManagement/GetTree 200 Mon, 26 Aug 2019 07:39:30 GMT ::1  1.1 669 - 110.638 ms
POST /menuManagement/GetTree 200 Mon, 26 Aug 2019 07:39:30 GMT ::1  1.1 669 - 122.895 ms
POST /menuManagement/GetTree 200 Mon, 26 Aug 2019 07:39:58 GMT ::1  1.1 669 - 110.663 ms
POST /menuManagement/GetTree 200 Mon, 26 Aug 2019 07:39:58 GMT ::1  1.1 669 - 112.874 ms
POST /menuManagement/GetTree 200 Mon, 26 Aug 2019 07:39:58 GMT ::1  1.1 669 - 122.815 ms
POST /login 200 Mon, 26 Aug 2019 07:40:12 GMT ::1  1.1 431 - 111.039 ms
POST /menuManagement/GetTree 200 Mon, 26 Aug 2019 07:40:13 GMT ::1  1.1 669 - 109.937 ms
POST /menuManagement/GetTree 200 Mon, 26 Aug 2019 07:40:13 GMT ::1  1.1 669 - 122.159 ms
POST /menuManagement/GetTree 200 Mon, 26 Aug 2019 07:40:13 GMT ::1  1.1 669 - 220.232 ms
POST /menuManagement/GetTree 200 Mon, 26 Aug 2019 07:40:47 GMT ::1  1.1 640 - 110.031 ms
POST /menuManagement/GetTree 200 Mon, 26 Aug 2019 07:40:47 GMT ::1  1.1 640 - 109.513 ms
POST /menuManagement/GetTree 200 Mon, 26 Aug 2019 07:40:47 GMT ::1  1.1 640 - 121.995 ms
POST /menuManagement/GetTree 200 Mon, 26 Aug 2019 07:41:02 GMT ::1  1.1 640 - 108.109 ms
POST /menuManagement/GetTree 200 Mon, 26 Aug 2019 07:41:02 GMT ::1  1.1 640 - 109.333 ms
POST /menuManagement/GetTree 200 Mon, 26 Aug 2019 07:41:02 GMT ::1  1.1 640 - 109.486 ms
POST /menuManagement/GetTree 200 Mon, 26 Aug 2019 07:41:15 GMT ::1  1.1 640 - 108.534 ms
POST /menuManagement/GetTree 200 Mon, 26 Aug 2019 07:41:15 GMT ::1  1.1 640 - 111.084 ms
POST /menuManagement/GetTree 200 Mon, 26 Aug 2019 07:41:15 GMT ::1  1.1 640 - 119.217 ms
POST /menuManagement/GetTree 200 Mon, 26 Aug 2019 07:46:16 GMT ::1  1.1 640 - 108.124 ms
POST /menuManagement/GetTree 200 Mon, 26 Aug 2019 07:46:16 GMT ::1  1.1 640 - 111.534 ms
POST /menuManagement/GetTree 200 Mon, 26 Aug 2019 07:46:16 GMT ::1  1.1 640 - 109.418 ms
POST /menuManagement/GetTree 200 Mon, 26 Aug 2019 07:46:23 GMT ::1  1.1 640 - 113.120 ms
POST /menuManagement/GetTree 200 Mon, 26 Aug 2019 07:46:23 GMT ::1  1.1 640 - 113.134 ms
POST /menuManagement/GetTree 200 Mon, 26 Aug 2019 07:46:23 GMT ::1  1.1 640 - 121.609 ms
POST /menuManagement/GetTree 200 Mon, 26 Aug 2019 07:47:06 GMT ::1  1.1 640 - 110.236 ms
POST /menuManagement/GetTree 200 Mon, 26 Aug 2019 07:47:06 GMT ::1  1.1 640 - 113.164 ms
POST /menuManagement/GetTree 200 Mon, 26 Aug 2019 07:47:06 GMT ::1  1.1 640 - 111.435 ms
POST /menuManagement/GetTree 200 Mon, 26 Aug 2019 07:47:28 GMT ::1  1.1 640 - 109.176 ms
POST /menuManagement/GetTree 200 Mon, 26 Aug 2019 07:47:28 GMT ::1  1.1 640 - 109.064 ms
POST /menuManagement/GetTree 200 Mon, 26 Aug 2019 07:47:28 GMT ::1  1.1 640 - 120.636 ms
POST /menuManagement/GetTree 200 Mon, 26 Aug 2019 07:56:46 GMT ::1  1.1 640 - 109.832 ms
POST /menuManagement/GetTree 200 Mon, 26 Aug 2019 07:56:46 GMT ::1  1.1 640 - 112.926 ms
POST /menuManagement/GetTree 200 Mon, 26 Aug 2019 07:56:46 GMT ::1  1.1 640 - 111.036 ms
POST /login 200 Mon, 26 Aug 2019 07:56:50 GMT ::1  1.1 431 - 122.096 ms
POST /menuManagement/GetTree 200 Mon, 26 Aug 2019 07:56:51 GMT ::1  1.1 640 - 112.525 ms
POST /menuManagement/GetTree 200 Mon, 26 Aug 2019 07:56:51 GMT ::1  1.1 640 - 111.930 ms
POST /menuManagement/GetTree 200 Mon, 26 Aug 2019 07:56:51 GMT ::1  1.1 640 - 120.551 ms
GET /apidoc/ 304 Mon, 26 Aug 2019 08:04:59 GMT ::1  1.1  - 4.259 ms
GET /apidoc/vendor/bootstrap.min.css 304 Mon, 26 Aug 2019 08:04:59 GMT ::1  1.1  - 1.817 ms
GET /apidoc/vendor/prettify.css 304 Mon, 26 Aug 2019 08:04:59 GMT ::1  1.1  - 1.669 ms
GET /apidoc/css/style.css 304 Mon, 26 Aug 2019 08:04:59 GMT ::1  1.1  - 0.648 ms
GET /apidoc/vendor/polyfill.js 304 Mon, 26 Aug 2019 08:04:59 GMT ::1  1.1  - 1.073 ms
GET /apidoc/vendor/require.min.js 304 Mon, 26 Aug 2019 08:04:59 GMT ::1  1.1  - 1.013 ms
GET /apidoc/main.js 304 Mon, 26 Aug 2019 08:04:59 GMT ::1  1.1  - 0.444 ms
GET /apidoc/vendor/lodash.custom.min.js?v=1566806699459 200 Mon, 26 Aug 2019 08:04:59 GMT ::1  1.1 19579 - 7.360 ms
GET /apidoc/locales/locale.js?v=1566806699459 200 Mon, 26 Aug 2019 08:04:59 GMT ::1  1.1 1249 - 9.826 ms
GET /apidoc/vendor/jquery.min.js?v=1566806699459 200 Mon, 26 Aug 2019 08:04:59 GMT ::1  1.1 85630 - 7.474 ms
GET /apidoc/api_project.js?v=1566806699459 200 Mon, 26 Aug 2019 08:04:59 GMT ::1  1.1 369 - 9.388 ms
GET /apidoc/utils/send_sample_request.js?v=1566806699459 200 Mon, 26 Aug 2019 08:04:59 GMT ::1  1.1 6328 - 5.860 ms
GET /apidoc/api_data.js?v=1566806699459 200 Mon, 26 Aug 2019 08:04:59 GMT ::1  1.1 25580 - 9.598 ms
GET /apidoc/vendor/semver.min.js?v=1566806699459 200 Mon, 26 Aug 2019 08:04:59 GMT ::1  1.1 12950 - 2.239 ms
GET /apidoc/vendor/webfontloader.js?v=1566806699459 200 Mon, 26 Aug 2019 08:04:59 GMT ::1  1.1 12492 - 1.884 ms
GET /apidoc/vendor/path-to-regexp/index.js?v=1566806699459 200 Mon, 26 Aug 2019 08:04:59 GMT ::1  1.1 5147 - 1.310 ms
GET /apidoc/vendor/list.min.js?v=1566806699459 200 Mon, 26 Aug 2019 08:04:59 GMT ::1  1.1 15952 - 1.120 ms
GET /apidoc/vendor/prettify/prettify.js?v=1566806699459 200 Mon, 26 Aug 2019 08:04:59 GMT ::1  1.1 15261 - 2.470 ms
GET /apidoc/vendor/handlebars.min.js?v=1566806699459 200 Mon, 26 Aug 2019 08:04:59 GMT ::1  1.1 72614 - 2.288 ms
GET /apidoc/vendor/bootstrap.min.js?v=1566806699459 200 Mon, 26 Aug 2019 08:04:59 GMT ::1  1.1 37045 - 1.004 ms
GET /apidoc/locales/ca.js?v=1566806699459 200 Mon, 26 Aug 2019 08:04:59 GMT ::1  1.1 1225 - 2.980 ms
GET /apidoc/locales/cs.js?v=1566806699459 200 Mon, 26 Aug 2019 08:04:59 GMT ::1  1.1 1246 - 4.072 ms
GET /apidoc/locales/de.js?v=1566806699459 200 Mon, 26 Aug 2019 08:04:59 GMT ::1  1.1 1234 - 4.965 ms
GET /apidoc/locales/es.js?v=1566806699459 200 Mon, 26 Aug 2019 08:04:59 GMT ::1  1.1 1244 - 4.294 ms
GET /apidoc/locales/fr.js?v=1566806699459 200 Mon, 26 Aug 2019 08:04:59 GMT ::1  1.1 1264 - 4.865 ms
GET /apidoc/locales/it.js?v=1566806699459 200 Mon, 26 Aug 2019 08:04:59 GMT ::1  1.1 1249 - 5.096 ms
GET /apidoc/locales/nl.js?v=1566806699459 200 Mon, 26 Aug 2019 08:04:59 GMT ::1  1.1 1241 - 1.647 ms
GET /apidoc/locales/pl.js?v=1566806699459 200 Mon, 26 Aug 2019 08:04:59 GMT ::1  1.1 1226 - 1.881 ms
GET /apidoc/locales/pt_br.js?v=1566806699459 200 Mon, 26 Aug 2019 08:04:59 GMT ::1  1.1 1236 - 0.894 ms
GET /apidoc/locales/ro.js?v=1566806699459 200 Mon, 26 Aug 2019 08:04:59 GMT ::1  1.1 1238 - 1.182 ms
GET /apidoc/locales/ru.js?v=1566806699459 200 Mon, 26 Aug 2019 08:04:59 GMT ::1  1.1 1481 - 1.818 ms
GET /apidoc/locales/tr.js?v=1566806699459 200 Mon, 26 Aug 2019 08:04:59 GMT ::1  1.1 1246 - 2.607 ms
GET /apidoc/locales/vi.js?v=1566806699459 200 Mon, 26 Aug 2019 08:04:59 GMT ::1  1.1 1328 - 1.670 ms
GET /apidoc/locales/zh.js?v=1566806699459 200 Mon, 26 Aug 2019 08:04:59 GMT ::1  1.1 1163 - 0.881 ms
GET /apidoc/locales/zh_cn.js?v=1566806699459 200 Mon, 26 Aug 2019 08:04:59 GMT ::1  1.1 1186 - 1.311 ms
GET /apidoc/utils/handlebars_helper.js?v=1566806699459 200 Mon, 26 Aug 2019 08:04:59 GMT ::1  1.1 10277 - 0.682 ms
GET /apidoc/vendor/diff_match_patch.min.js?v=1566806699459 200 Mon, 26 Aug 2019 08:04:59 GMT ::1  1.1 19192 - 0.571 ms
GET /apidoc/ 304 Mon, 26 Aug 2019 08:14:04 GMT ::1  1.1  - 3.560 ms
GET /apidoc/vendor/bootstrap.min.css 304 Mon, 26 Aug 2019 08:14:04 GMT ::1  1.1  - 3.238 ms
GET /apidoc/vendor/prettify.css 304 Mon, 26 Aug 2019 08:14:04 GMT ::1  1.1  - 3.474 ms
GET /apidoc/css/style.css 304 Mon, 26 Aug 2019 08:14:04 GMT ::1  1.1  - 3.340 ms
GET /apidoc/vendor/polyfill.js 304 Mon, 26 Aug 2019 08:14:04 GMT ::1  1.1  - 1.340 ms
GET /apidoc/vendor/require.min.js 304 Mon, 26 Aug 2019 08:14:04 GMT ::1  1.1  - 0.692 ms
GET /apidoc/main.js 304 Mon, 26 Aug 2019 08:14:04 GMT ::1  1.1  - 0.446 ms
GET /apidoc/vendor/lodash.custom.min.js?v=1566807244701 200 Mon, 26 Aug 2019 08:14:04 GMT ::1  1.1 19579 - 6.417 ms
GET /apidoc/vendor/jquery.min.js?v=1566807244701 200 Mon, 26 Aug 2019 08:14:04 GMT ::1  1.1 85630 - 5.917 ms
GET /apidoc/locales/locale.js?v=1566807244701 200 Mon, 26 Aug 2019 08:14:04 GMT ::1  1.1 1249 - 4.749 ms
GET /apidoc/api_project.js?v=1566807244701 200 Mon, 26 Aug 2019 08:14:04 GMT ::1  1.1 369 - 4.840 ms
GET /apidoc/api_data.js?v=1566807244701 200 Mon, 26 Aug 2019 08:14:04 GMT ::1  1.1 25244 - 4.897 ms
GET /apidoc/utils/send_sample_request.js?v=1566807244701 200 Mon, 26 Aug 2019 08:14:04 GMT ::1  1.1 6328 - 4.715 ms
GET /apidoc/img/favicon.ico 200 Mon, 26 Aug 2019 08:14:04 GMT ::1  1.1 894 - 6.379 ms
GET /apidoc/vendor/semver.min.js?v=1566807244701 200 Mon, 26 Aug 2019 08:14:04 GMT ::1  1.1 12950 - 2.225 ms
GET /apidoc/vendor/webfontloader.js?v=1566807244701 200 Mon, 26 Aug 2019 08:14:04 GMT ::1  1.1 12492 - 2.591 ms
GET /apidoc/vendor/path-to-regexp/index.js?v=1566807244701 200 Mon, 26 Aug 2019 08:14:04 GMT ::1  1.1 5147 - 2.905 ms
GET /apidoc/vendor/list.min.js?v=1566807244701 200 Mon, 26 Aug 2019 08:14:04 GMT ::1  1.1 15952 - 6.693 ms
GET /apidoc/vendor/prettify/prettify.js?v=1566807244701 200 Mon, 26 Aug 2019 08:14:04 GMT ::1  1.1 15261 - 5.930 ms
GET /apidoc/vendor/handlebars.min.js?v=1566807244701 200 Mon, 26 Aug 2019 08:14:04 GMT ::1  1.1 72614 - 5.168 ms
GET /apidoc/vendor/bootstrap.min.js?v=1566807244701 200 Mon, 26 Aug 2019 08:14:04 GMT ::1  1.1 37045 - 0.917 ms
GET /apidoc/locales/ca.js?v=1566807244701 200 Mon, 26 Aug 2019 08:14:04 GMT ::1  1.1 1225 - 1.283 ms
GET /apidoc/locales/cs.js?v=1566807244701 200 Mon, 26 Aug 2019 08:14:04 GMT ::1  1.1 1246 - 1.702 ms
GET /apidoc/locales/de.js?v=1566807244701 200 Mon, 26 Aug 2019 08:14:04 GMT ::1  1.1 1234 - 1.858 ms
GET /apidoc/locales/es.js?v=1566807244701 200 Mon, 26 Aug 2019 08:14:04 GMT ::1  1.1 1244 - 1.040 ms
GET /apidoc/locales/fr.js?v=1566807244701 200 Mon, 26 Aug 2019 08:14:04 GMT ::1  1.1 1264 - 0.896 ms
GET /apidoc/locales/it.js?v=1566807244701 200 Mon, 26 Aug 2019 08:14:04 GMT ::1  1.1 1249 - 0.891 ms
GET /apidoc/locales/nl.js?v=1566807244701 200 Mon, 26 Aug 2019 08:14:04 GMT ::1  1.1 1241 - 1.065 ms
GET /apidoc/locales/pl.js?v=1566807244701 200 Mon, 26 Aug 2019 08:14:04 GMT ::1  1.1 1226 - 4.112 ms
GET /apidoc/locales/ro.js?v=1566807244701 200 Mon, 26 Aug 2019 08:14:04 GMT ::1  1.1 1238 - 3.769 ms
GET /apidoc/locales/pt_br.js?v=1566807244701 200 Mon, 26 Aug 2019 08:14:04 GMT ::1  1.1 1236 - 5.331 ms
GET /apidoc/locales/ru.js?v=1566807244701 200 Mon, 26 Aug 2019 08:14:04 GMT ::1  1.1 1481 - 3.668 ms
GET /apidoc/locales/tr.js?v=1566807244701 200 Mon, 26 Aug 2019 08:14:04 GMT ::1  1.1 1246 - 0.714 ms
GET /apidoc/locales/vi.js?v=1566807244701 200 Mon, 26 Aug 2019 08:14:04 GMT ::1  1.1 1328 - 1.072 ms
GET /apidoc/locales/zh_cn.js?v=1566807244701 200 Mon, 26 Aug 2019 08:14:04 GMT ::1  1.1 1186 - 1.850 ms
GET /apidoc/locales/zh.js?v=1566807244701 200 Mon, 26 Aug 2019 08:14:04 GMT ::1  1.1 1163 - 1.974 ms
GET /apidoc/utils/handlebars_helper.js?v=1566807244701 200 Mon, 26 Aug 2019 08:14:04 GMT ::1  1.1 10277 - 0.547 ms
GET /apidoc/vendor/diff_match_patch.min.js?v=1566807244701 200 Mon, 26 Aug 2019 08:14:04 GMT ::1  1.1 19192 - 0.461 ms
GET /apidoc/ 304 Mon, 26 Aug 2019 08:14:42 GMT ::1  1.1  - 3.624 ms
GET /apidoc/vendor/bootstrap.min.css 304 Mon, 26 Aug 2019 08:14:42 GMT ::1  1.1  - 4.210 ms
GET /apidoc/vendor/prettify.css 304 Mon, 26 Aug 2019 08:14:42 GMT ::1  1.1  - 3.811 ms
GET /apidoc/css/style.css 304 Mon, 26 Aug 2019 08:14:42 GMT ::1  1.1  - 3.639 ms
GET /apidoc/vendor/polyfill.js 304 Mon, 26 Aug 2019 08:14:42 GMT ::1  1.1  - 4.293 ms
GET /apidoc/vendor/require.min.js 304 Mon, 26 Aug 2019 08:14:42 GMT ::1  1.1  - 0.634 ms
GET /apidoc/main.js 304 Mon, 26 Aug 2019 08:14:42 GMT ::1  1.1  - 0.296 ms
GET /apidoc/vendor/jquery.min.js?v=1566807282469 200 Mon, 26 Aug 2019 08:14:42 GMT ::1  1.1 85630 - 5.897 ms
GET /apidoc/vendor/lodash.custom.min.js?v=1566807282469 200 Mon, 26 Aug 2019 08:14:42 GMT ::1  1.1 19579 - 1.917 ms
GET /apidoc/locales/locale.js?v=1566807282469 200 Mon, 26 Aug 2019 08:14:42 GMT ::1  1.1 1249 - 3.364 ms
GET /apidoc/api_project.js?v=1566807282469 200 Mon, 26 Aug 2019 08:14:42 GMT ::1  1.1 369 - 3.185 ms
GET /apidoc/api_data.js?v=1566807282469 200 Mon, 26 Aug 2019 08:14:42 GMT ::1  1.1 25259 - 3.458 ms
GET /apidoc/utils/send_sample_request.js?v=1566807282469 200 Mon, 26 Aug 2019 08:14:42 GMT ::1  1.1 6328 - 3.473 ms
GET /apidoc/img/favicon.ico 200 Mon, 26 Aug 2019 08:14:42 GMT ::1  1.1 894 - 1.451 ms
GET /apidoc/vendor/semver.min.js?v=1566807282469 200 Mon, 26 Aug 2019 08:14:42 GMT ::1  1.1 12950 - 1.069 ms
GET /apidoc/vendor/webfontloader.js?v=1566807282469 200 Mon, 26 Aug 2019 08:14:42 GMT ::1  1.1 12492 - 2.732 ms
GET /apidoc/vendor/path-to-regexp/index.js?v=1566807282469 200 Mon, 26 Aug 2019 08:14:42 GMT ::1  1.1 5147 - 2.849 ms
GET /apidoc/vendor/list.min.js?v=1566807282469 200 Mon, 26 Aug 2019 08:14:42 GMT ::1  1.1 15952 - 3.380 ms
GET /apidoc/vendor/prettify/prettify.js?v=1566807282469 200 Mon, 26 Aug 2019 08:14:42 GMT ::1  1.1 15261 - 3.325 ms
GET /apidoc/vendor/handlebars.min.js?v=1566807282469 200 Mon, 26 Aug 2019 08:14:42 GMT ::1  1.1 72614 - 1.704 ms
GET /apidoc/vendor/bootstrap.min.js?v=1566807282469 200 Mon, 26 Aug 2019 08:14:42 GMT ::1  1.1 37045 - 0.787 ms
GET /apidoc/locales/ca.js?v=1566807282469 200 Mon, 26 Aug 2019 08:14:42 GMT ::1  1.1 1225 - 1.146 ms
GET /apidoc/locales/cs.js?v=1566807282469 200 Mon, 26 Aug 2019 08:14:42 GMT ::1  1.1 1246 - 1.876 ms
GET /apidoc/locales/de.js?v=1566807282469 200 Mon, 26 Aug 2019 08:14:42 GMT ::1  1.1 1234 - 2.024 ms
GET /apidoc/locales/es.js?v=1566807282469 200 Mon, 26 Aug 2019 08:14:42 GMT ::1  1.1 1244 - 0.800 ms
GET /apidoc/locales/fr.js?v=1566807282469 200 Mon, 26 Aug 2019 08:14:42 GMT ::1  1.1 1264 - 0.810 ms
GET /apidoc/locales/it.js?v=1566807282469 200 Mon, 26 Aug 2019 08:14:42 GMT ::1  1.1 1249 - 0.866 ms
GET /apidoc/locales/nl.js?v=1566807282469 200 Mon, 26 Aug 2019 08:14:42 GMT ::1  1.1 1241 - 1.268 ms
GET /apidoc/locales/pl.js?v=1566807282469 200 Mon, 26 Aug 2019 08:14:42 GMT ::1  1.1 1226 - 1.318 ms
GET /apidoc/locales/pt_br.js?v=1566807282469 200 Mon, 26 Aug 2019 08:14:42 GMT ::1  1.1 1236 - 0.925 ms
GET /apidoc/locales/ro.js?v=1566807282469 200 Mon, 26 Aug 2019 08:14:42 GMT ::1  1.1 1238 - 1.654 ms
GET /apidoc/locales/ru.js?v=1566807282469 200 Mon, 26 Aug 2019 08:14:42 GMT ::1  1.1 1481 - 1.579 ms
GET /apidoc/locales/tr.js?v=1566807282469 200 Mon, 26 Aug 2019 08:14:42 GMT ::1  1.1 1246 - 0.933 ms
GET /apidoc/locales/vi.js?v=1566807282469 200 Mon, 26 Aug 2019 08:14:42 GMT ::1  1.1 1328 - 1.204 ms
GET /apidoc/locales/zh_cn.js?v=1566807282469 200 Mon, 26 Aug 2019 08:14:42 GMT ::1  1.1 1186 - 1.625 ms
GET /apidoc/locales/zh.js?v=1566807282469 200 Mon, 26 Aug 2019 08:14:42 GMT ::1  1.1 1163 - 2.785 ms
GET /apidoc/utils/handlebars_helper.js?v=1566807282469 200 Mon, 26 Aug 2019 08:14:42 GMT ::1  1.1 10277 - 0.963 ms
GET /apidoc/vendor/diff_match_patch.min.js?v=1566807282469 200 Mon, 26 Aug 2019 08:14:42 GMT ::1  1.1 19192 - 0.552 ms
POST /menuManagement/GetTree 401 Mon, 26 Aug 2019 08:14:47 GMT ::1  1.1 90 - 23.035 ms
POST /login 200 Mon, 26 Aug 2019 08:15:15 GMT ::1  1.1 431 - 234.705 ms
POST /menuManagement/GetTree 200 Mon, 26 Aug 2019 08:15:24 GMT ::1  1.1 356 - 112.131 ms
POST /menuManagement/GetTree 200 Mon, 26 Aug 2019 08:15:32 GMT ::1  1.1 356 - 129.739 ms
POST /menuManagement/GetTree 200 Mon, 26 Aug 2019 08:15:32 GMT ::1  1.1 356 - 219.710 ms
GET /apidoc/vendor/bootstrap.min.css 304 Mon, 26 Aug 2019 08:15:38 GMT ::1  1.1  - 1.908 ms
GET /apidoc/vendor/prettify.css 304 Mon, 26 Aug 2019 08:15:38 GMT ::1  1.1  - 1.948 ms
GET /apidoc/css/style.css 304 Mon, 26 Aug 2019 08:15:38 GMT ::1  1.1  - 1.932 ms
GET /apidoc/vendor/bootstrap.min.css.map 404 Mon, 26 Aug 2019 08:15:39 GMT ::1  1.1 23 - 1.413 ms
POST /menuManagement/GetTree 200 Mon, 26 Aug 2019 08:15:43 GMT ::1  1.1 356 - 121.401 ms
POST /menuManagement/GetTree 200 Mon, 26 Aug 2019 08:15:58 GMT ::1  1.1 640 - 107.555 ms
POST /menuManagement/GetTree 200 Mon, 26 Aug 2019 08:15:58 GMT ::1  1.1 640 - 123.387 ms
POST /menuManagement/GetTree 200 Mon, 26 Aug 2019 08:15:59 GMT ::1  1.1 640 - 222.533 ms
POST /menuManagement/add 500 Mon, 26 Aug 2019 08:16:45 GMT ::1  1.1 1324 - 3.971 ms
POST /menuManagement/add 500 Mon, 26 Aug 2019 08:17:10 GMT ::1  1.1 1366 - 2.013 ms
POST /menuManagement/add 500 Mon, 26 Aug 2019 08:18:03 GMT ::1  1.1 1366 - 36.032 ms
POST /menuManagement/add 500 Mon, 26 Aug 2019 08:18:07 GMT ::1  1.1 1364 - 2.109 ms
POST /menuManagement/add 500 Mon, 26 Aug 2019 08:18:52 GMT ::1  1.1 1318 - 1.981 ms
GET /apidoc/ 304 Mon, 26 Aug 2019 08:19:16 GMT ::1  1.1  - 6.362 ms
GET /apidoc/vendor/bootstrap.min.css 304 Mon, 26 Aug 2019 08:19:16 GMT ::1  1.1  - 2.163 ms
GET /apidoc/vendor/prettify.css 304 Mon, 26 Aug 2019 08:19:16 GMT ::1  1.1  - 2.125 ms
GET /apidoc/css/style.css 304 Mon, 26 Aug 2019 08:19:16 GMT ::1  1.1  - 0.981 ms
GET /apidoc/vendor/polyfill.js 304 Mon, 26 Aug 2019 08:19:16 GMT ::1  1.1  - 0.686 ms
GET /apidoc/vendor/require.min.js 304 Mon, 26 Aug 2019 08:19:16 GMT ::1  1.1  - 1.283 ms
GET /apidoc/vendor/bootstrap.min.css.map 404 Mon, 26 Aug 2019 08:19:16 GMT ::1  1.1 23 - 4.667 ms
GET /apidoc/main.js 304 Mon, 26 Aug 2019 08:19:16 GMT ::1  1.1  - 0.576 ms
GET /apidoc/vendor/lodash.custom.min.js?v=1566807556872 200 Mon, 26 Aug 2019 08:19:16 GMT ::1  1.1 19579 - 9.582 ms
GET /apidoc/locales/locale.js?v=1566807556872 200 Mon, 26 Aug 2019 08:19:16 GMT ::1  1.1 1249 - 10.780 ms
GET /apidoc/api_project.js?v=1566807556872 200 Mon, 26 Aug 2019 08:19:16 GMT ::1  1.1 369 - 10.884 ms
GET /apidoc/api_data.js?v=1566807556872 200 Mon, 26 Aug 2019 08:19:16 GMT ::1  1.1 24287 - 11.225 ms
GET /apidoc/utils/send_sample_request.js?v=1566807556872 200 Mon, 26 Aug 2019 08:19:16 GMT ::1  1.1 6328 - 9.815 ms
GET /apidoc/vendor/jquery.min.js?v=1566807556872 200 Mon, 26 Aug 2019 08:19:16 GMT ::1  1.1 85630 - 8.932 ms
GET /apidoc/img/favicon.ico 200 Mon, 26 Aug 2019 08:19:16 GMT ::1  1.1 894 - 2.054 ms
GET /apidoc/vendor/semver.min.js?v=1566807556872 200 Mon, 26 Aug 2019 08:19:16 GMT ::1  1.1 12950 - 2.818 ms
GET /apidoc/vendor/webfontloader.js?v=1566807556872 200 Mon, 26 Aug 2019 08:19:16 GMT ::1  1.1 12492 - 1.408 ms
GET /apidoc/vendor/path-to-regexp/index.js?v=1566807556872 200 Mon, 26 Aug 2019 08:19:16 GMT ::1  1.1 5147 - 1.072 ms
GET /apidoc/vendor/list.min.js?v=1566807556872 200 Mon, 26 Aug 2019 08:19:16 GMT ::1  1.1 15952 - 1.072 ms
GET /apidoc/vendor/prettify/prettify.js?v=1566807556872 200 Mon, 26 Aug 2019 08:19:16 GMT ::1  1.1 15261 - 1.176 ms
GET /apidoc/locales/ca.js?v=1566807556872 200 Mon, 26 Aug 2019 08:19:16 GMT ::1  1.1 1225 - 5.550 ms
GET /apidoc/vendor/handlebars.min.js?v=1566807556872 200 Mon, 26 Aug 2019 08:19:16 GMT ::1  1.1 72614 - 5.029 ms
GET /apidoc/locales/cs.js?v=1566807556872 200 Mon, 26 Aug 2019 08:19:16 GMT ::1  1.1 1246 - 6.108 ms
GET /apidoc/locales/de.js?v=1566807556872 200 Mon, 26 Aug 2019 08:19:16 GMT ::1  1.1 1234 - 6.285 ms
GET /apidoc/locales/es.js?v=1566807556872 200 Mon, 26 Aug 2019 08:19:16 GMT ::1  1.1 1244 - 7.005 ms
GET /apidoc/locales/fr.js?v=1566807556872 200 Mon, 26 Aug 2019 08:19:16 GMT ::1  1.1 1264 - 8.910 ms
GET /apidoc/locales/it.js?v=1566807556872 200 Mon, 26 Aug 2019 08:19:16 GMT ::1  1.1 1249 - 8.567 ms
GET /apidoc/locales/nl.js?v=1566807556872 200 Mon, 26 Aug 2019 08:19:16 GMT ::1  1.1 1241 - 4.711 ms
GET /apidoc/locales/pl.js?v=1566807556872 200 Mon, 26 Aug 2019 08:19:16 GMT ::1  1.1 1226 - 4.674 ms
GET /apidoc/locales/pt_br.js?v=1566807556872 200 Mon, 26 Aug 2019 08:19:16 GMT ::1  1.1 1236 - 4.864 ms
GET /apidoc/locales/ro.js?v=1566807556872 200 Mon, 26 Aug 2019 08:19:16 GMT ::1  1.1 1238 - 6.997 ms
GET /apidoc/locales/ru.js?v=1566807556872 200 Mon, 26 Aug 2019 08:19:16 GMT ::1  1.1 1481 - 4.511 ms
GET /apidoc/locales/tr.js?v=1566807556872 200 Mon, 26 Aug 2019 08:19:16 GMT ::1  1.1 1246 - 6.691 ms
GET /apidoc/locales/vi.js?v=1566807556872 200 Mon, 26 Aug 2019 08:19:16 GMT ::1  1.1 1328 - 5.900 ms
GET /apidoc/locales/zh.js?v=1566807556872 200 Mon, 26 Aug 2019 08:19:16 GMT ::1  1.1 1163 - 3.585 ms
GET /apidoc/locales/zh_cn.js?v=1566807556872 200 Mon, 26 Aug 2019 08:19:16 GMT ::1  1.1 1186 - 2.483 ms
GET /apidoc/vendor/bootstrap.min.js?v=1566807556872 200 Mon, 26 Aug 2019 08:19:17 GMT ::1  1.1 37045 - 1.269 ms
GET /apidoc/utils/handlebars_helper.js?v=1566807556872 200 Mon, 26 Aug 2019 08:19:17 GMT ::1  1.1 10277 - 0.902 ms
GET /apidoc/vendor/diff_match_patch.min.js?v=1566807556872 200 Mon, 26 Aug 2019 08:19:17 GMT ::1  1.1 19192 - 0.587 ms
POST /menuManagement/add 401 Mon, 26 Aug 2019 08:19:21 GMT ::1  1.1 90 - 21.905 ms
POST /menuManagement/add 500 Mon, 26 Aug 2019 08:19:25 GMT ::1  1.1 284 - 508.195 ms
GET /apidoc/ 304 Mon, 26 Aug 2019 08:22:26 GMT ::1  1.1  - 5.294 ms
GET /apidoc/vendor/bootstrap.min.css 304 Mon, 26 Aug 2019 08:22:26 GMT ::1  1.1  - 3.933 ms
GET /apidoc/vendor/prettify.css 304 Mon, 26 Aug 2019 08:22:26 GMT ::1  1.1  - 3.531 ms
GET /apidoc/vendor/polyfill.js 304 Mon, 26 Aug 2019 08:22:26 GMT ::1  1.1  - 3.154 ms
GET /apidoc/css/style.css 304 Mon, 26 Aug 2019 08:22:26 GMT ::1  1.1  - 3.544 ms
GET /apidoc/vendor/require.min.js 304 Mon, 26 Aug 2019 08:22:26 GMT ::1  1.1  - 3.334 ms
GET /apidoc/vendor/bootstrap.min.css.map 404 Mon, 26 Aug 2019 08:22:26 GMT ::1  1.1 23 - 5.536 ms
GET /apidoc/main.js 304 Mon, 26 Aug 2019 08:22:26 GMT ::1  1.1  - 0.717 ms
GET /apidoc/vendor/lodash.custom.min.js?v=1566807746623 200 Mon, 26 Aug 2019 08:22:26 GMT ::1  1.1 19579 - 6.368 ms
GET /apidoc/vendor/jquery.min.js?v=1566807746623 200 Mon, 26 Aug 2019 08:22:26 GMT ::1  1.1 85630 - 6.198 ms
GET /apidoc/locales/locale.js?v=1566807746623 200 Mon, 26 Aug 2019 08:22:26 GMT ::1  1.1 1249 - 2.687 ms
GET /apidoc/api_project.js?v=1566807746623 200 Mon, 26 Aug 2019 08:22:26 GMT ::1  1.1 369 - 3.108 ms
GET /apidoc/api_data.js?v=1566807746623 200 Mon, 26 Aug 2019 08:22:26 GMT ::1  1.1 25261 - 3.361 ms
GET /apidoc/utils/send_sample_request.js?v=1566807746623 200 Mon, 26 Aug 2019 08:22:26 GMT ::1  1.1 6328 - 0.945 ms
GET /apidoc/vendor/semver.min.js?v=1566807746623 200 Mon, 26 Aug 2019 08:22:26 GMT ::1  1.1 12950 - 0.837 ms
GET /apidoc/vendor/webfontloader.js?v=1566807746623 200 Mon, 26 Aug 2019 08:22:26 GMT ::1  1.1 12492 - 2.863 ms
GET /apidoc/vendor/path-to-regexp/index.js?v=1566807746623 200 Mon, 26 Aug 2019 08:22:26 GMT ::1  1.1 5147 - 3.537 ms
GET /apidoc/vendor/list.min.js?v=1566807746623 200 Mon, 26 Aug 2019 08:22:26 GMT ::1  1.1 15952 - 6.242 ms
GET /apidoc/img/favicon.ico 200 Mon, 26 Aug 2019 08:22:26 GMT ::1  1.1 894 - 0.841 ms
GET /apidoc/vendor/prettify/prettify.js?v=1566807746623 200 Mon, 26 Aug 2019 08:22:26 GMT ::1  1.1 15261 - 0.845 ms
GET /apidoc/vendor/handlebars.min.js?v=1566807746623 200 Mon, 26 Aug 2019 08:22:26 GMT ::1  1.1 72614 - 0.831 ms
GET /apidoc/vendor/bootstrap.min.js?v=1566807746623 200 Mon, 26 Aug 2019 08:22:26 GMT ::1  1.1 37045 - 0.845 ms
GET /apidoc/locales/ca.js?v=1566807746623 200 Mon, 26 Aug 2019 08:22:26 GMT ::1  1.1 1225 - 2.226 ms
GET /apidoc/locales/cs.js?v=1566807746623 200 Mon, 26 Aug 2019 08:22:26 GMT ::1  1.1 1246 - 2.434 ms
GET /apidoc/locales/de.js?v=1566807746623 200 Mon, 26 Aug 2019 08:22:26 GMT ::1  1.1 1234 - 4.740 ms
GET /apidoc/locales/es.js?v=1566807746623 200 Mon, 26 Aug 2019 08:22:26 GMT ::1  1.1 1244 - 3.926 ms
GET /apidoc/locales/fr.js?v=1566807746623 200 Mon, 26 Aug 2019 08:22:26 GMT ::1  1.1 1264 - 3.598 ms
GET /apidoc/locales/it.js?v=1566807746623 200 Mon, 26 Aug 2019 08:22:26 GMT ::1  1.1 1249 - 0.761 ms
GET /apidoc/locales/nl.js?v=1566807746623 200 Mon, 26 Aug 2019 08:22:26 GMT ::1  1.1 1241 - 0.746 ms
GET /apidoc/locales/pl.js?v=1566807746623 200 Mon, 26 Aug 2019 08:22:26 GMT ::1  1.1 1226 - 0.974 ms
GET /apidoc/locales/pt_br.js?v=1566807746623 200 Mon, 26 Aug 2019 08:22:26 GMT ::1  1.1 1236 - 0.993 ms
GET /apidoc/locales/ro.js?v=1566807746623 200 Mon, 26 Aug 2019 08:22:26 GMT ::1  1.1 1238 - 3.330 ms
GET /apidoc/locales/ru.js?v=1566807746623 200 Mon, 26 Aug 2019 08:22:26 GMT ::1  1.1 1481 - 2.880 ms
GET /apidoc/locales/tr.js?v=1566807746623 200 Mon, 26 Aug 2019 08:22:26 GMT ::1  1.1 1246 - 0.755 ms
GET /apidoc/locales/vi.js?v=1566807746623 200 Mon, 26 Aug 2019 08:22:26 GMT ::1  1.1 1328 - 1.479 ms
GET /apidoc/locales/zh_cn.js?v=1566807746623 200 Mon, 26 Aug 2019 08:22:26 GMT ::1  1.1 1186 - 1.610 ms
GET /apidoc/locales/zh.js?v=1566807746623 200 Mon, 26 Aug 2019 08:22:26 GMT ::1  1.1 1163 - 1.747 ms
GET /apidoc/utils/handlebars_helper.js?v=1566807746623 200 Mon, 26 Aug 2019 08:22:26 GMT ::1  1.1 10277 - 0.744 ms
GET /apidoc/vendor/diff_match_patch.min.js?v=1566807746623 200 Mon, 26 Aug 2019 08:22:26 GMT ::1  1.1 19192 - 1.350 ms
POST /menuManagement/add 500 Mon, 26 Aug 2019 08:22:35 GMT ::1  1.1 245 - 491.352 ms
POST /menuManagement/add 500 Mon, 26 Aug 2019 08:23:34 GMT ::1  1.1 216 - 521.061 ms
POST /menuManagement/add 500 Mon, 26 Aug 2019 08:24:07 GMT ::1  1.1 216 - 512.420 ms
POST /menuManagement/add 500 Mon, 26 Aug 2019 08:24:22 GMT ::1  1.1 217 - 519.381 ms
POST /menuManagement/add 500 Mon, 26 Aug 2019 08:24:56 GMT ::1  1.1 217 - 510.674 ms
POST /menuManagement/add 500 Mon, 26 Aug 2019 08:25:54 GMT ::1  1.1 214 - 519.201 ms
POST /menuManagement/add 500 Mon, 26 Aug 2019 08:26:15 GMT ::1  1.1 211 - 500.577 ms
POST /menuManagement/add 500 Mon, 26 Aug 2019 08:26:31 GMT ::1  1.1 104 - 552.386 ms
POST /menuManagement/add 500 Mon, 26 Aug 2019 08:27:26 GMT ::1  1.1 104 - 517.503 ms
POST /menuManagement/add 200 Mon, 26 Aug 2019 08:35:16 GMT ::1  1.1 60 - 532.683 ms
POST /menuManagement/add 500 Mon, 26 Aug 2019 08:35:47 GMT ::1  1.1 85 - 125.866 ms
POST /menuManagement/add 500 Mon, 26 Aug 2019 08:35:50 GMT ::1  1.1 94 - 238.440 ms
POST /menuManagement/add 500 Mon, 26 Aug 2019 08:35:56 GMT ::1  1.1 94 - 234.138 ms
POST /menuManagement/add 500 Mon, 26 Aug 2019 08:36:05 GMT ::1  1.1 94 - 236.997 ms
POST /menuManagement/add 500 Mon, 26 Aug 2019 08:37:26 GMT ::1  1.1 94 - 499.789 ms
POST /menuManagement/add 500 Mon, 26 Aug 2019 08:37:41 GMT ::1  1.1 94 - 223.655 ms
POST /menuManagement/add 200 Mon, 26 Aug 2019 08:42:48 GMT ::1  1.1 60 - 224.908 ms
POST /menuManagement/add 200 Mon, 26 Aug 2019 08:42:51 GMT ::1  1.1 60 - 225.920 ms
POST /menuManagement/add 200 Mon, 26 Aug 2019 08:42:54 GMT ::1  1.1 60 - 226.789 ms
POST /menuManagement/add 200 Mon, 26 Aug 2019 08:43:42 GMT ::1  1.1 60 - 226.294 ms
POST /menuManagement/add 500 Mon, 26 Aug 2019 08:43:43 GMT ::1  1.1 85 - 108.984 ms
POST /menuManagement/add 500 Mon, 26 Aug 2019 08:43:45 GMT ::1  1.1 85 - 110.046 ms
POST /menuManagement/GetTree 200 Mon, 26 Aug 2019 08:43:59 GMT ::1  1.1 640 - 110.970 ms
POST /menuManagement/GetTree 200 Mon, 26 Aug 2019 08:43:59 GMT ::1  1.1 640 - 109.643 ms
POST /menuManagement/GetTree 200 Mon, 26 Aug 2019 08:43:59 GMT ::1  1.1 640 - 220.180 ms
POST /menuManagement/add 200 Mon, 26 Aug 2019 08:52:37 GMT ::1  1.1 60 - 512.326 ms
POST /menuManagement/add 500 Mon, 26 Aug 2019 08:53:01 GMT ::1  1.1 85 - 113.281 ms
POST /menuManagement/add 500 Mon, 26 Aug 2019 08:53:04 GMT ::1  1.1 94 - 238.029 ms
POST /menuManagement/add 500 Mon, 26 Aug 2019 08:53:10 GMT ::1  1.1 94 - 233.726 ms
POST /menuManagement/add 500 Mon, 26 Aug 2019 08:53:22 GMT ::1  1.1 94 - 234.921 ms
POST /menuManagement/add 500 Mon, 26 Aug 2019 08:53:23 GMT ::1  1.1 94 - 235.109 ms
POST /menuManagement/add 200 Mon, 26 Aug 2019 08:54:03 GMT ::1  1.1 60 - 235.077 ms
POST /menuManagement/add 500 Mon, 26 Aug 2019 08:54:05 GMT ::1  1.1 94 - 234.149 ms
POST /menuManagement/add 500 Mon, 26 Aug 2019 08:54:08 GMT ::1  1.1 94 - 230.026 ms
POST /menuManagement/add 500 Mon, 26 Aug 2019 08:54:29 GMT ::1  1.1 94 - 232.140 ms
POST /menuManagement/add 500 Mon, 26 Aug 2019 08:54:30 GMT ::1  1.1 94 - 229.122 ms
POST /menuManagement/add 500 Mon, 26 Aug 2019 08:54:30 GMT ::1  1.1 94 - 233.065 ms
POST /menuManagement/add 500 Mon, 26 Aug 2019 08:54:30 GMT ::1  1.1 94 - 232.882 ms
POST /menuManagement/add 500 Mon, 26 Aug 2019 08:54:31 GMT ::1  1.1 94 - 231.880 ms
POST /menuManagement/add 500 Mon, 26 Aug 2019 08:55:09 GMT ::1  1.1 94 - 232.419 ms
POST /menuManagement/add 500 Mon, 26 Aug 2019 08:55:24 GMT ::1  1.1 94 - 229.144 ms
POST /menuManagement/add 200 Mon, 26 Aug 2019 08:55:38 GMT ::1  1.1 60 - 241.496 ms
POST /menuManagement/add 200 Mon, 26 Aug 2019 08:55:41 GMT ::1  1.1 60 - 239.232 ms
POST /menuManagement/add 500 Mon, 26 Aug 2019 08:56:36 GMT ::1  1.1 470 - 2.695 ms
POST /menuManagement/add 200 Mon, 26 Aug 2019 08:56:41 GMT ::1  1.1 60 - 238.739 ms
POST /menuManagement/add 200 Mon, 26 Aug 2019 08:57:27 GMT ::1  1.1 60 - 241.397 ms
POST /menuManagement/GetTree 200 Mon, 26 Aug 2019 08:57:48 GMT ::1  1.1 343 - 112.979 ms
POST /menuManagement/GetTree 200 Mon, 26 Aug 2019 08:57:48 GMT ::1  1.1 343 - 121.583 ms
POST /menuManagement/GetTree 200 Mon, 26 Aug 2019 08:57:48 GMT ::1  1.1 343 - 265.322 ms
POST /menuManagement/GetTree 200 Mon, 26 Aug 2019 08:58:07 GMT ::1  1.1 69 - 112.260 ms
POST /menuManagement/GetTree 200 Mon, 26 Aug 2019 08:58:07 GMT ::1  1.1 69 - 122.510 ms
POST /menuManagement/GetTree 200 Mon, 26 Aug 2019 08:58:07 GMT ::1  1.1 69 - 124.807 ms
POST /menuManagement/GetTree 200 Mon, 26 Aug 2019 08:59:27 GMT ::1  1.1 69 - 260.934 ms
POST /menuManagement/GetTree 200 Mon, 26 Aug 2019 08:59:27 GMT ::1  1.1 69 - 244.718 ms
POST /menuManagement/GetTree 200 Mon, 26 Aug 2019 08:59:27 GMT ::1  1.1 69 - 252.644 ms
POST /menuManagement/GetTree 200 Mon, 26 Aug 2019 08:59:53 GMT ::1  1.1 642 - 268.537 ms
POST /menuManagement/GetTree 200 Mon, 26 Aug 2019 08:59:53 GMT ::1  1.1 642 - 238.432 ms
POST /menuManagement/GetTree 200 Mon, 26 Aug 2019 08:59:53 GMT ::1  1.1 642 - 250.715 ms
POST /menuManagement/add 500 Mon, 26 Aug 2019 09:01:03 GMT ::1  1.1 439 - 5.314 ms
POST /menuManagement/add 200 Mon, 26 Aug 2019 09:01:20 GMT ::1  1.1 60 - 227.235 ms
POST /menuManagement/add 500 Mon, 26 Aug 2019 09:01:49 GMT ::1  1.1 440 - 35.034 ms
POST /menuManagement/add 500 Mon, 26 Aug 2019 09:01:50 GMT ::1  1.1 440 - 2.402 ms
POST /menuManagement/add 500 Mon, 26 Aug 2019 09:01:50 GMT ::1  1.1 440 - 1.133 ms
POST /menuManagement/add 500 Mon, 26 Aug 2019 09:01:51 GMT ::1  1.1 440 - 1.021 ms
POST /menuManagement/add 500 Mon, 26 Aug 2019 09:05:20 GMT ::1  1.1 440 - 33.588 ms
POST /menuManagement/add 500 Mon, 26 Aug 2019 09:05:50 GMT ::1  1.1 440 - 32.195 ms
POST /menuManagement/add 500 Mon, 26 Aug 2019 09:07:18 GMT ::1  1.1 440 - 30.903 ms
POST /menuManagement/add 500 Mon, 26 Aug 2019 09:07:21 GMT ::1  1.1 443 - 1.845 ms
POST /menuManagement/add 200 Mon, 26 Aug 2019 09:09:00 GMT ::1  1.1 60 - 529.188 ms
POST /menuManagement/add 500 Mon, 26 Aug 2019 09:09:02 GMT ::1  1.1 85 - 122.598 ms
POST /menuManagement/add 500 Mon, 26 Aug 2019 09:09:11 GMT ::1  1.1 85 - 115.321 ms
POST /menuManagement/add 200 Mon, 26 Aug 2019 09:09:58 GMT ::1  1.1 60 - 238.834 ms
POST /menuManagement/GetTree 200 Mon, 26 Aug 2019 09:10:01 GMT ::1  1.1 890 - 121.602 ms
POST /menuManagement/GetTree 200 Mon, 26 Aug 2019 09:10:01 GMT ::1  1.1 890 - 135.277 ms
POST /menuManagement/GetTree 200 Mon, 26 Aug 2019 09:10:01 GMT ::1  1.1 890 - 236.835 ms
POST /menuManagement/GetTree 200 Mon, 26 Aug 2019 09:10:57 GMT ::1  1.1 890 - 115.264 ms
POST /menuManagement/GetTree 200 Mon, 26 Aug 2019 09:10:57 GMT ::1  1.1 890 - 117.422 ms
POST /menuManagement/GetTree 200 Mon, 26 Aug 2019 09:10:57 GMT ::1  1.1 890 - 125.475 ms
POST /menuManagement/GetTree 200 Mon, 26 Aug 2019 09:14:20 GMT ::1  1.1 890 - 116.121 ms
POST /menuManagement/GetTree 200 Mon, 26 Aug 2019 09:14:20 GMT ::1  1.1 890 - 118.132 ms
POST /menuManagement/GetTree 200 Mon, 26 Aug 2019 09:14:20 GMT ::1  1.1 890 - 126.149 ms
POST /menuManagement/GetTree 200 Mon, 26 Aug 2019 09:15:01 GMT ::1  1.1 890 - 113.369 ms
POST /menuManagement/GetTree 200 Mon, 26 Aug 2019 09:15:27 GMT ::1  1.1 890 - 120.755 ms
POST /menuManagement/GetTree 200 Mon, 26 Aug 2019 09:15:27 GMT ::1  1.1 890 - 120.729 ms
POST /menuManagement/GetTree 200 Mon, 26 Aug 2019 09:15:27 GMT ::1  1.1 890 - 128.077 ms
POST /menuManagement/GetTree 200 Mon, 26 Aug 2019 09:15:27 GMT ::1  1.1 890 - 229.673 ms
POST /menuManagement/GetTree 200 Mon, 26 Aug 2019 09:16:02 GMT ::1  1.1 890 - 118.360 ms
POST /menuManagement/GetTree 200 Mon, 26 Aug 2019 09:16:02 GMT ::1  1.1 890 - 120.108 ms
POST /menuManagement/GetTree 200 Mon, 26 Aug 2019 09:16:02 GMT ::1  1.1 890 - 121.677 ms
POST /menuManagement/GetTree 200 Mon, 26 Aug 2019 09:16:02 GMT ::1  1.1 890 - 128.065 ms
POST /menuManagement/GetTree 200 Mon, 26 Aug 2019 09:16:59 GMT ::1  1.1 890 - 113.574 ms
POST /menuManagement/GetTree 200 Mon, 26 Aug 2019 09:16:59 GMT ::1  1.1 890 - 116.971 ms
POST /menuManagement/GetTree 200 Mon, 26 Aug 2019 09:16:59 GMT ::1  1.1 890 - 119.334 ms
POST /menuManagement/GetTree 200 Mon, 26 Aug 2019 09:16:59 GMT ::1  1.1 890 - 127.407 ms
POST /menuManagement/GetTree 200 Mon, 26 Aug 2019 09:17:30 GMT ::1  1.1 890 - 120.307 ms
POST /menuManagement/GetTree 200 Mon, 26 Aug 2019 09:17:30 GMT ::1  1.1 890 - 122.503 ms
POST /menuManagement/GetTree 200 Mon, 26 Aug 2019 09:17:30 GMT ::1  1.1 890 - 124.347 ms
POST /menuManagement/GetTree 200 Mon, 26 Aug 2019 09:17:30 GMT ::1  1.1 890 - 128.447 ms
POST /menuManagement/GetTree 200 Mon, 26 Aug 2019 09:18:09 GMT ::1  1.1 890 - 111.912 ms
POST /menuManagement/GetTree 200 Mon, 26 Aug 2019 09:18:11 GMT ::1  1.1 890 - 114.804 ms
POST /menuManagement/GetTree 200 Mon, 26 Aug 2019 09:18:11 GMT ::1  1.1 890 - 116.873 ms
POST /menuManagement/GetTree 200 Mon, 26 Aug 2019 09:18:11 GMT ::1  1.1 890 - 118.577 ms
POST /menuManagement/GetTree 200 Mon, 26 Aug 2019 09:18:11 GMT ::1  1.1 890 - 126.087 ms
POST /menuManagement/GetTree 200 Mon, 26 Aug 2019 09:18:19 GMT ::1  1.1 890 - 118.938 ms
POST /menuManagement/GetTree 200 Mon, 26 Aug 2019 09:18:30 GMT ::1  1.1 890 - 113.438 ms
POST /menuManagement/GetTree 200 Mon, 26 Aug 2019 09:18:30 GMT ::1  1.1 890 - 120.860 ms
POST /menuManagement/GetTree 200 Mon, 26 Aug 2019 09:18:30 GMT ::1  1.1 890 - 129.212 ms
POST /menuManagement/GetTree 200 Mon, 26 Aug 2019 09:18:30 GMT ::1  1.1 890 - 128.750 ms
POST /menuManagement/GetTree 200 Mon, 26 Aug 2019 09:20:12 GMT ::1  1.1 890 - 130.698 ms
POST /menuManagement/GetTree 200 Mon, 26 Aug 2019 09:20:15 GMT ::1  1.1 890 - 652.576 ms
POST /menuManagement/GetTree 200 Mon, 26 Aug 2019 09:20:20 GMT ::1  1.1 890 - 115.882 ms
POST /menuManagement/GetTree 200 Mon, 26 Aug 2019 09:20:20 GMT ::1  1.1 890 - 116.383 ms
POST /menuManagement/GetTree 200 Mon, 26 Aug 2019 09:20:20 GMT ::1  1.1 890 - 118.128 ms
POST /menuManagement/GetTree 200 Mon, 26 Aug 2019 09:20:20 GMT ::1  1.1 890 - 127.429 ms
POST /menuManagement/GetTree 200 Mon, 26 Aug 2019 09:20:49 GMT ::1  1.1 890 - 115.456 ms
POST /menuManagement/GetTree 200 Mon, 26 Aug 2019 09:20:49 GMT ::1  1.1 890 - 118.117 ms
POST /menuManagement/GetTree 200 Mon, 26 Aug 2019 09:20:49 GMT ::1  1.1 890 - 122.405 ms
POST /menuManagement/GetTree 200 Mon, 26 Aug 2019 09:20:49 GMT ::1  1.1 890 - 131.525 ms
POST /menuManagement/GetTree 200 Mon, 26 Aug 2019 09:22:07 GMT ::1  1.1 890 - 115.801 ms
POST /menuManagement/GetTree 200 Mon, 26 Aug 2019 09:22:07 GMT ::1  1.1 890 - 118.035 ms
POST /menuManagement/GetTree 200 Mon, 26 Aug 2019 09:22:07 GMT ::1  1.1 890 - 121.741 ms
POST /menuManagement/GetTree 200 Mon, 26 Aug 2019 09:22:07 GMT ::1  1.1 890 - 130.342 ms
POST /menuManagement/GetTree 200 Mon, 26 Aug 2019 09:22:57 GMT ::1  1.1 890 - 120.853 ms
POST /menuManagement/GetTree 200 Mon, 26 Aug 2019 09:22:57 GMT ::1  1.1 890 - 125.900 ms
POST /menuManagement/GetTree 200 Mon, 26 Aug 2019 09:22:57 GMT ::1  1.1 890 - 128.248 ms
POST /menuManagement/GetTree 200 Mon, 26 Aug 2019 09:22:57 GMT ::1  1.1 890 - 132.863 ms
POST /menuManagement/GetTree 200 Mon, 26 Aug 2019 09:23:12 GMT ::1  1.1 890 - 114.025 ms
POST /menuManagement/GetTree 200 Mon, 26 Aug 2019 09:23:12 GMT ::1  1.1 890 - 115.306 ms
POST /menuManagement/GetTree 200 Mon, 26 Aug 2019 09:23:12 GMT ::1  1.1 890 - 117.592 ms
POST /menuManagement/GetTree 200 Mon, 26 Aug 2019 09:23:12 GMT ::1  1.1 890 - 125.556 ms
POST /menuManagement/GetTree 200 Mon, 26 Aug 2019 09:23:41 GMT ::1  1.1 890 - 113.261 ms
POST /menuManagement/GetTree 200 Mon, 26 Aug 2019 09:23:45 GMT ::1  1.1 890 - 114.367 ms
POST /menuManagement/GetTree 200 Mon, 26 Aug 2019 09:23:48 GMT ::1  1.1 890 - 115.859 ms
POST /menuManagement/GetTree 200 Mon, 26 Aug 2019 09:23:48 GMT ::1  1.1 890 - 127.968 ms
POST /menuManagement/GetTree 200 Mon, 26 Aug 2019 09:23:48 GMT ::1  1.1 890 - 120.599 ms
POST /menuManagement/GetTree 200 Mon, 26 Aug 2019 09:23:48 GMT ::1  1.1 890 - 122.278 ms
POST /menuManagement/GetTree 200 Mon, 26 Aug 2019 09:23:58 GMT ::1  1.1 890 - 113.804 ms
POST /menuManagement/GetTree 200 Mon, 26 Aug 2019 09:23:58 GMT ::1  1.1 890 - 113.871 ms
POST /menuManagement/GetTree 200 Mon, 26 Aug 2019 09:23:58 GMT ::1  1.1 890 - 119.292 ms
POST /menuManagement/GetTree 200 Mon, 26 Aug 2019 09:23:58 GMT ::1  1.1 890 - 130.711 ms
POST /menuManagement/GetTree 200 Mon, 26 Aug 2019 09:24:33 GMT ::1  1.1 890 - 114.143 ms
POST /menuManagement/GetTree 200 Mon, 26 Aug 2019 09:24:48 GMT ::1  1.1 890 - 117.775 ms
POST /menuManagement/GetTree 200 Mon, 26 Aug 2019 09:24:48 GMT ::1  1.1 890 - 117.755 ms
POST /menuManagement/GetTree 200 Mon, 26 Aug 2019 09:24:48 GMT ::1  1.1 890 - 125.263 ms
POST /menuManagement/GetTree 200 Mon, 26 Aug 2019 09:24:48 GMT ::1  1.1 890 - 131.632 ms
POST /menuManagement/GetTree 200 Mon, 26 Aug 2019 09:25:09 GMT ::1  1.1 890 - 115.603 ms
POST /menuManagement/GetTree 200 Mon, 26 Aug 2019 09:25:09 GMT ::1  1.1 890 - 116.544 ms
POST /menuManagement/GetTree 200 Mon, 26 Aug 2019 09:25:09 GMT ::1  1.1 890 - 119.298 ms
POST /menuManagement/GetTree 200 Mon, 26 Aug 2019 09:25:09 GMT ::1  1.1 890 - 126.162 ms
POST /menuManagement/GetTree 200 Mon, 26 Aug 2019 09:25:28 GMT ::1  1.1 890 - 119.475 ms
POST /menuManagement/GetTree 200 Mon, 26 Aug 2019 09:25:28 GMT ::1  1.1 890 - 120.932 ms
POST /menuManagement/GetTree 200 Mon, 26 Aug 2019 09:25:28 GMT ::1  1.1 890 - 123.010 ms
POST /menuManagement/GetTree 200 Mon, 26 Aug 2019 09:25:28 GMT ::1  1.1 890 - 125.821 ms
POST /menuManagement/GetTree 200 Mon, 26 Aug 2019 09:26:57 GMT ::1  1.1 890 - 114.641 ms
POST /menuManagement/GetTree 200 Mon, 26 Aug 2019 09:29:57 GMT ::1  1.1 890 - 114.790 ms
POST /menuManagement/GetTree 200 Mon, 26 Aug 2019 09:29:57 GMT ::1  1.1 890 - 116.314 ms
POST /menuManagement/GetTree 200 Mon, 26 Aug 2019 09:29:57 GMT ::1  1.1 890 - 123.738 ms
POST /menuManagement/GetTree 200 Mon, 26 Aug 2019 09:29:57 GMT ::1  1.1 890 - 126.053 ms
POST /menuManagement/GetTree 200 Mon, 26 Aug 2019 09:30:15 GMT ::1  1.1 890 - 113.191 ms
POST /menuManagement/GetTree 200 Mon, 26 Aug 2019 09:30:15 GMT ::1  1.1 890 - 116.549 ms
POST /menuManagement/GetTree 200 Mon, 26 Aug 2019 09:30:15 GMT ::1  1.1 890 - 118.473 ms
POST /menuManagement/GetTree 200 Mon, 26 Aug 2019 09:30:15 GMT ::1  1.1 890 - 125.451 ms
POST /menuManagement/GetTree 200 Mon, 26 Aug 2019 09:33:01 GMT ::1  1.1 890 - 112.749 ms
POST /menuManagement/GetTree 200 Mon, 26 Aug 2019 09:34:20 GMT ::1  1.1 890 - 114.081 ms
POST /menuManagement/GetTree 200 Mon, 26 Aug 2019 09:34:20 GMT ::1  1.1 890 - 114.968 ms
POST /menuManagement/GetTree 200 Mon, 26 Aug 2019 09:34:20 GMT ::1  1.1 890 - 117.228 ms
POST /menuManagement/GetTree 200 Mon, 26 Aug 2019 09:34:20 GMT ::1  1.1 890 - 125.925 ms
POST /menuManagement/GetTree 200 Mon, 26 Aug 2019 09:35:44 GMT ::1  1.1 890 - 110.761 ms
POST /menuManagement/add 500 Mon, 26 Aug 2019 09:36:53 GMT ::1  1.1 421 - 29.317 ms
POST /menuManagement/add 500 Mon, 26 Aug 2019 09:36:56 GMT ::1  1.1 421 - 2.758 ms
POST /menuManagement/add 500 Mon, 26 Aug 2019 09:36:57 GMT ::1  1.1 421 - 1.795 ms
POST /menuManagement/add 500 Mon, 26 Aug 2019 09:36:57 GMT ::1  1.1 421 - 1.385 ms
POST /menuManagement/add 500 Mon, 26 Aug 2019 09:37:34 GMT ::1  1.1 423 - 35.978 ms
POST /menuManagement/add 200 Mon, 26 Aug 2019 09:37:54 GMT ::1  1.1 60 - 483.825 ms
POST /menuManagement/GetTree 200 Mon, 26 Aug 2019 09:38:06 GMT ::1  1.1 1456 - 124.859 ms
POST /menuManagement/GetTree 200 Mon, 26 Aug 2019 09:38:06 GMT ::1  1.1 1456 - 126.346 ms
POST /menuManagement/GetTree 200 Mon, 26 Aug 2019 09:38:06 GMT ::1  1.1 1456 - 252.550 ms
POST /menuManagement/GetTree 200 Mon, 26 Aug 2019 09:38:06 GMT ::1  1.1 1456 - 254.083 ms
POST /menuManagement/GetTree 200 Mon, 26 Aug 2019 09:39:27 GMT ::1  1.1 1456 - 113.245 ms
POST /menuManagement/GetTree 200 Mon, 26 Aug 2019 09:39:27 GMT ::1  1.1 1456 - 116.919 ms
POST /menuManagement/GetTree 200 Mon, 26 Aug 2019 09:39:27 GMT ::1  1.1 1456 - 131.811 ms
POST /menuManagement/GetTree 200 Mon, 26 Aug 2019 09:39:27 GMT ::1  1.1 1456 - 136.043 ms
POST /menuManagement/GetTree 200 Mon, 26 Aug 2019 09:39:37 GMT ::1  1.1 1456 - 117.729 ms
POST /menuManagement/GetTree 200 Mon, 26 Aug 2019 09:39:37 GMT ::1  1.1 1456 - 114.957 ms
POST /menuManagement/GetTree 200 Mon, 26 Aug 2019 09:39:37 GMT ::1  1.1 1456 - 128.496 ms
POST /menuManagement/GetTree 200 Mon, 26 Aug 2019 09:39:37 GMT ::1  1.1 1456 - 130.116 ms
POST /menuManagement/GetTree 200 Mon, 26 Aug 2019 09:41:11 GMT ::1  1.1 1456 - 241.217 ms
POST /menuManagement/GetTree 200 Mon, 26 Aug 2019 09:41:11 GMT ::1  1.1 1456 - 248.155 ms
POST /menuManagement/GetTree 200 Mon, 26 Aug 2019 09:41:11 GMT ::1  1.1 1456 - 300.088 ms
POST /menuManagement/GetTree 200 Mon, 26 Aug 2019 09:41:11 GMT ::1  1.1 1456 - 272.675 ms
POST /menuManagement/GetTree 200 Mon, 26 Aug 2019 09:47:03 GMT ::1  1.1 1456 - 237.383 ms
POST /menuManagement/GetTree 200 Mon, 26 Aug 2019 09:47:03 GMT ::1  1.1 1456 - 251.795 ms
POST /menuManagement/GetTree 200 Mon, 26 Aug 2019 09:47:03 GMT ::1  1.1 1456 - 299.655 ms
POST /menuManagement/GetTree 200 Mon, 26 Aug 2019 09:47:03 GMT ::1  1.1 1456 - 274.049 ms
POST /menuManagement/GetTree 200 Mon, 26 Aug 2019 09:49:14 GMT ::1  1.1 1456 - 254.090 ms
POST /menuManagement/GetTree 200 Mon, 26 Aug 2019 09:49:14 GMT ::1  1.1 1456 - 312.141 ms
POST /menuManagement/GetTree 200 Mon, 26 Aug 2019 09:49:14 GMT ::1  1.1 1456 - 287.998 ms
POST /menuManagement/GetTree 200 Mon, 26 Aug 2019 09:49:14 GMT ::1  1.1 1456 - 309.986 ms
POST /menuManagement/GetTree 200 Mon, 26 Aug 2019 09:52:13 GMT ::1  1.1 1456 - 292.107 ms
POST /menuManagement/GetTree 200 Mon, 26 Aug 2019 09:52:13 GMT ::1  1.1 1456 - 275.201 ms
POST /menuManagement/GetTree 200 Mon, 26 Aug 2019 09:52:13 GMT ::1  1.1 1456 - 320.684 ms
POST /menuManagement/GetTree 200 Mon, 26 Aug 2019 09:52:14 GMT ::1  1.1 1456 - 374.078 ms
POST /menuManagement/GetTree 200 Mon, 26 Aug 2019 09:55:14 GMT ::1  1.1 2424 - 299.874 ms
POST /menuManagement/GetTree 200 Mon, 26 Aug 2019 09:55:14 GMT ::1  1.1 2424 - 271.340 ms
POST /menuManagement/GetTree 200 Mon, 26 Aug 2019 09:55:14 GMT ::1  1.1 2424 - 325.501 ms
POST /menuManagement/GetTree 200 Mon, 26 Aug 2019 09:55:15 GMT ::1  1.1 2424 - 386.707 ms
POST /menuManagement/GetTree 200 Mon, 26 Aug 2019 09:57:27 GMT ::1  1.1 1194 - 266.759 ms
POST /menuManagement/GetTree 200 Mon, 26 Aug 2019 09:57:27 GMT ::1  1.1 1194 - 228.049 ms
POST /menuManagement/GetTree 200 Mon, 26 Aug 2019 09:57:27 GMT ::1  1.1 1194 - 250.744 ms
POST /menuManagement/GetTree 200 Mon, 26 Aug 2019 09:57:27 GMT ::1  1.1 1194 - 248.113 ms
POST /menuManagement/GetTree 200 Mon, 26 Aug 2019 09:59:14 GMT ::1  1.1 1191 - 235.701 ms
POST /menuManagement/GetTree 200 Mon, 26 Aug 2019 09:59:14 GMT ::1  1.1 1191 - 235.192 ms
POST /menuManagement/GetTree 200 Mon, 26 Aug 2019 09:59:14 GMT ::1  1.1 1191 - 278.873 ms
POST /menuManagement/GetTree 200 Mon, 26 Aug 2019 09:59:14 GMT ::1  1.1 1191 - 241.536 ms
POST /menuManagement/GetTree 200 Mon, 26 Aug 2019 09:59:25 GMT ::1  1.1 930 - 115.956 ms
POST /menuManagement/GetTree 200 Mon, 26 Aug 2019 09:59:25 GMT ::1  1.1 930 - 115.121 ms
POST /menuManagement/GetTree 200 Mon, 26 Aug 2019 09:59:25 GMT ::1  1.1 930 - 122.633 ms
POST /menuManagement/GetTree 200 Mon, 26 Aug 2019 09:59:25 GMT ::1  1.1 930 - 123.315 ms
POST /menuManagement/GetTree 200 Mon, 26 Aug 2019 10:00:49 GMT ::1  1.1 930 - 112.439 ms
POST /menuManagement/GetTree 200 Mon, 26 Aug 2019 10:00:49 GMT ::1  1.1 930 - 112.576 ms
POST /menuManagement/GetTree 200 Mon, 26 Aug 2019 10:00:49 GMT ::1  1.1 930 - 124.255 ms
POST /menuManagement/GetTree 200 Mon, 26 Aug 2019 10:01:04 GMT ::1  1.1 930 - 113.219 ms
POST /menuManagement/GetTree 200 Mon, 26 Aug 2019 10:01:04 GMT ::1  1.1 930 - 113.085 ms
POST /menuManagement/GetTree 200 Mon, 26 Aug 2019 10:01:04 GMT ::1  1.1 930 - 125.784 ms
POST /menuManagement/GetAll 200 Mon, 26 Aug 2019 10:01:04 GMT ::1  1.1 84 - 249.644 ms
POST /menuManagement/GetAll 200 Mon, 26 Aug 2019 10:02:11 GMT ::1  1.1  -  ms
POST /menuManagement/GetTree 200 Mon, 26 Aug 2019 10:02:13 GMT ::1  1.1 930 - 112.563 ms
POST /menuManagement/GetTree 200 Mon, 26 Aug 2019 10:02:13 GMT ::1  1.1 930 - 124.408 ms
POST /menuManagement/GetTree 200 Mon, 26 Aug 2019 10:02:13 GMT ::1  1.1 930 - 125.705 ms
POST /menuManagement/GetAll 200 Mon, 26 Aug 2019 10:02:13 GMT ::1  1.1 1156 - 225.983 ms
