GET / 404 Wed, 14 Aug 2019 08:30:29 GMT ::1  1.1 23 - 7.872 ms
GET /favicon.ico 404 Wed, 14 Aug 2019 08:30:29 GMT ::1  1.1 23 - 1.645 ms
GET /apidoc 301 Wed, 14 Aug 2019 08:30:39 GMT ::1  1.1 179 - 1.565 ms
GET /apidoc/ 200 Wed, 14 Aug 2019 08:30:39 GMT ::1  1.1 27577 - 4.865 ms
GET /apidoc/vendor/prettify.css 200 Wed, 14 Aug 2019 08:30:39 GMT ::1  1.1 1956 - 4.431 ms
GET /apidoc/css/style.css 200 Wed, 14 Aug 2019 08:30:39 GMT ::1  1.1 10418 - 4.056 ms
GET /apidoc/vendor/polyfill.js 200 Wed, 14 Aug 2019 08:30:39 GMT ::1  1.1 2900 - 4.222 ms
GET /apidoc/vendor/require.min.js 200 Wed, 14 Aug 2019 08:30:39 GMT ::1  1.1 15825 - 4.660 ms
GET /apidoc/vendor/bootstrap.min.css 200 Wed, 14 Aug 2019 08:30:39 GMT ::1  1.1 121200 - 4.775 ms
GET /apidoc/main.js 200 Wed, 14 Aug 2019 08:30:39 GMT ::1  1.1 28722 - 0.630 ms
GET /apidoc/img/favicon.ico 200 Wed, 14 Aug 2019 08:30:39 GMT ::1  1.1 894 - 8.072 ms
GET /apidoc/vendor/lodash.custom.min.js?v=1565771439694 200 Wed, 14 Aug 2019 08:30:39 GMT ::1  1.1 19579 - 4.960 ms
GET /apidoc/locales/locale.js?v=1565771439694 200 Wed, 14 Aug 2019 08:30:39 GMT ::1  1.1 1249 - 5.561 ms
GET /apidoc/vendor/jquery.min.js?v=1565771439694 200 Wed, 14 Aug 2019 08:30:39 GMT ::1  1.1 85630 - 6.814 ms
GET /apidoc/api_project.js?v=1565771439694 200 Wed, 14 Aug 2019 08:30:39 GMT ::1  1.1 369 - 6.356 ms
GET /apidoc/api_data.js?v=1565771439694 200 Wed, 14 Aug 2019 08:30:39 GMT ::1  1.1 38097 - 5.341 ms
GET /apidoc/utils/send_sample_request.js?v=1565771439694 200 Wed, 14 Aug 2019 08:30:39 GMT ::1  1.1 6328 - 2.299 ms
GET /apidoc/vendor/semver.min.js?v=1565771439694 200 Wed, 14 Aug 2019 08:30:39 GMT ::1  1.1 12950 - 0.891 ms
GET /apidoc/vendor/webfontloader.js?v=1565771439694 200 Wed, 14 Aug 2019 08:30:39 GMT ::1  1.1 12492 - 2.228 ms
GET /apidoc/vendor/path-to-regexp/index.js?v=1565771439694 200 Wed, 14 Aug 2019 08:30:39 GMT ::1  1.1 5147 - 2.592 ms
GET /apidoc/vendor/list.min.js?v=1565771439694 200 Wed, 14 Aug 2019 08:30:39 GMT ::1  1.1 15952 - 3.510 ms
GET /apidoc/vendor/prettify/prettify.js?v=1565771439694 200 Wed, 14 Aug 2019 08:30:39 GMT ::1  1.1 15261 - 0.960 ms
GET /apidoc/vendor/handlebars.min.js?v=1565771439694 200 Wed, 14 Aug 2019 08:30:39 GMT ::1  1.1 72614 - 0.964 ms
GET /apidoc/locales/ca.js?v=1565771439694 200 Wed, 14 Aug 2019 08:30:39 GMT ::1  1.1 1225 - 2.176 ms
GET /apidoc/locales/cs.js?v=1565771439694 200 Wed, 14 Aug 2019 08:30:39 GMT ::1  1.1 1246 - 2.046 ms
GET /apidoc/locales/de.js?v=1565771439694 200 Wed, 14 Aug 2019 08:30:39 GMT ::1  1.1 1234 - 2.276 ms
GET /apidoc/locales/es.js?v=1565771439694 200 Wed, 14 Aug 2019 08:30:39 GMT ::1  1.1 1244 - 2.382 ms
GET /apidoc/locales/fr.js?v=1565771439694 200 Wed, 14 Aug 2019 08:30:39 GMT ::1  1.1 1264 - 3.018 ms
GET /apidoc/locales/it.js?v=1565771439694 200 Wed, 14 Aug 2019 08:30:39 GMT ::1  1.1 1249 - 2.436 ms
GET /apidoc/locales/nl.js?v=1565771439694 200 Wed, 14 Aug 2019 08:30:39 GMT ::1  1.1 1241 - 2.960 ms
GET /apidoc/locales/pl.js?v=1565771439694 200 Wed, 14 Aug 2019 08:30:39 GMT ::1  1.1 1226 - 2.551 ms
GET /apidoc/locales/pt_br.js?v=1565771439694 200 Wed, 14 Aug 2019 08:30:39 GMT ::1  1.1 1236 - 1.004 ms
GET /apidoc/locales/ro.js?v=1565771439694 200 Wed, 14 Aug 2019 08:30:39 GMT ::1  1.1 1238 - 1.660 ms
GET /apidoc/locales/ru.js?v=1565771439694 200 Wed, 14 Aug 2019 08:30:39 GMT ::1  1.1 1481 - 1.905 ms
GET /apidoc/locales/tr.js?v=1565771439694 200 Wed, 14 Aug 2019 08:30:39 GMT ::1  1.1 1246 - 3.317 ms
GET /apidoc/locales/vi.js?v=1565771439694 200 Wed, 14 Aug 2019 08:30:39 GMT ::1  1.1 1328 - 3.722 ms
GET /apidoc/locales/zh.js?v=1565771439694 200 Wed, 14 Aug 2019 08:30:39 GMT ::1  1.1 1163 - 3.886 ms
GET /apidoc/locales/zh_cn.js?v=1565771439694 200 Wed, 14 Aug 2019 08:30:39 GMT ::1  1.1 1186 - 4.008 ms
GET /apidoc/vendor/bootstrap.min.js?v=1565771439694 200 Wed, 14 Aug 2019 08:30:39 GMT ::1  1.1 37045 - 0.700 ms
GET /apidoc/utils/handlebars_helper.js?v=1565771439694 200 Wed, 14 Aug 2019 08:30:39 GMT ::1  1.1 10277 - 0.886 ms
GET /apidoc/vendor/diff_match_patch.min.js?v=1565771439694 200 Wed, 14 Aug 2019 08:30:39 GMT ::1  1.1 19192 - 0.553 ms
GET /apidoc/ 200 Wed, 14 Aug 2019 08:36:16 GMT ::1  1.1 27577 - 5.627 ms
GET /apidoc/vendor/prettify.css 200 Wed, 14 Aug 2019 08:36:16 GMT ::1  1.1 1956 - 4.691 ms
GET /apidoc/vendor/bootstrap.min.css 200 Wed, 14 Aug 2019 08:36:16 GMT ::1  1.1 121200 - 3.994 ms
GET /apidoc/css/style.css 200 Wed, 14 Aug 2019 08:36:16 GMT ::ffff:127.0.0.1  1.1 10418 - 6.763 ms
GET /apidoc/vendor/polyfill.js 200 Wed, 14 Aug 2019 08:36:16 GMT ::1  1.1 2900 - 5.592 ms
GET /apidoc/vendor/require.min.js 200 Wed, 14 Aug 2019 08:36:16 GMT ::1  1.1 15825 - 3.401 ms
GET /apidoc/main.js 200 Wed, 14 Aug 2019 08:36:17 GMT ::1  1.1 28722 - 0.640 ms
GET /apidoc/vendor/jquery.min.js?v=1565771777019 200 Wed, 14 Aug 2019 08:36:17 GMT ::1  1.1 85630 - 1.528 ms
GET /apidoc/vendor/lodash.custom.min.js?v=1565771777019 200 Wed, 14 Aug 2019 08:36:17 GMT ::ffff:127.0.0.1  1.1 19579 - 4.198 ms
GET /apidoc/locales/locale.js?v=1565771777019 200 Wed, 14 Aug 2019 08:36:17 GMT ::1  1.1 1249 - 4.348 ms
GET /apidoc/img/favicon.ico 200 Wed, 14 Aug 2019 08:36:17 GMT ::1  1.1 894 - 4.317 ms
GET /apidoc/api_project.js?v=1565771777019 200 Wed, 14 Aug 2019 08:36:17 GMT ::1  1.1 369 - 4.481 ms
GET /apidoc/api_data.js?v=1565771777019 200 Wed, 14 Aug 2019 08:36:17 GMT ::1  1.1 38097 - 4.627 ms
GET /apidoc/utils/send_sample_request.js?v=1565771777019 200 Wed, 14 Aug 2019 08:36:17 GMT ::1  1.1 6328 - 0.732 ms
GET /apidoc/vendor/semver.min.js?v=1565771777019 200 Wed, 14 Aug 2019 08:36:17 GMT ::1  1.1 12950 - 0.835 ms
GET /apidoc/vendor/webfontloader.js?v=1565771777019 200 Wed, 14 Aug 2019 08:36:17 GMT ::1  1.1 12492 - 3.966 ms
GET /apidoc/vendor/path-to-regexp/index.js?v=1565771777019 200 Wed, 14 Aug 2019 08:36:17 GMT ::1  1.1 5147 - 4.194 ms
GET /apidoc/vendor/list.min.js?v=1565771777019 200 Wed, 14 Aug 2019 08:36:17 GMT ::1  1.1 15952 - 4.400 ms
GET /apidoc/vendor/prettify/prettify.js?v=1565771777019 200 Wed, 14 Aug 2019 08:36:17 GMT ::1  1.1 15261 - 4.506 ms
GET /apidoc/vendor/handlebars.min.js?v=1565771777019 200 Wed, 14 Aug 2019 08:36:17 GMT ::ffff:127.0.0.1  1.1 72614 - 4.662 ms
GET /apidoc/vendor/bootstrap.min.js?v=1565771777019 200 Wed, 14 Aug 2019 08:36:17 GMT ::ffff:127.0.0.1  1.1 37045 - 0.793 ms
GET /apidoc/locales/ca.js?v=1565771777019 200 Wed, 14 Aug 2019 08:36:17 GMT ::ffff:127.0.0.1  1.1 1225 - 2.127 ms
GET /apidoc/locales/cs.js?v=1565771777019 200 Wed, 14 Aug 2019 08:36:17 GMT ::1  1.1 1246 - 3.589 ms
GET /apidoc/locales/de.js?v=1565771777019 200 Wed, 14 Aug 2019 08:36:17 GMT ::1  1.1 1234 - 3.805 ms
GET /apidoc/locales/es.js?v=1565771777019 200 Wed, 14 Aug 2019 08:36:17 GMT ::1  1.1 1244 - 2.672 ms
GET /apidoc/locales/fr.js?v=1565771777019 200 Wed, 14 Aug 2019 08:36:17 GMT ::ffff:127.0.0.1  1.1 1264 - 1.208 ms
GET /apidoc/locales/it.js?v=1565771777019 200 Wed, 14 Aug 2019 08:36:17 GMT ::1  1.1 1249 - 2.635 ms
GET /apidoc/locales/nl.js?v=1565771777019 200 Wed, 14 Aug 2019 08:36:17 GMT ::1  1.1 1241 - 0.933 ms
GET /apidoc/locales/pl.js?v=1565771777019 200 Wed, 14 Aug 2019 08:36:17 GMT ::ffff:127.0.0.1  1.1 1226 - 1.267 ms
GET /apidoc/locales/pt_br.js?v=1565771777019 200 Wed, 14 Aug 2019 08:36:17 GMT ::1  1.1 1236 - 0.859 ms
GET /apidoc/locales/ro.js?v=1565771777019 200 Wed, 14 Aug 2019 08:36:17 GMT ::ffff:127.0.0.1  1.1 1238 - 1.855 ms
GET /apidoc/locales/ru.js?v=1565771777019 200 Wed, 14 Aug 2019 08:36:17 GMT ::1  1.1 1481 - 2.254 ms
GET /apidoc/locales/tr.js?v=1565771777019 200 Wed, 14 Aug 2019 08:36:17 GMT ::1  1.1 1246 - 1.157 ms
GET /apidoc/locales/vi.js?v=1565771777019 200 Wed, 14 Aug 2019 08:36:17 GMT ::ffff:127.0.0.1  1.1 1328 - 1.212 ms
GET /apidoc/locales/zh.js?v=1565771777019 200 Wed, 14 Aug 2019 08:36:17 GMT ::ffff:127.0.0.1  1.1 1163 - 2.188 ms
GET /apidoc/locales/zh_cn.js?v=1565771777019 200 Wed, 14 Aug 2019 08:36:17 GMT ::1  1.1 1186 - 2.941 ms
GET /apidoc/utils/handlebars_helper.js?v=1565771777019 200 Wed, 14 Aug 2019 08:36:17 GMT ::1  1.1 10277 - 0.656 ms
GET /apidoc/vendor/diff_match_patch.min.js?v=1565771777019 200 Wed, 14 Aug 2019 08:36:17 GMT ::1  1.1 19192 - 0.663 ms
