GET / 404 Thu, 15 Aug 2019 01:42:05 GMT ::1  1.1 23 - 7.907 ms
GET /favicon.ico 404 Thu, 15 Aug 2019 01:42:05 GMT ::1  1.1 23 - 1.731 ms
GET /apidoc 301 Thu, 15 Aug 2019 01:42:10 GMT ::1  1.1 179 - 1.205 ms
GET /apidoc/ 304 Thu, 15 Aug 2019 01:42:10 GMT ::1  1.1  - 1.814 ms
GET /apidoc/vendor/bootstrap.min.css 304 Thu, 15 Aug 2019 01:42:10 GMT ::1  1.1  - 0.953 ms
GET /apidoc/vendor/prettify.css 304 Thu, 15 Aug 2019 01:42:10 GMT ::1  1.1  - 0.864 ms
GET /apidoc/css/style.css 304 Thu, 15 Aug 2019 01:42:10 GMT ::1  1.1  - 1.209 ms
GET /apidoc/vendor/polyfill.js 304 Thu, 15 Aug 2019 01:42:10 GMT ::1  1.1  - 1.416 ms
GET /apidoc/vendor/require.min.js 304 Thu, 15 Aug 2019 01:42:10 GMT ::1  1.1  - 1.639 ms
GET /apidoc/main.js 304 Thu, 15 Aug 2019 01:42:10 GMT ::1  1.1  - 0.340 ms
GET /apidoc/vendor/jquery.min.js?v=1565833330107 200 Thu, 15 Aug 2019 01:42:10 GMT ::1  1.1 85630 - 8.183 ms
GET /apidoc/vendor/lodash.custom.min.js?v=1565833330107 200 Thu, 15 Aug 2019 01:42:10 GMT ::1  1.1 19579 - 10.021 ms
GET /apidoc/api_project.js?v=1565833330107 200 Thu, 15 Aug 2019 01:42:10 GMT ::1  1.1 369 - 10.263 ms
GET /apidoc/locales/locale.js?v=1565833330107 200 Thu, 15 Aug 2019 01:42:10 GMT ::1  1.1 1249 - 11.999 ms
GET /apidoc/api_data.js?v=1565833330107 200 Thu, 15 Aug 2019 01:42:10 GMT ::1  1.1 38097 - 11.708 ms
GET /apidoc/utils/send_sample_request.js?v=1565833330107 200 Thu, 15 Aug 2019 01:42:10 GMT ::1  1.1 6328 - 11.440 ms
GET /apidoc/vendor/semver.min.js?v=1565833330107 200 Thu, 15 Aug 2019 01:42:10 GMT ::1  1.1 12950 - 3.483 ms
GET /apidoc/vendor/webfontloader.js?v=1565833330107 200 Thu, 15 Aug 2019 01:42:10 GMT ::1  1.1 12492 - 1.754 ms
GET /apidoc/vendor/path-to-regexp/index.js?v=1565833330107 200 Thu, 15 Aug 2019 01:42:10 GMT ::1  1.1 5147 - 1.646 ms
GET /apidoc/vendor/list.min.js?v=1565833330107 200 Thu, 15 Aug 2019 01:42:10 GMT ::1  1.1 15952 - 1.896 ms
GET /apidoc/vendor/prettify/prettify.js?v=1565833330107 200 Thu, 15 Aug 2019 01:42:10 GMT ::1  1.1 15261 - 1.579 ms
GET /apidoc/vendor/handlebars.min.js?v=1565833330107 200 Thu, 15 Aug 2019 01:42:10 GMT ::1  1.1 72614 - 1.681 ms
GET /apidoc/vendor/bootstrap.min.js?v=1565833330107 200 Thu, 15 Aug 2019 01:42:10 GMT ::1  1.1 37045 - 0.566 ms
GET /apidoc/locales/ca.js?v=1565833330107 200 Thu, 15 Aug 2019 01:42:10 GMT ::1  1.1 1225 - 2.289 ms
GET /apidoc/locales/cs.js?v=1565833330107 200 Thu, 15 Aug 2019 01:42:10 GMT ::1  1.1 1246 - 2.483 ms
GET /apidoc/locales/de.js?v=1565833330107 200 Thu, 15 Aug 2019 01:42:10 GMT ::1  1.1 1234 - 2.982 ms
GET /apidoc/locales/es.js?v=1565833330107 200 Thu, 15 Aug 2019 01:42:10 GMT ::1  1.1 1244 - 2.451 ms
GET /apidoc/locales/fr.js?v=1565833330107 200 Thu, 15 Aug 2019 01:42:10 GMT ::1  1.1 1264 - 2.641 ms
GET /apidoc/locales/it.js?v=1565833330107 200 Thu, 15 Aug 2019 01:42:10 GMT ::1  1.1 1249 - 1.895 ms
GET /apidoc/locales/nl.js?v=1565833330107 200 Thu, 15 Aug 2019 01:42:10 GMT ::1  1.1 1241 - 1.006 ms
GET /apidoc/locales/pl.js?v=1565833330107 200 Thu, 15 Aug 2019 01:42:10 GMT ::1  1.1 1226 - 0.960 ms
GET /apidoc/locales/pt_br.js?v=1565833330107 200 Thu, 15 Aug 2019 01:42:10 GMT ::1  1.1 1236 - 0.772 ms
GET /apidoc/locales/ro.js?v=1565833330107 200 Thu, 15 Aug 2019 01:42:10 GMT ::1  1.1 1238 - 1.439 ms
GET /apidoc/locales/ru.js?v=1565833330107 200 Thu, 15 Aug 2019 01:42:10 GMT ::1  1.1 1481 - 2.162 ms
GET /apidoc/locales/tr.js?v=1565833330107 200 Thu, 15 Aug 2019 01:42:10 GMT ::1  1.1 1246 - 3.120 ms
GET /apidoc/locales/vi.js?v=1565833330107 200 Thu, 15 Aug 2019 01:42:10 GMT ::1  1.1 1328 - 3.894 ms
GET /apidoc/locales/zh.js?v=1565833330107 200 Thu, 15 Aug 2019 01:42:10 GMT ::1  1.1 1163 - 1.444 ms
GET /apidoc/locales/zh_cn.js?v=1565833330107 200 Thu, 15 Aug 2019 01:42:10 GMT ::1  1.1 1186 - 0.825 ms
GET /apidoc/utils/handlebars_helper.js?v=1565833330107 200 Thu, 15 Aug 2019 01:42:10 GMT ::1  1.1 10277 - 0.619 ms
GET /apidoc/vendor/diff_match_patch.min.js?v=1565833330107 200 Thu, 15 Aug 2019 01:42:10 GMT ::1  1.1 19192 - 0.475 ms
GET /apidoc/ 304 Thu, 15 Aug 2019 01:42:30 GMT ::1  1.1  - 1.075 ms
GET /apidoc/vendor/bootstrap.min.css 304 Thu, 15 Aug 2019 01:42:30 GMT ::1  1.1  - 0.891 ms
GET /apidoc/vendor/prettify.css 304 Thu, 15 Aug 2019 01:42:30 GMT ::1  1.1  - 2.278 ms
GET /apidoc/css/style.css 304 Thu, 15 Aug 2019 01:42:30 GMT ::1  1.1  - 2.087 ms
GET /apidoc/vendor/polyfill.js 304 Thu, 15 Aug 2019 01:42:30 GMT ::1  1.1  - 2.410 ms
GET /apidoc/vendor/require.min.js 304 Thu, 15 Aug 2019 01:42:30 GMT ::1  1.1  - 2.484 ms
GET /apidoc/main.js 304 Thu, 15 Aug 2019 01:42:30 GMT ::1  1.1  - 0.374 ms
GET /apidoc/img/favicon.ico 200 Thu, 15 Aug 2019 01:42:30 GMT ::1  1.1 894 - 4.501 ms
GET /apidoc/locales/locale.js?v=1565833350225 200 Thu, 15 Aug 2019 01:42:30 GMT ::1  1.1 1249 - 3.774 ms
GET /apidoc/api_data.js?v=1565833350225 200 Thu, 15 Aug 2019 01:42:30 GMT ::1  1.1 40804 - 3.532 ms
GET /apidoc/vendor/jquery.min.js?v=1565833350225 200 Thu, 15 Aug 2019 01:42:30 GMT ::1  1.1 85630 - 4.669 ms
GET /apidoc/vendor/lodash.custom.min.js?v=1565833350225 200 Thu, 15 Aug 2019 01:42:30 GMT ::1  1.1 19579 - 7.744 ms
GET /apidoc/utils/send_sample_request.js?v=1565833350225 200 Thu, 15 Aug 2019 01:42:30 GMT ::1  1.1 6328 - 1.301 ms
GET /apidoc/vendor/semver.min.js?v=1565833350225 200 Thu, 15 Aug 2019 01:42:30 GMT ::1  1.1 12950 - 5.689 ms
GET /apidoc/vendor/webfontloader.js?v=1565833350225 200 Thu, 15 Aug 2019 01:42:30 GMT ::1  1.1 12492 - 1.143 ms
GET /apidoc/vendor/path-to-regexp/index.js?v=1565833350225 200 Thu, 15 Aug 2019 01:42:30 GMT ::1  1.1 5147 - 4.569 ms
GET /apidoc/vendor/list.min.js?v=1565833350225 200 Thu, 15 Aug 2019 01:42:30 GMT ::1  1.1 15952 - 1.078 ms
GET /apidoc/vendor/prettify/prettify.js?v=1565833350225 200 Thu, 15 Aug 2019 01:42:30 GMT ::1  1.1 15261 - 6.907 ms
GET /apidoc/locales/ca.js?v=1565833350225 200 Thu, 15 Aug 2019 01:42:30 GMT ::1  1.1 1225 - 4.845 ms
GET /apidoc/api_project.js?v=1565833350225 200 Thu, 15 Aug 2019 01:42:30 GMT ::1  1.1 369 - 37.560 ms
GET /apidoc/locales/cs.js?v=1565833350225 200 Thu, 15 Aug 2019 01:42:30 GMT ::1  1.1 1246 - 5.033 ms
GET /apidoc/locales/de.js?v=1565833350225 200 Thu, 15 Aug 2019 01:42:30 GMT ::1  1.1 1234 - 5.421 ms
GET /apidoc/vendor/handlebars.min.js?v=1565833350225 200 Thu, 15 Aug 2019 01:42:30 GMT ::1  1.1 72614 - 6.552 ms
GET /apidoc/locales/es.js?v=1565833350225 200 Thu, 15 Aug 2019 01:42:30 GMT ::1  1.1 1244 - 4.601 ms
GET /apidoc/locales/fr.js?v=1565833350225 200 Thu, 15 Aug 2019 01:42:30 GMT ::1  1.1 1264 - 4.820 ms
GET /apidoc/locales/it.js?v=1565833350225 200 Thu, 15 Aug 2019 01:42:30 GMT ::1  1.1 1249 - 5.742 ms
GET /apidoc/locales/nl.js?v=1565833350225 200 Thu, 15 Aug 2019 01:42:30 GMT ::1  1.1 1241 - 5.312 ms
GET /apidoc/locales/pl.js?v=1565833350225 200 Thu, 15 Aug 2019 01:42:30 GMT ::1  1.1 1226 - 7.095 ms
GET /apidoc/locales/pt_br.js?v=1565833350225 200 Thu, 15 Aug 2019 01:42:30 GMT ::1  1.1 1236 - 8.676 ms
GET /apidoc/locales/ro.js?v=1565833350225 200 Thu, 15 Aug 2019 01:42:30 GMT ::1  1.1 1238 - 6.658 ms
GET /apidoc/locales/ru.js?v=1565833350225 200 Thu, 15 Aug 2019 01:42:30 GMT ::1  1.1 1481 - 8.944 ms
GET /apidoc/locales/tr.js?v=1565833350225 200 Thu, 15 Aug 2019 01:42:30 GMT ::1  1.1 1246 - 10.372 ms
GET /apidoc/locales/vi.js?v=1565833350225 200 Thu, 15 Aug 2019 01:42:30 GMT ::1  1.1 1328 - 10.057 ms
GET /apidoc/locales/zh.js?v=1565833350225 200 Thu, 15 Aug 2019 01:42:30 GMT ::1  1.1 1163 - 11.362 ms
GET /apidoc/locales/zh_cn.js?v=1565833350225 200 Thu, 15 Aug 2019 01:42:30 GMT ::1  1.1 1186 - 6.465 ms
GET /apidoc/vendor/bootstrap.min.js?v=1565833350225 200 Thu, 15 Aug 2019 01:42:30 GMT ::1  1.1 37045 - 4.826 ms
GET /apidoc/utils/handlebars_helper.js?v=1565833350225 200 Thu, 15 Aug 2019 01:42:30 GMT ::1  1.1 10277 - 0.580 ms
GET /apidoc/vendor/diff_match_patch.min.js?v=1565833350225 200 Thu, 15 Aug 2019 01:42:30 GMT ::1  1.1 19192 - 0.471 ms
POST /basicData/classifications_list 404 Thu, 15 Aug 2019 01:43:45 GMT ::1  1.1 23 - 68.426 ms
GET /apidoc/vendor/bootstrap.min.css 304 Thu, 15 Aug 2019 01:43:48 GMT ::1  1.1  - 0.536 ms
GET /apidoc/vendor/prettify.css 304 Thu, 15 Aug 2019 01:43:48 GMT ::1  1.1  - 0.622 ms
GET /apidoc/css/style.css 304 Thu, 15 Aug 2019 01:43:48 GMT ::1  1.1  - 0.453 ms
GET /apidoc/vendor/bootstrap.min.css.map 404 Thu, 15 Aug 2019 01:43:48 GMT ::1  1.1 23 - 0.701 ms
GET /apidoc/ 304 Thu, 15 Aug 2019 01:44:29 GMT ::1  1.1  - 0.412 ms
GET /apidoc/vendor/bootstrap.min.css 304 Thu, 15 Aug 2019 01:44:29 GMT ::1  1.1  - 1.691 ms
GET /apidoc/vendor/prettify.css 304 Thu, 15 Aug 2019 01:44:29 GMT ::1  1.1  - 1.718 ms
GET /apidoc/css/style.css 304 Thu, 15 Aug 2019 01:44:29 GMT ::1  1.1  - 1.715 ms
GET /apidoc/vendor/polyfill.js 304 Thu, 15 Aug 2019 01:44:29 GMT ::1  1.1  - 2.073 ms
GET /apidoc/vendor/require.min.js 304 Thu, 15 Aug 2019 01:44:29 GMT ::1  1.1  - 1.281 ms
GET /apidoc/vendor/bootstrap.min.css.map 404 Thu, 15 Aug 2019 01:44:29 GMT ::1  1.1 23 - 0.641 ms
GET /apidoc/main.js 304 Thu, 15 Aug 2019 01:44:29 GMT ::1  1.1  - 0.432 ms
GET /apidoc/img/favicon.ico 200 Thu, 15 Aug 2019 01:44:29 GMT ::1  1.1 894 - 1.324 ms
GET /apidoc/vendor/jquery.min.js?v=1565833469527 200 Thu, 15 Aug 2019 01:44:29 GMT ::1  1.1 85630 - 3.046 ms
GET /apidoc/vendor/lodash.custom.min.js?v=1565833469527 200 Thu, 15 Aug 2019 01:44:29 GMT ::1  1.1 19579 - 2.020 ms
GET /apidoc/locales/locale.js?v=1565833469527 200 Thu, 15 Aug 2019 01:44:29 GMT ::1  1.1 1249 - 2.245 ms
GET /apidoc/api_project.js?v=1565833469527 200 Thu, 15 Aug 2019 01:44:29 GMT ::1  1.1 369 - 2.552 ms
GET /apidoc/api_data.js?v=1565833469527 200 Thu, 15 Aug 2019 01:44:29 GMT ::1  1.1 40781 - 1.611 ms
GET /apidoc/utils/send_sample_request.js?v=1565833469527 200 Thu, 15 Aug 2019 01:44:29 GMT ::1  1.1 6328 - 2.247 ms
GET /apidoc/vendor/semver.min.js?v=1565833469527 200 Thu, 15 Aug 2019 01:44:29 GMT ::1  1.1 12950 - 1.349 ms
GET /apidoc/vendor/webfontloader.js?v=1565833469527 200 Thu, 15 Aug 2019 01:44:29 GMT ::1  1.1 12492 - 0.811 ms
GET /apidoc/vendor/path-to-regexp/index.js?v=1565833469527 200 Thu, 15 Aug 2019 01:44:29 GMT ::1  1.1 5147 - 1.475 ms
GET /apidoc/vendor/list.min.js?v=1565833469527 200 Thu, 15 Aug 2019 01:44:29 GMT ::1  1.1 15952 - 1.729 ms
GET /apidoc/vendor/prettify/prettify.js?v=1565833469527 200 Thu, 15 Aug 2019 01:44:29 GMT ::1  1.1 15261 - 1.046 ms
GET /apidoc/vendor/handlebars.min.js?v=1565833469527 200 Thu, 15 Aug 2019 01:44:29 GMT ::1  1.1 72614 - 0.917 ms
GET /apidoc/vendor/bootstrap.min.js?v=1565833469527 200 Thu, 15 Aug 2019 01:44:29 GMT ::1  1.1 37045 - 0.786 ms
GET /apidoc/locales/ca.js?v=1565833469527 200 Thu, 15 Aug 2019 01:44:29 GMT ::1  1.1 1225 - 1.749 ms
GET /apidoc/locales/cs.js?v=1565833469527 200 Thu, 15 Aug 2019 01:44:29 GMT ::1  1.1 1246 - 1.989 ms
GET /apidoc/locales/de.js?v=1565833469527 200 Thu, 15 Aug 2019 01:44:29 GMT ::1  1.1 1234 - 1.906 ms
GET /apidoc/locales/es.js?v=1565833469527 200 Thu, 15 Aug 2019 01:44:29 GMT ::1  1.1 1244 - 2.294 ms
GET /apidoc/locales/fr.js?v=1565833469527 200 Thu, 15 Aug 2019 01:44:29 GMT ::1  1.1 1264 - 2.551 ms
GET /apidoc/locales/it.js?v=1565833469527 200 Thu, 15 Aug 2019 01:44:29 GMT ::1  1.1 1249 - 1.125 ms
GET /apidoc/locales/nl.js?v=1565833469527 200 Thu, 15 Aug 2019 01:44:29 GMT ::1  1.1 1241 - 0.892 ms
GET /apidoc/locales/pl.js?v=1565833469527 200 Thu, 15 Aug 2019 01:44:29 GMT ::1  1.1 1226 - 2.417 ms
GET /apidoc/locales/pt_br.js?v=1565833469527 200 Thu, 15 Aug 2019 01:44:29 GMT ::1  1.1 1236 - 0.859 ms
GET /apidoc/locales/ro.js?v=1565833469527 200 Thu, 15 Aug 2019 01:44:29 GMT ::1  1.1 1238 - 0.955 ms
GET /apidoc/locales/ru.js?v=1565833469527 200 Thu, 15 Aug 2019 01:44:29 GMT ::1  1.1 1481 - 0.812 ms
GET /apidoc/locales/tr.js?v=1565833469527 200 Thu, 15 Aug 2019 01:44:29 GMT ::1  1.1 1246 - 1.046 ms
GET /apidoc/locales/vi.js?v=1565833469527 200 Thu, 15 Aug 2019 01:44:29 GMT ::1  1.1 1328 - 0.815 ms
GET /apidoc/locales/zh.js?v=1565833469527 200 Thu, 15 Aug 2019 01:44:29 GMT ::1  1.1 1163 - 1.186 ms
GET /apidoc/locales/zh_cn.js?v=1565833469527 200 Thu, 15 Aug 2019 01:44:29 GMT ::1  1.1 1186 - 0.776 ms
GET /apidoc/utils/handlebars_helper.js?v=1565833469527 200 Thu, 15 Aug 2019 01:44:29 GMT ::1  1.1 10277 - 0.760 ms
GET /apidoc/vendor/diff_match_patch.min.js?v=1565833469527 200 Thu, 15 Aug 2019 01:44:29 GMT ::1  1.1 19192 - 0.849 ms
POST /menuManagement/GetAll 401 Thu, 15 Aug 2019 01:44:35 GMT ::1  1.1 88 - 1.266 ms
GET /apidoc/ 304 Thu, 15 Aug 2019 01:49:04 GMT ::1  1.1  - 0.540 ms
GET /apidoc/vendor/bootstrap.min.css 304 Thu, 15 Aug 2019 01:49:04 GMT ::1  1.1  - 1.332 ms
GET /apidoc/vendor/prettify.css 304 Thu, 15 Aug 2019 01:49:04 GMT ::1  1.1  - 1.294 ms
GET /apidoc/css/style.css 304 Thu, 15 Aug 2019 01:49:04 GMT ::1  1.1  - 1.359 ms
GET /apidoc/vendor/polyfill.js 304 Thu, 15 Aug 2019 01:49:04 GMT ::1  1.1  - 1.366 ms
GET /apidoc/vendor/require.min.js 304 Thu, 15 Aug 2019 01:49:04 GMT ::1  1.1  - 0.955 ms
GET /apidoc/vendor/bootstrap.min.css.map 404 Thu, 15 Aug 2019 01:49:04 GMT ::1  1.1 23 - 1.055 ms
GET /apidoc/main.js 304 Thu, 15 Aug 2019 01:49:04 GMT ::1  1.1  - 0.375 ms
GET /apidoc/vendor/jquery.min.js?v=1565833744860 200 Thu, 15 Aug 2019 01:49:04 GMT ::1  1.1 85630 - 0.922 ms
GET /apidoc/vendor/lodash.custom.min.js?v=1565833744860 200 Thu, 15 Aug 2019 01:49:04 GMT ::1  1.1 19579 - 0.812 ms
GET /apidoc/locales/locale.js?v=1565833744860 200 Thu, 15 Aug 2019 01:49:04 GMT ::1  1.1 1249 - 1.716 ms
GET /apidoc/api_project.js?v=1565833744860 200 Thu, 15 Aug 2019 01:49:04 GMT ::1  1.1 369 - 0.751 ms
GET /apidoc/api_data.js?v=1565833744860 200 Thu, 15 Aug 2019 01:49:04 GMT ::1  1.1 40793 - 0.727 ms
GET /apidoc/utils/send_sample_request.js?v=1565833744860 200 Thu, 15 Aug 2019 01:49:04 GMT ::1  1.1 6328 - 0.813 ms
GET /apidoc/vendor/semver.min.js?v=1565833744860 200 Thu, 15 Aug 2019 01:49:04 GMT ::1  1.1 12950 - 1.313 ms
GET /apidoc/vendor/webfontloader.js?v=1565833744860 200 Thu, 15 Aug 2019 01:49:04 GMT ::1  1.1 12492 - 0.901 ms
GET /apidoc/vendor/path-to-regexp/index.js?v=1565833744860 200 Thu, 15 Aug 2019 01:49:04 GMT ::1  1.1 5147 - 1.254 ms
GET /apidoc/vendor/list.min.js?v=1565833744860 200 Thu, 15 Aug 2019 01:49:04 GMT ::1  1.1 15952 - 0.890 ms
GET /apidoc/img/favicon.ico 200 Thu, 15 Aug 2019 01:49:04 GMT ::1  1.1 894 - 0.924 ms
GET /apidoc/vendor/prettify/prettify.js?v=1565833744860 200 Thu, 15 Aug 2019 01:49:04 GMT ::1  1.1 15261 - 1.050 ms
GET /apidoc/vendor/handlebars.min.js?v=1565833744860 200 Thu, 15 Aug 2019 01:49:04 GMT ::1  1.1 72614 - 0.854 ms
GET /apidoc/vendor/bootstrap.min.js?v=1565833744860 200 Thu, 15 Aug 2019 01:49:04 GMT ::1  1.1 37045 - 1.060 ms
GET /apidoc/locales/ca.js?v=1565833744860 200 Thu, 15 Aug 2019 01:49:04 GMT ::1  1.1 1225 - 2.135 ms
GET /apidoc/locales/cs.js?v=1565833744860 200 Thu, 15 Aug 2019 01:49:04 GMT ::1  1.1 1246 - 2.385 ms
GET /apidoc/locales/de.js?v=1565833744860 200 Thu, 15 Aug 2019 01:49:04 GMT ::1  1.1 1234 - 3.543 ms
GET /apidoc/locales/es.js?v=1565833744860 200 Thu, 15 Aug 2019 01:49:04 GMT ::1  1.1 1244 - 2.067 ms
GET /apidoc/locales/fr.js?v=1565833744860 200 Thu, 15 Aug 2019 01:49:04 GMT ::1  1.1 1264 - 0.739 ms
GET /apidoc/locales/it.js?v=1565833744860 200 Thu, 15 Aug 2019 01:49:05 GMT ::1  1.1 1249 - 2.020 ms
GET /apidoc/locales/nl.js?v=1565833744860 200 Thu, 15 Aug 2019 01:49:05 GMT ::1  1.1 1241 - 1.009 ms
GET /apidoc/locales/pl.js?v=1565833744860 200 Thu, 15 Aug 2019 01:49:05 GMT ::1  1.1 1226 - 1.143 ms
GET /apidoc/locales/pt_br.js?v=1565833744860 200 Thu, 15 Aug 2019 01:49:05 GMT ::1  1.1 1236 - 0.879 ms
GET /apidoc/locales/ro.js?v=1565833744860 200 Thu, 15 Aug 2019 01:49:05 GMT ::1  1.1 1238 - 0.915 ms
GET /apidoc/locales/ru.js?v=1565833744860 200 Thu, 15 Aug 2019 01:49:05 GMT ::1  1.1 1481 - 0.870 ms
GET /apidoc/locales/tr.js?v=1565833744860 200 Thu, 15 Aug 2019 01:49:05 GMT ::1  1.1 1246 - 2.786 ms
GET /apidoc/locales/vi.js?v=1565833744860 200 Thu, 15 Aug 2019 01:49:05 GMT ::1  1.1 1328 - 3.343 ms
GET /apidoc/locales/zh.js?v=1565833744860 200 Thu, 15 Aug 2019 01:49:05 GMT ::1  1.1 1163 - 1.729 ms
GET /apidoc/locales/zh_cn.js?v=1565833744860 200 Thu, 15 Aug 2019 01:49:05 GMT ::1  1.1 1186 - 0.806 ms
GET /apidoc/utils/handlebars_helper.js?v=1565833744860 200 Thu, 15 Aug 2019 01:49:05 GMT ::1  1.1 10277 - 0.853 ms
GET /apidoc/vendor/diff_match_patch.min.js?v=1565833744860 200 Thu, 15 Aug 2019 01:49:05 GMT ::1  1.1 19192 - 1.063 ms
POST /menuManagement/GetAll 401 Thu, 15 Aug 2019 01:49:12 GMT ::1  1.1 88 - 0.395 ms
GET /apidoc/ 304 Thu, 15 Aug 2019 01:49:29 GMT ::1  1.1  - 5.137 ms
GET /apidoc/vendor/bootstrap.min.css 304 Thu, 15 Aug 2019 01:49:29 GMT ::1  1.1  - 1.259 ms
GET /apidoc/vendor/prettify.css 304 Thu, 15 Aug 2019 01:49:29 GMT ::1  1.1  - 0.580 ms
GET /apidoc/css/style.css 304 Thu, 15 Aug 2019 01:49:29 GMT ::1  1.1  - 1.566 ms
GET /apidoc/vendor/polyfill.js 304 Thu, 15 Aug 2019 01:49:29 GMT ::1  1.1  - 1.577 ms
GET /apidoc/vendor/require.min.js 304 Thu, 15 Aug 2019 01:49:29 GMT ::1  1.1  - 2.088 ms
GET /apidoc/vendor/bootstrap.min.css.map 404 Thu, 15 Aug 2019 01:49:29 GMT ::1  1.1 23 - 4.627 ms
GET /apidoc/main.js 304 Thu, 15 Aug 2019 01:49:29 GMT ::1  1.1  - 0.507 ms
GET /apidoc/img/favicon.ico 200 Thu, 15 Aug 2019 01:49:29 GMT ::1  1.1 894 - 3.515 ms
GET /apidoc/vendor/lodash.custom.min.js?v=1565833769920 200 Thu, 15 Aug 2019 01:49:29 GMT ::1  1.1 19579 - 3.914 ms
GET /apidoc/vendor/jquery.min.js?v=1565833769920 200 Thu, 15 Aug 2019 01:49:29 GMT ::1  1.1 85630 - 3.679 ms
GET /apidoc/locales/locale.js?v=1565833769920 200 Thu, 15 Aug 2019 01:49:29 GMT ::1  1.1 1249 - 4.722 ms
GET /apidoc/api_project.js?v=1565833769920 200 Thu, 15 Aug 2019 01:49:29 GMT ::1  1.1 369 - 5.611 ms
GET /apidoc/api_data.js?v=1565833769920 200 Thu, 15 Aug 2019 01:49:29 GMT ::1  1.1 40793 - 3.197 ms
GET /apidoc/utils/send_sample_request.js?v=1565833769920 200 Thu, 15 Aug 2019 01:49:29 GMT ::1  1.1 6328 - 1.290 ms
GET /apidoc/vendor/semver.min.js?v=1565833769920 200 Thu, 15 Aug 2019 01:49:29 GMT ::1  1.1 12950 - 1.867 ms
GET /apidoc/vendor/webfontloader.js?v=1565833769920 200 Thu, 15 Aug 2019 01:49:29 GMT ::1  1.1 12492 - 2.192 ms
GET /apidoc/vendor/path-to-regexp/index.js?v=1565833769920 200 Thu, 15 Aug 2019 01:49:29 GMT ::1  1.1 5147 - 1.088 ms
GET /apidoc/vendor/list.min.js?v=1565833769920 200 Thu, 15 Aug 2019 01:49:29 GMT ::1  1.1 15952 - 0.888 ms
GET /apidoc/vendor/prettify/prettify.js?v=1565833769920 200 Thu, 15 Aug 2019 01:49:29 GMT ::1  1.1 15261 - 0.856 ms
GET /apidoc/vendor/handlebars.min.js?v=1565833769920 200 Thu, 15 Aug 2019 01:49:29 GMT ::1  1.1 72614 - 0.897 ms
GET /apidoc/vendor/bootstrap.min.js?v=1565833769920 200 Thu, 15 Aug 2019 01:49:30 GMT ::1  1.1 37045 - 0.776 ms
GET /apidoc/locales/ca.js?v=1565833769920 200 Thu, 15 Aug 2019 01:49:30 GMT ::1  1.1 1225 - 1.445 ms
GET /apidoc/locales/cs.js?v=1565833769920 200 Thu, 15 Aug 2019 01:49:30 GMT ::1  1.1 1246 - 2.229 ms
GET /apidoc/locales/de.js?v=1565833769920 200 Thu, 15 Aug 2019 01:49:30 GMT ::1  1.1 1234 - 2.381 ms
GET /apidoc/locales/es.js?v=1565833769920 200 Thu, 15 Aug 2019 01:49:30 GMT ::1  1.1 1244 - 0.791 ms
GET /apidoc/locales/fr.js?v=1565833769920 200 Thu, 15 Aug 2019 01:49:30 GMT ::1  1.1 1264 - 2.052 ms
GET /apidoc/locales/it.js?v=1565833769920 200 Thu, 15 Aug 2019 01:49:30 GMT ::1  1.1 1249 - 0.873 ms
GET /apidoc/locales/nl.js?v=1565833769920 200 Thu, 15 Aug 2019 01:49:30 GMT ::1  1.1 1241 - 0.815 ms
GET /apidoc/locales/pl.js?v=1565833769920 200 Thu, 15 Aug 2019 01:49:30 GMT ::1  1.1 1226 - 1.708 ms
GET /apidoc/locales/pt_br.js?v=1565833769920 200 Thu, 15 Aug 2019 01:49:30 GMT ::1  1.1 1236 - 1.685 ms
GET /apidoc/locales/ro.js?v=1565833769920 200 Thu, 15 Aug 2019 01:49:30 GMT ::1  1.1 1238 - 0.765 ms
GET /apidoc/locales/ru.js?v=1565833769920 200 Thu, 15 Aug 2019 01:49:30 GMT ::1  1.1 1481 - 0.778 ms
GET /apidoc/locales/tr.js?v=1565833769920 200 Thu, 15 Aug 2019 01:49:30 GMT ::1  1.1 1246 - 2.865 ms
GET /apidoc/locales/vi.js?v=1565833769920 200 Thu, 15 Aug 2019 01:49:30 GMT ::1  1.1 1328 - 0.985 ms
GET /apidoc/locales/zh.js?v=1565833769920 200 Thu, 15 Aug 2019 01:49:30 GMT ::1  1.1 1163 - 1.048 ms
GET /apidoc/locales/zh_cn.js?v=1565833769920 200 Thu, 15 Aug 2019 01:49:30 GMT ::1  1.1 1186 - 0.743 ms
GET /apidoc/utils/handlebars_helper.js?v=1565833769920 200 Thu, 15 Aug 2019 01:49:30 GMT ::1  1.1 10277 - 0.904 ms
GET /apidoc/vendor/diff_match_patch.min.js?v=1565833769920 200 Thu, 15 Aug 2019 01:49:30 GMT ::1  1.1 19192 - 0.837 ms
POST /menuManagement/GetAll 500 Thu, 15 Aug 2019 01:49:32 GMT ::1  1.1 104 - 273.160 ms
GET /apidoc/ 304 Thu, 15 Aug 2019 01:50:40 GMT ::1  1.1  - 4.575 ms
GET /apidoc/vendor/bootstrap.min.css 304 Thu, 15 Aug 2019 01:50:40 GMT ::1  1.1  - 1.561 ms
GET /apidoc/vendor/prettify.css 304 Thu, 15 Aug 2019 01:50:40 GMT ::1  1.1  - 0.880 ms
GET /apidoc/css/style.css 304 Thu, 15 Aug 2019 01:50:40 GMT ::1  1.1  - 0.958 ms
GET /apidoc/vendor/polyfill.js 304 Thu, 15 Aug 2019 01:50:40 GMT ::1  1.1  - 1.050 ms
GET /apidoc/vendor/require.min.js 304 Thu, 15 Aug 2019 01:50:40 GMT ::1  1.1  - 0.797 ms
GET /apidoc/vendor/bootstrap.min.css.map 404 Thu, 15 Aug 2019 01:50:40 GMT ::1  1.1 23 - 4.454 ms
GET /apidoc/main.js 304 Thu, 15 Aug 2019 01:50:40 GMT ::1  1.1  - 0.433 ms
GET /apidoc/vendor/jquery.min.js?v=1565833840928 200 Thu, 15 Aug 2019 01:50:40 GMT ::1  1.1 85630 - 8.269 ms
GET /apidoc/locales/locale.js?v=1565833840928 200 Thu, 15 Aug 2019 01:50:40 GMT ::1  1.1 1249 - 7.546 ms
GET /apidoc/api_project.js?v=1565833840928 200 Thu, 15 Aug 2019 01:50:40 GMT ::1  1.1 369 - 7.825 ms
GET /apidoc/api_data.js?v=1565833840928 200 Thu, 15 Aug 2019 01:50:40 GMT ::ffff:127.0.0.1  1.1 40793 - 7.944 ms
GET /apidoc/img/favicon.ico 200 Thu, 15 Aug 2019 01:50:40 GMT ::ffff:127.0.0.1  1.1 894 - 8.116 ms
GET /apidoc/utils/send_sample_request.js?v=1565833840928 200 Thu, 15 Aug 2019 01:50:40 GMT ::1  1.1 6328 - 3.396 ms
GET /apidoc/vendor/semver.min.js?v=1565833840928 200 Thu, 15 Aug 2019 01:50:40 GMT ::1  1.1 12950 - 1.284 ms
GET /apidoc/vendor/webfontloader.js?v=1565833840928 200 Thu, 15 Aug 2019 01:50:40 GMT ::ffff:127.0.0.1  1.1 12492 - 2.318 ms
GET /apidoc/vendor/path-to-regexp/index.js?v=1565833840928 200 Thu, 15 Aug 2019 01:50:40 GMT ::ffff:127.0.0.1  1.1 5147 - 2.627 ms
GET /apidoc/vendor/list.min.js?v=1565833840928 200 Thu, 15 Aug 2019 01:50:40 GMT ::1  1.1 15952 - 4.805 ms
GET /apidoc/vendor/lodash.custom.min.js?v=1565833840928 200 Thu, 15 Aug 2019 01:50:40 GMT ::1  1.1 19579 - 32.238 ms
GET /apidoc/vendor/prettify/prettify.js?v=1565833840928 200 Thu, 15 Aug 2019 01:50:40 GMT ::1  1.1 15261 - 3.778 ms
GET /apidoc/vendor/handlebars.min.js?v=1565833840928 200 Thu, 15 Aug 2019 01:50:40 GMT ::1  1.1 72614 - 3.868 ms
GET /apidoc/vendor/bootstrap.min.js?v=1565833840928 200 Thu, 15 Aug 2019 01:50:41 GMT ::1  1.1 37045 - 0.810 ms
GET /apidoc/locales/ca.js?v=1565833840928 200 Thu, 15 Aug 2019 01:50:41 GMT ::1  1.1 1225 - 1.605 ms
GET /apidoc/locales/cs.js?v=1565833840928 200 Thu, 15 Aug 2019 01:50:41 GMT ::1  1.1 1246 - 2.214 ms
GET /apidoc/locales/de.js?v=1565833840928 200 Thu, 15 Aug 2019 01:50:41 GMT ::1  1.1 1234 - 2.072 ms
GET /apidoc/locales/es.js?v=1565833840928 200 Thu, 15 Aug 2019 01:50:41 GMT ::1  1.1 1244 - 1.888 ms
GET /apidoc/locales/fr.js?v=1565833840928 200 Thu, 15 Aug 2019 01:50:41 GMT ::1  1.1 1264 - 1.084 ms
GET /apidoc/locales/it.js?v=1565833840928 200 Thu, 15 Aug 2019 01:50:41 GMT ::1  1.1 1249 - 1.153 ms
GET /apidoc/locales/nl.js?v=1565833840928 200 Thu, 15 Aug 2019 01:50:41 GMT ::1  1.1 1241 - 1.205 ms
GET /apidoc/locales/pl.js?v=1565833840928 200 Thu, 15 Aug 2019 01:50:41 GMT ::1  1.1 1226 - 1.088 ms
GET /apidoc/locales/pt_br.js?v=1565833840928 200 Thu, 15 Aug 2019 01:50:41 GMT ::1  1.1 1236 - 0.744 ms
GET /apidoc/locales/ro.js?v=1565833840928 200 Thu, 15 Aug 2019 01:50:41 GMT ::1  1.1 1238 - 0.731 ms
GET /apidoc/locales/ru.js?v=1565833840928 200 Thu, 15 Aug 2019 01:50:41 GMT ::1  1.1 1481 - 0.731 ms
GET /apidoc/locales/tr.js?v=1565833840928 200 Thu, 15 Aug 2019 01:50:41 GMT ::1  1.1 1246 - 1.015 ms
GET /apidoc/locales/vi.js?v=1565833840928 200 Thu, 15 Aug 2019 01:50:41 GMT ::1  1.1 1328 - 2.781 ms
GET /apidoc/locales/zh.js?v=1565833840928 200 Thu, 15 Aug 2019 01:50:41 GMT ::1  1.1 1163 - 3.083 ms
GET /apidoc/locales/zh_cn.js?v=1565833840928 200 Thu, 15 Aug 2019 01:50:41 GMT ::1  1.1 1186 - 0.987 ms
GET /apidoc/utils/handlebars_helper.js?v=1565833840928 200 Thu, 15 Aug 2019 01:50:41 GMT ::1  1.1 10277 - 0.732 ms
GET /apidoc/vendor/diff_match_patch.min.js?v=1565833840928 200 Thu, 15 Aug 2019 01:50:41 GMT ::1  1.1 19192 - 0.815 ms
POST /menuManagement/GetAll 500 Thu, 15 Aug 2019 01:50:44 GMT ::1  1.1 130 - 211.751 ms
POST /menuManagement/GetAll 500 Thu, 15 Aug 2019 01:52:41 GMT ::1  1.1 130 - 168.644 ms
GET /apidoc/ 304 Thu, 15 Aug 2019 01:53:59 GMT ::1  1.1  - 4.939 ms
GET /apidoc/vendor/bootstrap.min.css 304 Thu, 15 Aug 2019 01:53:59 GMT ::1  1.1  - 1.312 ms
GET /apidoc/vendor/prettify.css 304 Thu, 15 Aug 2019 01:53:59 GMT ::1  1.1  - 0.724 ms
GET /apidoc/css/style.css 304 Thu, 15 Aug 2019 01:53:59 GMT ::1  1.1  - 0.500 ms
GET /apidoc/vendor/polyfill.js 304 Thu, 15 Aug 2019 01:53:59 GMT ::1  1.1  - 1.848 ms
GET /apidoc/vendor/require.min.js 304 Thu, 15 Aug 2019 01:53:59 GMT ::1  1.1  - 0.591 ms
GET /apidoc/vendor/bootstrap.min.css.map 404 Thu, 15 Aug 2019 01:53:59 GMT ::1  1.1 23 - 5.848 ms
GET /apidoc/main.js 304 Thu, 15 Aug 2019 01:53:59 GMT ::1  1.1  - 0.463 ms
GET /apidoc/vendor/jquery.min.js?v=1565834039405 200 Thu, 15 Aug 2019 01:53:59 GMT ::1  1.1 85630 - 7.643 ms
GET /apidoc/vendor/lodash.custom.min.js?v=1565834039405 200 Thu, 15 Aug 2019 01:53:59 GMT ::1  1.1 19579 - 2.804 ms
GET /apidoc/locales/locale.js?v=1565834039405 200 Thu, 15 Aug 2019 01:53:59 GMT ::1  1.1 1249 - 3.140 ms
GET /apidoc/api_project.js?v=1565834039405 200 Thu, 15 Aug 2019 01:53:59 GMT ::1  1.1 369 - 3.392 ms
GET /apidoc/api_data.js?v=1565834039405 200 Thu, 15 Aug 2019 01:53:59 GMT ::1  1.1 40793 - 3.024 ms
GET /apidoc/utils/send_sample_request.js?v=1565834039405 200 Thu, 15 Aug 2019 01:53:59 GMT ::1  1.1 6328 - 2.326 ms
GET /apidoc/img/favicon.ico 200 Thu, 15 Aug 2019 01:53:59 GMT ::1  1.1 894 - 2.578 ms
GET /apidoc/vendor/semver.min.js?v=1565834039405 200 Thu, 15 Aug 2019 01:53:59 GMT ::1  1.1 12950 - 4.061 ms
GET /apidoc/vendor/webfontloader.js?v=1565834039405 200 Thu, 15 Aug 2019 01:53:59 GMT ::1  1.1 12492 - 4.882 ms
GET /apidoc/vendor/path-to-regexp/index.js?v=1565834039405 200 Thu, 15 Aug 2019 01:53:59 GMT ::1  1.1 5147 - 7.286 ms
GET /apidoc/vendor/prettify/prettify.js?v=1565834039405 200 Thu, 15 Aug 2019 01:53:59 GMT ::1  1.1 15261 - 4.036 ms
GET /apidoc/vendor/list.min.js?v=1565834039405 200 Thu, 15 Aug 2019 01:53:59 GMT ::1  1.1 15952 - 4.495 ms
GET /apidoc/vendor/handlebars.min.js?v=1565834039405 200 Thu, 15 Aug 2019 01:53:59 GMT ::1  1.1 72614 - 4.262 ms
GET /apidoc/locales/ca.js?v=1565834039405 200 Thu, 15 Aug 2019 01:53:59 GMT ::1  1.1 1225 - 5.880 ms
GET /apidoc/locales/cs.js?v=1565834039405 200 Thu, 15 Aug 2019 01:53:59 GMT ::1  1.1 1246 - 7.143 ms
GET /apidoc/locales/de.js?v=1565834039405 200 Thu, 15 Aug 2019 01:53:59 GMT ::1  1.1 1234 - 6.895 ms
GET /apidoc/locales/es.js?v=1565834039405 200 Thu, 15 Aug 2019 01:53:59 GMT ::1  1.1 1244 - 7.073 ms
GET /apidoc/locales/fr.js?v=1565834039405 200 Thu, 15 Aug 2019 01:53:59 GMT ::1  1.1 1264 - 7.188 ms
GET /apidoc/locales/it.js?v=1565834039405 200 Thu, 15 Aug 2019 01:53:59 GMT ::1  1.1 1249 - 7.201 ms
GET /apidoc/locales/nl.js?v=1565834039405 200 Thu, 15 Aug 2019 01:53:59 GMT ::1  1.1 1241 - 7.910 ms
GET /apidoc/locales/pl.js?v=1565834039405 200 Thu, 15 Aug 2019 01:53:59 GMT ::1  1.1 1226 - 14.936 ms
GET /apidoc/locales/pt_br.js?v=1565834039405 200 Thu, 15 Aug 2019 01:53:59 GMT ::1  1.1 1236 - 20.221 ms
GET /apidoc/locales/ro.js?v=1565834039405 200 Thu, 15 Aug 2019 01:53:59 GMT ::1  1.1 1238 - 20.431 ms
GET /apidoc/locales/ru.js?v=1565834039405 200 Thu, 15 Aug 2019 01:53:59 GMT ::1  1.1 1481 - 22.341 ms
GET /apidoc/locales/tr.js?v=1565834039405 200 Thu, 15 Aug 2019 01:53:59 GMT ::1  1.1 1246 - 20.558 ms
GET /apidoc/locales/vi.js?v=1565834039405 200 Thu, 15 Aug 2019 01:53:59 GMT ::1  1.1 1328 - 17.600 ms
GET /apidoc/locales/zh.js?v=1565834039405 200 Thu, 15 Aug 2019 01:53:59 GMT ::1  1.1 1163 - 15.518 ms
GET /apidoc/locales/zh_cn.js?v=1565834039405 200 Thu, 15 Aug 2019 01:53:59 GMT ::1  1.1 1186 - 10.081 ms
GET /apidoc/vendor/bootstrap.min.js?v=1565834039405 200 Thu, 15 Aug 2019 01:53:59 GMT ::1  1.1 37045 - 0.657 ms
GET /apidoc/utils/handlebars_helper.js?v=1565834039405 200 Thu, 15 Aug 2019 01:53:59 GMT ::1  1.1 10277 - 0.959 ms
GET /apidoc/vendor/diff_match_patch.min.js?v=1565834039405 200 Thu, 15 Aug 2019 01:53:59 GMT ::1  1.1 19192 - 0.490 ms
POST /menuManagement/GetAll 200 Thu, 15 Aug 2019 01:54:02 GMT ::1  1.1 60 - 272.534 ms
POST /menuManagement/GetAll 200 Thu, 15 Aug 2019 01:54:09 GMT ::1  1.1 60 - 122.186 ms
GET /apidoc/ 304 Thu, 15 Aug 2019 01:54:50 GMT ::1  1.1  - 7.369 ms
GET /apidoc/vendor/bootstrap.min.css 304 Thu, 15 Aug 2019 01:54:50 GMT ::1  1.1  - 1.385 ms
GET /apidoc/vendor/prettify.css 304 Thu, 15 Aug 2019 01:54:50 GMT ::1  1.1  - 1.548 ms
GET /apidoc/css/style.css 304 Thu, 15 Aug 2019 01:54:50 GMT ::1  1.1  - 2.046 ms
GET /apidoc/vendor/polyfill.js 304 Thu, 15 Aug 2019 01:54:50 GMT ::1  1.1  - 1.024 ms
GET /apidoc/vendor/require.min.js 304 Thu, 15 Aug 2019 01:54:50 GMT ::1  1.1  - 1.144 ms
GET /apidoc/vendor/bootstrap.min.css.map 404 Thu, 15 Aug 2019 01:54:50 GMT ::1  1.1 23 - 5.243 ms
GET /apidoc/main.js 304 Thu, 15 Aug 2019 01:54:50 GMT ::1  1.1  - 0.427 ms
GET /apidoc/vendor/jquery.min.js?v=1565834090988 200 Thu, 15 Aug 2019 01:54:51 GMT ::1  1.1 85630 - 4.994 ms
GET /apidoc/vendor/lodash.custom.min.js?v=1565834090988 200 Thu, 15 Aug 2019 01:54:51 GMT ::1  1.1 19579 - 5.192 ms
GET /apidoc/locales/locale.js?v=1565834090988 200 Thu, 15 Aug 2019 01:54:51 GMT ::1  1.1 1249 - 5.618 ms
GET /apidoc/api_project.js?v=1565834090988 200 Thu, 15 Aug 2019 01:54:51 GMT ::1  1.1 369 - 5.802 ms
GET /apidoc/api_data.js?v=1565834090988 200 Thu, 15 Aug 2019 01:54:51 GMT ::1  1.1 40793 - 5.981 ms
GET /apidoc/utils/send_sample_request.js?v=1565834090988 200 Thu, 15 Aug 2019 01:54:51 GMT ::1  1.1 6328 - 5.113 ms
GET /apidoc/vendor/semver.min.js?v=1565834090988 200 Thu, 15 Aug 2019 01:54:51 GMT ::1  1.1 12950 - 2.191 ms
GET /apidoc/vendor/webfontloader.js?v=1565834090988 200 Thu, 15 Aug 2019 01:54:51 GMT ::1  1.1 12492 - 4.816 ms
GET /apidoc/vendor/path-to-regexp/index.js?v=1565834090988 200 Thu, 15 Aug 2019 01:54:51 GMT ::1  1.1 5147 - 3.717 ms
GET /apidoc/vendor/list.min.js?v=1565834090988 200 Thu, 15 Aug 2019 01:54:51 GMT ::1  1.1 15952 - 3.913 ms
GET /apidoc/img/favicon.ico 200 Thu, 15 Aug 2019 01:54:51 GMT ::1  1.1 894 - 0.748 ms
GET /apidoc/vendor/prettify/prettify.js?v=1565834090988 200 Thu, 15 Aug 2019 01:54:51 GMT ::1  1.1 15261 - 0.813 ms
GET /apidoc/vendor/handlebars.min.js?v=1565834090988 200 Thu, 15 Aug 2019 01:54:51 GMT ::1  1.1 72614 - 0.807 ms
GET /apidoc/vendor/bootstrap.min.js?v=1565834090988 200 Thu, 15 Aug 2019 01:54:51 GMT ::1  1.1 37045 - 1.123 ms
GET /apidoc/locales/ca.js?v=1565834090988 200 Thu, 15 Aug 2019 01:54:51 GMT ::1  1.1 1225 - 1.543 ms
GET /apidoc/locales/de.js?v=1565834090988 200 Thu, 15 Aug 2019 01:54:51 GMT ::1  1.1 1234 - 3.145 ms
GET /apidoc/locales/cs.js?v=1565834090988 200 Thu, 15 Aug 2019 01:54:51 GMT ::1  1.1 1246 - 3.519 ms
GET /apidoc/locales/es.js?v=1565834090988 200 Thu, 15 Aug 2019 01:54:51 GMT ::1  1.1 1244 - 3.592 ms
GET /apidoc/locales/fr.js?v=1565834090988 200 Thu, 15 Aug 2019 01:54:51 GMT ::1  1.1 1264 - 0.776 ms
GET /apidoc/locales/it.js?v=1565834090988 200 Thu, 15 Aug 2019 01:54:51 GMT ::1  1.1 1249 - 0.771 ms
GET /apidoc/locales/nl.js?v=1565834090988 200 Thu, 15 Aug 2019 01:54:51 GMT ::1  1.1 1241 - 0.783 ms
GET /apidoc/locales/pl.js?v=1565834090988 200 Thu, 15 Aug 2019 01:54:51 GMT ::1  1.1 1226 - 1.888 ms
GET /apidoc/locales/pt_br.js?v=1565834090988 200 Thu, 15 Aug 2019 01:54:51 GMT ::1  1.1 1236 - 2.279 ms
GET /apidoc/locales/ro.js?v=1565834090988 200 Thu, 15 Aug 2019 01:54:51 GMT ::1  1.1 1238 - 1.765 ms
GET /apidoc/locales/ru.js?v=1565834090988 200 Thu, 15 Aug 2019 01:54:51 GMT ::1  1.1 1481 - 0.844 ms
GET /apidoc/locales/tr.js?v=1565834090988 200 Thu, 15 Aug 2019 01:54:51 GMT ::1  1.1 1246 - 1.682 ms
GET /apidoc/locales/vi.js?v=1565834090988 200 Thu, 15 Aug 2019 01:54:51 GMT ::1  1.1 1328 - 2.939 ms
GET /apidoc/locales/zh.js?v=1565834090988 200 Thu, 15 Aug 2019 01:54:51 GMT ::1  1.1 1163 - 2.204 ms
GET /apidoc/locales/zh_cn.js?v=1565834090988 200 Thu, 15 Aug 2019 01:54:51 GMT ::1  1.1 1186 - 0.888 ms
GET /apidoc/utils/handlebars_helper.js?v=1565834090988 200 Thu, 15 Aug 2019 01:54:51 GMT ::1  1.1 10277 - 2.243 ms
GET /apidoc/vendor/diff_match_patch.min.js?v=1565834090988 200 Thu, 15 Aug 2019 01:54:51 GMT ::1  1.1 19192 - 0.550 ms
POST /menuManagement/GetAll 200 Thu, 15 Aug 2019 01:54:54 GMT ::1  1.1 60 - 323.564 ms
POST /menuManagement/GetAll 200 Thu, 15 Aug 2019 01:55:00 GMT ::1  1.1 60 - 110.063 ms
GET /apidoc/ 304 Thu, 15 Aug 2019 01:55:45 GMT ::1  1.1  - 5.749 ms
GET /apidoc/vendor/bootstrap.min.css 304 Thu, 15 Aug 2019 01:55:45 GMT ::1  1.1  - 1.836 ms
GET /apidoc/vendor/prettify.css 304 Thu, 15 Aug 2019 01:55:45 GMT ::1  1.1  - 0.663 ms
GET /apidoc/css/style.css 304 Thu, 15 Aug 2019 01:55:45 GMT ::1  1.1  - 1.819 ms
GET /apidoc/vendor/polyfill.js 304 Thu, 15 Aug 2019 01:55:45 GMT ::1  1.1  - 1.313 ms
GET /apidoc/vendor/require.min.js 304 Thu, 15 Aug 2019 01:55:45 GMT ::1  1.1  - 0.654 ms
GET /apidoc/vendor/bootstrap.min.css.map 404 Thu, 15 Aug 2019 01:55:45 GMT ::1  1.1 23 - 5.459 ms
GET /apidoc/main.js 304 Thu, 15 Aug 2019 01:55:45 GMT ::1  1.1  - 0.469 ms
GET /apidoc/vendor/lodash.custom.min.js?v=1565834145731 200 Thu, 15 Aug 2019 01:55:45 GMT ::1  1.1 19579 - 11.171 ms
GET /apidoc/locales/locale.js?v=1565834145731 200 Thu, 15 Aug 2019 01:55:45 GMT ::1  1.1 1249 - 14.952 ms
GET /apidoc/vendor/jquery.min.js?v=1565834145731 200 Thu, 15 Aug 2019 01:55:45 GMT ::1  1.1 85630 - 9.253 ms
GET /apidoc/api_project.js?v=1565834145731 200 Thu, 15 Aug 2019 01:55:45 GMT ::1  1.1 369 - 18.296 ms
GET /apidoc/api_data.js?v=1565834145731 200 Thu, 15 Aug 2019 01:55:45 GMT ::1  1.1 40793 - 19.819 ms
GET /apidoc/utils/send_sample_request.js?v=1565834145731 200 Thu, 15 Aug 2019 01:55:45 GMT ::1  1.1 6328 - 8.979 ms
GET /apidoc/vendor/semver.min.js?v=1565834145731 200 Thu, 15 Aug 2019 01:55:45 GMT ::1  1.1 12950 - 1.371 ms
GET /apidoc/vendor/webfontloader.js?v=1565834145731 200 Thu, 15 Aug 2019 01:55:45 GMT ::1  1.1 12492 - 15.478 ms
GET /apidoc/vendor/path-to-regexp/index.js?v=1565834145731 200 Thu, 15 Aug 2019 01:55:45 GMT ::1  1.1 5147 - 2.164 ms
GET /apidoc/vendor/list.min.js?v=1565834145731 200 Thu, 15 Aug 2019 01:55:45 GMT ::1  1.1 15952 - 2.614 ms
GET /apidoc/vendor/prettify/prettify.js?v=1565834145731 200 Thu, 15 Aug 2019 01:55:45 GMT ::1  1.1 15261 - 0.861 ms
GET /apidoc/vendor/handlebars.min.js?v=1565834145731 200 Thu, 15 Aug 2019 01:55:45 GMT ::1  1.1 72614 - 0.768 ms
GET /apidoc/vendor/bootstrap.min.js?v=1565834145731 200 Thu, 15 Aug 2019 01:55:45 GMT ::1  1.1 37045 - 0.919 ms
GET /apidoc/locales/ca.js?v=1565834145731 200 Thu, 15 Aug 2019 01:55:45 GMT ::1  1.1 1225 - 3.196 ms
GET /apidoc/locales/de.js?v=1565834145731 200 Thu, 15 Aug 2019 01:55:45 GMT ::1  1.1 1234 - 1.750 ms
GET /apidoc/locales/cs.js?v=1565834145731 200 Thu, 15 Aug 2019 01:55:45 GMT ::1  1.1 1246 - 2.095 ms
GET /apidoc/locales/es.js?v=1565834145731 200 Thu, 15 Aug 2019 01:55:45 GMT ::1  1.1 1244 - 2.795 ms
GET /apidoc/locales/fr.js?v=1565834145731 200 Thu, 15 Aug 2019 01:55:45 GMT ::1  1.1 1264 - 2.427 ms
GET /apidoc/locales/it.js?v=1565834145731 200 Thu, 15 Aug 2019 01:55:45 GMT ::1  1.1 1249 - 1.379 ms
GET /apidoc/locales/nl.js?v=1565834145731 200 Thu, 15 Aug 2019 01:55:45 GMT ::1  1.1 1241 - 1.611 ms
GET /apidoc/locales/pl.js?v=1565834145731 200 Thu, 15 Aug 2019 01:55:45 GMT ::1  1.1 1226 - 0.910 ms
GET /apidoc/locales/pt_br.js?v=1565834145731 200 Thu, 15 Aug 2019 01:55:45 GMT ::1  1.1 1236 - 0.802 ms
GET /apidoc/locales/ro.js?v=1565834145731 200 Thu, 15 Aug 2019 01:55:45 GMT ::1  1.1 1238 - 2.278 ms
GET /apidoc/locales/ru.js?v=1565834145731 200 Thu, 15 Aug 2019 01:55:45 GMT ::1  1.1 1481 - 0.794 ms
GET /apidoc/locales/tr.js?v=1565834145731 200 Thu, 15 Aug 2019 01:55:45 GMT ::1  1.1 1246 - 1.609 ms
GET /apidoc/locales/vi.js?v=1565834145731 200 Thu, 15 Aug 2019 01:55:45 GMT ::1  1.1 1328 - 1.621 ms
GET /apidoc/locales/zh.js?v=1565834145731 200 Thu, 15 Aug 2019 01:55:45 GMT ::1  1.1 1163 - 1.853 ms
GET /apidoc/locales/zh_cn.js?v=1565834145731 200 Thu, 15 Aug 2019 01:55:46 GMT ::1  1.1 1186 - 3.607 ms
GET /apidoc/utils/handlebars_helper.js?v=1565834145731 200 Thu, 15 Aug 2019 01:55:46 GMT ::1  1.1 10277 - 0.759 ms
GET /apidoc/vendor/diff_match_patch.min.js?v=1565834145731 200 Thu, 15 Aug 2019 01:55:46 GMT ::1  1.1 19192 - 1.549 ms
GET /apidoc/img/favicon.ico 200 Thu, 15 Aug 2019 01:55:46 GMT ::1  1.1 894 - 0.857 ms
POST /menuManagement/GetAll 200 Thu, 15 Aug 2019 01:55:56 GMT ::1  1.1 60 - 332.940 ms
POST /menuManagement/GetAll 200 Thu, 15 Aug 2019 01:55:58 GMT ::1  1.1 60 - 135.350 ms
GET /apidoc/ 304 Thu, 15 Aug 2019 01:58:20 GMT ::1  1.1  - 5.560 ms
GET /apidoc/vendor/bootstrap.min.css 304 Thu, 15 Aug 2019 01:58:20 GMT ::1  1.1  - 1.552 ms
GET /apidoc/vendor/prettify.css 304 Thu, 15 Aug 2019 01:58:20 GMT ::1  1.1  - 0.729 ms
GET /apidoc/css/style.css 304 Thu, 15 Aug 2019 01:58:20 GMT ::1  1.1  - 1.475 ms
GET /apidoc/vendor/polyfill.js 304 Thu, 15 Aug 2019 01:58:20 GMT ::1  1.1  - 1.137 ms
GET /apidoc/vendor/require.min.js 304 Thu, 15 Aug 2019 01:58:20 GMT ::1  1.1  - 0.877 ms
GET /apidoc/vendor/bootstrap.min.css.map 404 Thu, 15 Aug 2019 01:58:20 GMT ::1  1.1 23 - 5.301 ms
GET /apidoc/main.js 304 Thu, 15 Aug 2019 01:58:20 GMT ::1  1.1  - 0.488 ms
GET /apidoc/vendor/lodash.custom.min.js?v=1565834300281 200 Thu, 15 Aug 2019 01:58:20 GMT ::1  1.1 19579 - 7.109 ms
GET /apidoc/vendor/jquery.min.js?v=1565834300281 200 Thu, 15 Aug 2019 01:58:20 GMT ::1  1.1 85630 - 5.889 ms
GET /apidoc/locales/locale.js?v=1565834300281 200 Thu, 15 Aug 2019 01:58:20 GMT ::1  1.1 1249 - 7.682 ms
GET /apidoc/api_project.js?v=1565834300281 200 Thu, 15 Aug 2019 01:58:20 GMT ::1  1.1 369 - 6.545 ms
GET /apidoc/utils/send_sample_request.js?v=1565834300281 200 Thu, 15 Aug 2019 01:58:20 GMT ::1  1.1 6328 - 2.505 ms
GET /apidoc/api_data.js?v=1565834300281 200 Thu, 15 Aug 2019 01:58:20 GMT ::1  1.1 40793 - 3.011 ms
GET /apidoc/vendor/semver.min.js?v=1565834300281 200 Thu, 15 Aug 2019 01:58:20 GMT ::1  1.1 12950 - 0.916 ms
GET /apidoc/vendor/webfontloader.js?v=1565834300281 200 Thu, 15 Aug 2019 01:58:20 GMT ::1  1.1 12492 - 0.873 ms
GET /apidoc/vendor/path-to-regexp/index.js?v=1565834300281 200 Thu, 15 Aug 2019 01:58:20 GMT ::1  1.1 5147 - 0.939 ms
GET /apidoc/vendor/list.min.js?v=1565834300281 200 Thu, 15 Aug 2019 01:58:20 GMT ::1  1.1 15952 - 0.848 ms
GET /apidoc/img/favicon.ico 200 Thu, 15 Aug 2019 01:58:20 GMT ::1  1.1 894 - 0.778 ms
GET /apidoc/vendor/prettify/prettify.js?v=1565834300281 200 Thu, 15 Aug 2019 01:58:20 GMT ::1  1.1 15261 - 0.804 ms
GET /apidoc/vendor/handlebars.min.js?v=1565834300281 200 Thu, 15 Aug 2019 01:58:20 GMT ::1  1.1 72614 - 0.872 ms
GET /apidoc/vendor/bootstrap.min.js?v=1565834300281 200 Thu, 15 Aug 2019 01:58:20 GMT ::1  1.1 37045 - 1.194 ms
GET /apidoc/locales/ca.js?v=1565834300281 200 Thu, 15 Aug 2019 01:58:20 GMT ::1  1.1 1225 - 0.830 ms
GET /apidoc/locales/cs.js?v=1565834300281 200 Thu, 15 Aug 2019 01:58:20 GMT ::1  1.1 1246 - 1.161 ms
GET /apidoc/locales/de.js?v=1565834300281 200 Thu, 15 Aug 2019 01:58:20 GMT ::1  1.1 1234 - 2.300 ms
GET /apidoc/locales/es.js?v=1565834300281 200 Thu, 15 Aug 2019 01:58:20 GMT ::1  1.1 1244 - 1.303 ms
GET /apidoc/locales/fr.js?v=1565834300281 200 Thu, 15 Aug 2019 01:58:20 GMT ::1  1.1 1264 - 1.712 ms
GET /apidoc/locales/it.js?v=1565834300281 200 Thu, 15 Aug 2019 01:58:20 GMT ::1  1.1 1249 - 2.593 ms
GET /apidoc/locales/nl.js?v=1565834300281 200 Thu, 15 Aug 2019 01:58:20 GMT ::1  1.1 1241 - 1.733 ms
GET /apidoc/locales/pl.js?v=1565834300281 200 Thu, 15 Aug 2019 01:58:20 GMT ::1  1.1 1226 - 1.453 ms
GET /apidoc/locales/pt_br.js?v=1565834300281 200 Thu, 15 Aug 2019 01:58:20 GMT ::1  1.1 1236 - 2.268 ms
GET /apidoc/locales/ro.js?v=1565834300281 200 Thu, 15 Aug 2019 01:58:20 GMT ::1  1.1 1238 - 0.699 ms
GET /apidoc/locales/ru.js?v=1565834300281 200 Thu, 15 Aug 2019 01:58:20 GMT ::1  1.1 1481 - 0.998 ms
GET /apidoc/locales/tr.js?v=1565834300281 200 Thu, 15 Aug 2019 01:58:20 GMT ::1  1.1 1246 - 0.970 ms
GET /apidoc/locales/vi.js?v=1565834300281 200 Thu, 15 Aug 2019 01:58:20 GMT ::1  1.1 1328 - 0.942 ms
GET /apidoc/locales/zh.js?v=1565834300281 200 Thu, 15 Aug 2019 01:58:20 GMT ::1  1.1 1163 - 1.573 ms
GET /apidoc/locales/zh_cn.js?v=1565834300281 200 Thu, 15 Aug 2019 01:58:20 GMT ::1  1.1 1186 - 0.769 ms
GET /apidoc/utils/handlebars_helper.js?v=1565834300281 200 Thu, 15 Aug 2019 01:58:20 GMT ::1  1.1 10277 - 0.743 ms
GET /apidoc/vendor/diff_match_patch.min.js?v=1565834300281 200 Thu, 15 Aug 2019 01:58:20 GMT ::1  1.1 19192 - 0.879 ms
POST /menuManagement/GetAll 200 Thu, 15 Aug 2019 01:58:25 GMT ::1  1.1 245 - 284.398 ms
POST /menuManagement/GetAll 200 Thu, 15 Aug 2019 01:58:35 GMT ::1  1.1 245 - 126.428 ms
POST /menuManagement/GetAll 200 Thu, 15 Aug 2019 01:59:43 GMT ::1  1.1 429 - 276.642 ms
GET /apidoc/ 304 Thu, 15 Aug 2019 02:09:18 GMT ::1  1.1  - 6.378 ms
GET /apidoc/vendor/bootstrap.min.css 304 Thu, 15 Aug 2019 02:09:18 GMT ::1  1.1  - 2.793 ms
GET /apidoc/vendor/prettify.css 304 Thu, 15 Aug 2019 02:09:18 GMT ::1  1.1  - 2.801 ms
GET /apidoc/css/style.css 304 Thu, 15 Aug 2019 02:09:18 GMT ::1  1.1  - 2.537 ms
GET /apidoc/vendor/polyfill.js 304 Thu, 15 Aug 2019 02:09:18 GMT ::1  1.1  - 1.612 ms
GET /apidoc/vendor/require.min.js 304 Thu, 15 Aug 2019 02:09:18 GMT ::1  1.1  - 1.704 ms
GET /apidoc/vendor/bootstrap.min.css.map 404 Thu, 15 Aug 2019 02:09:18 GMT ::1  1.1 23 - 6.157 ms
GET /apidoc/main.js 304 Thu, 15 Aug 2019 02:09:18 GMT ::1  1.1  - 0.431 ms
GET /apidoc/vendor/jquery.min.js?v=1565834958613 200 Thu, 15 Aug 2019 02:09:18 GMT ::1  1.1 85630 - 5.254 ms
GET /apidoc/vendor/lodash.custom.min.js?v=1565834958613 200 Thu, 15 Aug 2019 02:09:18 GMT ::1  1.1 19579 - 9.279 ms
GET /apidoc/locales/locale.js?v=1565834958613 200 Thu, 15 Aug 2019 02:09:18 GMT ::1  1.1 1249 - 8.766 ms
GET /apidoc/api_project.js?v=1565834958613 200 Thu, 15 Aug 2019 02:09:18 GMT ::1  1.1 369 - 8.967 ms
GET /apidoc/api_data.js?v=1565834958613 200 Thu, 15 Aug 2019 02:09:18 GMT ::1  1.1 41248 - 9.239 ms
GET /apidoc/utils/send_sample_request.js?v=1565834958613 200 Thu, 15 Aug 2019 02:09:18 GMT ::1  1.1 6328 - 7.162 ms
GET /apidoc/img/favicon.ico 200 Thu, 15 Aug 2019 02:09:18 GMT ::1  1.1 894 - 7.355 ms
GET /apidoc/vendor/semver.min.js?v=1565834958613 200 Thu, 15 Aug 2019 02:09:18 GMT ::1  1.1 12950 - 2.851 ms
GET /apidoc/vendor/webfontloader.js?v=1565834958613 200 Thu, 15 Aug 2019 02:09:18 GMT ::1  1.1 12492 - 1.508 ms
GET /apidoc/vendor/path-to-regexp/index.js?v=1565834958613 200 Thu, 15 Aug 2019 02:09:18 GMT ::1  1.1 5147 - 1.723 ms
GET /apidoc/vendor/list.min.js?v=1565834958613 200 Thu, 15 Aug 2019 02:09:18 GMT ::1  1.1 15952 - 1.940 ms
GET /apidoc/vendor/prettify/prettify.js?v=1565834958613 200 Thu, 15 Aug 2019 02:09:18 GMT ::1  1.1 15261 - 1.635 ms
GET /apidoc/vendor/handlebars.min.js?v=1565834958613 200 Thu, 15 Aug 2019 02:09:18 GMT ::1  1.1 72614 - 1.849 ms
GET /apidoc/vendor/bootstrap.min.js?v=1565834958613 200 Thu, 15 Aug 2019 02:09:18 GMT ::1  1.1 37045 - 0.858 ms
GET /apidoc/locales/cs.js?v=1565834958613 200 Thu, 15 Aug 2019 02:09:18 GMT ::1  1.1 1246 - 2.109 ms
GET /apidoc/locales/ca.js?v=1565834958613 200 Thu, 15 Aug 2019 02:09:18 GMT ::1  1.1 1225 - 2.333 ms
GET /apidoc/locales/de.js?v=1565834958613 200 Thu, 15 Aug 2019 02:09:18 GMT ::1  1.1 1234 - 4.080 ms
GET /apidoc/locales/es.js?v=1565834958613 200 Thu, 15 Aug 2019 02:09:18 GMT ::1  1.1 1244 - 2.423 ms
GET /apidoc/locales/fr.js?v=1565834958613 200 Thu, 15 Aug 2019 02:09:18 GMT ::1  1.1 1264 - 0.770 ms
GET /apidoc/locales/it.js?v=1565834958613 200 Thu, 15 Aug 2019 02:09:18 GMT ::1  1.1 1249 - 1.426 ms
GET /apidoc/locales/nl.js?v=1565834958613 200 Thu, 15 Aug 2019 02:09:18 GMT ::1  1.1 1241 - 0.713 ms
GET /apidoc/locales/pl.js?v=1565834958613 200 Thu, 15 Aug 2019 02:09:18 GMT ::1  1.1 1226 - 1.865 ms
GET /apidoc/locales/pt_br.js?v=1565834958613 200 Thu, 15 Aug 2019 02:09:18 GMT ::1  1.1 1236 - 0.933 ms
GET /apidoc/locales/ro.js?v=1565834958613 200 Thu, 15 Aug 2019 02:09:18 GMT ::1  1.1 1238 - 0.922 ms
GET /apidoc/locales/ru.js?v=1565834958613 200 Thu, 15 Aug 2019 02:09:18 GMT ::1  1.1 1481 - 1.574 ms
GET /apidoc/locales/tr.js?v=1565834958613 200 Thu, 15 Aug 2019 02:09:18 GMT ::1  1.1 1246 - 1.733 ms
GET /apidoc/locales/vi.js?v=1565834958613 200 Thu, 15 Aug 2019 02:09:18 GMT ::1  1.1 1328 - 3.720 ms
GET /apidoc/locales/zh.js?v=1565834958613 200 Thu, 15 Aug 2019 02:09:18 GMT ::1  1.1 1163 - 5.527 ms
GET /apidoc/locales/zh_cn.js?v=1565834958613 200 Thu, 15 Aug 2019 02:09:18 GMT ::1  1.1 1186 - 5.059 ms
GET /apidoc/utils/handlebars_helper.js?v=1565834958613 200 Thu, 15 Aug 2019 02:09:18 GMT ::1  1.1 10277 - 0.650 ms
GET /apidoc/vendor/diff_match_patch.min.js?v=1565834958613 200 Thu, 15 Aug 2019 02:09:18 GMT ::1  1.1 19192 - 1.010 ms
GET /apidoc/ 304 Thu, 15 Aug 2019 02:10:22 GMT ::1  1.1  - 4.758 ms
GET /apidoc/vendor/bootstrap.min.css 304 Thu, 15 Aug 2019 02:10:22 GMT ::1  1.1  - 1.751 ms
GET /apidoc/vendor/prettify.css 304 Thu, 15 Aug 2019 02:10:22 GMT ::1  1.1  - 0.947 ms
GET /apidoc/css/style.css 304 Thu, 15 Aug 2019 02:10:22 GMT ::1  1.1  - 0.441 ms
GET /apidoc/vendor/polyfill.js 304 Thu, 15 Aug 2019 02:10:22 GMT ::1  1.1  - 1.262 ms
GET /apidoc/vendor/require.min.js 304 Thu, 15 Aug 2019 02:10:22 GMT ::1  1.1  - 0.744 ms
GET /apidoc/vendor/bootstrap.min.css.map 404 Thu, 15 Aug 2019 02:10:22 GMT ::1  1.1 23 - 4.840 ms
GET /apidoc/main.js 304 Thu, 15 Aug 2019 02:10:22 GMT ::1  1.1  - 0.540 ms
GET /apidoc/img/favicon.ico 200 Thu, 15 Aug 2019 02:10:22 GMT ::1  1.1 894 - 11.876 ms
GET /apidoc/vendor/lodash.custom.min.js?v=1565835022842 200 Thu, 15 Aug 2019 02:10:22 GMT ::1  1.1 19579 - 4.239 ms
GET /apidoc/locales/locale.js?v=1565835022842 200 Thu, 15 Aug 2019 02:10:22 GMT ::1  1.1 1249 - 4.630 ms
GET /apidoc/api_project.js?v=1565835022842 200 Thu, 15 Aug 2019 02:10:22 GMT ::1  1.1 369 - 4.564 ms
GET /apidoc/vendor/jquery.min.js?v=1565835022842 200 Thu, 15 Aug 2019 02:10:22 GMT ::1  1.1 85630 - 4.443 ms
GET /apidoc/api_data.js?v=1565835022842 200 Thu, 15 Aug 2019 02:10:22 GMT ::1  1.1 41248 - 0.785 ms
GET /apidoc/utils/send_sample_request.js?v=1565835022842 200 Thu, 15 Aug 2019 02:10:22 GMT ::1  1.1 6328 - 4.257 ms
GET /apidoc/vendor/semver.min.js?v=1565835022842 200 Thu, 15 Aug 2019 02:10:22 GMT ::1  1.1 12950 - 5.932 ms
GET /apidoc/vendor/webfontloader.js?v=1565835022842 200 Thu, 15 Aug 2019 02:10:22 GMT ::1  1.1 12492 - 6.736 ms
GET /apidoc/vendor/path-to-regexp/index.js?v=1565835022842 200 Thu, 15 Aug 2019 02:10:22 GMT ::1  1.1 5147 - 2.460 ms
GET /apidoc/vendor/list.min.js?v=1565835022842 200 Thu, 15 Aug 2019 02:10:22 GMT ::1  1.1 15952 - 1.971 ms
GET /apidoc/vendor/prettify/prettify.js?v=1565835022842 200 Thu, 15 Aug 2019 02:10:22 GMT ::1  1.1 15261 - 3.307 ms
GET /apidoc/locales/ca.js?v=1565835022842 200 Thu, 15 Aug 2019 02:10:22 GMT ::1  1.1 1225 - 3.846 ms
GET /apidoc/vendor/handlebars.min.js?v=1565835022842 200 Thu, 15 Aug 2019 02:10:22 GMT ::1  1.1 72614 - 3.933 ms
GET /apidoc/locales/cs.js?v=1565835022842 200 Thu, 15 Aug 2019 02:10:22 GMT ::1  1.1 1246 - 3.313 ms
GET /apidoc/locales/de.js?v=1565835022842 200 Thu, 15 Aug 2019 02:10:22 GMT ::1  1.1 1234 - 0.755 ms
GET /apidoc/locales/es.js?v=1565835022842 200 Thu, 15 Aug 2019 02:10:22 GMT ::1  1.1 1244 - 1.399 ms
GET /apidoc/locales/fr.js?v=1565835022842 200 Thu, 15 Aug 2019 02:10:22 GMT ::1  1.1 1264 - 0.757 ms
GET /apidoc/locales/it.js?v=1565835022842 200 Thu, 15 Aug 2019 02:10:22 GMT ::1  1.1 1249 - 2.083 ms
GET /apidoc/locales/nl.js?v=1565835022842 200 Thu, 15 Aug 2019 02:10:22 GMT ::1  1.1 1241 - 3.561 ms
GET /apidoc/locales/pl.js?v=1565835022842 200 Thu, 15 Aug 2019 02:10:22 GMT ::1  1.1 1226 - 4.087 ms
GET /apidoc/locales/pt_br.js?v=1565835022842 200 Thu, 15 Aug 2019 02:10:22 GMT ::1  1.1 1236 - 3.326 ms
GET /apidoc/locales/ro.js?v=1565835022842 200 Thu, 15 Aug 2019 02:10:22 GMT ::1  1.1 1238 - 3.318 ms
GET /apidoc/locales/ru.js?v=1565835022842 200 Thu, 15 Aug 2019 02:10:22 GMT ::1  1.1 1481 - 3.491 ms
GET /apidoc/locales/tr.js?v=1565835022842 200 Thu, 15 Aug 2019 02:10:22 GMT ::1  1.1 1246 - 4.610 ms
GET /apidoc/locales/vi.js?v=1565835022842 200 Thu, 15 Aug 2019 02:10:22 GMT ::1  1.1 1328 - 4.612 ms
GET /apidoc/locales/zh.js?v=1565835022842 200 Thu, 15 Aug 2019 02:10:22 GMT ::1  1.1 1163 - 3.024 ms
GET /apidoc/locales/zh_cn.js?v=1565835022842 200 Thu, 15 Aug 2019 02:10:22 GMT ::1  1.1 1186 - 1.576 ms
GET /apidoc/vendor/bootstrap.min.js?v=1565835022842 200 Thu, 15 Aug 2019 02:10:22 GMT ::1  1.1 37045 - 0.773 ms
GET /apidoc/utils/handlebars_helper.js?v=1565835022842 200 Thu, 15 Aug 2019 02:10:23 GMT ::1  1.1 10277 - 0.838 ms
GET /apidoc/vendor/diff_match_patch.min.js?v=1565835022842 200 Thu, 15 Aug 2019 02:10:23 GMT ::1  1.1 19192 - 0.543 ms
POST /menuManagement/GetAll 200 Thu, 15 Aug 2019 02:10:28 GMT ::1  1.1 267 - 516.013 ms
POST /menuManagement/GetAll 200 Thu, 15 Aug 2019 02:11:03 GMT ::1  1.1 267 - 512.670 ms
POST /menuManagement/GetAll 200 Thu, 15 Aug 2019 02:11:33 GMT ::1  1.1 453 - 237.592 ms
POST /login 500 Thu, 15 Aug 2019 02:39:59 GMT ::1  1.1 268 - 159.067 ms
POST /login 200 Thu, 15 Aug 2019 02:41:51 GMT ::1  1.1 380 - 303.975 ms
POST /login 200 Thu, 15 Aug 2019 02:46:22 GMT ::1  1.1 431 - 271.279 ms
POST /login 500 Thu, 15 Aug 2019 03:12:16 GMT ::1  1.1 79 - 113.859 ms
POST /login 200 Thu, 15 Aug 2019 03:12:31 GMT ::1  1.1 431 - 115.541 ms
POST /login 200 Thu, 15 Aug 2019 03:15:39 GMT ::1  1.1 431 - 111.717 ms
POST /login 200 Thu, 15 Aug 2019 03:15:39 GMT ::1  1.1 431 - 112.281 ms
POST /login 200 Thu, 15 Aug 2019 03:15:39 GMT ::1  1.1 431 - 111.116 ms
POST /login 200 Thu, 15 Aug 2019 03:15:39 GMT ::1  1.1 431 - 112.023 ms
POST /login 500 Thu, 15 Aug 2019 03:15:41 GMT ::1  1.1 79 - 113.556 ms
POST /login 500 Thu, 15 Aug 2019 03:15:42 GMT ::1  1.1 79 - 111.048 ms
POST /login 500 Thu, 15 Aug 2019 03:16:29 GMT ::1  1.1 79 - 111.837 ms
POST /login 500 Thu, 15 Aug 2019 03:18:08 GMT ::1  1.1 79 - 112.268 ms
POST /login 500 Thu, 15 Aug 2019 03:18:08 GMT ::1  1.1 79 - 110.814 ms
POST /login 500 Thu, 15 Aug 2019 03:18:09 GMT ::1  1.1 79 - 113.188 ms
POST /login 500 Thu, 15 Aug 2019 03:18:11 GMT ::1  1.1 79 - 109.650 ms
POST /login 500 Thu, 15 Aug 2019 03:18:14 GMT ::1  1.1 79 - 112.666 ms
POST /login 500 Thu, 15 Aug 2019 03:20:41 GMT ::1  1.1 79 - 112.449 ms
POST /login 500 Thu, 15 Aug 2019 03:22:17 GMT ::1  1.1 79 - 111.379 ms
POST /login 500 Thu, 15 Aug 2019 03:22:18 GMT ::1  1.1 79 - 112.889 ms
POST /login 500 Thu, 15 Aug 2019 03:22:21 GMT ::1  1.1 79 - 112.228 ms
POST /login 500 Thu, 15 Aug 2019 03:22:51 GMT ::1  1.1 79 - 113.274 ms
POST /login 200 Thu, 15 Aug 2019 03:24:54 GMT ::1  1.1 431 - 112.942 ms
POST /login 200 Thu, 15 Aug 2019 03:46:48 GMT ::1  1.1 431 - 114.434 ms
POST /login 200 Thu, 15 Aug 2019 03:47:00 GMT ::1  1.1 431 - 112.468 ms
POST /login 200 Thu, 15 Aug 2019 03:47:15 GMT ::1  1.1 431 - 112.746 ms
POST /login 200 Thu, 15 Aug 2019 03:48:54 GMT ::1  1.1 431 - 112.787 ms
POST /menuManagement/GetAll 500 Thu, 15 Aug 2019 03:53:02 GMT ::1  1.1 85 - 223.324 ms
POST /menuManagement/GetAll 500 Thu, 15 Aug 2019 03:53:10 GMT ::1  1.1 85 - 219.141 ms
POST /menuManagement/GetAll 200 Thu, 15 Aug 2019 03:54:01 GMT ::1  1.1 453 - 230.347 ms
POST /menuManagement/GetAll 200 Thu, 15 Aug 2019 03:54:24 GMT ::1  1.1 453 - 219.681 ms
POST /menuManagement/GetAll 200 Thu, 15 Aug 2019 03:54:28 GMT ::1  1.1 453 - 221.001 ms
POST /menuManagement/GetAll 200 Thu, 15 Aug 2019 05:18:17 GMT ::1  1.1 453 - 20513.459 ms
