
POST /login 500 Wed, 31 Jul 2019 03:05:20 GMT ::1  1.1 340 - 41.008 ms
POST /login 500 Wed, 31 Jul 2019 03:05:35 GMT ::1  1.1 340 - 4.821 ms
DELETE /users/deleteusers 401 Wed, 31 Jul 2019 03:05:41 GMT ::1  1.1 88 - 0.859 ms
DELETE /users/deleteusers 500 Wed, 31 Jul 2019 03:11:01 GMT ::1  1.1 99 - 240.060 ms
POST /users/list 200 Wed, 31 Jul 2019 03:12:00 GMT ::1  1.1 1093 - 310.724 ms
POST /users/list 200 Wed, 31 Jul 2019 03:12:45 GMT ::1  1.1 1093 - 430.462 ms
POST /users/list 200 Wed, 31 Jul 2019 03:14:21 GMT ::1  1.1 1093 - 195.160 ms
POST /users/list 200 Wed, 31 Jul 2019 03:14:48 GMT ::1  1.1 1093 - 451.239 ms
POST /users/list 200 Wed, 31 Jul 2019 03:14:51 GMT ::1  1.1 1093 - 208.511 ms
POST /users/list 500 Wed, 31 Jul 2019 03:17:26 GMT ::1  1.1 2 - 33.248 ms
POST /users/list 500 Wed, 31 Jul 2019 03:17:57 GMT ::1  1.1 2 - 3.661 ms
POST /users/list 500 Wed, 31 Jul 2019 03:18:30 GMT ::1  1.1 2 - 24.429 ms
POST /users/list 500 Wed, 31 Jul 2019 03:18:55 GMT ::1  1.1 2 - 25.326 ms
POST /users/list 500 Wed, 31 Jul 2019 03:19:04 GMT ::ffff:127.0.0.1  1.1 2 - 2.053 ms
POST /users/list 200 Wed, 31 Jul 2019 03:19:11 GMT ::1  1.1 1093 - 430.995 ms
POST /users/list 200 Wed, 31 Jul 2019 03:19:45 GMT ::1  1.1 1093 - 479.591 ms
POST /users/list 200 Wed, 31 Jul 2019 03:21:52 GMT ::1  1.1 1093 - 459.265 ms
POST /users/list 200 Wed, 31 Jul 2019 03:22:19 GMT ::1  1.1 1093 - 468.742 ms
POST /users/list 500 Wed, 31 Jul 2019 03:35:51 GMT ::1  1.1 2 - 34.122 ms
POST /users/list 500 Wed, 31 Jul 2019 03:37:46 GMT ::1  1.1 2 - 1.750 ms
POST /users/list 200 Wed, 31 Jul 2019 03:38:19 GMT ::1  1.1 1093 - 460.964 ms
DELETE /users/deleteusers?id=21 200 Wed, 31 Jul 2019 03:38:26 GMT ::1  1.1 60 - 112.927 ms
POST /users/list 200 Wed, 31 Jul 2019 03:38:26 GMT ::1  1.1 833 - 208.789 ms
POST /users/list 200 Wed, 31 Jul 2019 03:39:07 GMT ::1  1.1 833 - 452.788 ms
POST /users/list 500 Wed, 31 Jul 2019 03:40:46 GMT ::1  1.1 459 - 26.125 ms
POST /users/list 200 Wed, 31 Jul 2019 03:42:34 GMT ::1  1.1 833 - 442.461 ms
POST /users/list 200 Wed, 31 Jul 2019 03:44:00 GMT ::1  1.1 833 - 452.560 ms
POST /users/list 200 Wed, 31 Jul 2019 03:45:56 GMT ::1  1.1 833 - 474.670 ms
POST /users/list 200 Wed, 31 Jul 2019 03:50:16 GMT ::1  1.1 833 - 435.625 ms
POST /users/list 200 Wed, 31 Jul 2019 03:52:54 GMT ::1  1.1 833 - 455.393 ms
POST /users/list 200 Wed, 31 Jul 2019 03:54:14 GMT ::1  1.1 833 - 464.241 ms
POST /users/list 200 Wed, 31 Jul 2019 05:13:06 GMT ::1  1.1 833 - 471.573 ms
POST /users/list 200 Wed, 31 Jul 2019 05:14:04 GMT ::1  1.1 833 - 421.841 ms
POST /users/list 200 Wed, 31 Jul 2019 05:15:59 GMT ::1  1.1 833 - 456.533 ms
POST /diary/moodEssay 200 Wed, 31 Jul 2019 05:16:05 GMT ::1  1.1 1843 - 208.380 ms
POST /article/list 200 Wed, 31 Jul 2019 05:16:23 GMT ::1  1.1 98480 - 502.604 ms
GET /basicData/classifications_list?id=0 200 Wed, 31 Jul 2019 05:20:57 GMT ::1  1.1 321 - 235.205 ms
GET /basicData/classifications_list?id=14 200 Wed, 31 Jul 2019 05:21:00 GMT ::1  1.1 1657 - 97.861 ms
POST /article/addArticle 200 Wed, 31 Jul 2019 05:21:12 GMT ::1  1.1 314 - 133.010 ms
POST /article/list 200 Wed, 31 Jul 2019 05:21:12 GMT ::1  1.1 56517 - 494.897 ms
GET /basicData/classifications_list?id=0 304 Wed, 31 Jul 2019 05:22:25 GMT ::1  1.1  - 208.895 ms
GET /basicData/classifications_list?id=14 304 Wed, 31 Jul 2019 05:22:30 GMT ::1  1.1  - 97.519 ms
POST /article/addArticle 200 Wed, 31 Jul 2019 05:22:41 GMT ::1  1.1 332 - 134.362 ms
POST /article/list 200 Wed, 31 Jul 2019 05:22:42 GMT ::1  1.1 53691 - 487.125 ms
GET /basicData/classifications_list?id=0 304 Wed, 31 Jul 2019 05:27:04 GMT ::1  1.1  - 236.392 ms
GET /basicData/classifications_list?id=14 304 Wed, 31 Jul 2019 05:27:23 GMT ::1  1.1  - 111.173 ms
POST /article/addArticle 200 Wed, 31 Jul 2019 05:27:28 GMT ::1  1.1 324 - 156.069 ms
POST /article/list 200 Wed, 31 Jul 2019 05:27:29 GMT ::1  1.1 44759 - 449.333 ms
GET /basicData/classifications_list?id=0 304 Wed, 31 Jul 2019 05:28:22 GMT ::1  1.1  - 105.467 ms
POST /article/articleDetails 200 Wed, 31 Jul 2019 05:28:22 GMT ::1  1.1 460 - 202.483 ms
POST /article/list 200 Wed, 31 Jul 2019 05:28:28 GMT ::1  1.1 44759 - 306.584 ms
GET /basicData/classifications_list?id=0 304 Wed, 31 Jul 2019 05:28:34 GMT ::1  1.1  - 111.054 ms
GET /basicData/classifications_list?id=14 304 Wed, 31 Jul 2019 05:28:38 GMT ::1  1.1  - 97.847 ms
POST /article/addArticle 200 Wed, 31 Jul 2019 05:28:42 GMT ::1  1.1 324 - 114.647 ms
POST /article/list 200 Wed, 31 Jul 2019 05:28:42 GMT ::1  1.1 37372 - 316.051 ms
GET /basicData/classifications_list?id=0 304 Wed, 31 Jul 2019 05:30:16 GMT ::1  1.1  - 218.558 ms
POST /article/articleDetails 200 Wed, 31 Jul 2019 05:30:16 GMT ::1  1.1 413 - 345.998 ms
POST /article/list 200 Wed, 31 Jul 2019 05:30:25 GMT ::1  1.1 37372 - 310.162 ms
POST /users/list 200 Wed, 31 Jul 2019 05:30:26 GMT ::1  1.1 833 - 207.318 ms
POST /users/list 200 Wed, 31 Jul 2019 05:30:30 GMT ::1  1.1 833 - 203.134 ms
POST /diary/moodEssay 200 Wed, 31 Jul 2019 05:31:03 GMT ::1  1.1 1843 - 205.241 ms
POST /diary/moodEssay 200 Wed, 31 Jul 2019 05:31:25 GMT ::1  1.1 1843 - 204.407 ms
POST /article/list 200 Wed, 31 Jul 2019 05:31:32 GMT ::1  1.1 37372 - 300.710 ms
POST /diary/moodEssay 200 Wed, 31 Jul 2019 05:40:28 GMT ::1  1.1 1843 - 462.226 ms
POST /diary/addEssay 200 Wed, 31 Jul 2019 05:40:34 GMT ::1  1.1 114 - 103.426 ms
POST /diary/moodEssay 200 Wed, 31 Jul 2019 05:40:34 GMT ::1  1.1 1785 - 206.195 ms
POST /login 500 Wed, 31 Jul 2019 05:57:07 GMT ::1  1.1 2 - 3.541 ms
POST /login 500 Wed, 31 Jul 2019 05:57:40 GMT ::1  1.1 2 - 30.013 ms
POST /login 500 Wed, 31 Jul 2019 05:58:00 GMT ::1  1.1 2 - 29.769 ms
POST /login 500 Wed, 31 Jul 2019 05:58:20 GMT ::1  1.1 340 - 46.396 ms
POST /diary/moodEssay 200 Wed, 31 Jul 2019 06:00:02 GMT ::1  1.1 1785 - 462.492 ms
POST /login 500 Wed, 31 Jul 2019 06:00:05 GMT ::1  1.1 79 - 104.578 ms
POST /login 500 Wed, 31 Jul 2019 06:00:28 GMT ::1  1.1 79 - 114.337 ms
POST /login 500 Wed, 31 Jul 2019 06:00:30 GMT ::1  1.1 79 - 104.015 ms
POST /login 500 Wed, 31 Jul 2019 06:00:31 GMT ::1  1.1 79 - 120.885 ms
POST /login 500 Wed, 31 Jul 2019 06:00:31 GMT ::1  1.1 79 - 102.936 ms
POST /login 500 Wed, 31 Jul 2019 06:00:32 GMT ::1  1.1 79 - 117.128 ms
POST /login 500 Wed, 31 Jul 2019 06:00:52 GMT ::1  1.1 79 - 100.666 ms
POST /login 500 Wed, 31 Jul 2019 06:01:33 GMT ::1  1.1 79 - 114.941 ms
POST /login 500 Wed, 31 Jul 2019 06:02:32 GMT ::1  1.1 79 - 103.873 ms
POST /login 200 Wed, 31 Jul 2019 06:03:23 GMT ::1  1.1 454 - 118.387 ms
GET /article/article_add_all_number 200 Wed, 31 Jul 2019 06:03:23 GMT ::1  1.1 70 - 97.612 ms
GET /users/user_pearson_all 200 Wed, 31 Jul 2019 06:03:23 GMT ::1  1.1 69 - 117.091 ms
GET /users/user_pearson_all 304 Wed, 31 Jul 2019 06:03:33 GMT ::1  1.1  - 98.422 ms
GET /article/article_add_all_number 304 Wed, 31 Jul 2019 06:03:33 GMT ::1  1.1  - 108.422 ms
POST /article/list 200 Wed, 31 Jul 2019 06:03:40 GMT ::1  1.1 37372 - 330.634 ms
POST /article/list 200 Wed, 31 Jul 2019 06:03:42 GMT ::1  1.1 37372 - 319.470 ms
POST /article/list 200 Wed, 31 Jul 2019 06:03:54 GMT ::1  1.1 37372 - 321.442 ms
POST /article/list 200 Wed, 31 Jul 2019 06:03:58 GMT ::1  1.1 37372 - 328.644 ms
POST /article/list 200 Wed, 31 Jul 2019 06:04:09 GMT ::1  1.1 37372 - 319.227 ms
POST /login 200 Wed, 31 Jul 2019 06:04:21 GMT ::1  1.1 454 - 108.528 ms
GET /users/user_pearson_all 304 Wed, 31 Jul 2019 06:04:22 GMT ::1  1.1  - 97.770 ms
GET /article/article_add_all_number 304 Wed, 31 Jul 2019 06:04:22 GMT ::1  1.1  - 110.182 ms
GET /users/user_pearson_all 304 Wed, 31 Jul 2019 06:04:25 GMT ::1  1.1  - 100.363 ms
GET /article/article_add_all_number 304 Wed, 31 Jul 2019 06:04:25 GMT ::1  1.1  - 107.575 ms
POST /login 200 Wed, 31 Jul 2019 06:04:47 GMT ::1  1.1 454 - 103.692 ms
GET /users/user_pearson_all 401 Wed, 31 Jul 2019 06:04:48 GMT ::1  1.1 88 - 1.761 ms
GET /article/article_add_all_number 401 Wed, 31 Jul 2019 06:04:48 GMT ::1  1.1 88 - 2.426 ms
POST /login 200 Wed, 31 Jul 2019 06:04:50 GMT ::1  1.1 454 - 104.593 ms
GET /users/user_pearson_all 401 Wed, 31 Jul 2019 06:04:50 GMT ::1  1.1 88 - 0.870 ms
GET /article/article_add_all_number 401 Wed, 31 Jul 2019 06:04:50 GMT ::1  1.1 88 - 1.076 ms
POST /login 200 Wed, 31 Jul 2019 06:04:56 GMT ::1  1.1 454 - 104.124 ms
GET /users/user_pearson_all 401 Wed, 31 Jul 2019 06:04:56 GMT ::1  1.1 88 - 0.700 ms
GET /article/article_add_all_number 401 Wed, 31 Jul 2019 06:04:56 GMT ::1  1.1 88 - 0.736 ms
POST /login 200 Wed, 31 Jul 2019 06:05:08 GMT ::1  1.1 454 - 103.814 ms
GET /users/user_pearson_all 401 Wed, 31 Jul 2019 06:05:08 GMT ::1  1.1 88 - 1.532 ms
GET /article/article_add_all_number 401 Wed, 31 Jul 2019 06:05:08 GMT ::1  1.1 88 - 1.258 ms
GET /users/user_pearson_all 401 Wed, 31 Jul 2019 06:06:53 GMT ::1  1.1 88 - 0.770 ms
GET /article/article_add_all_number 401 Wed, 31 Jul 2019 06:06:53 GMT ::1  1.1 88 - 0.801 ms
POST /login 200 Wed, 31 Jul 2019 06:07:44 GMT ::1  1.1 454 - 102.300 ms
GET /users/user_pearson_all 304 Wed, 31 Jul 2019 06:07:45 GMT ::1  1.1  - 101.203 ms
GET /article/article_add_all_number 304 Wed, 31 Jul 2019 06:07:45 GMT ::1  1.1  - 109.502 ms
POST /api/animeAPI/anime_list.php 404 Wed, 31 Jul 2019 06:08:14 GMT ::1  1.1 23 - 25.446 ms
POST /users/list 500 Wed, 31 Jul 2019 06:08:15 GMT ::1  1.1 81 - 425.745 ms
POST /users/list 500 Wed, 31 Jul 2019 06:08:20 GMT ::1  1.1 81 - 192.603 ms
POST /users/list 500 Wed, 31 Jul 2019 06:08:51 GMT ::1  1.1 81 - 206.796 ms
POST /users/list 500 Wed, 31 Jul 2019 06:08:56 GMT ::1  1.1 81 - 193.363 ms
POST /users/list 500 Wed, 31 Jul 2019 06:09:19 GMT ::1  1.1 81 - 196.588 ms
POST /users/list 200 Wed, 31 Jul 2019 06:09:59 GMT ::1  1.1 833 - 453.094 ms
POST /login 500 Wed, 31 Jul 2019 06:10:04 GMT ::1  1.1 79 - 123.533 ms
POST /login 500 Wed, 31 Jul 2019 06:10:05 GMT ::1  1.1 79 - 103.447 ms
POST /login 500 Wed, 31 Jul 2019 06:10:06 GMT ::1  1.1 79 - 117.987 ms
POST /login 500 Wed, 31 Jul 2019 06:11:27 GMT ::1  1.1 79 - 107.894 ms
POST /login 500 Wed, 31 Jul 2019 06:13:58 GMT ::1  1.1 79 - 118.081 ms
POST /login 500 Wed, 31 Jul 2019 06:14:02 GMT ::1  1.1 79 - 106.434 ms
POST /login 500 Wed, 31 Jul 2019 06:14:02 GMT ::1  1.1 79 - 117.155 ms
POST /login 500 Wed, 31 Jul 2019 06:14:02 GMT ::1  1.1 79 - 104.482 ms
POST /login 500 Wed, 31 Jul 2019 06:14:02 GMT ::1  1.1 79 - 118.005 ms
POST /login 500 Wed, 31 Jul 2019 06:14:03 GMT ::1  1.1 79 - 104.300 ms
POST /login 500 Wed, 31 Jul 2019 06:14:03 GMT ::1  1.1 79 - 117.870 ms
POST /login 500 Wed, 31 Jul 2019 06:14:03 GMT ::1  1.1 79 - 119.208 ms
POST /login 500 Wed, 31 Jul 2019 06:14:03 GMT ::1  1.1 79 - 141.483 ms
POST /login 200 Wed, 31 Jul 2019 06:15:29 GMT ::1  1.1 454 - 110.256 ms
GET /users/user_pearson_all 304 Wed, 31 Jul 2019 06:15:30 GMT ::1  1.1  - 103.442 ms
GET /article/article_add_all_number 304 Wed, 31 Jul 2019 06:15:30 GMT ::1  1.1  - 109.015 ms
POST /login 500 Wed, 31 Jul 2019 06:15:34 GMT ::1  1.1 79 - 101.206 ms
POST /login 500 Wed, 31 Jul 2019 06:15:35 GMT ::1  1.1 79 - 114.663 ms
POST /login 500 Wed, 31 Jul 2019 06:15:36 GMT ::1  1.1 79 - 107.192 ms
POST /login 500 Wed, 31 Jul 2019 06:15:36 GMT ::1  1.1 79 - 118.497 ms
POST /login 500 Wed, 31 Jul 2019 06:15:36 GMT ::1  1.1 79 - 103.461 ms
POST /login 500 Wed, 31 Jul 2019 06:15:36 GMT ::1  1.1 79 - 117.184 ms
POST /login 500 Wed, 31 Jul 2019 06:15:36 GMT ::1  1.1 79 - 101.467 ms
POST /login 500 Wed, 31 Jul 2019 06:15:36 GMT ::1  1.1 79 - 116.301 ms
POST /login 500 Wed, 31 Jul 2019 06:15:58 GMT ::1  1.1 79 - 101.852 ms
POST /login 500 Wed, 31 Jul 2019 06:16:37 GMT ::1  1.1 79 - 117.495 ms
POST /login 500 Wed, 31 Jul 2019 06:16:38 GMT ::1  1.1 79 - 100.531 ms
POST /login 500 Wed, 31 Jul 2019 06:16:38 GMT ::1  1.1 79 - 119.013 ms
POST /login 500 Wed, 31 Jul 2019 06:16:38 GMT ::1  1.1 79 - 100.353 ms
POST /login 500 Wed, 31 Jul 2019 06:16:38 GMT ::1  1.1 79 - 118.451 ms
POST /login 500 Wed, 31 Jul 2019 06:16:38 GMT ::1  1.1 79 - 101.626 ms
POST /login 500 Wed, 31 Jul 2019 06:16:39 GMT ::1  1.1 79 - 117.672 ms
POST /login 200 Wed, 31 Jul 2019 06:17:06 GMT ::1  1.1 454 - 105.166 ms
GET /users/user_pearson_all 304 Wed, 31 Jul 2019 06:17:07 GMT ::1  1.1  - 108.278 ms
GET /article/article_add_all_number 304 Wed, 31 Jul 2019 06:17:07 GMT ::1  1.1  - 109.362 ms
POST /login 500 Wed, 31 Jul 2019 06:17:11 GMT ::1  1.1 79 - 102.321 ms
POST /login 500 Wed, 31 Jul 2019 06:17:40 GMT ::1  1.1 79 - 113.872 ms
POST /login 500 Wed, 31 Jul 2019 06:18:07 GMT ::1  1.1 79 - 103.509 ms
POST /login 500 Wed, 31 Jul 2019 06:18:15 GMT ::1  1.1 79 - 115.662 ms
