GET /apidoc/vendor/bootstrap.min.css.map 404 Tue, 30 Jul 2019 08:19:18 GMT ::1  1.1 23 - 3.027 ms
GET /apidoc/vendor/bootstrap.min.css.map 404 Tue, 30 Jul 2019 08:21:19 GMT ::1  1.1 23 - 3.704 ms
POST /api/classifications_list.php 404 Tue, 30 Jul 2019 08:36:57 GMT ::1  1.1 23 - 1.897 ms
POST /api/article_list_one.php 404 Tue, 30 Jul 2019 08:36:57 GMT ::1  1.1 23 - 1.294 ms
GET /api/diary_delete.php?id=38 404 Tue, 30 Jul 2019 08:42:33 GMT ::1  1.1 23 - 0.403 ms
GET /apidoc/vendor/bootstrap.min.css.map 404 Tue, 30 Jul 2019 08:44:29 GMT ::1  1.1 23 - 0.253 ms
DELETE /diary/deletediary 404 Tue, 30 Jul 2019 08:44:36 GMT ::1  1.1 23 - 0.174 ms
GET /diary/deletediary?id=38 404 Tue, 30 Jul 2019 08:45:33 GMT ::1  1.1 23 - 0.353 ms
GET /diary/deletediary?id=38 404 Tue, 30 Jul 2019 08:45:52 GMT ::1  1.1 23 - 3.629 ms
POST /api/animeAPI/anime_list.php 404 Tue, 30 Jul 2019 09:04:12 GMT ::1  1.1 23 - 0.527 ms
POST /api/user_list.php 404 Tue, 30 Jul 2019 09:04:15 GMT ::1  1.1 23 - 0.434 ms
GET /apidoc/vendor/bootstrap.min.css.map 404 Tue, 30 Jul 2019 09:07:32 GMT ::1  1.1 23 - 4.263 ms
GET /apidoc/vendor/bootstrap.min.css.map 404 Tue, 30 Jul 2019 09:08:40 GMT ::1  1.1 23 - 3.542 ms
GET /apidoc/vendor/bootstrap.min.css.map 404 Tue, 30 Jul 2019 09:09:41 GMT ::1  1.1 23 - 2.531 ms
GET /apidoc/vendor/bootstrap.min.css.map 404 Tue, 30 Jul 2019 09:09:54 GMT ::1  1.1 23 - 0.387 ms
POST /api/user_list.php 404 Tue, 30 Jul 2019 09:14:42 GMT ::1  1.1 23 - 1.860 ms
POST /api/animeAPI/anime_list.php 404 Tue, 30 Jul 2019 09:18:38 GMT ::1  1.1 23 - 0.520 ms
GET /apidoc/vendor/bootstrap.min.css.map 404 Tue, 30 Jul 2019 09:21:49 GMT ::1  1.1 23 - 3.305 ms
GET /apidoc/vendor/bootstrap.min.css.map 404 Tue, 30 Jul 2019 09:30:09 GMT ::1  1.1 23 - 2.705 ms
GET /apidoc/vendor/bootstrap.min.css.map 404 Tue, 30 Jul 2019 09:31:30 GMT ::1  1.1 23 - 3.303 ms
GET /api/user_code.php?userCode=111111111 404 Tue, 30 Jul 2019 09:45:39 GMT ::1  1.1 23 - 0.977 ms
POST /api/user_add.php 404 Tue, 30 Jul 2019 09:52:36 GMT ::1  1.1 23 - 0.505 ms
GET /users/addusers?id=16 404 Tue, 30 Jul 2019 10:03:27 GMT ::1  1.1 23 - 0.864 ms
DELETE /users/addusers?id=16 404 Tue, 30 Jul 2019 10:04:04 GMT ::1  1.1 23 - 0.351 ms
DELETE /users/addusers?id=16 404 Wed, 31 Jul 2019 00:57:07 GMT ::1  1.1 23 - 0.617 ms
POST /api/animeAPI/anime_list.php 404 Wed, 31 Jul 2019 00:58:06 GMT ::1  1.1 23 - 0.320 ms
POST /api/animeAPI/anime_list.php 404 Wed, 31 Jul 2019 01:02:15 GMT ::1  1.1 23 - 0.416 ms
GET /users/deleteusers?id=30 404 Wed, 31 Jul 2019 01:02:28 GMT ::1  1.1 23 - 0.205 ms
