GET / 404 Mon, 29 Jul 2019 09:52:22 GMT ::1  1.1 23 - 3.298 ms
GET /favicon.ico 404 Mon, 29 Jul 2019 09:52:22 GMT ::1  1.1 23 - 0.969 ms
GET /%22//upload-images.jianshu.io/upload_images/11415560-4efa50de2abbc5cf.png?imageMogr2/auto-orient/strip%7CimageView2/2/w/640/format/webp\%22/ 404 Mon, 29 Jul 2019 10:00:06 GMT ::1  1.1 23 - 1.093 ms
GET /%22//upload-images.jianshu.io/upload_images/11415560-62165581e5126e29.png?imageMogr2/auto-orient/strip%7CimageView2/2/w/1000/format/webp\%22/ 404 Mon, 29 Jul 2019 10:00:06 GMT ::1  1.1 23 - 0.463 ms
GET /%22http://boke_h.tianbp.com/uploadImg/baidu_ueditor/yuancheng_image/20190627/1561617461138179.png/%22 404 Mon, 29 Jul 2019 10:00:06 GMT ::1  1.1 23 - 0.397 ms
GET /%22http://boke_h.tianbp.com/uploadImg/baidu_ueditor/yuancheng_image/20190627/1561617461712003.png/%22 404 Mon, 29 Jul 2019 10:00:06 GMT ::1  1.1 23 - 0.238 ms
GET /%22http://boke_h.tianbp.com/uploadImg/baidu_ueditor/yuancheng_image/20190627/1561617461129805.png/%22 404 Mon, 29 Jul 2019 10:00:06 GMT ::1  1.1 23 - 0.343 ms
GET /%22http://boke_h.tianbp.com/uploadImg/baidu_ueditor/yuancheng_image/20190627/1561617461207499.png/%22 404 Mon, 29 Jul 2019 10:00:06 GMT ::1  1.1 23 - 0.242 ms
GET /%22http://boke_h.tianbp.com/uploadImg/baidu_ueditor/yuancheng_image/20190627/1561617462139117.png/%22 404 Mon, 29 Jul 2019 10:00:06 GMT ::1  1.1 23 - 0.286 ms
GET /%22http://boke_h.tianbp.com/uploadImg/baidu_ueditor/yuancheng_image/20190627/1561617462808868.png/%22 404 Mon, 29 Jul 2019 10:00:06 GMT ::1  1.1 23 - 0.263 ms
GET /%22http://boke_h.tianbp.com/uploadImg/baidu_ueditor/yuancheng_image/20190627/1561617462893813.png/%22 404 Mon, 29 Jul 2019 10:00:06 GMT ::1  1.1 23 - 0.259 ms
GET /%22http://boke_h.tianbp.com/uploadImg/baidu_ueditor/yuancheng_image/20190627/1561617462794108.png/%22 404 Mon, 29 Jul 2019 10:00:06 GMT ::1  1.1 23 - 0.283 ms
GET /%22http://boke_h.tianbp.com/uploadImg/baidu_ueditor/yuancheng_image/20190627/1561617462135722.png/%22 404 Mon, 29 Jul 2019 10:00:06 GMT ::1  1.1 23 - 0.215 ms
GET /%22http://boke_h.tianbp.com/uploadImg/baidu_ueditor/image/20190625/1561452004452565.png/%22 404 Mon, 29 Jul 2019 10:00:06 GMT ::1  1.1 23 - 0.256 ms
GET /%22http://boke_h.tianbp.com/uploadImg/baidu_ueditor/image/20190625/1561452007301867.png/%22 404 Mon, 29 Jul 2019 10:00:06 GMT ::1  1.1 23 - 0.261 ms
GET /%22http://boke_h.tianbp.com/uploadImg/baidu_ueditor/image/20190625/1561452017740706.png/%22 404 Mon, 29 Jul 2019 10:00:06 GMT ::1  1.1 23 - 0.286 ms
GET /%22http://boke_h.tianbp.com/uploadImg/baidu_ueditor/image/20190625/1561452017391976.png/%22 404 Mon, 29 Jul 2019 10:00:06 GMT ::1  1.1 23 - 0.293 ms
GET /%22//upload-images.jianshu.io/upload_images/11415560-4efa50de2abbc5cf.png?imageMogr2/auto-orient/strip%7CimageView2/2/w/640/format/webp\%22/ 404 Mon, 29 Jul 2019 10:00:45 GMT ::1  1.1 23 - 1.832 ms
GET /%22//upload-images.jianshu.io/upload_images/11415560-62165581e5126e29.png?imageMogr2/auto-orient/strip%7CimageView2/2/w/1000/format/webp\%22/ 404 Mon, 29 Jul 2019 10:00:45 GMT ::1  1.1 23 - 0.418 ms
GET /%22http://boke_h.tianbp.com/uploadImg/baidu_ueditor/yuancheng_image/20190627/1561617461138179.png/%22 404 Mon, 29 Jul 2019 10:00:45 GMT ::1  1.1 23 - 0.381 ms
GET /%22http://boke_h.tianbp.com/uploadImg/baidu_ueditor/yuancheng_image/20190627/1561617461712003.png/%22 404 Mon, 29 Jul 2019 10:00:45 GMT ::1  1.1 23 - 0.282 ms
GET /%22http://boke_h.tianbp.com/uploadImg/baidu_ueditor/yuancheng_image/20190627/1561617461129805.png/%22 404 Mon, 29 Jul 2019 10:00:45 GMT ::1  1.1 23 - 0.321 ms
GET /%22http://boke_h.tianbp.com/uploadImg/baidu_ueditor/yuancheng_image/20190627/1561617461207499.png/%22 404 Mon, 29 Jul 2019 10:00:45 GMT ::1  1.1 23 - 0.302 ms
GET /%22http://boke_h.tianbp.com/uploadImg/baidu_ueditor/yuancheng_image/20190627/1561617462139117.png/%22 404 Mon, 29 Jul 2019 10:00:45 GMT ::1  1.1 23 - 0.287 ms
GET /%22http://boke_h.tianbp.com/uploadImg/baidu_ueditor/yuancheng_image/20190627/1561617462808868.png/%22 404 Mon, 29 Jul 2019 10:00:45 GMT ::1  1.1 23 - 0.257 ms
GET /%22http://boke_h.tianbp.com/uploadImg/baidu_ueditor/yuancheng_image/20190627/1561617462893813.png/%22 404 Mon, 29 Jul 2019 10:00:45 GMT ::1  1.1 23 - 0.241 ms
GET /%22http://boke_h.tianbp.com/uploadImg/baidu_ueditor/yuancheng_image/20190627/1561617462794108.png/%22 404 Mon, 29 Jul 2019 10:00:45 GMT ::1  1.1 23 - 0.280 ms
GET /%22http://boke_h.tianbp.com/uploadImg/baidu_ueditor/yuancheng_image/20190627/1561617462135722.png/%22 404 Mon, 29 Jul 2019 10:00:45 GMT ::1  1.1 23 - 0.178 ms
GET /%22http://boke_h.tianbp.com/uploadImg/baidu_ueditor/image/20190625/1561452004452565.png/%22 404 Mon, 29 Jul 2019 10:00:45 GMT ::1  1.1 23 - 0.246 ms
GET /%22http://boke_h.tianbp.com/uploadImg/baidu_ueditor/image/20190625/1561452007301867.png/%22 404 Mon, 29 Jul 2019 10:00:45 GMT ::1  1.1 23 - 0.296 ms
GET /%22http://boke_h.tianbp.com/uploadImg/baidu_ueditor/image/20190625/1561452017740706.png/%22 404 Mon, 29 Jul 2019 10:00:45 GMT ::1  1.1 23 - 0.227 ms
GET /%22http://boke_h.tianbp.com/uploadImg/baidu_ueditor/image/20190625/1561452017391976.png/%22 404 Mon, 29 Jul 2019 10:00:45 GMT ::1  1.1 23 - 0.238 ms
